INFO [2017-05-30 18:38:40] [[1]]
INFO [2017-05-30 18:38:40] mylist
INFO [2017-05-30 18:38:40] 
INFO [2017-05-30 18:38:40] $filename
INFO [2017-05-30 18:38:40] NULL
INFO [2017-05-30 18:38:40] 
INFO [2017-05-30 18:38:40] $main
INFO [2017-05-30 18:38:40] [1] "DE genes in liver (5% FDR)"
INFO [2017-05-30 18:38:40] 
INFO [2017-05-30 18:38:40] $cex
INFO [2017-05-30 18:38:40] [1] 1.5
INFO [2017-05-30 18:38:40] 
INFO [2017-05-30 18:38:40] $fill
INFO [2017-05-30 18:38:40] pal[1:4]
INFO [2017-05-30 18:38:40] 
INFO [2017-05-30 18:38:40] $lty
INFO [2017-05-30 18:38:40] [1] 1
INFO [2017-05-30 18:38:40] 
INFO [2017-05-30 18:38:40] $height
INFO [2017-05-30 18:38:40] [1] 2000
INFO [2017-05-30 18:38:40] 
INFO [2017-05-30 18:38:40] $width
INFO [2017-05-30 18:38:40] [1] 3000
INFO [2017-05-30 18:38:40] 
