INFO [2017-05-30 18:08:10] [[1]]
INFO [2017-05-30 18:08:10] mylist
INFO [2017-05-30 18:08:10] 
INFO [2017-05-30 18:08:10] $filename
INFO [2017-05-30 18:08:10] NULL
INFO [2017-05-30 18:08:10] 
INFO [2017-05-30 18:08:10] $main
INFO [2017-05-30 18:08:10] [1] "DE genes in lung (5% FDR)"
INFO [2017-05-30 18:08:10] 
INFO [2017-05-30 18:08:10] $cex
INFO [2017-05-30 18:08:10] [1] 1.5
INFO [2017-05-30 18:08:10] 
INFO [2017-05-30 18:08:10] $fill
INFO [2017-05-30 18:08:10] pal[1:3]
INFO [2017-05-30 18:08:10] 
INFO [2017-05-30 18:08:10] $lty
INFO [2017-05-30 18:08:10] [1] 1
INFO [2017-05-30 18:08:10] 
INFO [2017-05-30 18:08:10] $height
INFO [2017-05-30 18:08:10] [1] 2000
INFO [2017-05-30 18:08:10] 
INFO [2017-05-30 18:08:10] $width
INFO [2017-05-30 18:08:10] [1] 3000
INFO [2017-05-30 18:08:10] 
