INFO [2017-05-30 18:07:16] [[1]]
INFO [2017-05-30 18:07:16] mylist
INFO [2017-05-30 18:07:16] 
INFO [2017-05-30 18:07:16] $filename
INFO [2017-05-30 18:07:16] NULL
INFO [2017-05-30 18:07:16] 
INFO [2017-05-30 18:07:16] $main
INFO [2017-05-30 18:07:16] [1] "DE genes in liver (5% FDR)"
INFO [2017-05-30 18:07:16] 
INFO [2017-05-30 18:07:16] $cex
INFO [2017-05-30 18:07:16] [1] 1.5
INFO [2017-05-30 18:07:16] 
INFO [2017-05-30 18:07:16] $fill
INFO [2017-05-30 18:07:16] pal[1:3]
INFO [2017-05-30 18:07:16] 
INFO [2017-05-30 18:07:16] $lty
INFO [2017-05-30 18:07:16] [1] 1
INFO [2017-05-30 18:07:16] 
INFO [2017-05-30 18:07:16] $height
INFO [2017-05-30 18:07:16] [1] 2000
INFO [2017-05-30 18:07:16] 
INFO [2017-05-30 18:07:16] $width
INFO [2017-05-30 18:07:16] [1] 3000
INFO [2017-05-30 18:07:16] 
