INFO [2017-05-30 20:45:38] [[1]]
INFO [2017-05-30 20:45:38] mylist
INFO [2017-05-30 20:45:38] 
INFO [2017-05-30 20:45:38] $filename
INFO [2017-05-30 20:45:38] NULL
INFO [2017-05-30 20:45:38] 
INFO [2017-05-30 20:45:38] $main
INFO [2017-05-30 20:45:38] [1] "DE genes between Humans and Rhesus (FDR 1%)"
INFO [2017-05-30 20:45:38] 
INFO [2017-05-30 20:45:38] $cex
INFO [2017-05-30 20:45:38] [1] 1.5
INFO [2017-05-30 20:45:38] 
INFO [2017-05-30 20:45:38] $fill
INFO [2017-05-30 20:45:38] pal[1:4]
INFO [2017-05-30 20:45:38] 
INFO [2017-05-30 20:45:38] $lty
INFO [2017-05-30 20:45:38] [1] 1
INFO [2017-05-30 20:45:38] 
INFO [2017-05-30 20:45:38] $height
INFO [2017-05-30 20:45:38] [1] 2000
INFO [2017-05-30 20:45:38] 
INFO [2017-05-30 20:45:38] $width
INFO [2017-05-30 20:45:38] [1] 3000
INFO [2017-05-30 20:45:38] 
