INFO [2017-05-30 20:28:49] [[1]]
INFO [2017-05-30 20:28:49] mylist
INFO [2017-05-30 20:28:49] 
INFO [2017-05-30 20:28:49] $filename
INFO [2017-05-30 20:28:49] NULL
INFO [2017-05-30 20:28:49] 
INFO [2017-05-30 20:28:49] $main
INFO [2017-05-30 20:28:49] [1] "DE genes between Great Apes and Rhesus (1% FDR)"
INFO [2017-05-30 20:28:49] 
INFO [2017-05-30 20:28:49] $cex
INFO [2017-05-30 20:28:49] [1] 1.5
INFO [2017-05-30 20:28:49] 
INFO [2017-05-30 20:28:49] $fill
INFO [2017-05-30 20:28:49] pal[1:4]
INFO [2017-05-30 20:28:49] 
INFO [2017-05-30 20:28:49] $lty
INFO [2017-05-30 20:28:49] [1] 1
INFO [2017-05-30 20:28:49] 
INFO [2017-05-30 20:28:49] $height
INFO [2017-05-30 20:28:49] [1] 2000
INFO [2017-05-30 20:28:49] 
INFO [2017-05-30 20:28:49] $width
INFO [2017-05-30 20:28:49] [1] 3000
INFO [2017-05-30 20:28:49] 
