INFO [2017-05-30 18:07:05] [[1]]
INFO [2017-05-30 18:07:05] mylist
INFO [2017-05-30 18:07:05] 
INFO [2017-05-30 18:07:05] $filename
INFO [2017-05-30 18:07:05] NULL
INFO [2017-05-30 18:07:05] 
INFO [2017-05-30 18:07:05] $main
INFO [2017-05-30 18:07:05] [1] "DE genes in liver (5% FDR)"
INFO [2017-05-30 18:07:05] 
INFO [2017-05-30 18:07:05] $cex
INFO [2017-05-30 18:07:05] [1] 1.5
INFO [2017-05-30 18:07:05] 
INFO [2017-05-30 18:07:05] $fill
INFO [2017-05-30 18:07:05] pal[1:3]
INFO [2017-05-30 18:07:05] 
INFO [2017-05-30 18:07:05] $lty
INFO [2017-05-30 18:07:05] [1] 1
INFO [2017-05-30 18:07:05] 
INFO [2017-05-30 18:07:05] $height
INFO [2017-05-30 18:07:05] [1] 2000
INFO [2017-05-30 18:07:05] 
INFO [2017-05-30 18:07:05] $width
INFO [2017-05-30 18:07:05] [1] 3000
INFO [2017-05-30 18:07:05] 
