INFO [2017-05-30 18:06:13] [[1]]
INFO [2017-05-30 18:06:13] mylist
INFO [2017-05-30 18:06:13] 
INFO [2017-05-30 18:06:13] $filename
INFO [2017-05-30 18:06:13] NULL
INFO [2017-05-30 18:06:13] 
INFO [2017-05-30 18:06:13] $main
INFO [2017-05-30 18:06:13] [1] "DE genes in liver (5% FDR)"
INFO [2017-05-30 18:06:13] 
INFO [2017-05-30 18:06:13] $cex
INFO [2017-05-30 18:06:13] [1] 1.5
INFO [2017-05-30 18:06:13] 
INFO [2017-05-30 18:06:13] $fill
INFO [2017-05-30 18:06:13] pal[1:3]
INFO [2017-05-30 18:06:13] 
INFO [2017-05-30 18:06:13] $lty
INFO [2017-05-30 18:06:13] [1] 1
INFO [2017-05-30 18:06:13] 
INFO [2017-05-30 18:06:13] $height
INFO [2017-05-30 18:06:13] [1] 2000
INFO [2017-05-30 18:06:13] 
INFO [2017-05-30 18:06:13] $width
INFO [2017-05-30 18:06:13] [1] 3000
INFO [2017-05-30 18:06:13] 
