INFO [2017-05-30 18:43:51] [[1]]
INFO [2017-05-30 18:43:51] mylist
INFO [2017-05-30 18:43:51] 
INFO [2017-05-30 18:43:51] $filename
INFO [2017-05-30 18:43:51] NULL
INFO [2017-05-30 18:43:51] 
INFO [2017-05-30 18:43:51] $main
INFO [2017-05-30 18:43:51] [1] "DE genes between Great Apes and Rhesus (0.1% FDR)"
INFO [2017-05-30 18:43:51] 
INFO [2017-05-30 18:43:51] $cex
INFO [2017-05-30 18:43:51] [1] 1.5
INFO [2017-05-30 18:43:51] 
INFO [2017-05-30 18:43:51] $fill
INFO [2017-05-30 18:43:51] pal[1:4]
INFO [2017-05-30 18:43:51] 
INFO [2017-05-30 18:43:51] $lty
INFO [2017-05-30 18:43:51] [1] 1
INFO [2017-05-30 18:43:51] 
INFO [2017-05-30 18:43:51] $height
INFO [2017-05-30 18:43:51] [1] 2000
INFO [2017-05-30 18:43:51] 
INFO [2017-05-30 18:43:51] $width
INFO [2017-05-30 18:43:51] [1] 3000
INFO [2017-05-30 18:43:51] 
