INFO [2017-05-30 20:36:17] [[1]]
INFO [2017-05-30 20:36:17] mylist
INFO [2017-05-30 20:36:17] 
INFO [2017-05-30 20:36:17] $filename
INFO [2017-05-30 20:36:17] NULL
INFO [2017-05-30 20:36:17] 
INFO [2017-05-30 20:36:17] $main
INFO [2017-05-30 20:36:17] [1] "DE genes between Great Apes and Rhesus (0.01% FDR)"
INFO [2017-05-30 20:36:17] 
INFO [2017-05-30 20:36:17] $cex
INFO [2017-05-30 20:36:17] [1] 1.5
INFO [2017-05-30 20:36:17] 
INFO [2017-05-30 20:36:17] $fill
INFO [2017-05-30 20:36:17] pal[1:4]
INFO [2017-05-30 20:36:17] 
INFO [2017-05-30 20:36:17] $lty
INFO [2017-05-30 20:36:17] [1] 1
INFO [2017-05-30 20:36:17] 
INFO [2017-05-30 20:36:17] $height
INFO [2017-05-30 20:36:17] [1] 2000
INFO [2017-05-30 20:36:17] 
INFO [2017-05-30 20:36:17] $width
INFO [2017-05-30 20:36:17] [1] 3000
INFO [2017-05-30 20:36:17] 
