INFO [2017-05-30 18:07:58] [[1]]
INFO [2017-05-30 18:07:58] mylist
INFO [2017-05-30 18:07:58] 
INFO [2017-05-30 18:07:58] $filename
INFO [2017-05-30 18:07:58] NULL
INFO [2017-05-30 18:07:58] 
INFO [2017-05-30 18:07:58] $main
INFO [2017-05-30 18:07:58] [1] "DE genes in lung (5% FDR)"
INFO [2017-05-30 18:07:58] 
INFO [2017-05-30 18:07:58] $cex
INFO [2017-05-30 18:07:58] [1] 1.5
INFO [2017-05-30 18:07:58] 
INFO [2017-05-30 18:07:58] $fill
INFO [2017-05-30 18:07:58] pal[1:3]
INFO [2017-05-30 18:07:58] 
INFO [2017-05-30 18:07:58] $lty
INFO [2017-05-30 18:07:58] [1] 1
INFO [2017-05-30 18:07:58] 
INFO [2017-05-30 18:07:58] $height
INFO [2017-05-30 18:07:58] [1] 2000
INFO [2017-05-30 18:07:58] 
INFO [2017-05-30 18:07:58] $width
INFO [2017-05-30 18:07:58] [1] 3000
INFO [2017-05-30 18:07:58] 
