INFO [2017-05-30 18:58:28] [[1]]
INFO [2017-05-30 18:58:28] mylist
INFO [2017-05-30 18:58:28] 
INFO [2017-05-30 18:58:28] $filename
INFO [2017-05-30 18:58:28] NULL
INFO [2017-05-30 18:58:28] 
INFO [2017-05-30 18:58:28] $main
INFO [2017-05-30 18:58:28] [1] "Significant interaction in humans (0.01% FDR)"
INFO [2017-05-30 18:58:28] 
INFO [2017-05-30 18:58:28] $cex
INFO [2017-05-30 18:58:28] [1] 1.5
INFO [2017-05-30 18:58:28] 
INFO [2017-05-30 18:58:28] $fill
INFO [2017-05-30 18:58:28] pal[1:3]
INFO [2017-05-30 18:58:28] 
INFO [2017-05-30 18:58:28] $lty
INFO [2017-05-30 18:58:28] [1] 1
INFO [2017-05-30 18:58:28] 
INFO [2017-05-30 18:58:28] $height
INFO [2017-05-30 18:58:28] [1] 2000
INFO [2017-05-30 18:58:28] 
INFO [2017-05-30 18:58:28] $width
INFO [2017-05-30 18:58:28] [1] 3000
INFO [2017-05-30 18:58:28] 
