INFO [2017-05-30 18:44:42] [[1]]
INFO [2017-05-30 18:44:42] mylist
INFO [2017-05-30 18:44:42] 
INFO [2017-05-30 18:44:42] $filename
INFO [2017-05-30 18:44:42] NULL
INFO [2017-05-30 18:44:42] 
INFO [2017-05-30 18:44:42] $main
INFO [2017-05-30 18:44:42] [1] "DE genes between Great Apes and Rhesus (1% FDR)"
INFO [2017-05-30 18:44:42] 
INFO [2017-05-30 18:44:42] $cex
INFO [2017-05-30 18:44:42] [1] 1.5
INFO [2017-05-30 18:44:42] 
INFO [2017-05-30 18:44:42] $fill
INFO [2017-05-30 18:44:42] pal[1:4]
INFO [2017-05-30 18:44:42] 
INFO [2017-05-30 18:44:42] $lty
INFO [2017-05-30 18:44:42] [1] 1
INFO [2017-05-30 18:44:42] 
INFO [2017-05-30 18:44:42] $height
INFO [2017-05-30 18:44:42] [1] 2000
INFO [2017-05-30 18:44:42] 
INFO [2017-05-30 18:44:42] $width
INFO [2017-05-30 18:44:42] [1] 3000
INFO [2017-05-30 18:44:42] 
