INFO [2017-05-30 20:34:53] [[1]]
INFO [2017-05-30 20:34:53] mylist
INFO [2017-05-30 20:34:53] 
INFO [2017-05-30 20:34:53] $filename
INFO [2017-05-30 20:34:53] NULL
INFO [2017-05-30 20:34:53] 
INFO [2017-05-30 20:34:53] $main
INFO [2017-05-30 20:34:53] [1] "Significant interaction in humans (0.01% FDR)"
INFO [2017-05-30 20:34:53] 
INFO [2017-05-30 20:34:53] $cex
INFO [2017-05-30 20:34:53] [1] 1.5
INFO [2017-05-30 20:34:53] 
INFO [2017-05-30 20:34:53] $fill
INFO [2017-05-30 20:34:53] pal[1:3]
INFO [2017-05-30 20:34:53] 
INFO [2017-05-30 20:34:53] $lty
INFO [2017-05-30 20:34:53] [1] 1
INFO [2017-05-30 20:34:53] 
INFO [2017-05-30 20:34:53] $height
INFO [2017-05-30 20:34:53] [1] 2000
INFO [2017-05-30 20:34:53] 
INFO [2017-05-30 20:34:53] $width
INFO [2017-05-30 20:34:53] [1] 3000
INFO [2017-05-30 20:34:53] 
INFO [2017-05-30 20:34:53] [[1]]
INFO [2017-05-30 20:34:53] mylist
INFO [2017-05-30 20:34:53] 
INFO [2017-05-30 20:34:53] $filename
INFO [2017-05-30 20:34:53] NULL
INFO [2017-05-30 20:34:53] 
INFO [2017-05-30 20:34:53] $main
INFO [2017-05-30 20:34:53] [1] "DE genes between Great Apes and Rhesus (0.1% FDR)"
INFO [2017-05-30 20:34:53] 
INFO [2017-05-30 20:34:53] $cex
INFO [2017-05-30 20:34:53] [1] 1.5
INFO [2017-05-30 20:34:53] 
INFO [2017-05-30 20:34:53] $fill
INFO [2017-05-30 20:34:53] pal[1:4]
INFO [2017-05-30 20:34:53] 
INFO [2017-05-30 20:34:53] $lty
INFO [2017-05-30 20:34:53] [1] 1
INFO [2017-05-30 20:34:53] 
INFO [2017-05-30 20:34:53] $height
INFO [2017-05-30 20:34:53] [1] 2000
INFO [2017-05-30 20:34:53] 
INFO [2017-05-30 20:34:53] $width
INFO [2017-05-30 20:34:53] [1] 3000
INFO [2017-05-30 20:34:53] 
