INFO [2016-08-24 15:57:54] [[1]]
INFO [2016-08-24 15:57:54] mylist
INFO [2016-08-24 15:57:54] 
INFO [2016-08-24 15:57:54] $filename
INFO [2016-08-24 15:57:54] paste0(sub("Test", top2_names[i], ".png"))
INFO [2016-08-24 15:57:54] 
INFO [2016-08-24 15:57:54] $imagetype
INFO [2016-08-24 15:57:54] [1] "png"
INFO [2016-08-24 15:57:54] 
INFO [2016-08-24 15:57:54] $main
INFO [2016-08-24 15:57:54] title
INFO [2016-08-24 15:57:54] 
INFO [2016-08-24 15:57:54] $alpha
INFO [2016-08-24 15:57:54] c(0.5, 0.5, 0.5, 0.5)
INFO [2016-08-24 15:57:54] 
INFO [2016-08-24 15:57:54] $cex
INFO [2016-08-24 15:57:54] [1] 1.5
INFO [2016-08-24 15:57:54] 
INFO [2016-08-24 15:57:54] $lty
INFO [2016-08-24 15:57:54] [1] 1
INFO [2016-08-24 15:57:54] 
INFO [2016-08-24 15:57:54] $height
INFO [2016-08-24 15:57:54] [1] 2000
INFO [2016-08-24 15:57:54] 
INFO [2016-08-24 15:57:54] $width
INFO [2016-08-24 15:57:54] [1] 2000
INFO [2016-08-24 15:57:54] 
