INFO [2016-08-24 15:57:53] [[1]]
INFO [2016-08-24 15:57:53] mylist
INFO [2016-08-24 15:57:53] 
INFO [2016-08-24 15:57:53] $filename
INFO [2016-08-24 15:57:53] paste0(sub("Test", top2_names[i], ".png"))
INFO [2016-08-24 15:57:53] 
INFO [2016-08-24 15:57:53] $imagetype
INFO [2016-08-24 15:57:53] [1] "png"
INFO [2016-08-24 15:57:53] 
INFO [2016-08-24 15:57:53] $main
INFO [2016-08-24 15:57:53] title
INFO [2016-08-24 15:57:53] 
INFO [2016-08-24 15:57:53] $alpha
INFO [2016-08-24 15:57:53] c(0.5, 0.5, 0.5, 0.5)
INFO [2016-08-24 15:57:53] 
INFO [2016-08-24 15:57:53] $cex
INFO [2016-08-24 15:57:53] [1] 1.5
INFO [2016-08-24 15:57:53] 
INFO [2016-08-24 15:57:53] $lty
INFO [2016-08-24 15:57:53] [1] 1
INFO [2016-08-24 15:57:53] 
INFO [2016-08-24 15:57:53] $height
INFO [2016-08-24 15:57:53] [1] 2000
INFO [2016-08-24 15:57:53] 
INFO [2016-08-24 15:57:53] $width
INFO [2016-08-24 15:57:53] [1] 2000
INFO [2016-08-24 15:57:53] 
