INFO [2016-08-24 15:57:55] [[1]]
INFO [2016-08-24 15:57:55] mylist
INFO [2016-08-24 15:57:55] 
INFO [2016-08-24 15:57:55] $filename
INFO [2016-08-24 15:57:55] paste0(sub("Test", top2_names[i], ".png"))
INFO [2016-08-24 15:57:55] 
INFO [2016-08-24 15:57:55] $imagetype
INFO [2016-08-24 15:57:55] [1] "png"
INFO [2016-08-24 15:57:55] 
INFO [2016-08-24 15:57:55] $main
INFO [2016-08-24 15:57:55] title
INFO [2016-08-24 15:57:55] 
INFO [2016-08-24 15:57:55] $alpha
INFO [2016-08-24 15:57:55] c(0.5, 0.5, 0.5, 0.5)
INFO [2016-08-24 15:57:55] 
INFO [2016-08-24 15:57:55] $cex
INFO [2016-08-24 15:57:55] [1] 1.5
INFO [2016-08-24 15:57:55] 
INFO [2016-08-24 15:57:55] $lty
INFO [2016-08-24 15:57:55] [1] 1
INFO [2016-08-24 15:57:55] 
INFO [2016-08-24 15:57:55] $height
INFO [2016-08-24 15:57:55] [1] 2000
INFO [2016-08-24 15:57:55] 
INFO [2016-08-24 15:57:55] $width
INFO [2016-08-24 15:57:55] [1] 2000
INFO [2016-08-24 15:57:55] 
