INFO [2016-08-24 17:05:39] [[1]]
INFO [2016-08-24 17:05:39] mylist
INFO [2016-08-24 17:05:39] 
INFO [2016-08-24 17:05:39] $filename
INFO [2016-08-24 17:05:39] paste0(title, ".png")
INFO [2016-08-24 17:05:39] 
INFO [2016-08-24 17:05:39] $imagetype
INFO [2016-08-24 17:05:39] [1] "png"
INFO [2016-08-24 17:05:39] 
INFO [2016-08-24 17:05:39] $main
INFO [2016-08-24 17:05:39] title
INFO [2016-08-24 17:05:39] 
INFO [2016-08-24 17:05:39] $col
INFO [2016-08-24 17:05:39] brewer.pal(9, "Set1")[1:4]
INFO [2016-08-24 17:05:39] 
INFO [2016-08-24 17:05:39] $alpha
INFO [2016-08-24 17:05:39] c(0.5, 0.5, 0.5, 0.5)
INFO [2016-08-24 17:05:39] 
INFO [2016-08-24 17:05:39] $cex
INFO [2016-08-24 17:05:39] [1] 1.5
INFO [2016-08-24 17:05:39] 
INFO [2016-08-24 17:05:39] $lty
INFO [2016-08-24 17:05:39] [1] 1
INFO [2016-08-24 17:05:39] 
INFO [2016-08-24 17:05:39] $height
INFO [2016-08-24 17:05:39] [1] 2000
INFO [2016-08-24 17:05:39] 
INFO [2016-08-24 17:05:39] $width
INFO [2016-08-24 17:05:39] [1] 2000
INFO [2016-08-24 17:05:39] 
