INFO [2016-08-24 17:05:37] [[1]]
INFO [2016-08-24 17:05:37] mylist
INFO [2016-08-24 17:05:37] 
INFO [2016-08-24 17:05:37] $filename
INFO [2016-08-24 17:05:37] paste0(title, ".png")
INFO [2016-08-24 17:05:37] 
INFO [2016-08-24 17:05:37] $imagetype
INFO [2016-08-24 17:05:37] [1] "png"
INFO [2016-08-24 17:05:37] 
INFO [2016-08-24 17:05:37] $main
INFO [2016-08-24 17:05:37] title
INFO [2016-08-24 17:05:37] 
INFO [2016-08-24 17:05:37] $col
INFO [2016-08-24 17:05:37] brewer.pal(9, "Set1")[1:4]
INFO [2016-08-24 17:05:37] 
INFO [2016-08-24 17:05:37] $alpha
INFO [2016-08-24 17:05:37] c(0.5, 0.5, 0.5, 0.5)
INFO [2016-08-24 17:05:37] 
INFO [2016-08-24 17:05:37] $cex
INFO [2016-08-24 17:05:37] [1] 1.5
INFO [2016-08-24 17:05:37] 
INFO [2016-08-24 17:05:37] $lty
INFO [2016-08-24 17:05:37] [1] 1
INFO [2016-08-24 17:05:37] 
INFO [2016-08-24 17:05:37] $height
INFO [2016-08-24 17:05:37] [1] 2000
INFO [2016-08-24 17:05:37] 
INFO [2016-08-24 17:05:37] $width
INFO [2016-08-24 17:05:37] [1] 2000
INFO [2016-08-24 17:05:37] 
