INFO [2016-08-24 20:37:28] [[1]]
INFO [2016-08-24 20:37:28] mylist
INFO [2016-08-24 20:37:28] 
INFO [2016-08-24 20:37:28] $filename
INFO [2016-08-24 20:37:28] paste0(sub("Chimp", "", names(top3)[i]), ".png")
INFO [2016-08-24 20:37:28] 
INFO [2016-08-24 20:37:28] $imagetype
INFO [2016-08-24 20:37:28] [1] "png"
INFO [2016-08-24 20:37:28] 
INFO [2016-08-24 20:37:28] $main
INFO [2016-08-24 20:37:28] title
INFO [2016-08-24 20:37:28] 
INFO [2016-08-24 20:37:28] $fill
INFO [2016-08-24 20:37:28] pal[1:4]
INFO [2016-08-24 20:37:28] 
INFO [2016-08-24 20:37:28] $alpha
INFO [2016-08-24 20:37:28] c(0.5, 0.5, 0.5, 0.5)
INFO [2016-08-24 20:37:28] 
INFO [2016-08-24 20:37:28] $cex
INFO [2016-08-24 20:37:28] [1] 1.5
INFO [2016-08-24 20:37:28] 
INFO [2016-08-24 20:37:28] $lty
INFO [2016-08-24 20:37:28] [1] 1
INFO [2016-08-24 20:37:28] 
INFO [2016-08-24 20:37:28] $height
INFO [2016-08-24 20:37:28] [1] 2000
INFO [2016-08-24 20:37:28] 
INFO [2016-08-24 20:37:28] $width
INFO [2016-08-24 20:37:28] [1] 2000
INFO [2016-08-24 20:37:28] 
