INFO [2016-08-24 16:18:35] [[1]]
INFO [2016-08-24 16:18:35] mylist
INFO [2016-08-24 16:18:35] 
INFO [2016-08-24 16:18:35] $filename
INFO [2016-08-24 16:18:35] paste0(title, ".png")
INFO [2016-08-24 16:18:35] 
INFO [2016-08-24 16:18:35] $imagetype
INFO [2016-08-24 16:18:35] [1] "png"
INFO [2016-08-24 16:18:35] 
INFO [2016-08-24 16:18:35] $main
INFO [2016-08-24 16:18:35] title
INFO [2016-08-24 16:18:35] 
INFO [2016-08-24 16:18:35] $fill
INFO [2016-08-24 16:18:35] pal[1:3]
INFO [2016-08-24 16:18:35] 
INFO [2016-08-24 16:18:35] $alpha
INFO [2016-08-24 16:18:35] c(0.5, 0.5, 0.5)
INFO [2016-08-24 16:18:35] 
INFO [2016-08-24 16:18:35] $cex
INFO [2016-08-24 16:18:35] [1] 1.5
INFO [2016-08-24 16:18:35] 
INFO [2016-08-24 16:18:35] $lty
INFO [2016-08-24 16:18:35] [1] 1
INFO [2016-08-24 16:18:35] 
INFO [2016-08-24 16:18:35] $height
INFO [2016-08-24 16:18:35] [1] 2000
INFO [2016-08-24 16:18:35] 
INFO [2016-08-24 16:18:35] $width
INFO [2016-08-24 16:18:35] [1] 2000
INFO [2016-08-24 16:18:35] 
