INFO [2016-08-24 17:37:11] [[1]]
INFO [2016-08-24 17:37:11] mylist
INFO [2016-08-24 17:37:11] 
INFO [2016-08-24 17:37:11] $filename
INFO [2016-08-24 17:37:11] paste0(title, "_all_species.png")
INFO [2016-08-24 17:37:11] 
INFO [2016-08-24 17:37:11] $imagetype
INFO [2016-08-24 17:37:11] [1] "png"
INFO [2016-08-24 17:37:11] 
INFO [2016-08-24 17:37:11] $main
INFO [2016-08-24 17:37:11] title
INFO [2016-08-24 17:37:11] 
INFO [2016-08-24 17:37:11] $fill
INFO [2016-08-24 17:37:11] pal[1:3]
INFO [2016-08-24 17:37:11] 
INFO [2016-08-24 17:37:11] $alpha
INFO [2016-08-24 17:37:11] c(0.5, 0.5, 0.5)
INFO [2016-08-24 17:37:11] 
INFO [2016-08-24 17:37:11] $cex
INFO [2016-08-24 17:37:11] [1] 1.5
INFO [2016-08-24 17:37:11] 
INFO [2016-08-24 17:37:11] $lty
INFO [2016-08-24 17:37:11] [1] 1
INFO [2016-08-24 17:37:11] 
INFO [2016-08-24 17:37:11] $height
INFO [2016-08-24 17:37:11] [1] 2000
INFO [2016-08-24 17:37:11] 
INFO [2016-08-24 17:37:11] $width
INFO [2016-08-24 17:37:11] [1] 2000
INFO [2016-08-24 17:37:11] 
INFO [2016-08-24 17:37:11] $margin
INFO [2016-08-24 17:37:11] [1] 0.1
INFO [2016-08-24 17:37:11] 
INFO [2016-08-24 17:37:11] $cat.dist
INFO [2016-08-24 17:37:11] [1] 0.1
INFO [2016-08-24 17:37:11] 
