INFO [2016-08-24 16:18:36] [[1]]
INFO [2016-08-24 16:18:36] mylist
INFO [2016-08-24 16:18:36] 
INFO [2016-08-24 16:18:36] $filename
INFO [2016-08-24 16:18:36] paste0(title, ".png")
INFO [2016-08-24 16:18:36] 
INFO [2016-08-24 16:18:36] $imagetype
INFO [2016-08-24 16:18:36] [1] "png"
INFO [2016-08-24 16:18:36] 
INFO [2016-08-24 16:18:36] $main
INFO [2016-08-24 16:18:36] title
INFO [2016-08-24 16:18:36] 
INFO [2016-08-24 16:18:36] $fill
INFO [2016-08-24 16:18:36] pal[1:3]
INFO [2016-08-24 16:18:36] 
INFO [2016-08-24 16:18:36] $alpha
INFO [2016-08-24 16:18:36] c(0.5, 0.5, 0.5)
INFO [2016-08-24 16:18:36] 
INFO [2016-08-24 16:18:36] $cex
INFO [2016-08-24 16:18:36] [1] 1.5
INFO [2016-08-24 16:18:36] 
INFO [2016-08-24 16:18:36] $lty
INFO [2016-08-24 16:18:36] [1] 1
INFO [2016-08-24 16:18:36] 
INFO [2016-08-24 16:18:36] $height
INFO [2016-08-24 16:18:36] [1] 2000
INFO [2016-08-24 16:18:36] 
INFO [2016-08-24 16:18:36] $width
INFO [2016-08-24 16:18:36] [1] 2000
INFO [2016-08-24 16:18:36] 
