INFO [2016-08-24 17:05:40] [[1]]
INFO [2016-08-24 17:05:40] mylist
INFO [2016-08-24 17:05:40] 
INFO [2016-08-24 17:05:40] $filename
INFO [2016-08-24 17:05:40] paste0(title, ".png")
INFO [2016-08-24 17:05:40] 
INFO [2016-08-24 17:05:40] $imagetype
INFO [2016-08-24 17:05:40] [1] "png"
INFO [2016-08-24 17:05:40] 
INFO [2016-08-24 17:05:40] $main
INFO [2016-08-24 17:05:40] title
INFO [2016-08-24 17:05:40] 
INFO [2016-08-24 17:05:40] $col
INFO [2016-08-24 17:05:40] brewer.pal(9, "Set1")[1:4]
INFO [2016-08-24 17:05:40] 
INFO [2016-08-24 17:05:40] $alpha
INFO [2016-08-24 17:05:40] c(0.5, 0.5, 0.5, 0.5)
INFO [2016-08-24 17:05:40] 
INFO [2016-08-24 17:05:40] $cex
INFO [2016-08-24 17:05:40] [1] 1.5
INFO [2016-08-24 17:05:40] 
INFO [2016-08-24 17:05:40] $lty
INFO [2016-08-24 17:05:40] [1] 1
INFO [2016-08-24 17:05:40] 
INFO [2016-08-24 17:05:40] $height
INFO [2016-08-24 17:05:40] [1] 2000
INFO [2016-08-24 17:05:40] 
INFO [2016-08-24 17:05:40] $width
INFO [2016-08-24 17:05:40] [1] 2000
INFO [2016-08-24 17:05:40] 
