INFO [2016-08-24 16:18:32] [[1]]
INFO [2016-08-24 16:18:32] mylist
INFO [2016-08-24 16:18:32] 
INFO [2016-08-24 16:18:32] $filename
INFO [2016-08-24 16:18:32] paste0(title, ".png")
INFO [2016-08-24 16:18:32] 
INFO [2016-08-24 16:18:32] $imagetype
INFO [2016-08-24 16:18:32] [1] "png"
INFO [2016-08-24 16:18:32] 
INFO [2016-08-24 16:18:32] $main
INFO [2016-08-24 16:18:32] title
INFO [2016-08-24 16:18:32] 
INFO [2016-08-24 16:18:32] $fill
INFO [2016-08-24 16:18:32] pal[1:3]
INFO [2016-08-24 16:18:32] 
INFO [2016-08-24 16:18:32] $alpha
INFO [2016-08-24 16:18:32] c(0.5, 0.5, 0.5)
INFO [2016-08-24 16:18:32] 
INFO [2016-08-24 16:18:32] $cex
INFO [2016-08-24 16:18:32] [1] 1.5
INFO [2016-08-24 16:18:32] 
INFO [2016-08-24 16:18:32] $lty
INFO [2016-08-24 16:18:32] [1] 1
INFO [2016-08-24 16:18:32] 
INFO [2016-08-24 16:18:32] $height
INFO [2016-08-24 16:18:32] [1] 2000
INFO [2016-08-24 16:18:32] 
INFO [2016-08-24 16:18:32] $width
INFO [2016-08-24 16:18:32] [1] 2000
INFO [2016-08-24 16:18:32] 
