INFO [2016-08-24 17:37:10] [[1]]
INFO [2016-08-24 17:37:10] mylist
INFO [2016-08-24 17:37:10] 
INFO [2016-08-24 17:37:10] $filename
INFO [2016-08-24 17:37:10] paste0(title, "_all_species.png")
INFO [2016-08-24 17:37:10] 
INFO [2016-08-24 17:37:10] $imagetype
INFO [2016-08-24 17:37:10] [1] "png"
INFO [2016-08-24 17:37:10] 
INFO [2016-08-24 17:37:10] $main
INFO [2016-08-24 17:37:10] title
INFO [2016-08-24 17:37:10] 
INFO [2016-08-24 17:37:10] $fill
INFO [2016-08-24 17:37:10] pal[1:3]
INFO [2016-08-24 17:37:10] 
INFO [2016-08-24 17:37:10] $alpha
INFO [2016-08-24 17:37:10] c(0.5, 0.5, 0.5)
INFO [2016-08-24 17:37:10] 
INFO [2016-08-24 17:37:10] $cex
INFO [2016-08-24 17:37:10] [1] 1.5
INFO [2016-08-24 17:37:10] 
INFO [2016-08-24 17:37:10] $lty
INFO [2016-08-24 17:37:10] [1] 1
INFO [2016-08-24 17:37:10] 
INFO [2016-08-24 17:37:10] $height
INFO [2016-08-24 17:37:10] [1] 2000
INFO [2016-08-24 17:37:10] 
INFO [2016-08-24 17:37:10] $width
INFO [2016-08-24 17:37:10] [1] 2000
INFO [2016-08-24 17:37:10] 
INFO [2016-08-24 17:37:10] $margin
INFO [2016-08-24 17:37:10] [1] 0.1
INFO [2016-08-24 17:37:10] 
INFO [2016-08-24 17:37:10] $cat.dist
INFO [2016-08-24 17:37:10] [1] 0.1
INFO [2016-08-24 17:37:10] 
