INFO [2016-08-24 16:18:34] [[1]]
INFO [2016-08-24 16:18:34] mylist
INFO [2016-08-24 16:18:34] 
INFO [2016-08-24 16:18:34] $filename
INFO [2016-08-24 16:18:34] paste0(title, ".png")
INFO [2016-08-24 16:18:34] 
INFO [2016-08-24 16:18:34] $imagetype
INFO [2016-08-24 16:18:34] [1] "png"
INFO [2016-08-24 16:18:34] 
INFO [2016-08-24 16:18:34] $main
INFO [2016-08-24 16:18:34] title
INFO [2016-08-24 16:18:34] 
INFO [2016-08-24 16:18:34] $fill
INFO [2016-08-24 16:18:34] pal[1:3]
INFO [2016-08-24 16:18:34] 
INFO [2016-08-24 16:18:34] $alpha
INFO [2016-08-24 16:18:34] c(0.5, 0.5, 0.5)
INFO [2016-08-24 16:18:34] 
INFO [2016-08-24 16:18:34] $cex
INFO [2016-08-24 16:18:34] [1] 1.5
INFO [2016-08-24 16:18:34] 
INFO [2016-08-24 16:18:34] $lty
INFO [2016-08-24 16:18:34] [1] 1
INFO [2016-08-24 16:18:34] 
INFO [2016-08-24 16:18:34] $height
INFO [2016-08-24 16:18:34] [1] 2000
INFO [2016-08-24 16:18:34] 
INFO [2016-08-24 16:18:34] $width
INFO [2016-08-24 16:18:34] [1] 2000
INFO [2016-08-24 16:18:34] 
