INFO [2016-08-24 16:18:33] [[1]]
INFO [2016-08-24 16:18:33] mylist
INFO [2016-08-24 16:18:33] 
INFO [2016-08-24 16:18:33] $filename
INFO [2016-08-24 16:18:33] paste0(title, ".png")
INFO [2016-08-24 16:18:33] 
INFO [2016-08-24 16:18:33] $imagetype
INFO [2016-08-24 16:18:33] [1] "png"
INFO [2016-08-24 16:18:33] 
INFO [2016-08-24 16:18:33] $main
INFO [2016-08-24 16:18:33] title
INFO [2016-08-24 16:18:33] 
INFO [2016-08-24 16:18:33] $fill
INFO [2016-08-24 16:18:33] pal[1:3]
INFO [2016-08-24 16:18:33] 
INFO [2016-08-24 16:18:33] $alpha
INFO [2016-08-24 16:18:33] c(0.5, 0.5, 0.5)
INFO [2016-08-24 16:18:33] 
INFO [2016-08-24 16:18:33] $cex
INFO [2016-08-24 16:18:33] [1] 1.5
INFO [2016-08-24 16:18:33] 
INFO [2016-08-24 16:18:33] $lty
INFO [2016-08-24 16:18:33] [1] 1
INFO [2016-08-24 16:18:33] 
INFO [2016-08-24 16:18:33] $height
INFO [2016-08-24 16:18:33] [1] 2000
INFO [2016-08-24 16:18:33] 
INFO [2016-08-24 16:18:33] $width
INFO [2016-08-24 16:18:33] [1] 2000
INFO [2016-08-24 16:18:33] 
