INFO [2016-08-24 20:37:26] [[1]]
INFO [2016-08-24 20:37:26] mylist
INFO [2016-08-24 20:37:26] 
INFO [2016-08-24 20:37:26] $filename
INFO [2016-08-24 20:37:26] paste0(sub("Chimp", "", names(top3)[i]), ".png")
INFO [2016-08-24 20:37:26] 
INFO [2016-08-24 20:37:26] $imagetype
INFO [2016-08-24 20:37:26] [1] "png"
INFO [2016-08-24 20:37:26] 
INFO [2016-08-24 20:37:26] $main
INFO [2016-08-24 20:37:26] title
INFO [2016-08-24 20:37:26] 
INFO [2016-08-24 20:37:26] $fill
INFO [2016-08-24 20:37:26] pal[1:4]
INFO [2016-08-24 20:37:26] 
INFO [2016-08-24 20:37:26] $alpha
INFO [2016-08-24 20:37:26] c(0.5, 0.5, 0.5, 0.5)
INFO [2016-08-24 20:37:26] 
INFO [2016-08-24 20:37:26] $cex
INFO [2016-08-24 20:37:26] [1] 1.5
INFO [2016-08-24 20:37:26] 
INFO [2016-08-24 20:37:26] $lty
INFO [2016-08-24 20:37:26] [1] 1
INFO [2016-08-24 20:37:26] 
INFO [2016-08-24 20:37:26] $height
INFO [2016-08-24 20:37:26] [1] 2000
INFO [2016-08-24 20:37:26] 
INFO [2016-08-24 20:37:26] $width
INFO [2016-08-24 20:37:26] [1] 2000
INFO [2016-08-24 20:37:26] 
