INFO [2016-08-24 17:37:12] [[1]]
INFO [2016-08-24 17:37:12] mylist
INFO [2016-08-24 17:37:12] 
INFO [2016-08-24 17:37:12] $filename
INFO [2016-08-24 17:37:12] paste0(title, "_all_species.png")
INFO [2016-08-24 17:37:12] 
INFO [2016-08-24 17:37:12] $imagetype
INFO [2016-08-24 17:37:12] [1] "png"
INFO [2016-08-24 17:37:12] 
INFO [2016-08-24 17:37:12] $main
INFO [2016-08-24 17:37:12] title
INFO [2016-08-24 17:37:12] 
INFO [2016-08-24 17:37:12] $fill
INFO [2016-08-24 17:37:12] pal[1:3]
INFO [2016-08-24 17:37:12] 
INFO [2016-08-24 17:37:12] $alpha
INFO [2016-08-24 17:37:12] c(0.5, 0.5, 0.5)
INFO [2016-08-24 17:37:12] 
INFO [2016-08-24 17:37:12] $cex
INFO [2016-08-24 17:37:12] [1] 1.5
INFO [2016-08-24 17:37:12] 
INFO [2016-08-24 17:37:12] $lty
INFO [2016-08-24 17:37:12] [1] 1
INFO [2016-08-24 17:37:12] 
INFO [2016-08-24 17:37:12] $height
INFO [2016-08-24 17:37:12] [1] 2000
INFO [2016-08-24 17:37:12] 
INFO [2016-08-24 17:37:12] $width
INFO [2016-08-24 17:37:12] [1] 2000
INFO [2016-08-24 17:37:12] 
INFO [2016-08-24 17:37:12] $margin
INFO [2016-08-24 17:37:12] [1] 0.1
INFO [2016-08-24 17:37:12] 
INFO [2016-08-24 17:37:12] $cat.dist
INFO [2016-08-24 17:37:12] [1] 0.1
INFO [2016-08-24 17:37:12] 
