INFO [2016-08-24 20:37:27] [[1]]
INFO [2016-08-24 20:37:27] mylist
INFO [2016-08-24 20:37:27] 
INFO [2016-08-24 20:37:27] $filename
INFO [2016-08-24 20:37:27] paste0(sub("Chimp", "", names(top3)[i]), ".png")
INFO [2016-08-24 20:37:27] 
INFO [2016-08-24 20:37:27] $imagetype
INFO [2016-08-24 20:37:27] [1] "png"
INFO [2016-08-24 20:37:27] 
INFO [2016-08-24 20:37:27] $main
INFO [2016-08-24 20:37:27] title
INFO [2016-08-24 20:37:27] 
INFO [2016-08-24 20:37:27] $fill
INFO [2016-08-24 20:37:27] pal[1:4]
INFO [2016-08-24 20:37:27] 
INFO [2016-08-24 20:37:27] $alpha
INFO [2016-08-24 20:37:27] c(0.5, 0.5, 0.5, 0.5)
INFO [2016-08-24 20:37:27] 
INFO [2016-08-24 20:37:27] $cex
INFO [2016-08-24 20:37:27] [1] 1.5
INFO [2016-08-24 20:37:27] 
INFO [2016-08-24 20:37:27] $lty
INFO [2016-08-24 20:37:27] [1] 1
INFO [2016-08-24 20:37:27] 
INFO [2016-08-24 20:37:27] $height
INFO [2016-08-24 20:37:27] [1] 2000
INFO [2016-08-24 20:37:27] 
INFO [2016-08-24 20:37:27] $width
INFO [2016-08-24 20:37:27] [1] 2000
INFO [2016-08-24 20:37:27] 
