INFO [2016-08-24 17:37:13] [[1]]
INFO [2016-08-24 17:37:13] mylist
INFO [2016-08-24 17:37:13] 
INFO [2016-08-24 17:37:13] $filename
INFO [2016-08-24 17:37:13] paste0(title, "_all_species.png")
INFO [2016-08-24 17:37:13] 
INFO [2016-08-24 17:37:13] $imagetype
INFO [2016-08-24 17:37:13] [1] "png"
INFO [2016-08-24 17:37:13] 
INFO [2016-08-24 17:37:13] $main
INFO [2016-08-24 17:37:13] title
INFO [2016-08-24 17:37:13] 
INFO [2016-08-24 17:37:13] $fill
INFO [2016-08-24 17:37:13] pal[1:3]
INFO [2016-08-24 17:37:13] 
INFO [2016-08-24 17:37:13] $alpha
INFO [2016-08-24 17:37:13] c(0.5, 0.5, 0.5)
INFO [2016-08-24 17:37:13] 
INFO [2016-08-24 17:37:13] $cex
INFO [2016-08-24 17:37:13] [1] 1.5
INFO [2016-08-24 17:37:13] 
INFO [2016-08-24 17:37:13] $lty
INFO [2016-08-24 17:37:13] [1] 1
INFO [2016-08-24 17:37:13] 
INFO [2016-08-24 17:37:13] $height
INFO [2016-08-24 17:37:13] [1] 2000
INFO [2016-08-24 17:37:13] 
INFO [2016-08-24 17:37:13] $width
INFO [2016-08-24 17:37:13] [1] 2000
INFO [2016-08-24 17:37:13] 
INFO [2016-08-24 17:37:13] $margin
INFO [2016-08-24 17:37:13] [1] 0.1
INFO [2016-08-24 17:37:13] 
INFO [2016-08-24 17:37:13] $cat.dist
INFO [2016-08-24 17:37:13] [1] 0.1
INFO [2016-08-24 17:37:13] 
