INFO [2016-08-24 16:18:37] [[1]]
INFO [2016-08-24 16:18:37] mylist
INFO [2016-08-24 16:18:37] 
INFO [2016-08-24 16:18:37] $filename
INFO [2016-08-24 16:18:37] paste0(title, ".png")
INFO [2016-08-24 16:18:37] 
INFO [2016-08-24 16:18:37] $imagetype
INFO [2016-08-24 16:18:37] [1] "png"
INFO [2016-08-24 16:18:37] 
INFO [2016-08-24 16:18:37] $main
INFO [2016-08-24 16:18:37] title
INFO [2016-08-24 16:18:37] 
INFO [2016-08-24 16:18:37] $fill
INFO [2016-08-24 16:18:37] pal[1:3]
INFO [2016-08-24 16:18:37] 
INFO [2016-08-24 16:18:37] $alpha
INFO [2016-08-24 16:18:37] c(0.5, 0.5, 0.5)
INFO [2016-08-24 16:18:37] 
INFO [2016-08-24 16:18:37] $cex
INFO [2016-08-24 16:18:37] [1] 1.5
INFO [2016-08-24 16:18:37] 
INFO [2016-08-24 16:18:37] $lty
INFO [2016-08-24 16:18:37] [1] 1
INFO [2016-08-24 16:18:37] 
INFO [2016-08-24 16:18:37] $height
INFO [2016-08-24 16:18:37] [1] 2000
INFO [2016-08-24 16:18:37] 
INFO [2016-08-24 16:18:37] $width
INFO [2016-08-24 16:18:37] [1] 2000
INFO [2016-08-24 16:18:37] 
