INFO [2017-11-08 11:11:40] [[1]]
INFO [2017-11-08 11:11:40] mylist
INFO [2017-11-08 11:11:40] 
INFO [2017-11-08 11:11:40] $filename
INFO [2017-11-08 11:11:40] NULL
INFO [2017-11-08 11:11:40] 
INFO [2017-11-08 11:11:40] $main
INFO [2017-11-08 11:11:40] [1] "DE genes between Heart and Liver (FDR 1%)"
INFO [2017-11-08 11:11:40] 
INFO [2017-11-08 11:11:40] $cex
INFO [2017-11-08 11:11:40] [1] 1.5
INFO [2017-11-08 11:11:40] 
INFO [2017-11-08 11:11:40] $fill
INFO [2017-11-08 11:11:40] pal[1:3]
INFO [2017-11-08 11:11:40] 
INFO [2017-11-08 11:11:40] $lty
INFO [2017-11-08 11:11:40] [1] 1
INFO [2017-11-08 11:11:40] 
INFO [2017-11-08 11:11:40] $height
INFO [2017-11-08 11:11:40] [1] 2000
INFO [2017-11-08 11:11:40] 
INFO [2017-11-08 11:11:40] $width
INFO [2017-11-08 11:11:40] [1] 3000
INFO [2017-11-08 11:11:40] 
