INFO [2017-11-08 11:11:41] [[1]]
INFO [2017-11-08 11:11:41] mylist
INFO [2017-11-08 11:11:41] 
INFO [2017-11-08 11:11:41] $filename
INFO [2017-11-08 11:11:41] NULL
INFO [2017-11-08 11:11:41] 
INFO [2017-11-08 11:11:41] $main
INFO [2017-11-08 11:11:41] [1] "DE genes between Heart and Lung (FDR 1%)"
INFO [2017-11-08 11:11:41] 
INFO [2017-11-08 11:11:41] $cex
INFO [2017-11-08 11:11:41] [1] 1.5
INFO [2017-11-08 11:11:41] 
INFO [2017-11-08 11:11:41] $fill
INFO [2017-11-08 11:11:41] pal[1:3]
INFO [2017-11-08 11:11:41] 
INFO [2017-11-08 11:11:41] $lty
INFO [2017-11-08 11:11:41] [1] 1
INFO [2017-11-08 11:11:41] 
INFO [2017-11-08 11:11:41] $height
INFO [2017-11-08 11:11:41] [1] 2000
INFO [2017-11-08 11:11:41] 
INFO [2017-11-08 11:11:41] $width
INFO [2017-11-08 11:11:41] [1] 3000
INFO [2017-11-08 11:11:41] 
INFO [2017-11-08 11:11:41] [[1]]
INFO [2017-11-08 11:11:41] mylist
INFO [2017-11-08 11:11:41] 
INFO [2017-11-08 11:11:41] $filename
INFO [2017-11-08 11:11:41] NULL
INFO [2017-11-08 11:11:41] 
INFO [2017-11-08 11:11:41] $main
INFO [2017-11-08 11:11:41] [1] "DE genes between Heart and Kidney (FDR 1%)"
INFO [2017-11-08 11:11:41] 
INFO [2017-11-08 11:11:41] $cex
INFO [2017-11-08 11:11:41] [1] 1.5
INFO [2017-11-08 11:11:41] 
INFO [2017-11-08 11:11:41] $fill
INFO [2017-11-08 11:11:41] pal[1:3]
INFO [2017-11-08 11:11:41] 
INFO [2017-11-08 11:11:41] $lty
INFO [2017-11-08 11:11:41] [1] 1
INFO [2017-11-08 11:11:41] 
INFO [2017-11-08 11:11:41] $height
INFO [2017-11-08 11:11:41] [1] 2000
INFO [2017-11-08 11:11:41] 
INFO [2017-11-08 11:11:41] $width
INFO [2017-11-08 11:11:41] [1] 3000
INFO [2017-11-08 11:11:41] 
INFO [2017-11-08 11:11:41] [[1]]
INFO [2017-11-08 11:11:41] mylist
INFO [2017-11-08 11:11:41] 
INFO [2017-11-08 11:11:41] $filename
INFO [2017-11-08 11:11:41] NULL
INFO [2017-11-08 11:11:41] 
INFO [2017-11-08 11:11:41] $main
INFO [2017-11-08 11:11:41] [1] "DE genes between Liver and Lung (FDR 1%)"
INFO [2017-11-08 11:11:41] 
INFO [2017-11-08 11:11:41] $cex
INFO [2017-11-08 11:11:41] [1] 1.5
INFO [2017-11-08 11:11:41] 
INFO [2017-11-08 11:11:41] $fill
INFO [2017-11-08 11:11:41] pal[1:3]
INFO [2017-11-08 11:11:41] 
INFO [2017-11-08 11:11:41] $lty
INFO [2017-11-08 11:11:41] [1] 1
INFO [2017-11-08 11:11:41] 
INFO [2017-11-08 11:11:41] $height
INFO [2017-11-08 11:11:41] [1] 2000
INFO [2017-11-08 11:11:41] 
INFO [2017-11-08 11:11:41] $width
INFO [2017-11-08 11:11:41] [1] 3000
INFO [2017-11-08 11:11:41] 
