INFO [2017-11-08 11:11:39] [[1]]
INFO [2017-11-08 11:11:39] mylist
INFO [2017-11-08 11:11:39] 
INFO [2017-11-08 11:11:39] $filename
INFO [2017-11-08 11:11:39] NULL
INFO [2017-11-08 11:11:39] 
INFO [2017-11-08 11:11:39] $main
INFO [2017-11-08 11:11:39] [1] "DE genes between Chimps and Rhesus (FDR 1%)"
INFO [2017-11-08 11:11:39] 
INFO [2017-11-08 11:11:39] $cex
INFO [2017-11-08 11:11:39] [1] 1.5
INFO [2017-11-08 11:11:39] 
INFO [2017-11-08 11:11:39] $fill
INFO [2017-11-08 11:11:39] pal[1:4]
INFO [2017-11-08 11:11:39] 
INFO [2017-11-08 11:11:39] $lty
INFO [2017-11-08 11:11:39] [1] 1
INFO [2017-11-08 11:11:39] 
INFO [2017-11-08 11:11:39] $height
INFO [2017-11-08 11:11:39] [1] 2000
INFO [2017-11-08 11:11:39] 
INFO [2017-11-08 11:11:39] $width
INFO [2017-11-08 11:11:39] [1] 3000
INFO [2017-11-08 11:11:39] 
