INFO [2017-05-30 20:30:34] [[1]]
INFO [2017-05-30 20:30:34] mylist
INFO [2017-05-30 20:30:34] 
INFO [2017-05-30 20:30:34] $filename
INFO [2017-05-30 20:30:34] NULL
INFO [2017-05-30 20:30:34] 
INFO [2017-05-30 20:30:34] $main
INFO [2017-05-30 20:30:34] [1] "DE genes between Humans versus Chimps/Rhesus (1% FDR)"
INFO [2017-05-30 20:30:34] 
INFO [2017-05-30 20:30:34] $cex
INFO [2017-05-30 20:30:34] [1] 1.5
INFO [2017-05-30 20:30:34] 
INFO [2017-05-30 20:30:34] $fill
INFO [2017-05-30 20:30:34] pal[1:4]
INFO [2017-05-30 20:30:34] 
INFO [2017-05-30 20:30:34] $lty
INFO [2017-05-30 20:30:34] [1] 1
INFO [2017-05-30 20:30:34] 
INFO [2017-05-30 20:30:34] $height
INFO [2017-05-30 20:30:34] [1] 2000
INFO [2017-05-30 20:30:34] 
INFO [2017-05-30 20:30:34] $width
INFO [2017-05-30 20:30:34] [1] 3000
INFO [2017-05-30 20:30:34] 
