INFO [2017-05-30 20:34:52] [[1]]
INFO [2017-05-30 20:34:52] mylist
INFO [2017-05-30 20:34:52] 
INFO [2017-05-30 20:34:52] $filename
INFO [2017-05-30 20:34:52] NULL
INFO [2017-05-30 20:34:52] 
INFO [2017-05-30 20:34:52] $main
INFO [2017-05-30 20:34:52] [1] "DE genes between Human and Chimp/Rhesus (0.01% FDR)"
INFO [2017-05-30 20:34:52] 
INFO [2017-05-30 20:34:52] $cex
INFO [2017-05-30 20:34:52] [1] 1.5
INFO [2017-05-30 20:34:52] 
INFO [2017-05-30 20:34:52] $fill
INFO [2017-05-30 20:34:52] pal[1:4]
INFO [2017-05-30 20:34:52] 
INFO [2017-05-30 20:34:52] $lty
INFO [2017-05-30 20:34:52] [1] 1
INFO [2017-05-30 20:34:52] 
INFO [2017-05-30 20:34:52] $height
INFO [2017-05-30 20:34:52] [1] 2000
INFO [2017-05-30 20:34:52] 
INFO [2017-05-30 20:34:52] $width
INFO [2017-05-30 20:34:52] [1] 3000
INFO [2017-05-30 20:34:52] 
