INFO [2017-05-30 18:05:51] [[1]]
INFO [2017-05-30 18:05:51] mylist
INFO [2017-05-30 18:05:51] 
INFO [2017-05-30 18:05:51] $filename
INFO [2017-05-30 18:05:51] NULL
INFO [2017-05-30 18:05:51] 
INFO [2017-05-30 18:05:51] $main
INFO [2017-05-30 18:05:51] [1] "DE genes in liver (5% FDR)"
INFO [2017-05-30 18:05:51] 
INFO [2017-05-30 18:05:51] $cex
INFO [2017-05-30 18:05:51] [1] 1.5
INFO [2017-05-30 18:05:51] 
INFO [2017-05-30 18:05:51] $fill
INFO [2017-05-30 18:05:51] pal[1:3]
INFO [2017-05-30 18:05:51] 
INFO [2017-05-30 18:05:51] $lty
INFO [2017-05-30 18:05:51] [1] 1
INFO [2017-05-30 18:05:51] 
INFO [2017-05-30 18:05:51] $height
INFO [2017-05-30 18:05:51] [1] 2000
INFO [2017-05-30 18:05:51] 
INFO [2017-05-30 18:05:51] $width
INFO [2017-05-30 18:05:51] [1] 3000
INFO [2017-05-30 18:05:51] 
