INFO [2017-05-30 18:42:08] [[1]]
INFO [2017-05-30 18:42:08] mylist
INFO [2017-05-30 18:42:08] 
INFO [2017-05-30 18:42:08] $filename
INFO [2017-05-30 18:42:08] NULL
INFO [2017-05-30 18:42:08] 
INFO [2017-05-30 18:42:08] $main
INFO [2017-05-30 18:42:08] [1] "DE genes between Great Apes versus Rhesus (0.1% FDR)"
INFO [2017-05-30 18:42:08] 
INFO [2017-05-30 18:42:08] $cex
INFO [2017-05-30 18:42:08] [1] 1.5
INFO [2017-05-30 18:42:08] 
INFO [2017-05-30 18:42:08] $fill
INFO [2017-05-30 18:42:08] pal[1:4]
INFO [2017-05-30 18:42:08] 
INFO [2017-05-30 18:42:08] $lty
INFO [2017-05-30 18:42:08] [1] 1
INFO [2017-05-30 18:42:08] 
INFO [2017-05-30 18:42:08] $height
INFO [2017-05-30 18:42:08] [1] 2000
INFO [2017-05-30 18:42:08] 
INFO [2017-05-30 18:42:08] $width
INFO [2017-05-30 18:42:08] [1] 3000
INFO [2017-05-30 18:42:08] 
