INFO [2017-05-30 18:57:58] [[1]]
INFO [2017-05-30 18:57:58] mylist
INFO [2017-05-30 18:57:58] 
INFO [2017-05-30 18:57:58] $filename
INFO [2017-05-30 18:57:58] NULL
INFO [2017-05-30 18:57:58] 
INFO [2017-05-30 18:57:58] $main
INFO [2017-05-30 18:57:58] [1] "Significant interaction in humans (0.01% FDR)"
INFO [2017-05-30 18:57:58] 
INFO [2017-05-30 18:57:58] $cex
INFO [2017-05-30 18:57:58] [1] 1.5
INFO [2017-05-30 18:57:58] 
INFO [2017-05-30 18:57:58] $fill
INFO [2017-05-30 18:57:58] pal[1:3]
INFO [2017-05-30 18:57:58] 
INFO [2017-05-30 18:57:58] $lty
INFO [2017-05-30 18:57:58] [1] 1
INFO [2017-05-30 18:57:58] 
INFO [2017-05-30 18:57:58] $height
INFO [2017-05-30 18:57:58] [1] 2000
INFO [2017-05-30 18:57:58] 
INFO [2017-05-30 18:57:58] $width
INFO [2017-05-30 18:57:58] [1] 3000
INFO [2017-05-30 18:57:58] 
