INFO [2017-05-30 20:36:18] [[1]]
INFO [2017-05-30 20:36:18] mylist
INFO [2017-05-30 20:36:18] 
INFO [2017-05-30 20:36:18] $filename
INFO [2017-05-30 20:36:18] NULL
INFO [2017-05-30 20:36:18] 
INFO [2017-05-30 20:36:18] $main
INFO [2017-05-30 20:36:18] [1] "Significant interaction in rhesus (0.01% FDR)"
INFO [2017-05-30 20:36:18] 
INFO [2017-05-30 20:36:18] $cex
INFO [2017-05-30 20:36:18] [1] 1.5
INFO [2017-05-30 20:36:18] 
INFO [2017-05-30 20:36:18] $fill
INFO [2017-05-30 20:36:18] pal[1:3]
INFO [2017-05-30 20:36:18] 
INFO [2017-05-30 20:36:18] $lty
INFO [2017-05-30 20:36:18] [1] 1
INFO [2017-05-30 20:36:18] 
INFO [2017-05-30 20:36:18] $height
INFO [2017-05-30 20:36:18] [1] 2000
INFO [2017-05-30 20:36:18] 
INFO [2017-05-30 20:36:18] $width
INFO [2017-05-30 20:36:18] [1] 3000
INFO [2017-05-30 20:36:18] 
INFO [2017-05-30 20:36:18] [[1]]
INFO [2017-05-30 20:36:18] mylist
INFO [2017-05-30 20:36:18] 
INFO [2017-05-30 20:36:18] $filename
INFO [2017-05-30 20:36:18] NULL
INFO [2017-05-30 20:36:18] 
INFO [2017-05-30 20:36:18] $main
INFO [2017-05-30 20:36:18] [1] "DE genes between Great Apes and Rhesus (0.1% FDR)"
INFO [2017-05-30 20:36:18] 
INFO [2017-05-30 20:36:18] $cex
INFO [2017-05-30 20:36:18] [1] 1.5
INFO [2017-05-30 20:36:18] 
INFO [2017-05-30 20:36:18] $fill
INFO [2017-05-30 20:36:18] pal[1:4]
INFO [2017-05-30 20:36:18] 
INFO [2017-05-30 20:36:18] $lty
INFO [2017-05-30 20:36:18] [1] 1
INFO [2017-05-30 20:36:18] 
INFO [2017-05-30 20:36:18] $height
INFO [2017-05-30 20:36:18] [1] 2000
INFO [2017-05-30 20:36:18] 
INFO [2017-05-30 20:36:18] $width
INFO [2017-05-30 20:36:18] [1] 3000
INFO [2017-05-30 20:36:18] 
INFO [2017-05-30 20:36:18] [[1]]
INFO [2017-05-30 20:36:18] mylist
INFO [2017-05-30 20:36:18] 
INFO [2017-05-30 20:36:18] $filename
INFO [2017-05-30 20:36:18] NULL
INFO [2017-05-30 20:36:18] 
INFO [2017-05-30 20:36:18] $main
INFO [2017-05-30 20:36:18] [1] "DE genes between Great Apes and Rhesus (1% FDR)"
INFO [2017-05-30 20:36:18] 
INFO [2017-05-30 20:36:18] $cex
INFO [2017-05-30 20:36:18] [1] 1.5
INFO [2017-05-30 20:36:18] 
INFO [2017-05-30 20:36:18] $fill
INFO [2017-05-30 20:36:18] pal[1:4]
INFO [2017-05-30 20:36:18] 
INFO [2017-05-30 20:36:18] $lty
INFO [2017-05-30 20:36:18] [1] 1
INFO [2017-05-30 20:36:18] 
INFO [2017-05-30 20:36:18] $height
INFO [2017-05-30 20:36:18] [1] 2000
INFO [2017-05-30 20:36:18] 
INFO [2017-05-30 20:36:18] $width
INFO [2017-05-30 20:36:18] [1] 3000
INFO [2017-05-30 20:36:18] 
