INFO [2017-05-30 18:42:26] [[1]]
INFO [2017-05-30 18:42:26] mylist
INFO [2017-05-30 18:42:26] 
INFO [2017-05-30 18:42:26] $filename
INFO [2017-05-30 18:42:26] NULL
INFO [2017-05-30 18:42:26] 
INFO [2017-05-30 18:42:26] $main
INFO [2017-05-30 18:42:26] [1] "DE genes between Great Apes and Rhesus (0.1% FDR)"
INFO [2017-05-30 18:42:26] 
INFO [2017-05-30 18:42:26] $cex
INFO [2017-05-30 18:42:26] [1] 1.5
INFO [2017-05-30 18:42:26] 
INFO [2017-05-30 18:42:26] $fill
INFO [2017-05-30 18:42:26] pal[1:4]
INFO [2017-05-30 18:42:26] 
INFO [2017-05-30 18:42:26] $lty
INFO [2017-05-30 18:42:26] [1] 1
INFO [2017-05-30 18:42:26] 
INFO [2017-05-30 18:42:26] $height
INFO [2017-05-30 18:42:26] [1] 2000
INFO [2017-05-30 18:42:26] 
INFO [2017-05-30 18:42:26] $width
INFO [2017-05-30 18:42:26] [1] 3000
INFO [2017-05-30 18:42:26] 
