INFO [2017-05-30 20:33:23] [[1]]
INFO [2017-05-30 20:33:23] mylist
INFO [2017-05-30 20:33:23] 
INFO [2017-05-30 20:33:23] $filename
INFO [2017-05-30 20:33:23] NULL
INFO [2017-05-30 20:33:23] 
INFO [2017-05-30 20:33:23] $main
INFO [2017-05-30 20:33:23] [1] "DE genes between Great Apes and Rhesus (0.01% FDR)"
INFO [2017-05-30 20:33:23] 
INFO [2017-05-30 20:33:23] $cex
INFO [2017-05-30 20:33:23] [1] 1.5
INFO [2017-05-30 20:33:23] 
INFO [2017-05-30 20:33:23] $fill
INFO [2017-05-30 20:33:23] pal[1:4]
INFO [2017-05-30 20:33:23] 
INFO [2017-05-30 20:33:23] $lty
INFO [2017-05-30 20:33:23] [1] 1
INFO [2017-05-30 20:33:23] 
INFO [2017-05-30 20:33:23] $height
INFO [2017-05-30 20:33:23] [1] 2000
INFO [2017-05-30 20:33:23] 
INFO [2017-05-30 20:33:23] $width
INFO [2017-05-30 20:33:23] [1] 3000
INFO [2017-05-30 20:33:23] 
