INFO [2017-05-30 18:43:28] [[1]]
INFO [2017-05-30 18:43:28] mylist
INFO [2017-05-30 18:43:28] 
INFO [2017-05-30 18:43:28] $filename
INFO [2017-05-30 18:43:28] NULL
INFO [2017-05-30 18:43:28] 
INFO [2017-05-30 18:43:28] $main
INFO [2017-05-30 18:43:28] [1] "DE genes between Great Apes and Rhesus (0.01% FDR)"
INFO [2017-05-30 18:43:28] 
INFO [2017-05-30 18:43:28] $cex
INFO [2017-05-30 18:43:28] [1] 1.5
INFO [2017-05-30 18:43:28] 
INFO [2017-05-30 18:43:28] $fill
INFO [2017-05-30 18:43:28] pal[1:4]
INFO [2017-05-30 18:43:28] 
INFO [2017-05-30 18:43:28] $lty
INFO [2017-05-30 18:43:28] [1] 1
INFO [2017-05-30 18:43:28] 
INFO [2017-05-30 18:43:28] $height
INFO [2017-05-30 18:43:28] [1] 2000
INFO [2017-05-30 18:43:28] 
INFO [2017-05-30 18:43:28] $width
INFO [2017-05-30 18:43:28] [1] 3000
INFO [2017-05-30 18:43:28] 
