INFO [2017-05-30 20:33:24] [[1]]
INFO [2017-05-30 20:33:24] mylist
INFO [2017-05-30 20:33:24] 
INFO [2017-05-30 20:33:24] $filename
INFO [2017-05-30 20:33:24] NULL
INFO [2017-05-30 20:33:24] 
INFO [2017-05-30 20:33:24] $main
INFO [2017-05-30 20:33:24] [1] "Significant interaction in rhesus (0.01% FDR)"
INFO [2017-05-30 20:33:24] 
INFO [2017-05-30 20:33:24] $cex
INFO [2017-05-30 20:33:24] [1] 1.5
INFO [2017-05-30 20:33:24] 
INFO [2017-05-30 20:33:24] $fill
INFO [2017-05-30 20:33:24] pal[1:3]
INFO [2017-05-30 20:33:24] 
INFO [2017-05-30 20:33:24] $lty
INFO [2017-05-30 20:33:24] [1] 1
INFO [2017-05-30 20:33:24] 
INFO [2017-05-30 20:33:24] $height
INFO [2017-05-30 20:33:24] [1] 2000
INFO [2017-05-30 20:33:24] 
INFO [2017-05-30 20:33:24] $width
INFO [2017-05-30 20:33:24] [1] 3000
INFO [2017-05-30 20:33:24] 
INFO [2017-05-30 20:33:24] [[1]]
INFO [2017-05-30 20:33:24] mylist
INFO [2017-05-30 20:33:24] 
INFO [2017-05-30 20:33:24] $filename
INFO [2017-05-30 20:33:24] NULL
INFO [2017-05-30 20:33:24] 
INFO [2017-05-30 20:33:24] $main
INFO [2017-05-30 20:33:24] [1] "DE genes between Great Apes and Rhesus (0.1% FDR)"
INFO [2017-05-30 20:33:24] 
INFO [2017-05-30 20:33:24] $cex
INFO [2017-05-30 20:33:24] [1] 1.5
INFO [2017-05-30 20:33:24] 
INFO [2017-05-30 20:33:24] $fill
INFO [2017-05-30 20:33:24] pal[1:4]
INFO [2017-05-30 20:33:24] 
INFO [2017-05-30 20:33:24] $lty
INFO [2017-05-30 20:33:24] [1] 1
INFO [2017-05-30 20:33:24] 
INFO [2017-05-30 20:33:24] $height
INFO [2017-05-30 20:33:24] [1] 2000
INFO [2017-05-30 20:33:24] 
INFO [2017-05-30 20:33:24] $width
INFO [2017-05-30 20:33:24] [1] 3000
INFO [2017-05-30 20:33:24] 
INFO [2017-05-30 20:33:24] [[1]]
INFO [2017-05-30 20:33:24] mylist
INFO [2017-05-30 20:33:24] 
INFO [2017-05-30 20:33:24] $filename
INFO [2017-05-30 20:33:24] NULL
INFO [2017-05-30 20:33:24] 
INFO [2017-05-30 20:33:24] $main
INFO [2017-05-30 20:33:24] [1] "DE genes between Great Apes and Rhesus (1% FDR)"
INFO [2017-05-30 20:33:24] 
INFO [2017-05-30 20:33:24] $cex
INFO [2017-05-30 20:33:24] [1] 1.5
INFO [2017-05-30 20:33:24] 
INFO [2017-05-30 20:33:24] $fill
INFO [2017-05-30 20:33:24] pal[1:4]
INFO [2017-05-30 20:33:24] 
INFO [2017-05-30 20:33:24] $lty
INFO [2017-05-30 20:33:24] [1] 1
INFO [2017-05-30 20:33:24] 
INFO [2017-05-30 20:33:24] $height
INFO [2017-05-30 20:33:24] [1] 2000
INFO [2017-05-30 20:33:24] 
INFO [2017-05-30 20:33:24] $width
INFO [2017-05-30 20:33:24] [1] 3000
INFO [2017-05-30 20:33:24] 
