INFO [2017-05-30 18:05:39] [[1]]
INFO [2017-05-30 18:05:39] mylist
INFO [2017-05-30 18:05:39] 
INFO [2017-05-30 18:05:39] $filename
INFO [2017-05-30 18:05:39] NULL
INFO [2017-05-30 18:05:39] 
INFO [2017-05-30 18:05:39] $main
INFO [2017-05-30 18:05:39] [1] "DE genes in liver (5% FDR)"
INFO [2017-05-30 18:05:39] 
INFO [2017-05-30 18:05:39] $cex
INFO [2017-05-30 18:05:39] [1] 1.5
INFO [2017-05-30 18:05:39] 
INFO [2017-05-30 18:05:39] $fill
INFO [2017-05-30 18:05:39] pal[1:3]
INFO [2017-05-30 18:05:39] 
INFO [2017-05-30 18:05:39] $lty
INFO [2017-05-30 18:05:39] [1] 1
INFO [2017-05-30 18:05:39] 
INFO [2017-05-30 18:05:39] $height
INFO [2017-05-30 18:05:39] [1] 2000
INFO [2017-05-30 18:05:39] 
INFO [2017-05-30 18:05:39] $width
INFO [2017-05-30 18:05:39] [1] 3000
INFO [2017-05-30 18:05:39] 
