INFO [2016-08-04 02:22:25] [[1]]
INFO [2016-08-04 02:22:25] mylist
INFO [2016-08-04 02:22:25] 
INFO [2016-08-04 02:22:25] $filename
INFO [2016-08-04 02:22:25] paste(Tissues[i], "specific DE genes.png", sep = " ")
INFO [2016-08-04 02:22:25] 
INFO [2016-08-04 02:22:25] $imagetype
INFO [2016-08-04 02:22:25] [1] "png"
INFO [2016-08-04 02:22:25] 
INFO [2016-08-04 02:22:25] $main
INFO [2016-08-04 02:22:25] title
INFO [2016-08-04 02:22:25] 
INFO [2016-08-04 02:22:25] $cex
INFO [2016-08-04 02:22:25] [1] 1.5
INFO [2016-08-04 02:22:25] 
INFO [2016-08-04 02:22:25] $fill
INFO [2016-08-04 02:22:25] pal[1:3]
INFO [2016-08-04 02:22:25] 
INFO [2016-08-04 02:22:25] $lty
INFO [2016-08-04 02:22:25] [1] 1
INFO [2016-08-04 02:22:25] 
INFO [2016-08-04 02:22:25] $height
INFO [2016-08-04 02:22:25] [1] 2000
INFO [2016-08-04 02:22:25] 
INFO [2016-08-04 02:22:25] $width
INFO [2016-08-04 02:22:25] [1] 2000
INFO [2016-08-04 02:22:25] 
