INFO [2016-08-04 02:23:47] [[1]]
INFO [2016-08-04 02:23:47] mylist
INFO [2016-08-04 02:23:47] 
INFO [2016-08-04 02:23:47] $filename
INFO [2016-08-04 02:23:47] paste(Tissues[i], "specific DE genes (with RIN).png", sep = " ")
INFO [2016-08-04 02:23:47] 
INFO [2016-08-04 02:23:47] $imagetype
INFO [2016-08-04 02:23:47] [1] "png"
INFO [2016-08-04 02:23:47] 
INFO [2016-08-04 02:23:47] $main
INFO [2016-08-04 02:23:47] title
INFO [2016-08-04 02:23:47] 
INFO [2016-08-04 02:23:47] $cex
INFO [2016-08-04 02:23:47] [1] 1.5
INFO [2016-08-04 02:23:47] 
INFO [2016-08-04 02:23:47] $fill
INFO [2016-08-04 02:23:47] pal[1:3]
INFO [2016-08-04 02:23:47] 
INFO [2016-08-04 02:23:47] $lty
INFO [2016-08-04 02:23:47] [1] 1
INFO [2016-08-04 02:23:47] 
INFO [2016-08-04 02:23:47] $height
INFO [2016-08-04 02:23:47] [1] 2000
INFO [2016-08-04 02:23:47] 
INFO [2016-08-04 02:23:47] $width
INFO [2016-08-04 02:23:47] [1] 2000
INFO [2016-08-04 02:23:47] 
