INFO [2016-08-04 02:25:32] [[1]]
INFO [2016-08-04 02:25:32] mylist
INFO [2016-08-04 02:25:32] 
INFO [2016-08-04 02:25:32] $filename
INFO [2016-08-04 02:25:32] paste(Tissues[i], "specific DE genes (with RIN).png", sep = " ")
INFO [2016-08-04 02:25:32] 
INFO [2016-08-04 02:25:32] $imagetype
INFO [2016-08-04 02:25:32] [1] "png"
INFO [2016-08-04 02:25:32] 
INFO [2016-08-04 02:25:32] $main
INFO [2016-08-04 02:25:32] title
INFO [2016-08-04 02:25:32] 
INFO [2016-08-04 02:25:32] $cex
INFO [2016-08-04 02:25:32] [1] 1.5
INFO [2016-08-04 02:25:32] 
INFO [2016-08-04 02:25:32] $fill
INFO [2016-08-04 02:25:32] pal[1:3]
INFO [2016-08-04 02:25:32] 
INFO [2016-08-04 02:25:32] $lty
INFO [2016-08-04 02:25:32] [1] 1
INFO [2016-08-04 02:25:32] 
INFO [2016-08-04 02:25:32] $height
INFO [2016-08-04 02:25:32] [1] 2000
INFO [2016-08-04 02:25:32] 
INFO [2016-08-04 02:25:32] $width
INFO [2016-08-04 02:25:32] [1] 2000
INFO [2016-08-04 02:25:32] 
