INFO [2016-08-03 23:33:56] [[1]]
INFO [2016-08-03 23:33:56] mylist
INFO [2016-08-03 23:33:56] 
INFO [2016-08-03 23:33:56] $filename
INFO [2016-08-03 23:33:56] paste(Tissues[i], "specific DE genes.png", sep = " ")
INFO [2016-08-03 23:33:56] 
INFO [2016-08-03 23:33:56] $imagetype
INFO [2016-08-03 23:33:56] [1] "png"
INFO [2016-08-03 23:33:56] 
INFO [2016-08-03 23:33:56] $main
INFO [2016-08-03 23:33:56] title
INFO [2016-08-03 23:33:56] 
INFO [2016-08-03 23:33:56] $cex
INFO [2016-08-03 23:33:56] [1] 1.5
INFO [2016-08-03 23:33:56] 
INFO [2016-08-03 23:33:56] $fill
INFO [2016-08-03 23:33:56] pal[1:3]
INFO [2016-08-03 23:33:56] 
INFO [2016-08-03 23:33:56] $lty
INFO [2016-08-03 23:33:56] [1] 1
INFO [2016-08-03 23:33:56] 
INFO [2016-08-03 23:33:56] $height
INFO [2016-08-03 23:33:56] [1] 2000
INFO [2016-08-03 23:33:56] 
INFO [2016-08-03 23:33:56] $width
INFO [2016-08-03 23:33:56] [1] 2000
INFO [2016-08-03 23:33:56] 
