INFO [2016-08-11 17:19:54] [[1]]
INFO [2016-08-11 17:19:54] mylist
INFO [2016-08-11 17:19:54] 
INFO [2016-08-11 17:19:54] $filename
INFO [2016-08-11 17:19:54] paste(Tissues[i], "specific DE genes.png", sep = " ")
INFO [2016-08-11 17:19:54] 
INFO [2016-08-11 17:19:54] $imagetype
INFO [2016-08-11 17:19:54] [1] "png"
INFO [2016-08-11 17:19:54] 
INFO [2016-08-11 17:19:54] $main
INFO [2016-08-11 17:19:54] title
INFO [2016-08-11 17:19:54] 
INFO [2016-08-11 17:19:54] $cex
INFO [2016-08-11 17:19:54] [1] 1.5
INFO [2016-08-11 17:19:54] 
INFO [2016-08-11 17:19:54] $fill
INFO [2016-08-11 17:19:54] pal[1:3]
INFO [2016-08-11 17:19:54] 
INFO [2016-08-11 17:19:54] $lty
INFO [2016-08-11 17:19:54] [1] 1
INFO [2016-08-11 17:19:54] 
INFO [2016-08-11 17:19:54] $height
INFO [2016-08-11 17:19:54] [1] 2000
INFO [2016-08-11 17:19:54] 
INFO [2016-08-11 17:19:54] $width
INFO [2016-08-11 17:19:54] [1] 2000
INFO [2016-08-11 17:19:54] 
