INFO [2016-08-09 15:01:18] [[1]]
INFO [2016-08-09 15:01:18] mylist
INFO [2016-08-09 15:01:18] 
INFO [2016-08-09 15:01:18] $filename
INFO [2016-08-09 15:01:18] paste(Tissues[i], "specific DE genes.png", sep = " ")
INFO [2016-08-09 15:01:18] 
INFO [2016-08-09 15:01:18] $imagetype
INFO [2016-08-09 15:01:18] [1] "png"
INFO [2016-08-09 15:01:18] 
INFO [2016-08-09 15:01:18] $main
INFO [2016-08-09 15:01:18] title
INFO [2016-08-09 15:01:18] 
INFO [2016-08-09 15:01:18] $cex
INFO [2016-08-09 15:01:18] [1] 1.5
INFO [2016-08-09 15:01:18] 
INFO [2016-08-09 15:01:18] $fill
INFO [2016-08-09 15:01:18] pal[1:3]
INFO [2016-08-09 15:01:18] 
INFO [2016-08-09 15:01:18] $lty
INFO [2016-08-09 15:01:18] [1] 1
INFO [2016-08-09 15:01:18] 
INFO [2016-08-09 15:01:18] $height
INFO [2016-08-09 15:01:18] [1] 2000
INFO [2016-08-09 15:01:18] 
INFO [2016-08-09 15:01:18] $width
INFO [2016-08-09 15:01:18] [1] 2000
INFO [2016-08-09 15:01:18] 
