INFO [2016-08-04 02:21:11] [[1]]
INFO [2016-08-04 02:21:11] mylist
INFO [2016-08-04 02:21:11] 
INFO [2016-08-04 02:21:11] $filename
INFO [2016-08-04 02:21:11] paste(Tissues[i], "specific DE genes (with RIN).png", sep = " ")
INFO [2016-08-04 02:21:11] 
INFO [2016-08-04 02:21:11] $imagetype
INFO [2016-08-04 02:21:11] [1] "png"
INFO [2016-08-04 02:21:11] 
INFO [2016-08-04 02:21:11] $main
INFO [2016-08-04 02:21:11] title
INFO [2016-08-04 02:21:11] 
INFO [2016-08-04 02:21:11] $cex
INFO [2016-08-04 02:21:11] [1] 1.5
INFO [2016-08-04 02:21:11] 
INFO [2016-08-04 02:21:11] $fill
INFO [2016-08-04 02:21:11] pal[1:3]
INFO [2016-08-04 02:21:11] 
INFO [2016-08-04 02:21:11] $lty
INFO [2016-08-04 02:21:11] [1] 1
INFO [2016-08-04 02:21:11] 
INFO [2016-08-04 02:21:11] $height
INFO [2016-08-04 02:21:11] [1] 2000
INFO [2016-08-04 02:21:11] 
INFO [2016-08-04 02:21:11] $width
INFO [2016-08-04 02:21:11] [1] 2000
INFO [2016-08-04 02:21:11] 
