INFO [2016-08-09 15:01:38] [[1]]
INFO [2016-08-09 15:01:38] mylist
INFO [2016-08-09 15:01:38] 
INFO [2016-08-09 15:01:38] $filename
INFO [2016-08-09 15:01:38] paste(Tissues[i], "specific DE genes (with RIN).png", sep = " ")
INFO [2016-08-09 15:01:38] 
INFO [2016-08-09 15:01:38] $imagetype
INFO [2016-08-09 15:01:38] [1] "png"
INFO [2016-08-09 15:01:38] 
INFO [2016-08-09 15:01:38] $main
INFO [2016-08-09 15:01:38] title
INFO [2016-08-09 15:01:38] 
INFO [2016-08-09 15:01:38] $cex
INFO [2016-08-09 15:01:38] [1] 1.5
INFO [2016-08-09 15:01:38] 
INFO [2016-08-09 15:01:38] $fill
INFO [2016-08-09 15:01:38] pal[1:3]
INFO [2016-08-09 15:01:38] 
INFO [2016-08-09 15:01:38] $lty
INFO [2016-08-09 15:01:38] [1] 1
INFO [2016-08-09 15:01:38] 
INFO [2016-08-09 15:01:38] $height
INFO [2016-08-09 15:01:38] [1] 2000
INFO [2016-08-09 15:01:38] 
INFO [2016-08-09 15:01:38] $width
INFO [2016-08-09 15:01:38] [1] 2000
INFO [2016-08-09 15:01:38] 
