INFO [2016-08-04 02:21:06] [[1]]
INFO [2016-08-04 02:21:06] mylist
INFO [2016-08-04 02:21:06] 
INFO [2016-08-04 02:21:06] $filename
INFO [2016-08-04 02:21:06] paste(Tissues[i], "specific DE genes.png", sep = " ")
INFO [2016-08-04 02:21:06] 
INFO [2016-08-04 02:21:06] $imagetype
INFO [2016-08-04 02:21:06] [1] "png"
INFO [2016-08-04 02:21:06] 
INFO [2016-08-04 02:21:06] $main
INFO [2016-08-04 02:21:06] title
INFO [2016-08-04 02:21:06] 
INFO [2016-08-04 02:21:06] $cex
INFO [2016-08-04 02:21:06] [1] 1.5
INFO [2016-08-04 02:21:06] 
INFO [2016-08-04 02:21:06] $fill
INFO [2016-08-04 02:21:06] pal[1:3]
INFO [2016-08-04 02:21:06] 
INFO [2016-08-04 02:21:06] $lty
INFO [2016-08-04 02:21:06] [1] 1
INFO [2016-08-04 02:21:06] 
INFO [2016-08-04 02:21:06] $height
INFO [2016-08-04 02:21:06] [1] 2000
INFO [2016-08-04 02:21:06] 
INFO [2016-08-04 02:21:06] $width
INFO [2016-08-04 02:21:06] [1] 2000
INFO [2016-08-04 02:21:06] 
