INFO [2016-08-04 02:22:31] [[1]]
INFO [2016-08-04 02:22:31] mylist
INFO [2016-08-04 02:22:31] 
INFO [2016-08-04 02:22:31] $filename
INFO [2016-08-04 02:22:31] paste(Tissues[i], "specific DE genes (with RIN).png", sep = " ")
INFO [2016-08-04 02:22:31] 
INFO [2016-08-04 02:22:31] $imagetype
INFO [2016-08-04 02:22:31] [1] "png"
INFO [2016-08-04 02:22:31] 
INFO [2016-08-04 02:22:31] $main
INFO [2016-08-04 02:22:31] title
INFO [2016-08-04 02:22:31] 
INFO [2016-08-04 02:22:31] $cex
INFO [2016-08-04 02:22:31] [1] 1.5
INFO [2016-08-04 02:22:31] 
INFO [2016-08-04 02:22:31] $fill
INFO [2016-08-04 02:22:31] pal[1:3]
INFO [2016-08-04 02:22:31] 
INFO [2016-08-04 02:22:31] $lty
INFO [2016-08-04 02:22:31] [1] 1
INFO [2016-08-04 02:22:31] 
INFO [2016-08-04 02:22:31] $height
INFO [2016-08-04 02:22:31] [1] 2000
INFO [2016-08-04 02:22:31] 
INFO [2016-08-04 02:22:31] $width
INFO [2016-08-04 02:22:31] [1] 2000
INFO [2016-08-04 02:22:31] 
