INFO [2016-08-04 02:26:41] [[1]]
INFO [2016-08-04 02:26:41] mylist
INFO [2016-08-04 02:26:41] 
INFO [2016-08-04 02:26:41] $filename
INFO [2016-08-04 02:26:41] paste(Tissues[i], "specific DE genes.png", sep = " ")
INFO [2016-08-04 02:26:41] 
INFO [2016-08-04 02:26:41] $imagetype
INFO [2016-08-04 02:26:41] [1] "png"
INFO [2016-08-04 02:26:41] 
INFO [2016-08-04 02:26:41] $main
INFO [2016-08-04 02:26:41] title
INFO [2016-08-04 02:26:41] 
INFO [2016-08-04 02:26:41] $cex
INFO [2016-08-04 02:26:41] [1] 1.5
INFO [2016-08-04 02:26:41] 
INFO [2016-08-04 02:26:41] $fill
INFO [2016-08-04 02:26:41] pal[1:3]
INFO [2016-08-04 02:26:41] 
INFO [2016-08-04 02:26:41] $lty
INFO [2016-08-04 02:26:41] [1] 1
INFO [2016-08-04 02:26:41] 
INFO [2016-08-04 02:26:41] $height
INFO [2016-08-04 02:26:41] [1] 2000
INFO [2016-08-04 02:26:41] 
INFO [2016-08-04 02:26:41] $width
INFO [2016-08-04 02:26:41] [1] 2000
INFO [2016-08-04 02:26:41] 
