INFO [2016-08-04 02:15:02] [[1]]
INFO [2016-08-04 02:15:02] mylist
INFO [2016-08-04 02:15:02] 
INFO [2016-08-04 02:15:02] $filename
INFO [2016-08-04 02:15:02] paste(Tissues[i], "specific DE genes.png", sep = " ")
INFO [2016-08-04 02:15:02] 
INFO [2016-08-04 02:15:02] $imagetype
INFO [2016-08-04 02:15:02] [1] "png"
INFO [2016-08-04 02:15:02] 
INFO [2016-08-04 02:15:02] $main
INFO [2016-08-04 02:15:02] title
INFO [2016-08-04 02:15:02] 
INFO [2016-08-04 02:15:02] $cex
INFO [2016-08-04 02:15:02] [1] 1.5
INFO [2016-08-04 02:15:02] 
INFO [2016-08-04 02:15:02] $fill
INFO [2016-08-04 02:15:02] pal[1:3]
INFO [2016-08-04 02:15:02] 
INFO [2016-08-04 02:15:02] $lty
INFO [2016-08-04 02:15:02] [1] 1
INFO [2016-08-04 02:15:02] 
INFO [2016-08-04 02:15:02] $height
INFO [2016-08-04 02:15:02] [1] 2000
INFO [2016-08-04 02:15:02] 
INFO [2016-08-04 02:15:02] $width
INFO [2016-08-04 02:15:02] [1] 2000
INFO [2016-08-04 02:15:02] 
