INFO [2016-08-04 02:23:48] [[1]]
INFO [2016-08-04 02:23:48] mylist
INFO [2016-08-04 02:23:48] 
INFO [2016-08-04 02:23:48] $filename
INFO [2016-08-04 02:23:48] paste(Tissues[i], "specific DE genes (with RIN).png", sep = " ")
INFO [2016-08-04 02:23:48] 
INFO [2016-08-04 02:23:48] $imagetype
INFO [2016-08-04 02:23:48] [1] "png"
INFO [2016-08-04 02:23:48] 
INFO [2016-08-04 02:23:48] $main
INFO [2016-08-04 02:23:48] title
INFO [2016-08-04 02:23:48] 
INFO [2016-08-04 02:23:48] $cex
INFO [2016-08-04 02:23:48] [1] 1.5
INFO [2016-08-04 02:23:48] 
INFO [2016-08-04 02:23:48] $fill
INFO [2016-08-04 02:23:48] pal[1:3]
INFO [2016-08-04 02:23:48] 
INFO [2016-08-04 02:23:48] $lty
INFO [2016-08-04 02:23:48] [1] 1
INFO [2016-08-04 02:23:48] 
INFO [2016-08-04 02:23:48] $height
INFO [2016-08-04 02:23:48] [1] 2000
INFO [2016-08-04 02:23:48] 
INFO [2016-08-04 02:23:48] $width
INFO [2016-08-04 02:23:48] [1] 2000
INFO [2016-08-04 02:23:48] 
