INFO [2016-08-04 02:22:26] [[1]]
INFO [2016-08-04 02:22:26] mylist
INFO [2016-08-04 02:22:26] 
INFO [2016-08-04 02:22:26] $filename
INFO [2016-08-04 02:22:26] paste(Tissues[i], "specific DE genes.png", sep = " ")
INFO [2016-08-04 02:22:26] 
INFO [2016-08-04 02:22:26] $imagetype
INFO [2016-08-04 02:22:26] [1] "png"
INFO [2016-08-04 02:22:26] 
INFO [2016-08-04 02:22:26] $main
INFO [2016-08-04 02:22:26] title
INFO [2016-08-04 02:22:26] 
INFO [2016-08-04 02:22:26] $cex
INFO [2016-08-04 02:22:26] [1] 1.5
INFO [2016-08-04 02:22:26] 
INFO [2016-08-04 02:22:26] $fill
INFO [2016-08-04 02:22:26] pal[1:3]
INFO [2016-08-04 02:22:26] 
INFO [2016-08-04 02:22:26] $lty
INFO [2016-08-04 02:22:26] [1] 1
INFO [2016-08-04 02:22:26] 
INFO [2016-08-04 02:22:26] $height
INFO [2016-08-04 02:22:26] [1] 2000
INFO [2016-08-04 02:22:26] 
INFO [2016-08-04 02:22:26] $width
INFO [2016-08-04 02:22:26] [1] 2000
INFO [2016-08-04 02:22:26] 
