INFO [2016-08-04 02:21:12] [[1]]
INFO [2016-08-04 02:21:12] mylist
INFO [2016-08-04 02:21:12] 
INFO [2016-08-04 02:21:12] $filename
INFO [2016-08-04 02:21:12] paste(Tissues[i], "specific DE genes (with RIN).png", sep = " ")
INFO [2016-08-04 02:21:12] 
INFO [2016-08-04 02:21:12] $imagetype
INFO [2016-08-04 02:21:12] [1] "png"
INFO [2016-08-04 02:21:12] 
INFO [2016-08-04 02:21:12] $main
INFO [2016-08-04 02:21:12] title
INFO [2016-08-04 02:21:12] 
INFO [2016-08-04 02:21:12] $cex
INFO [2016-08-04 02:21:12] [1] 1.5
INFO [2016-08-04 02:21:12] 
INFO [2016-08-04 02:21:12] $fill
INFO [2016-08-04 02:21:12] pal[1:3]
INFO [2016-08-04 02:21:12] 
INFO [2016-08-04 02:21:12] $lty
INFO [2016-08-04 02:21:12] [1] 1
INFO [2016-08-04 02:21:12] 
INFO [2016-08-04 02:21:12] $height
INFO [2016-08-04 02:21:12] [1] 2000
INFO [2016-08-04 02:21:12] 
INFO [2016-08-04 02:21:12] $width
INFO [2016-08-04 02:21:12] [1] 2000
INFO [2016-08-04 02:21:12] 
