INFO [2016-08-04 02:25:33] [[1]]
INFO [2016-08-04 02:25:33] mylist
INFO [2016-08-04 02:25:33] 
INFO [2016-08-04 02:25:33] $filename
INFO [2016-08-04 02:25:33] paste(Tissues[i], "specific DE genes (with RIN).png", sep = " ")
INFO [2016-08-04 02:25:33] 
INFO [2016-08-04 02:25:33] $imagetype
INFO [2016-08-04 02:25:33] [1] "png"
INFO [2016-08-04 02:25:33] 
INFO [2016-08-04 02:25:33] $main
INFO [2016-08-04 02:25:33] title
INFO [2016-08-04 02:25:33] 
INFO [2016-08-04 02:25:33] $cex
INFO [2016-08-04 02:25:33] [1] 1.5
INFO [2016-08-04 02:25:33] 
INFO [2016-08-04 02:25:33] $fill
INFO [2016-08-04 02:25:33] pal[1:3]
INFO [2016-08-04 02:25:33] 
INFO [2016-08-04 02:25:33] $lty
INFO [2016-08-04 02:25:33] [1] 1
INFO [2016-08-04 02:25:33] 
INFO [2016-08-04 02:25:33] $height
INFO [2016-08-04 02:25:33] [1] 2000
INFO [2016-08-04 02:25:33] 
INFO [2016-08-04 02:25:33] $width
INFO [2016-08-04 02:25:33] [1] 2000
INFO [2016-08-04 02:25:33] 
