INFO [2016-08-09 15:01:20] [[1]]
INFO [2016-08-09 15:01:20] mylist
INFO [2016-08-09 15:01:20] 
INFO [2016-08-09 15:01:20] $filename
INFO [2016-08-09 15:01:20] paste(Tissues[i], "specific DE genes.png", sep = " ")
INFO [2016-08-09 15:01:20] 
INFO [2016-08-09 15:01:20] $imagetype
INFO [2016-08-09 15:01:20] [1] "png"
INFO [2016-08-09 15:01:20] 
INFO [2016-08-09 15:01:20] $main
INFO [2016-08-09 15:01:20] title
INFO [2016-08-09 15:01:20] 
INFO [2016-08-09 15:01:20] $cex
INFO [2016-08-09 15:01:20] [1] 1.5
INFO [2016-08-09 15:01:20] 
INFO [2016-08-09 15:01:20] $fill
INFO [2016-08-09 15:01:20] pal[1:3]
INFO [2016-08-09 15:01:20] 
INFO [2016-08-09 15:01:20] $lty
INFO [2016-08-09 15:01:20] [1] 1
INFO [2016-08-09 15:01:20] 
INFO [2016-08-09 15:01:20] $height
INFO [2016-08-09 15:01:20] [1] 2000
INFO [2016-08-09 15:01:20] 
INFO [2016-08-09 15:01:20] $width
INFO [2016-08-09 15:01:20] [1] 2000
INFO [2016-08-09 15:01:20] 
