INFO [2016-08-11 17:19:55] [[1]]
INFO [2016-08-11 17:19:55] mylist
INFO [2016-08-11 17:19:55] 
INFO [2016-08-11 17:19:55] $filename
INFO [2016-08-11 17:19:55] paste(Tissues[i], "specific DE genes.png", sep = " ")
INFO [2016-08-11 17:19:55] 
INFO [2016-08-11 17:19:55] $imagetype
INFO [2016-08-11 17:19:55] [1] "png"
INFO [2016-08-11 17:19:55] 
INFO [2016-08-11 17:19:55] $main
INFO [2016-08-11 17:19:55] title
INFO [2016-08-11 17:19:55] 
INFO [2016-08-11 17:19:55] $cex
INFO [2016-08-11 17:19:55] [1] 1.5
INFO [2016-08-11 17:19:55] 
INFO [2016-08-11 17:19:55] $fill
INFO [2016-08-11 17:19:55] pal[1:3]
INFO [2016-08-11 17:19:55] 
INFO [2016-08-11 17:19:55] $lty
INFO [2016-08-11 17:19:55] [1] 1
INFO [2016-08-11 17:19:55] 
INFO [2016-08-11 17:19:55] $height
INFO [2016-08-11 17:19:55] [1] 2000
INFO [2016-08-11 17:19:55] 
INFO [2016-08-11 17:19:55] $width
INFO [2016-08-11 17:19:55] [1] 2000
INFO [2016-08-11 17:19:55] 
