INFO [2016-08-04 02:26:42] [[1]]
INFO [2016-08-04 02:26:42] mylist
INFO [2016-08-04 02:26:42] 
INFO [2016-08-04 02:26:42] $filename
INFO [2016-08-04 02:26:42] paste(Tissues[i], "specific DE genes.png", sep = " ")
INFO [2016-08-04 02:26:42] 
INFO [2016-08-04 02:26:42] $imagetype
INFO [2016-08-04 02:26:42] [1] "png"
INFO [2016-08-04 02:26:42] 
INFO [2016-08-04 02:26:42] $main
INFO [2016-08-04 02:26:42] title
INFO [2016-08-04 02:26:42] 
INFO [2016-08-04 02:26:42] $cex
INFO [2016-08-04 02:26:42] [1] 1.5
INFO [2016-08-04 02:26:42] 
INFO [2016-08-04 02:26:42] $fill
INFO [2016-08-04 02:26:42] pal[1:3]
INFO [2016-08-04 02:26:42] 
INFO [2016-08-04 02:26:42] $lty
INFO [2016-08-04 02:26:42] [1] 1
INFO [2016-08-04 02:26:42] 
INFO [2016-08-04 02:26:42] $height
INFO [2016-08-04 02:26:42] [1] 2000
INFO [2016-08-04 02:26:42] 
INFO [2016-08-04 02:26:42] $width
INFO [2016-08-04 02:26:42] [1] 2000
INFO [2016-08-04 02:26:42] 
