INFO [2016-08-04 02:23:43] [[1]]
INFO [2016-08-04 02:23:43] mylist
INFO [2016-08-04 02:23:43] 
INFO [2016-08-04 02:23:43] $filename
INFO [2016-08-04 02:23:43] paste(Tissues[i], "specific DE genes.png", sep = " ")
INFO [2016-08-04 02:23:43] 
INFO [2016-08-04 02:23:43] $imagetype
INFO [2016-08-04 02:23:43] [1] "png"
INFO [2016-08-04 02:23:43] 
INFO [2016-08-04 02:23:43] $main
INFO [2016-08-04 02:23:43] title
INFO [2016-08-04 02:23:43] 
INFO [2016-08-04 02:23:43] $cex
INFO [2016-08-04 02:23:43] [1] 1.5
INFO [2016-08-04 02:23:43] 
INFO [2016-08-04 02:23:43] $fill
INFO [2016-08-04 02:23:43] pal[1:3]
INFO [2016-08-04 02:23:43] 
INFO [2016-08-04 02:23:43] $lty
INFO [2016-08-04 02:23:43] [1] 1
INFO [2016-08-04 02:23:43] 
INFO [2016-08-04 02:23:43] $height
INFO [2016-08-04 02:23:43] [1] 2000
INFO [2016-08-04 02:23:43] 
INFO [2016-08-04 02:23:43] $width
INFO [2016-08-04 02:23:43] [1] 2000
INFO [2016-08-04 02:23:43] 
