INFO [2016-08-04 02:16:57] [[1]]
INFO [2016-08-04 02:16:57] mylist
INFO [2016-08-04 02:16:57] 
INFO [2016-08-04 02:16:57] $filename
INFO [2016-08-04 02:16:57] paste(Tissues[i], "specific DE genes.png", sep = " ")
INFO [2016-08-04 02:16:57] 
INFO [2016-08-04 02:16:57] $imagetype
INFO [2016-08-04 02:16:57] [1] "png"
INFO [2016-08-04 02:16:57] 
INFO [2016-08-04 02:16:57] $main
INFO [2016-08-04 02:16:57] title
INFO [2016-08-04 02:16:57] 
INFO [2016-08-04 02:16:57] $cex
INFO [2016-08-04 02:16:57] [1] 1.5
INFO [2016-08-04 02:16:57] 
INFO [2016-08-04 02:16:57] $fill
INFO [2016-08-04 02:16:57] pal[1:3]
INFO [2016-08-04 02:16:57] 
INFO [2016-08-04 02:16:57] $lty
INFO [2016-08-04 02:16:57] [1] 1
INFO [2016-08-04 02:16:57] 
INFO [2016-08-04 02:16:57] $height
INFO [2016-08-04 02:16:57] [1] 2000
INFO [2016-08-04 02:16:57] 
INFO [2016-08-04 02:16:57] $width
INFO [2016-08-04 02:16:57] [1] 2000
INFO [2016-08-04 02:16:57] 
