INFO [2016-08-04 02:23:49] [[1]]
INFO [2016-08-04 02:23:49] mylist
INFO [2016-08-04 02:23:49] 
INFO [2016-08-04 02:23:49] $filename
INFO [2016-08-04 02:23:49] paste(Tissues[i], "specific DE genes (with RIN).png", sep = " ")
INFO [2016-08-04 02:23:49] 
INFO [2016-08-04 02:23:49] $imagetype
INFO [2016-08-04 02:23:49] [1] "png"
INFO [2016-08-04 02:23:49] 
INFO [2016-08-04 02:23:49] $main
INFO [2016-08-04 02:23:49] title
INFO [2016-08-04 02:23:49] 
INFO [2016-08-04 02:23:49] $cex
INFO [2016-08-04 02:23:49] [1] 1.5
INFO [2016-08-04 02:23:49] 
INFO [2016-08-04 02:23:49] $fill
INFO [2016-08-04 02:23:49] pal[1:3]
INFO [2016-08-04 02:23:49] 
INFO [2016-08-04 02:23:49] $lty
INFO [2016-08-04 02:23:49] [1] 1
INFO [2016-08-04 02:23:49] 
INFO [2016-08-04 02:23:49] $height
INFO [2016-08-04 02:23:49] [1] 2000
INFO [2016-08-04 02:23:49] 
INFO [2016-08-04 02:23:49] $width
INFO [2016-08-04 02:23:49] [1] 2000
INFO [2016-08-04 02:23:49] 
