INFO [2016-08-04 02:21:07] [[1]]
INFO [2016-08-04 02:21:07] mylist
INFO [2016-08-04 02:21:07] 
INFO [2016-08-04 02:21:07] $filename
INFO [2016-08-04 02:21:07] paste(Tissues[i], "specific DE genes.png", sep = " ")
INFO [2016-08-04 02:21:07] 
INFO [2016-08-04 02:21:07] $imagetype
INFO [2016-08-04 02:21:07] [1] "png"
INFO [2016-08-04 02:21:07] 
INFO [2016-08-04 02:21:07] $main
INFO [2016-08-04 02:21:07] title
INFO [2016-08-04 02:21:07] 
INFO [2016-08-04 02:21:07] $cex
INFO [2016-08-04 02:21:07] [1] 1.5
INFO [2016-08-04 02:21:07] 
INFO [2016-08-04 02:21:07] $fill
INFO [2016-08-04 02:21:07] pal[1:3]
INFO [2016-08-04 02:21:07] 
INFO [2016-08-04 02:21:07] $lty
INFO [2016-08-04 02:21:07] [1] 1
INFO [2016-08-04 02:21:07] 
INFO [2016-08-04 02:21:07] $height
INFO [2016-08-04 02:21:07] [1] 2000
INFO [2016-08-04 02:21:07] 
INFO [2016-08-04 02:21:07] $width
INFO [2016-08-04 02:21:07] [1] 2000
INFO [2016-08-04 02:21:07] 
