INFO [2016-08-04 02:27:00] [[1]]
INFO [2016-08-04 02:27:00] mylist
INFO [2016-08-04 02:27:00] 
INFO [2016-08-04 02:27:00] $filename
INFO [2016-08-04 02:27:00] paste(Tissues[i], "specific DE genes (with RIN).png", sep = " ")
INFO [2016-08-04 02:27:00] 
INFO [2016-08-04 02:27:00] $imagetype
INFO [2016-08-04 02:27:00] [1] "png"
INFO [2016-08-04 02:27:00] 
INFO [2016-08-04 02:27:00] $main
INFO [2016-08-04 02:27:00] title
INFO [2016-08-04 02:27:00] 
INFO [2016-08-04 02:27:00] $cex
INFO [2016-08-04 02:27:00] [1] 1.5
INFO [2016-08-04 02:27:00] 
INFO [2016-08-04 02:27:00] $fill
INFO [2016-08-04 02:27:00] pal[1:3]
INFO [2016-08-04 02:27:00] 
INFO [2016-08-04 02:27:00] $lty
INFO [2016-08-04 02:27:00] [1] 1
INFO [2016-08-04 02:27:00] 
INFO [2016-08-04 02:27:00] $height
INFO [2016-08-04 02:27:00] [1] 2000
INFO [2016-08-04 02:27:00] 
INFO [2016-08-04 02:27:00] $width
INFO [2016-08-04 02:27:00] [1] 2000
INFO [2016-08-04 02:27:00] 
