INFO [2016-08-09 15:01:39] [[1]]
INFO [2016-08-09 15:01:39] mylist
INFO [2016-08-09 15:01:39] 
INFO [2016-08-09 15:01:39] $filename
INFO [2016-08-09 15:01:39] paste(Tissues[i], "specific DE genes (with RIN).png", sep = " ")
INFO [2016-08-09 15:01:39] 
INFO [2016-08-09 15:01:39] $imagetype
INFO [2016-08-09 15:01:39] [1] "png"
INFO [2016-08-09 15:01:39] 
INFO [2016-08-09 15:01:39] $main
INFO [2016-08-09 15:01:39] title
INFO [2016-08-09 15:01:39] 
INFO [2016-08-09 15:01:39] $cex
INFO [2016-08-09 15:01:39] [1] 1.5
INFO [2016-08-09 15:01:39] 
INFO [2016-08-09 15:01:39] $fill
INFO [2016-08-09 15:01:39] pal[1:3]
INFO [2016-08-09 15:01:39] 
INFO [2016-08-09 15:01:39] $lty
INFO [2016-08-09 15:01:39] [1] 1
INFO [2016-08-09 15:01:39] 
INFO [2016-08-09 15:01:39] $height
INFO [2016-08-09 15:01:39] [1] 2000
INFO [2016-08-09 15:01:39] 
INFO [2016-08-09 15:01:39] $width
INFO [2016-08-09 15:01:39] [1] 2000
INFO [2016-08-09 15:01:39] 
