INFO [2016-08-03 23:33:58] [[1]]
INFO [2016-08-03 23:33:58] mylist
INFO [2016-08-03 23:33:58] 
INFO [2016-08-03 23:33:58] $filename
INFO [2016-08-03 23:33:58] paste(Tissues[i], "specific DE genes.png", sep = " ")
INFO [2016-08-03 23:33:58] 
INFO [2016-08-03 23:33:58] $imagetype
INFO [2016-08-03 23:33:58] [1] "png"
INFO [2016-08-03 23:33:58] 
INFO [2016-08-03 23:33:58] $main
INFO [2016-08-03 23:33:58] title
INFO [2016-08-03 23:33:58] 
INFO [2016-08-03 23:33:58] $cex
INFO [2016-08-03 23:33:58] [1] 1.5
INFO [2016-08-03 23:33:58] 
INFO [2016-08-03 23:33:58] $fill
INFO [2016-08-03 23:33:58] pal[1:3]
INFO [2016-08-03 23:33:58] 
INFO [2016-08-03 23:33:58] $lty
INFO [2016-08-03 23:33:58] [1] 1
INFO [2016-08-03 23:33:58] 
INFO [2016-08-03 23:33:58] $height
INFO [2016-08-03 23:33:58] [1] 2000
INFO [2016-08-03 23:33:58] 
INFO [2016-08-03 23:33:58] $width
INFO [2016-08-03 23:33:58] [1] 2000
INFO [2016-08-03 23:33:58] 
