INFO [2016-08-04 02:25:28] [[1]]
INFO [2016-08-04 02:25:28] mylist
INFO [2016-08-04 02:25:28] 
INFO [2016-08-04 02:25:28] $filename
INFO [2016-08-04 02:25:28] paste(Tissues[i], "specific DE genes.png", sep = " ")
INFO [2016-08-04 02:25:28] 
INFO [2016-08-04 02:25:28] $imagetype
INFO [2016-08-04 02:25:28] [1] "png"
INFO [2016-08-04 02:25:28] 
INFO [2016-08-04 02:25:28] $main
INFO [2016-08-04 02:25:28] title
INFO [2016-08-04 02:25:28] 
INFO [2016-08-04 02:25:28] $cex
INFO [2016-08-04 02:25:28] [1] 1.5
INFO [2016-08-04 02:25:28] 
INFO [2016-08-04 02:25:28] $fill
INFO [2016-08-04 02:25:28] pal[1:3]
INFO [2016-08-04 02:25:28] 
INFO [2016-08-04 02:25:28] $lty
INFO [2016-08-04 02:25:28] [1] 1
INFO [2016-08-04 02:25:28] 
INFO [2016-08-04 02:25:28] $height
INFO [2016-08-04 02:25:28] [1] 2000
INFO [2016-08-04 02:25:28] 
INFO [2016-08-04 02:25:28] $width
INFO [2016-08-04 02:25:28] [1] 2000
INFO [2016-08-04 02:25:28] 
