INFO [2016-08-04 02:15:03] [[1]]
INFO [2016-08-04 02:15:03] mylist
INFO [2016-08-04 02:15:03] 
INFO [2016-08-04 02:15:03] $filename
INFO [2016-08-04 02:15:03] paste(Tissues[i], "specific DE genes.png", sep = " ")
INFO [2016-08-04 02:15:03] 
INFO [2016-08-04 02:15:03] $imagetype
INFO [2016-08-04 02:15:03] [1] "png"
INFO [2016-08-04 02:15:03] 
INFO [2016-08-04 02:15:03] $main
INFO [2016-08-04 02:15:03] title
INFO [2016-08-04 02:15:03] 
INFO [2016-08-04 02:15:03] $cex
INFO [2016-08-04 02:15:03] [1] 1.5
INFO [2016-08-04 02:15:03] 
INFO [2016-08-04 02:15:03] $fill
INFO [2016-08-04 02:15:03] pal[1:3]
INFO [2016-08-04 02:15:03] 
INFO [2016-08-04 02:15:03] $lty
INFO [2016-08-04 02:15:03] [1] 1
INFO [2016-08-04 02:15:03] 
INFO [2016-08-04 02:15:03] $height
INFO [2016-08-04 02:15:03] [1] 2000
INFO [2016-08-04 02:15:03] 
INFO [2016-08-04 02:15:03] $width
INFO [2016-08-04 02:15:03] [1] 2000
INFO [2016-08-04 02:15:03] 
