INFO [2016-08-04 02:22:27] [[1]]
INFO [2016-08-04 02:22:27] mylist
INFO [2016-08-04 02:22:27] 
INFO [2016-08-04 02:22:27] $filename
INFO [2016-08-04 02:22:27] paste(Tissues[i], "specific DE genes.png", sep = " ")
INFO [2016-08-04 02:22:27] 
INFO [2016-08-04 02:22:27] $imagetype
INFO [2016-08-04 02:22:27] [1] "png"
INFO [2016-08-04 02:22:27] 
INFO [2016-08-04 02:22:27] $main
INFO [2016-08-04 02:22:27] title
INFO [2016-08-04 02:22:27] 
INFO [2016-08-04 02:22:27] $cex
INFO [2016-08-04 02:22:27] [1] 1.5
INFO [2016-08-04 02:22:27] 
INFO [2016-08-04 02:22:27] $fill
INFO [2016-08-04 02:22:27] pal[1:3]
INFO [2016-08-04 02:22:27] 
INFO [2016-08-04 02:22:27] $lty
INFO [2016-08-04 02:22:27] [1] 1
INFO [2016-08-04 02:22:27] 
INFO [2016-08-04 02:22:27] $height
INFO [2016-08-04 02:22:27] [1] 2000
INFO [2016-08-04 02:22:27] 
INFO [2016-08-04 02:22:27] $width
INFO [2016-08-04 02:22:27] [1] 2000
INFO [2016-08-04 02:22:27] 
