INFO [2016-08-11 17:20:14] [[1]]
INFO [2016-08-11 17:20:14] mylist
INFO [2016-08-11 17:20:14] 
INFO [2016-08-11 17:20:14] $filename
INFO [2016-08-11 17:20:14] paste(Tissues[i], "specific DE genes (with RIN).png", sep = " ")
INFO [2016-08-11 17:20:14] 
INFO [2016-08-11 17:20:14] $imagetype
INFO [2016-08-11 17:20:14] [1] "png"
INFO [2016-08-11 17:20:14] 
INFO [2016-08-11 17:20:14] $main
INFO [2016-08-11 17:20:14] title
INFO [2016-08-11 17:20:14] 
INFO [2016-08-11 17:20:14] $cex
INFO [2016-08-11 17:20:14] [1] 1.5
INFO [2016-08-11 17:20:14] 
INFO [2016-08-11 17:20:14] $fill
INFO [2016-08-11 17:20:14] pal[1:3]
INFO [2016-08-11 17:20:14] 
INFO [2016-08-11 17:20:14] $lty
INFO [2016-08-11 17:20:14] [1] 1
INFO [2016-08-11 17:20:14] 
INFO [2016-08-11 17:20:14] $height
INFO [2016-08-11 17:20:14] [1] 2000
INFO [2016-08-11 17:20:14] 
INFO [2016-08-11 17:20:14] $width
INFO [2016-08-11 17:20:14] [1] 2000
INFO [2016-08-11 17:20:14] 
