INFO [2016-08-04 02:21:08] [[1]]
INFO [2016-08-04 02:21:08] mylist
INFO [2016-08-04 02:21:08] 
INFO [2016-08-04 02:21:08] $filename
INFO [2016-08-04 02:21:08] paste(Tissues[i], "specific DE genes.png", sep = " ")
INFO [2016-08-04 02:21:08] 
INFO [2016-08-04 02:21:08] $imagetype
INFO [2016-08-04 02:21:08] [1] "png"
INFO [2016-08-04 02:21:08] 
INFO [2016-08-04 02:21:08] $main
INFO [2016-08-04 02:21:08] title
INFO [2016-08-04 02:21:08] 
INFO [2016-08-04 02:21:08] $cex
INFO [2016-08-04 02:21:08] [1] 1.5
INFO [2016-08-04 02:21:08] 
INFO [2016-08-04 02:21:08] $fill
INFO [2016-08-04 02:21:08] pal[1:3]
INFO [2016-08-04 02:21:08] 
INFO [2016-08-04 02:21:08] $lty
INFO [2016-08-04 02:21:08] [1] 1
INFO [2016-08-04 02:21:08] 
INFO [2016-08-04 02:21:08] $height
INFO [2016-08-04 02:21:08] [1] 2000
INFO [2016-08-04 02:21:08] 
INFO [2016-08-04 02:21:08] $width
INFO [2016-08-04 02:21:08] [1] 2000
INFO [2016-08-04 02:21:08] 
