INFO [2016-08-09 15:01:40] [[1]]
INFO [2016-08-09 15:01:40] mylist
INFO [2016-08-09 15:01:40] 
INFO [2016-08-09 15:01:40] $filename
INFO [2016-08-09 15:01:40] paste(Tissues[i], "specific DE genes (with RIN).png", sep = " ")
INFO [2016-08-09 15:01:40] 
INFO [2016-08-09 15:01:40] $imagetype
INFO [2016-08-09 15:01:40] [1] "png"
INFO [2016-08-09 15:01:40] 
INFO [2016-08-09 15:01:40] $main
INFO [2016-08-09 15:01:40] title
INFO [2016-08-09 15:01:40] 
INFO [2016-08-09 15:01:40] $cex
INFO [2016-08-09 15:01:40] [1] 1.5
INFO [2016-08-09 15:01:40] 
INFO [2016-08-09 15:01:40] $fill
INFO [2016-08-09 15:01:40] pal[1:3]
INFO [2016-08-09 15:01:40] 
INFO [2016-08-09 15:01:40] $lty
INFO [2016-08-09 15:01:40] [1] 1
INFO [2016-08-09 15:01:40] 
INFO [2016-08-09 15:01:40] $height
INFO [2016-08-09 15:01:40] [1] 2000
INFO [2016-08-09 15:01:40] 
INFO [2016-08-09 15:01:40] $width
INFO [2016-08-09 15:01:40] [1] 2000
INFO [2016-08-09 15:01:40] 
