INFO [2016-08-04 02:21:13] [[1]]
INFO [2016-08-04 02:21:13] mylist
INFO [2016-08-04 02:21:13] 
INFO [2016-08-04 02:21:13] $filename
INFO [2016-08-04 02:21:13] paste(Tissues[i], "specific DE genes (with RIN).png", sep = " ")
INFO [2016-08-04 02:21:13] 
INFO [2016-08-04 02:21:13] $imagetype
INFO [2016-08-04 02:21:13] [1] "png"
INFO [2016-08-04 02:21:13] 
INFO [2016-08-04 02:21:13] $main
INFO [2016-08-04 02:21:13] title
INFO [2016-08-04 02:21:13] 
INFO [2016-08-04 02:21:13] $cex
INFO [2016-08-04 02:21:13] [1] 1.5
INFO [2016-08-04 02:21:13] 
INFO [2016-08-04 02:21:13] $fill
INFO [2016-08-04 02:21:13] pal[1:3]
INFO [2016-08-04 02:21:13] 
INFO [2016-08-04 02:21:13] $lty
INFO [2016-08-04 02:21:13] [1] 1
INFO [2016-08-04 02:21:13] 
INFO [2016-08-04 02:21:13] $height
INFO [2016-08-04 02:21:13] [1] 2000
INFO [2016-08-04 02:21:13] 
INFO [2016-08-04 02:21:13] $width
INFO [2016-08-04 02:21:13] [1] 2000
INFO [2016-08-04 02:21:13] 
