INFO [2016-08-04 02:23:50] [[1]]
INFO [2016-08-04 02:23:50] mylist
INFO [2016-08-04 02:23:50] 
INFO [2016-08-04 02:23:50] $filename
INFO [2016-08-04 02:23:50] paste(Tissues[i], "specific DE genes (with RIN).png", sep = " ")
INFO [2016-08-04 02:23:50] 
INFO [2016-08-04 02:23:50] $imagetype
INFO [2016-08-04 02:23:50] [1] "png"
INFO [2016-08-04 02:23:50] 
INFO [2016-08-04 02:23:50] $main
INFO [2016-08-04 02:23:50] title
INFO [2016-08-04 02:23:50] 
INFO [2016-08-04 02:23:50] $cex
INFO [2016-08-04 02:23:50] [1] 1.5
INFO [2016-08-04 02:23:50] 
INFO [2016-08-04 02:23:50] $fill
INFO [2016-08-04 02:23:50] pal[1:3]
INFO [2016-08-04 02:23:50] 
INFO [2016-08-04 02:23:50] $lty
INFO [2016-08-04 02:23:50] [1] 1
INFO [2016-08-04 02:23:50] 
INFO [2016-08-04 02:23:50] $height
INFO [2016-08-04 02:23:50] [1] 2000
INFO [2016-08-04 02:23:50] 
INFO [2016-08-04 02:23:50] $width
INFO [2016-08-04 02:23:50] [1] 2000
INFO [2016-08-04 02:23:50] 
