INFO [2016-08-03 23:33:59] [[1]]
INFO [2016-08-03 23:33:59] mylist
INFO [2016-08-03 23:33:59] 
INFO [2016-08-03 23:33:59] $filename
INFO [2016-08-03 23:33:59] paste(Tissues[i], "specific DE genes.png", sep = " ")
INFO [2016-08-03 23:33:59] 
INFO [2016-08-03 23:33:59] $imagetype
INFO [2016-08-03 23:33:59] [1] "png"
INFO [2016-08-03 23:33:59] 
INFO [2016-08-03 23:33:59] $main
INFO [2016-08-03 23:33:59] title
INFO [2016-08-03 23:33:59] 
INFO [2016-08-03 23:33:59] $cex
INFO [2016-08-03 23:33:59] [1] 1.5
INFO [2016-08-03 23:33:59] 
INFO [2016-08-03 23:33:59] $fill
INFO [2016-08-03 23:33:59] pal[1:3]
INFO [2016-08-03 23:33:59] 
INFO [2016-08-03 23:33:59] $lty
INFO [2016-08-03 23:33:59] [1] 1
INFO [2016-08-03 23:33:59] 
INFO [2016-08-03 23:33:59] $height
INFO [2016-08-03 23:33:59] [1] 2000
INFO [2016-08-03 23:33:59] 
INFO [2016-08-03 23:33:59] $width
INFO [2016-08-03 23:33:59] [1] 2000
INFO [2016-08-03 23:33:59] 
