INFO [2016-08-04 02:26:44] [[1]]
INFO [2016-08-04 02:26:44] mylist
INFO [2016-08-04 02:26:44] 
INFO [2016-08-04 02:26:44] $filename
INFO [2016-08-04 02:26:44] paste(Tissues[i], "specific DE genes.png", sep = " ")
INFO [2016-08-04 02:26:44] 
INFO [2016-08-04 02:26:44] $imagetype
INFO [2016-08-04 02:26:44] [1] "png"
INFO [2016-08-04 02:26:44] 
INFO [2016-08-04 02:26:44] $main
INFO [2016-08-04 02:26:44] title
INFO [2016-08-04 02:26:44] 
INFO [2016-08-04 02:26:44] $cex
INFO [2016-08-04 02:26:44] [1] 1.5
INFO [2016-08-04 02:26:44] 
INFO [2016-08-04 02:26:44] $fill
INFO [2016-08-04 02:26:44] pal[1:3]
INFO [2016-08-04 02:26:44] 
INFO [2016-08-04 02:26:44] $lty
INFO [2016-08-04 02:26:44] [1] 1
INFO [2016-08-04 02:26:44] 
INFO [2016-08-04 02:26:44] $height
INFO [2016-08-04 02:26:44] [1] 2000
INFO [2016-08-04 02:26:44] 
INFO [2016-08-04 02:26:44] $width
INFO [2016-08-04 02:26:44] [1] 2000
INFO [2016-08-04 02:26:44] 
