INFO [2016-08-09 15:01:21] [[1]]
INFO [2016-08-09 15:01:21] mylist
INFO [2016-08-09 15:01:21] 
INFO [2016-08-09 15:01:21] $filename
INFO [2016-08-09 15:01:21] paste(Tissues[i], "specific DE genes.png", sep = " ")
INFO [2016-08-09 15:01:21] 
INFO [2016-08-09 15:01:21] $imagetype
INFO [2016-08-09 15:01:21] [1] "png"
INFO [2016-08-09 15:01:21] 
INFO [2016-08-09 15:01:21] $main
INFO [2016-08-09 15:01:21] title
INFO [2016-08-09 15:01:21] 
INFO [2016-08-09 15:01:21] $cex
INFO [2016-08-09 15:01:21] [1] 1.5
INFO [2016-08-09 15:01:21] 
INFO [2016-08-09 15:01:21] $fill
INFO [2016-08-09 15:01:21] pal[1:3]
INFO [2016-08-09 15:01:21] 
INFO [2016-08-09 15:01:21] $lty
INFO [2016-08-09 15:01:21] [1] 1
INFO [2016-08-09 15:01:21] 
INFO [2016-08-09 15:01:21] $height
INFO [2016-08-09 15:01:21] [1] 2000
INFO [2016-08-09 15:01:21] 
INFO [2016-08-09 15:01:21] $width
INFO [2016-08-09 15:01:21] [1] 2000
INFO [2016-08-09 15:01:21] 
