INFO [2016-08-04 02:15:04] [[1]]
INFO [2016-08-04 02:15:04] mylist
INFO [2016-08-04 02:15:04] 
INFO [2016-08-04 02:15:04] $filename
INFO [2016-08-04 02:15:04] paste(Tissues[i], "specific DE genes.png", sep = " ")
INFO [2016-08-04 02:15:04] 
INFO [2016-08-04 02:15:04] $imagetype
INFO [2016-08-04 02:15:04] [1] "png"
INFO [2016-08-04 02:15:04] 
INFO [2016-08-04 02:15:04] $main
INFO [2016-08-04 02:15:04] title
INFO [2016-08-04 02:15:04] 
INFO [2016-08-04 02:15:04] $cex
INFO [2016-08-04 02:15:04] [1] 1.5
INFO [2016-08-04 02:15:04] 
INFO [2016-08-04 02:15:04] $fill
INFO [2016-08-04 02:15:04] pal[1:3]
INFO [2016-08-04 02:15:04] 
INFO [2016-08-04 02:15:04] $lty
INFO [2016-08-04 02:15:04] [1] 1
INFO [2016-08-04 02:15:04] 
INFO [2016-08-04 02:15:04] $height
INFO [2016-08-04 02:15:04] [1] 2000
INFO [2016-08-04 02:15:04] 
INFO [2016-08-04 02:15:04] $width
INFO [2016-08-04 02:15:04] [1] 2000
INFO [2016-08-04 02:15:04] 
