INFO [2016-08-04 02:25:29] [[1]]
INFO [2016-08-04 02:25:29] mylist
INFO [2016-08-04 02:25:29] 
INFO [2016-08-04 02:25:29] $filename
INFO [2016-08-04 02:25:29] paste(Tissues[i], "specific DE genes.png", sep = " ")
INFO [2016-08-04 02:25:29] 
INFO [2016-08-04 02:25:29] $imagetype
INFO [2016-08-04 02:25:29] [1] "png"
INFO [2016-08-04 02:25:29] 
INFO [2016-08-04 02:25:29] $main
INFO [2016-08-04 02:25:29] title
INFO [2016-08-04 02:25:29] 
INFO [2016-08-04 02:25:29] $cex
INFO [2016-08-04 02:25:29] [1] 1.5
INFO [2016-08-04 02:25:29] 
INFO [2016-08-04 02:25:29] $fill
INFO [2016-08-04 02:25:29] pal[1:3]
INFO [2016-08-04 02:25:29] 
INFO [2016-08-04 02:25:29] $lty
INFO [2016-08-04 02:25:29] [1] 1
INFO [2016-08-04 02:25:29] 
INFO [2016-08-04 02:25:29] $height
INFO [2016-08-04 02:25:29] [1] 2000
INFO [2016-08-04 02:25:29] 
INFO [2016-08-04 02:25:29] $width
INFO [2016-08-04 02:25:29] [1] 2000
INFO [2016-08-04 02:25:29] 
