INFO [2016-08-04 02:27:01] [[1]]
INFO [2016-08-04 02:27:01] mylist
INFO [2016-08-04 02:27:01] 
INFO [2016-08-04 02:27:01] $filename
INFO [2016-08-04 02:27:01] paste(Tissues[i], "specific DE genes (with RIN).png", sep = " ")
INFO [2016-08-04 02:27:01] 
INFO [2016-08-04 02:27:01] $imagetype
INFO [2016-08-04 02:27:01] [1] "png"
INFO [2016-08-04 02:27:01] 
INFO [2016-08-04 02:27:01] $main
INFO [2016-08-04 02:27:01] title
INFO [2016-08-04 02:27:01] 
INFO [2016-08-04 02:27:01] $cex
INFO [2016-08-04 02:27:01] [1] 1.5
INFO [2016-08-04 02:27:01] 
INFO [2016-08-04 02:27:01] $fill
INFO [2016-08-04 02:27:01] pal[1:3]
INFO [2016-08-04 02:27:01] 
INFO [2016-08-04 02:27:01] $lty
INFO [2016-08-04 02:27:01] [1] 1
INFO [2016-08-04 02:27:01] 
INFO [2016-08-04 02:27:01] $height
INFO [2016-08-04 02:27:01] [1] 2000
INFO [2016-08-04 02:27:01] 
INFO [2016-08-04 02:27:01] $width
INFO [2016-08-04 02:27:01] [1] 2000
INFO [2016-08-04 02:27:01] 
