INFO [2016-08-04 02:25:34] [[1]]
INFO [2016-08-04 02:25:34] mylist
INFO [2016-08-04 02:25:34] 
INFO [2016-08-04 02:25:34] $filename
INFO [2016-08-04 02:25:34] paste(Tissues[i], "specific DE genes (with RIN).png", sep = " ")
INFO [2016-08-04 02:25:34] 
INFO [2016-08-04 02:25:34] $imagetype
INFO [2016-08-04 02:25:34] [1] "png"
INFO [2016-08-04 02:25:34] 
INFO [2016-08-04 02:25:34] $main
INFO [2016-08-04 02:25:34] title
INFO [2016-08-04 02:25:34] 
INFO [2016-08-04 02:25:34] $cex
INFO [2016-08-04 02:25:34] [1] 1.5
INFO [2016-08-04 02:25:34] 
INFO [2016-08-04 02:25:34] $fill
INFO [2016-08-04 02:25:34] pal[1:3]
INFO [2016-08-04 02:25:34] 
INFO [2016-08-04 02:25:34] $lty
INFO [2016-08-04 02:25:34] [1] 1
INFO [2016-08-04 02:25:34] 
INFO [2016-08-04 02:25:34] $height
INFO [2016-08-04 02:25:34] [1] 2000
INFO [2016-08-04 02:25:34] 
INFO [2016-08-04 02:25:34] $width
INFO [2016-08-04 02:25:34] [1] 2000
INFO [2016-08-04 02:25:34] 
