INFO [2017-07-13 14:17:19] [[1]]
INFO [2017-07-13 14:17:19] mylist
INFO [2017-07-13 14:17:19] 
INFO [2017-07-13 14:17:19] $filename
INFO [2017-07-13 14:17:19] NULL
INFO [2017-07-13 14:17:19] 
INFO [2017-07-13 14:17:19] $main
INFO [2017-07-13 14:17:19] [1] "Upregulated in Heart compared to Kidney (FSR 1%)"
INFO [2017-07-13 14:17:19] 
INFO [2017-07-13 14:17:19] $cex
INFO [2017-07-13 14:17:19] [1] 1.5
INFO [2017-07-13 14:17:19] 
INFO [2017-07-13 14:17:19] $fill
INFO [2017-07-13 14:17:19] pal[1:3]
INFO [2017-07-13 14:17:19] 
INFO [2017-07-13 14:17:19] $lty
INFO [2017-07-13 14:17:19] [1] 1
INFO [2017-07-13 14:17:19] 
INFO [2017-07-13 14:17:19] $height
INFO [2017-07-13 14:17:19] [1] 2000
INFO [2017-07-13 14:17:19] 
INFO [2017-07-13 14:17:19] $width
INFO [2017-07-13 14:17:19] [1] 3000
INFO [2017-07-13 14:17:19] 
