INFO [2017-12-23 14:21:18] [[1]]
INFO [2017-12-23 14:21:18] mylist
INFO [2017-12-23 14:21:18] 
INFO [2017-12-23 14:21:18] $filename
INFO [2017-12-23 14:21:18] NULL
INFO [2017-12-23 14:21:18] 
INFO [2017-12-23 14:21:18] $main
INFO [2017-12-23 14:21:18] [1] "DE genes between Lung and Kidney (FDR 1%)"
INFO [2017-12-23 14:21:18] 
INFO [2017-12-23 14:21:18] $cex
INFO [2017-12-23 14:21:18] [1] 1.5
INFO [2017-12-23 14:21:18] 
INFO [2017-12-23 14:21:18] $fill
INFO [2017-12-23 14:21:18] pal[1:3]
INFO [2017-12-23 14:21:18] 
INFO [2017-12-23 14:21:18] $lty
INFO [2017-12-23 14:21:18] [1] 1
INFO [2017-12-23 14:21:18] 
INFO [2017-12-23 14:21:18] $height
INFO [2017-12-23 14:21:18] [1] 2000
INFO [2017-12-23 14:21:18] 
INFO [2017-12-23 14:21:18] $width
INFO [2017-12-23 14:21:18] [1] 3000
INFO [2017-12-23 14:21:18] 
