INFO [2017-06-01 05:06:43] [[1]]
INFO [2017-06-01 05:06:43] mylist
INFO [2017-06-01 05:06:43] 
INFO [2017-06-01 05:06:43] $filename
INFO [2017-06-01 05:06:43] NULL
INFO [2017-06-01 05:06:43] 
INFO [2017-06-01 05:06:43] $main
INFO [2017-06-01 05:06:43] [1] "DE genes between Humans and Rhesus (FDR 1%)"
INFO [2017-06-01 05:06:43] 
INFO [2017-06-01 05:06:43] $cex
INFO [2017-06-01 05:06:43] [1] 1.5
INFO [2017-06-01 05:06:43] 
INFO [2017-06-01 05:06:43] $fill
INFO [2017-06-01 05:06:43] pal[1:4]
INFO [2017-06-01 05:06:43] 
INFO [2017-06-01 05:06:43] $lty
INFO [2017-06-01 05:06:43] [1] 1
INFO [2017-06-01 05:06:43] 
INFO [2017-06-01 05:06:43] $height
INFO [2017-06-01 05:06:43] [1] 2000
INFO [2017-06-01 05:06:43] 
INFO [2017-06-01 05:06:43] $width
INFO [2017-06-01 05:06:43] [1] 3000
INFO [2017-06-01 05:06:43] 
INFO [2017-06-01 05:06:43] [[1]]
INFO [2017-06-01 05:06:43] mylist
INFO [2017-06-01 05:06:43] 
INFO [2017-06-01 05:06:43] $filename
INFO [2017-06-01 05:06:43] NULL
INFO [2017-06-01 05:06:43] 
INFO [2017-06-01 05:06:43] $main
INFO [2017-06-01 05:06:43] [1] "DE genes between Chimps and Rhesus (FDR 1%)"
INFO [2017-06-01 05:06:43] 
INFO [2017-06-01 05:06:43] $cex
INFO [2017-06-01 05:06:43] [1] 1.5
INFO [2017-06-01 05:06:43] 
INFO [2017-06-01 05:06:43] $fill
INFO [2017-06-01 05:06:43] pal[1:4]
INFO [2017-06-01 05:06:43] 
INFO [2017-06-01 05:06:43] $lty
INFO [2017-06-01 05:06:43] [1] 1
INFO [2017-06-01 05:06:43] 
INFO [2017-06-01 05:06:43] $height
INFO [2017-06-01 05:06:43] [1] 2000
INFO [2017-06-01 05:06:43] 
INFO [2017-06-01 05:06:43] $width
INFO [2017-06-01 05:06:43] [1] 3000
INFO [2017-06-01 05:06:43] 
INFO [2017-06-01 05:06:43] [[1]]
INFO [2017-06-01 05:06:43] mylist
INFO [2017-06-01 05:06:43] 
INFO [2017-06-01 05:06:43] $filename
INFO [2017-06-01 05:06:43] NULL
INFO [2017-06-01 05:06:43] 
INFO [2017-06-01 05:06:43] $main
INFO [2017-06-01 05:06:43] [1] "DE genes between Heart and Liver (FDR 1%)"
INFO [2017-06-01 05:06:43] 
INFO [2017-06-01 05:06:43] $cex
INFO [2017-06-01 05:06:43] [1] 1.5
INFO [2017-06-01 05:06:43] 
INFO [2017-06-01 05:06:43] $fill
INFO [2017-06-01 05:06:43] pal[1:3]
INFO [2017-06-01 05:06:43] 
INFO [2017-06-01 05:06:43] $lty
INFO [2017-06-01 05:06:43] [1] 1
INFO [2017-06-01 05:06:43] 
INFO [2017-06-01 05:06:43] $height
INFO [2017-06-01 05:06:43] [1] 2000
INFO [2017-06-01 05:06:43] 
INFO [2017-06-01 05:06:43] $width
INFO [2017-06-01 05:06:43] [1] 3000
INFO [2017-06-01 05:06:43] 
