INFO [2017-07-14 11:54:36] [[1]]
INFO [2017-07-14 11:54:36] mylist
INFO [2017-07-14 11:54:36] 
INFO [2017-07-14 11:54:36] $filename
INFO [2017-07-14 11:54:36] NULL
INFO [2017-07-14 11:54:36] 
INFO [2017-07-14 11:54:36] $main
INFO [2017-07-14 11:54:36] [1] "Downregulated in Lung compared to Kidney (FSR 1%)"
INFO [2017-07-14 11:54:36] 
INFO [2017-07-14 11:54:36] $main.cex
INFO [2017-07-14 11:54:36] [1] 2
INFO [2017-07-14 11:54:36] 
INFO [2017-07-14 11:54:36] $cat.cex
INFO [2017-07-14 11:54:36] [1] 1.5
INFO [2017-07-14 11:54:36] 
INFO [2017-07-14 11:54:36] $cex
INFO [2017-07-14 11:54:36] [1] 2.5
INFO [2017-07-14 11:54:36] 
INFO [2017-07-14 11:54:36] $fill
INFO [2017-07-14 11:54:36] pal[1:3]
INFO [2017-07-14 11:54:36] 
INFO [2017-07-14 11:54:36] $lty
INFO [2017-07-14 11:54:36] [1] 1
INFO [2017-07-14 11:54:36] 
INFO [2017-07-14 11:54:36] $height
INFO [2017-07-14 11:54:36] [1] 2000
INFO [2017-07-14 11:54:36] 
INFO [2017-07-14 11:54:36] $width
INFO [2017-07-14 11:54:36] [1] 3000
INFO [2017-07-14 11:54:36] 
