INFO [2017-12-21 18:34:42] [[1]]
INFO [2017-12-21 18:34:42] mylist
INFO [2017-12-21 18:34:42] 
INFO [2017-12-21 18:34:42] $filename
INFO [2017-12-21 18:34:42] NULL
INFO [2017-12-21 18:34:42] 
INFO [2017-12-21 18:34:42] $main
INFO [2017-12-21 18:34:42] [1] "Upregulated hearts (FSR 1%)"
INFO [2017-12-21 18:34:42] 
INFO [2017-12-21 18:34:42] $main.cex
INFO [2017-12-21 18:34:42] [1] 2
INFO [2017-12-21 18:34:42] 
INFO [2017-12-21 18:34:42] $cat.cex
INFO [2017-12-21 18:34:42] [1] 1.5
INFO [2017-12-21 18:34:42] 
INFO [2017-12-21 18:34:42] $cex
INFO [2017-12-21 18:34:42] [1] 2.5
INFO [2017-12-21 18:34:42] 
INFO [2017-12-21 18:34:42] $fill
INFO [2017-12-21 18:34:42] pal[1:3]
INFO [2017-12-21 18:34:42] 
INFO [2017-12-21 18:34:42] $lty
INFO [2017-12-21 18:34:42] [1] 1
INFO [2017-12-21 18:34:42] 
INFO [2017-12-21 18:34:42] $height
INFO [2017-12-21 18:34:42] [1] 2000
INFO [2017-12-21 18:34:42] 
INFO [2017-12-21 18:34:42] $width
INFO [2017-12-21 18:34:42] [1] 3000
INFO [2017-12-21 18:34:42] 
