INFO [2017-11-07 11:40:36] [[1]]
INFO [2017-11-07 11:40:36] mylist
INFO [2017-11-07 11:40:36] 
INFO [2017-11-07 11:40:36] $filename
INFO [2017-11-07 11:40:36] NULL
INFO [2017-11-07 11:40:36] 
INFO [2017-11-07 11:40:36] $main
INFO [2017-11-07 11:40:36] [1] "DE genes between Humans and Chimps (FDR 1%)"
INFO [2017-11-07 11:40:36] 
INFO [2017-11-07 11:40:36] $cex
INFO [2017-11-07 11:40:36] [1] 1.5
INFO [2017-11-07 11:40:36] 
INFO [2017-11-07 11:40:36] $fill
INFO [2017-11-07 11:40:36] pal[1:4]
INFO [2017-11-07 11:40:36] 
INFO [2017-11-07 11:40:36] $lty
INFO [2017-11-07 11:40:36] [1] 1
INFO [2017-11-07 11:40:36] 
INFO [2017-11-07 11:40:36] $height
INFO [2017-11-07 11:40:36] [1] 2000
INFO [2017-11-07 11:40:36] 
INFO [2017-11-07 11:40:36] $width
INFO [2017-11-07 11:40:36] [1] 3000
INFO [2017-11-07 11:40:36] 
