INFO [2017-07-14 15:07:44] [[1]]
INFO [2017-07-14 15:07:44] mylist
INFO [2017-07-14 15:07:44] 
INFO [2017-07-14 15:07:44] $filename
INFO [2017-07-14 15:07:44] NULL
INFO [2017-07-14 15:07:44] 
INFO [2017-07-14 15:07:44] $main
INFO [2017-07-14 15:07:44] [1] "Downregulated lung specific (FSR 1%)"
INFO [2017-07-14 15:07:44] 
INFO [2017-07-14 15:07:44] $main.cex
INFO [2017-07-14 15:07:44] [1] 2
INFO [2017-07-14 15:07:44] 
INFO [2017-07-14 15:07:44] $cat.cex
INFO [2017-07-14 15:07:44] [1] 1.5
INFO [2017-07-14 15:07:44] 
INFO [2017-07-14 15:07:44] $cex
INFO [2017-07-14 15:07:44] [1] 2.5
INFO [2017-07-14 15:07:44] 
INFO [2017-07-14 15:07:44] $fill
INFO [2017-07-14 15:07:44] pal[1:3]
INFO [2017-07-14 15:07:44] 
INFO [2017-07-14 15:07:44] $lty
INFO [2017-07-14 15:07:44] [1] 1
INFO [2017-07-14 15:07:44] 
INFO [2017-07-14 15:07:44] $height
INFO [2017-07-14 15:07:44] [1] 2000
INFO [2017-07-14 15:07:44] 
INFO [2017-07-14 15:07:44] $width
INFO [2017-07-14 15:07:44] [1] 3000
INFO [2017-07-14 15:07:44] 
