INFO [2017-11-07 00:16:20] [[1]]
INFO [2017-11-07 00:16:20] mylist
INFO [2017-11-07 00:16:20] 
INFO [2017-11-07 00:16:20] $filename
INFO [2017-11-07 00:16:20] NULL
INFO [2017-11-07 00:16:20] 
INFO [2017-11-07 00:16:20] $main
INFO [2017-11-07 00:16:20] [1] "Upregulated in Heart compared to Kidney (FSR 1%)"
INFO [2017-11-07 00:16:20] 
INFO [2017-11-07 00:16:20] $main.cex
INFO [2017-11-07 00:16:20] [1] 2
INFO [2017-11-07 00:16:20] 
INFO [2017-11-07 00:16:20] $cat.cex
INFO [2017-11-07 00:16:20] [1] 1.5
INFO [2017-11-07 00:16:20] 
INFO [2017-11-07 00:16:20] $cex
INFO [2017-11-07 00:16:20] [1] 2.5
INFO [2017-11-07 00:16:20] 
INFO [2017-11-07 00:16:20] $fill
INFO [2017-11-07 00:16:20] pal[1:3]
INFO [2017-11-07 00:16:20] 
INFO [2017-11-07 00:16:20] $lty
INFO [2017-11-07 00:16:20] [1] 1
INFO [2017-11-07 00:16:20] 
INFO [2017-11-07 00:16:20] $height
INFO [2017-11-07 00:16:20] [1] 2000
INFO [2017-11-07 00:16:20] 
INFO [2017-11-07 00:16:20] $width
INFO [2017-11-07 00:16:20] [1] 3000
INFO [2017-11-07 00:16:20] 
