INFO [2017-12-21 18:24:56] [[1]]
INFO [2017-12-21 18:24:56] mylist
INFO [2017-12-21 18:24:56] 
INFO [2017-12-21 18:24:56] $filename
INFO [2017-12-21 18:24:56] NULL
INFO [2017-12-21 18:24:56] 
INFO [2017-12-21 18:24:56] $main
INFO [2017-12-21 18:24:56] [1] "DE genes between Chimps and Rhesus (FDR 1%)"
INFO [2017-12-21 18:24:56] 
INFO [2017-12-21 18:24:56] $cex
INFO [2017-12-21 18:24:56] [1] 1.5
INFO [2017-12-21 18:24:56] 
INFO [2017-12-21 18:24:56] $fill
INFO [2017-12-21 18:24:56] pal[1:4]
INFO [2017-12-21 18:24:56] 
INFO [2017-12-21 18:24:56] $lty
INFO [2017-12-21 18:24:56] [1] 1
INFO [2017-12-21 18:24:56] 
INFO [2017-12-21 18:24:56] $height
INFO [2017-12-21 18:24:56] [1] 2000
INFO [2017-12-21 18:24:56] 
INFO [2017-12-21 18:24:56] $width
INFO [2017-12-21 18:24:56] [1] 3000
INFO [2017-12-21 18:24:56] 
