INFO [2017-07-14 11:52:15] [[1]]
INFO [2017-07-14 11:52:15] mylist
INFO [2017-07-14 11:52:15] 
INFO [2017-07-14 11:52:15] $filename
INFO [2017-07-14 11:52:15] NULL
INFO [2017-07-14 11:52:15] 
INFO [2017-07-14 11:52:15] $main
INFO [2017-07-14 11:52:15] [1] "Upregulated in Humans compared to Chimps (FSR 1%)"
INFO [2017-07-14 11:52:15] 
INFO [2017-07-14 11:52:15] $main.cex
INFO [2017-07-14 11:52:15] [1] 2
INFO [2017-07-14 11:52:15] 
INFO [2017-07-14 11:52:15] $cat.cex
INFO [2017-07-14 11:52:15] [1] 1.5
INFO [2017-07-14 11:52:15] 
INFO [2017-07-14 11:52:15] $cex
INFO [2017-07-14 11:52:15] [1] 2.5
INFO [2017-07-14 11:52:15] 
INFO [2017-07-14 11:52:15] $fill
INFO [2017-07-14 11:52:15] pal[1:4]
INFO [2017-07-14 11:52:15] 
INFO [2017-07-14 11:52:15] $lty
INFO [2017-07-14 11:52:15] [1] 1
INFO [2017-07-14 11:52:15] 
INFO [2017-07-14 11:52:15] $height
INFO [2017-07-14 11:52:15] [1] 2000
INFO [2017-07-14 11:52:15] 
INFO [2017-07-14 11:52:15] $width
INFO [2017-07-14 11:52:15] [1] 3000
INFO [2017-07-14 11:52:15] 
