INFO [2017-06-01 08:57:39] [[1]]
INFO [2017-06-01 08:57:39] mylist
INFO [2017-06-01 08:57:39] 
INFO [2017-06-01 08:57:39] $filename
INFO [2017-06-01 08:57:39] NULL
INFO [2017-06-01 08:57:39] 
INFO [2017-06-01 08:57:39] $main
INFO [2017-06-01 08:57:39] [1] "Heart specific DE genes (FDR 1%)"
INFO [2017-06-01 08:57:39] 
INFO [2017-06-01 08:57:39] $cex
INFO [2017-06-01 08:57:39] [1] 1.5
INFO [2017-06-01 08:57:39] 
INFO [2017-06-01 08:57:39] $fill
INFO [2017-06-01 08:57:39] pal[1:3]
INFO [2017-06-01 08:57:39] 
INFO [2017-06-01 08:57:39] $lty
INFO [2017-06-01 08:57:39] [1] 1
INFO [2017-06-01 08:57:39] 
INFO [2017-06-01 08:57:39] $height
INFO [2017-06-01 08:57:39] [1] 2000
INFO [2017-06-01 08:57:39] 
INFO [2017-06-01 08:57:39] $width
INFO [2017-06-01 08:57:39] [1] 3000
INFO [2017-06-01 08:57:39] 
