INFO [2017-05-31 11:58:43] [[1]]
INFO [2017-05-31 11:58:43] mylist
INFO [2017-05-31 11:58:43] 
INFO [2017-05-31 11:58:43] $filename
INFO [2017-05-31 11:58:43] NULL
INFO [2017-05-31 11:58:43] 
INFO [2017-05-31 11:58:43] $main
INFO [2017-05-31 11:58:43] [1] "DE genes between Great Apes and Rhesus (0.1% FDR)"
INFO [2017-05-31 11:58:43] 
INFO [2017-05-31 11:58:43] $cex
INFO [2017-05-31 11:58:43] [1] 1.5
INFO [2017-05-31 11:58:43] 
INFO [2017-05-31 11:58:43] $fill
INFO [2017-05-31 11:58:43] pal[1:4]
INFO [2017-05-31 11:58:43] 
INFO [2017-05-31 11:58:43] $lty
INFO [2017-05-31 11:58:43] [1] 1
INFO [2017-05-31 11:58:43] 
INFO [2017-05-31 11:58:43] $height
INFO [2017-05-31 11:58:43] [1] 2000
INFO [2017-05-31 11:58:43] 
INFO [2017-05-31 11:58:43] $width
INFO [2017-05-31 11:58:43] [1] 3000
INFO [2017-05-31 11:58:43] 
INFO [2017-05-31 11:58:43] [[1]]
INFO [2017-05-31 11:58:43] mylist
INFO [2017-05-31 11:58:43] 
INFO [2017-05-31 11:58:43] $filename
INFO [2017-05-31 11:58:43] NULL
INFO [2017-05-31 11:58:43] 
INFO [2017-05-31 11:58:43] $main
INFO [2017-05-31 11:58:43] [1] "DE genes between Humans versus Chimps/Rhesus (1% FDR)"
INFO [2017-05-31 11:58:43] 
INFO [2017-05-31 11:58:43] $cex
INFO [2017-05-31 11:58:43] [1] 1.5
INFO [2017-05-31 11:58:43] 
INFO [2017-05-31 11:58:43] $fill
INFO [2017-05-31 11:58:43] pal[1:4]
INFO [2017-05-31 11:58:43] 
INFO [2017-05-31 11:58:43] $lty
INFO [2017-05-31 11:58:43] [1] 1
INFO [2017-05-31 11:58:43] 
INFO [2017-05-31 11:58:43] $height
INFO [2017-05-31 11:58:43] [1] 2000
INFO [2017-05-31 11:58:43] 
INFO [2017-05-31 11:58:43] $width
INFO [2017-05-31 11:58:43] [1] 3000
INFO [2017-05-31 11:58:43] 
