INFO [2017-07-14 11:47:08] [[1]]
INFO [2017-07-14 11:47:08] mylist
INFO [2017-07-14 11:47:08] 
INFO [2017-07-14 11:47:08] $filename
INFO [2017-07-14 11:47:08] NULL
INFO [2017-07-14 11:47:08] 
INFO [2017-07-14 11:47:08] $main
INFO [2017-07-14 11:47:08] [1] "Upregulated in Chimps relative to Rhesus (FSR 1%)"
INFO [2017-07-14 11:47:08] 
INFO [2017-07-14 11:47:08] $main.cex
INFO [2017-07-14 11:47:08] [1] 2
INFO [2017-07-14 11:47:08] 
INFO [2017-07-14 11:47:08] $cat.cex
INFO [2017-07-14 11:47:08] [1] 1.5
INFO [2017-07-14 11:47:08] 
INFO [2017-07-14 11:47:08] $cex
INFO [2017-07-14 11:47:08] [1] 2.5
INFO [2017-07-14 11:47:08] 
INFO [2017-07-14 11:47:08] $fill
INFO [2017-07-14 11:47:08] pal[1:4]
INFO [2017-07-14 11:47:08] 
INFO [2017-07-14 11:47:08] $lty
INFO [2017-07-14 11:47:08] [1] 1
INFO [2017-07-14 11:47:08] 
INFO [2017-07-14 11:47:08] $height
INFO [2017-07-14 11:47:08] [1] 2000
INFO [2017-07-14 11:47:08] 
INFO [2017-07-14 11:47:08] $width
INFO [2017-07-14 11:47:08] [1] 3000
INFO [2017-07-14 11:47:08] 
