INFO [2017-11-07 00:00:32] [[1]]
INFO [2017-11-07 00:00:32] mylist
INFO [2017-11-07 00:00:32] 
INFO [2017-11-07 00:00:32] $filename
INFO [2017-11-07 00:00:32] NULL
INFO [2017-11-07 00:00:32] 
INFO [2017-11-07 00:00:32] $main
INFO [2017-11-07 00:00:32] [1] "Upregulated in Heart compared to Liver (FSR 1%)"
INFO [2017-11-07 00:00:32] 
INFO [2017-11-07 00:00:32] $main.cex
INFO [2017-11-07 00:00:32] [1] 2
INFO [2017-11-07 00:00:32] 
INFO [2017-11-07 00:00:32] $cat.cex
INFO [2017-11-07 00:00:32] [1] 1.5
INFO [2017-11-07 00:00:32] 
INFO [2017-11-07 00:00:32] $cex
INFO [2017-11-07 00:00:32] [1] 2.5
INFO [2017-11-07 00:00:32] 
INFO [2017-11-07 00:00:32] $fill
INFO [2017-11-07 00:00:32] pal[1:3]
INFO [2017-11-07 00:00:32] 
INFO [2017-11-07 00:00:32] $lty
INFO [2017-11-07 00:00:32] [1] 1
INFO [2017-11-07 00:00:32] 
INFO [2017-11-07 00:00:32] $height
INFO [2017-11-07 00:00:32] [1] 2000
INFO [2017-11-07 00:00:32] 
INFO [2017-11-07 00:00:32] $width
INFO [2017-11-07 00:00:32] [1] 3000
INFO [2017-11-07 00:00:32] 
INFO [2017-11-07 00:00:32] [[1]]
INFO [2017-11-07 00:00:32] mylist
INFO [2017-11-07 00:00:32] 
INFO [2017-11-07 00:00:32] $filename
INFO [2017-11-07 00:00:32] NULL
INFO [2017-11-07 00:00:32] 
INFO [2017-11-07 00:00:32] $main
INFO [2017-11-07 00:00:32] [1] "Upregulated in Heart compared to Lung (FSR 1%)"
INFO [2017-11-07 00:00:32] 
INFO [2017-11-07 00:00:32] $main.cex
INFO [2017-11-07 00:00:32] [1] 2
INFO [2017-11-07 00:00:32] 
INFO [2017-11-07 00:00:32] $cat.cex
INFO [2017-11-07 00:00:32] [1] 1.5
INFO [2017-11-07 00:00:32] 
INFO [2017-11-07 00:00:32] $cex
INFO [2017-11-07 00:00:32] [1] 2.5
INFO [2017-11-07 00:00:32] 
INFO [2017-11-07 00:00:32] $fill
INFO [2017-11-07 00:00:32] pal[1:3]
INFO [2017-11-07 00:00:32] 
INFO [2017-11-07 00:00:32] $lty
INFO [2017-11-07 00:00:32] [1] 1
INFO [2017-11-07 00:00:32] 
INFO [2017-11-07 00:00:32] $height
INFO [2017-11-07 00:00:32] [1] 2000
INFO [2017-11-07 00:00:32] 
INFO [2017-11-07 00:00:32] $width
INFO [2017-11-07 00:00:32] [1] 3000
INFO [2017-11-07 00:00:32] 
INFO [2017-11-07 00:00:32] [[1]]
INFO [2017-11-07 00:00:32] mylist
INFO [2017-11-07 00:00:32] 
INFO [2017-11-07 00:00:32] $filename
INFO [2017-11-07 00:00:32] NULL
INFO [2017-11-07 00:00:32] 
INFO [2017-11-07 00:00:32] $main
INFO [2017-11-07 00:00:32] [1] "Upregulated in Liver compared to Lung (FSR 1%)"
INFO [2017-11-07 00:00:32] 
INFO [2017-11-07 00:00:32] $main.cex
INFO [2017-11-07 00:00:32] [1] 2
INFO [2017-11-07 00:00:32] 
INFO [2017-11-07 00:00:32] $cat.cex
INFO [2017-11-07 00:00:32] [1] 1.5
INFO [2017-11-07 00:00:32] 
INFO [2017-11-07 00:00:32] $cex
INFO [2017-11-07 00:00:32] [1] 2.5
INFO [2017-11-07 00:00:32] 
INFO [2017-11-07 00:00:32] $fill
INFO [2017-11-07 00:00:32] pal[1:3]
INFO [2017-11-07 00:00:32] 
INFO [2017-11-07 00:00:32] $lty
INFO [2017-11-07 00:00:32] [1] 1
INFO [2017-11-07 00:00:32] 
INFO [2017-11-07 00:00:32] $height
INFO [2017-11-07 00:00:32] [1] 2000
INFO [2017-11-07 00:00:32] 
INFO [2017-11-07 00:00:32] $width
INFO [2017-11-07 00:00:32] [1] 3000
INFO [2017-11-07 00:00:32] 
