INFO [2017-12-23 18:21:59] [[1]]
INFO [2017-12-23 18:21:59] mylist
INFO [2017-12-23 18:21:59] 
INFO [2017-12-23 18:21:59] $filename
INFO [2017-12-23 18:21:59] NULL
INFO [2017-12-23 18:21:59] 
INFO [2017-12-23 18:21:59] $main
INFO [2017-12-23 18:21:59] [1] "Downregulated kidney specific (FSR 1%)"
INFO [2017-12-23 18:21:59] 
INFO [2017-12-23 18:21:59] $main.cex
INFO [2017-12-23 18:21:59] [1] 2
INFO [2017-12-23 18:21:59] 
INFO [2017-12-23 18:21:59] $cat.cex
INFO [2017-12-23 18:21:59] [1] 1.5
INFO [2017-12-23 18:21:59] 
INFO [2017-12-23 18:21:59] $cex
INFO [2017-12-23 18:21:59] [1] 2.5
INFO [2017-12-23 18:21:59] 
INFO [2017-12-23 18:21:59] $fill
INFO [2017-12-23 18:21:59] pal[1:3]
INFO [2017-12-23 18:21:59] 
INFO [2017-12-23 18:21:59] $lty
INFO [2017-12-23 18:21:59] [1] 1
INFO [2017-12-23 18:21:59] 
INFO [2017-12-23 18:21:59] $height
INFO [2017-12-23 18:21:59] [1] 2000
INFO [2017-12-23 18:21:59] 
INFO [2017-12-23 18:21:59] $width
INFO [2017-12-23 18:21:59] [1] 3000
INFO [2017-12-23 18:21:59] 
