INFO [2017-12-21 17:07:22] [[1]]
INFO [2017-12-21 17:07:22] mylist
INFO [2017-12-21 17:07:22] 
INFO [2017-12-21 17:07:22] $filename
INFO [2017-12-21 17:07:22] NULL
INFO [2017-12-21 17:07:22] 
INFO [2017-12-21 17:07:22] $main
INFO [2017-12-21 17:07:22] [1] "Upregulated in Humans compared to Chimps (FSR 1%)"
INFO [2017-12-21 17:07:22] 
INFO [2017-12-21 17:07:22] $main.cex
INFO [2017-12-21 17:07:22] [1] 2
INFO [2017-12-21 17:07:22] 
INFO [2017-12-21 17:07:22] $cat.cex
INFO [2017-12-21 17:07:22] [1] 1.5
INFO [2017-12-21 17:07:22] 
INFO [2017-12-21 17:07:22] $cex
INFO [2017-12-21 17:07:22] [1] 2.5
INFO [2017-12-21 17:07:22] 
INFO [2017-12-21 17:07:22] $fill
INFO [2017-12-21 17:07:22] pal[1:4]
INFO [2017-12-21 17:07:22] 
INFO [2017-12-21 17:07:22] $lty
INFO [2017-12-21 17:07:22] [1] 1
INFO [2017-12-21 17:07:22] 
INFO [2017-12-21 17:07:22] $height
INFO [2017-12-21 17:07:22] [1] 2000
INFO [2017-12-21 17:07:22] 
INFO [2017-12-21 17:07:22] $width
INFO [2017-12-21 17:07:22] [1] 3000
INFO [2017-12-21 17:07:22] 
INFO [2017-12-21 17:07:22] [[1]]
INFO [2017-12-21 17:07:22] mylist
INFO [2017-12-21 17:07:22] 
INFO [2017-12-21 17:07:22] $filename
INFO [2017-12-21 17:07:22] NULL
INFO [2017-12-21 17:07:22] 
INFO [2017-12-21 17:07:22] $main
INFO [2017-12-21 17:07:22] [1] "Upregulated in Humans compared to Rhesus (FSR 1%)"
INFO [2017-12-21 17:07:22] 
INFO [2017-12-21 17:07:22] $main.cex
INFO [2017-12-21 17:07:22] [1] 2
INFO [2017-12-21 17:07:22] 
INFO [2017-12-21 17:07:22] $cat.cex
INFO [2017-12-21 17:07:22] [1] 1.5
INFO [2017-12-21 17:07:22] 
INFO [2017-12-21 17:07:22] $cex
INFO [2017-12-21 17:07:22] [1] 2.5
INFO [2017-12-21 17:07:22] 
INFO [2017-12-21 17:07:22] $fill
INFO [2017-12-21 17:07:22] pal[1:4]
INFO [2017-12-21 17:07:22] 
INFO [2017-12-21 17:07:22] $lty
INFO [2017-12-21 17:07:22] [1] 1
INFO [2017-12-21 17:07:22] 
INFO [2017-12-21 17:07:22] $height
INFO [2017-12-21 17:07:22] [1] 2000
INFO [2017-12-21 17:07:22] 
INFO [2017-12-21 17:07:22] $width
INFO [2017-12-21 17:07:22] [1] 3000
INFO [2017-12-21 17:07:22] 
