INFO [2017-11-07 12:10:49] [[1]]
INFO [2017-11-07 12:10:49] mylist
INFO [2017-11-07 12:10:49] 
INFO [2017-11-07 12:10:49] $filename
INFO [2017-11-07 12:10:49] NULL
INFO [2017-11-07 12:10:49] 
INFO [2017-11-07 12:10:49] $main
INFO [2017-11-07 12:10:49] [1] "Downregulated in Humans compared to Rhesus (FSR 1%)"
INFO [2017-11-07 12:10:49] 
INFO [2017-11-07 12:10:49] $main.cex
INFO [2017-11-07 12:10:49] [1] 2
INFO [2017-11-07 12:10:49] 
INFO [2017-11-07 12:10:49] $cat.cex
INFO [2017-11-07 12:10:49] [1] 1.5
INFO [2017-11-07 12:10:49] 
INFO [2017-11-07 12:10:49] $cex
INFO [2017-11-07 12:10:49] [1] 2.5
INFO [2017-11-07 12:10:49] 
INFO [2017-11-07 12:10:49] $fill
INFO [2017-11-07 12:10:49] pal[1:4]
INFO [2017-11-07 12:10:49] 
INFO [2017-11-07 12:10:49] $lty
INFO [2017-11-07 12:10:49] [1] 1
INFO [2017-11-07 12:10:49] 
INFO [2017-11-07 12:10:49] $height
INFO [2017-11-07 12:10:49] [1] 2000
INFO [2017-11-07 12:10:49] 
INFO [2017-11-07 12:10:49] $width
INFO [2017-11-07 12:10:49] [1] 3000
INFO [2017-11-07 12:10:49] 
