INFO [2017-12-23 17:52:47] [[1]]
INFO [2017-12-23 17:52:47] mylist
INFO [2017-12-23 17:52:47] 
INFO [2017-12-23 17:52:47] $filename
INFO [2017-12-23 17:52:47] NULL
INFO [2017-12-23 17:52:47] 
INFO [2017-12-23 17:52:47] $main
INFO [2017-12-23 17:52:47] [1] "DE genes between Humans and Chimps (FDR 1%)"
INFO [2017-12-23 17:52:47] 
INFO [2017-12-23 17:52:47] $cex
INFO [2017-12-23 17:52:47] [1] 1.5
INFO [2017-12-23 17:52:47] 
INFO [2017-12-23 17:52:47] $fill
INFO [2017-12-23 17:52:47] pal[1:4]
INFO [2017-12-23 17:52:47] 
INFO [2017-12-23 17:52:47] $lty
INFO [2017-12-23 17:52:47] [1] 1
INFO [2017-12-23 17:52:47] 
INFO [2017-12-23 17:52:47] $height
INFO [2017-12-23 17:52:47] [1] 2000
INFO [2017-12-23 17:52:47] 
INFO [2017-12-23 17:52:47] $width
INFO [2017-12-23 17:52:47] [1] 3000
INFO [2017-12-23 17:52:47] 
INFO [2017-12-23 17:52:47] [[1]]
INFO [2017-12-23 17:52:47] mylist
INFO [2017-12-23 17:52:47] 
INFO [2017-12-23 17:52:47] $filename
INFO [2017-12-23 17:52:47] NULL
INFO [2017-12-23 17:52:47] 
INFO [2017-12-23 17:52:47] $main
INFO [2017-12-23 17:52:47] [1] "DE genes between Humans and Rhesus (FDR 1%)"
INFO [2017-12-23 17:52:47] 
INFO [2017-12-23 17:52:47] $cex
INFO [2017-12-23 17:52:47] [1] 1.5
INFO [2017-12-23 17:52:47] 
INFO [2017-12-23 17:52:47] $fill
INFO [2017-12-23 17:52:47] pal[1:4]
INFO [2017-12-23 17:52:47] 
INFO [2017-12-23 17:52:47] $lty
INFO [2017-12-23 17:52:47] [1] 1
INFO [2017-12-23 17:52:47] 
INFO [2017-12-23 17:52:47] $height
INFO [2017-12-23 17:52:47] [1] 2000
INFO [2017-12-23 17:52:47] 
INFO [2017-12-23 17:52:47] $width
INFO [2017-12-23 17:52:47] [1] 3000
INFO [2017-12-23 17:52:47] 
INFO [2017-12-23 17:52:47] [[1]]
INFO [2017-12-23 17:52:47] mylist
INFO [2017-12-23 17:52:47] 
INFO [2017-12-23 17:52:47] $filename
INFO [2017-12-23 17:52:47] NULL
INFO [2017-12-23 17:52:47] 
INFO [2017-12-23 17:52:47] $main
INFO [2017-12-23 17:52:47] [1] "DE genes between Chimps and Rhesus (FDR 1%)"
INFO [2017-12-23 17:52:47] 
INFO [2017-12-23 17:52:47] $cex
INFO [2017-12-23 17:52:47] [1] 1.5
INFO [2017-12-23 17:52:47] 
INFO [2017-12-23 17:52:47] $fill
INFO [2017-12-23 17:52:47] pal[1:4]
INFO [2017-12-23 17:52:47] 
INFO [2017-12-23 17:52:47] $lty
INFO [2017-12-23 17:52:47] [1] 1
INFO [2017-12-23 17:52:47] 
INFO [2017-12-23 17:52:47] $height
INFO [2017-12-23 17:52:47] [1] 2000
INFO [2017-12-23 17:52:47] 
INFO [2017-12-23 17:52:47] $width
INFO [2017-12-23 17:52:47] [1] 3000
INFO [2017-12-23 17:52:47] 
