INFO [2017-07-13 14:45:21] [[1]]
INFO [2017-07-13 14:45:21] mylist
INFO [2017-07-13 14:45:21] 
INFO [2017-07-13 14:45:21] $filename
INFO [2017-07-13 14:45:21] NULL
INFO [2017-07-13 14:45:21] 
INFO [2017-07-13 14:45:21] $main
INFO [2017-07-13 14:45:21] [1] "Upregulated in Liver compared to Kidney (FSR 1%)"
INFO [2017-07-13 14:45:21] 
INFO [2017-07-13 14:45:21] $main.cex
INFO [2017-07-13 14:45:21] [1] 2
INFO [2017-07-13 14:45:21] 
INFO [2017-07-13 14:45:21] $cat.cex
INFO [2017-07-13 14:45:21] [1] 1.5
INFO [2017-07-13 14:45:21] 
INFO [2017-07-13 14:45:21] $cex
INFO [2017-07-13 14:45:21] [1] 2.5
INFO [2017-07-13 14:45:21] 
INFO [2017-07-13 14:45:21] $fill
INFO [2017-07-13 14:45:21] pal[1:3]
INFO [2017-07-13 14:45:21] 
INFO [2017-07-13 14:45:21] $lty
INFO [2017-07-13 14:45:21] [1] 1
INFO [2017-07-13 14:45:21] 
INFO [2017-07-13 14:45:21] $height
INFO [2017-07-13 14:45:21] [1] 2000
INFO [2017-07-13 14:45:21] 
INFO [2017-07-13 14:45:21] $width
INFO [2017-07-13 14:45:21] [1] 3000
INFO [2017-07-13 14:45:21] 
