INFO [2017-05-31 19:17:58] [[1]]
INFO [2017-05-31 19:17:58] mylist
INFO [2017-05-31 19:17:58] 
INFO [2017-05-31 19:17:58] $filename
INFO [2017-05-31 19:17:58] NULL
INFO [2017-05-31 19:17:58] 
INFO [2017-05-31 19:17:58] $main
INFO [2017-05-31 19:17:58] [1] "Liver specific DE genes with species-specific interactions (FDR 1%)"
INFO [2017-05-31 19:17:58] 
INFO [2017-05-31 19:17:58] $cex
INFO [2017-05-31 19:17:58] [1] 1.5
INFO [2017-05-31 19:17:58] 
INFO [2017-05-31 19:17:58] $fill
INFO [2017-05-31 19:17:58] pal[1:3]
INFO [2017-05-31 19:17:58] 
INFO [2017-05-31 19:17:58] $lty
INFO [2017-05-31 19:17:58] [1] 1
INFO [2017-05-31 19:17:58] 
INFO [2017-05-31 19:17:58] $height
INFO [2017-05-31 19:17:58] [1] 2000
INFO [2017-05-31 19:17:58] 
INFO [2017-05-31 19:17:58] $width
INFO [2017-05-31 19:17:58] [1] 3000
INFO [2017-05-31 19:17:58] 
