INFO [2017-05-31 11:54:38] [[1]]
INFO [2017-05-31 11:54:38] mylist
INFO [2017-05-31 11:54:38] 
INFO [2017-05-31 11:54:38] $filename
INFO [2017-05-31 11:54:38] NULL
INFO [2017-05-31 11:54:38] 
INFO [2017-05-31 11:54:38] $main
INFO [2017-05-31 11:54:38] [1] "DE genes between Great Apes and Rhesus (0.1% FDR)"
INFO [2017-05-31 11:54:38] 
INFO [2017-05-31 11:54:38] $cex
INFO [2017-05-31 11:54:38] [1] 1.5
INFO [2017-05-31 11:54:38] 
INFO [2017-05-31 11:54:38] $fill
INFO [2017-05-31 11:54:38] pal[1:4]
INFO [2017-05-31 11:54:38] 
INFO [2017-05-31 11:54:38] $lty
INFO [2017-05-31 11:54:38] [1] 1
INFO [2017-05-31 11:54:38] 
INFO [2017-05-31 11:54:38] $height
INFO [2017-05-31 11:54:38] [1] 2000
INFO [2017-05-31 11:54:38] 
INFO [2017-05-31 11:54:38] $width
INFO [2017-05-31 11:54:38] [1] 3000
INFO [2017-05-31 11:54:38] 
INFO [2017-05-31 11:54:38] [[1]]
INFO [2017-05-31 11:54:38] mylist
INFO [2017-05-31 11:54:38] 
INFO [2017-05-31 11:54:38] $filename
INFO [2017-05-31 11:54:38] NULL
INFO [2017-05-31 11:54:38] 
INFO [2017-05-31 11:54:38] $main
INFO [2017-05-31 11:54:38] [1] "DE genes between Great Apes and Rhesus (1% FDR)"
INFO [2017-05-31 11:54:38] 
INFO [2017-05-31 11:54:38] $cex
INFO [2017-05-31 11:54:38] [1] 1.5
INFO [2017-05-31 11:54:38] 
INFO [2017-05-31 11:54:38] $fill
INFO [2017-05-31 11:54:38] pal[1:4]
INFO [2017-05-31 11:54:38] 
INFO [2017-05-31 11:54:38] $lty
INFO [2017-05-31 11:54:38] [1] 1
INFO [2017-05-31 11:54:38] 
INFO [2017-05-31 11:54:38] $height
INFO [2017-05-31 11:54:38] [1] 2000
INFO [2017-05-31 11:54:38] 
INFO [2017-05-31 11:54:38] $width
INFO [2017-05-31 11:54:38] [1] 3000
INFO [2017-05-31 11:54:38] 
