INFO [2017-06-01 05:05:47] [[1]]
INFO [2017-06-01 05:05:47] mylist
INFO [2017-06-01 05:05:47] 
INFO [2017-06-01 05:05:47] $filename
INFO [2017-06-01 05:05:47] NULL
INFO [2017-06-01 05:05:47] 
INFO [2017-06-01 05:05:47] $main
INFO [2017-06-01 05:05:47] [1] "DE genes between Liver and Kidney (FDR 1%)"
INFO [2017-06-01 05:05:47] 
INFO [2017-06-01 05:05:47] $cex
INFO [2017-06-01 05:05:47] [1] 1.5
INFO [2017-06-01 05:05:47] 
INFO [2017-06-01 05:05:47] $fill
INFO [2017-06-01 05:05:47] pal[1:3]
INFO [2017-06-01 05:05:47] 
INFO [2017-06-01 05:05:47] $lty
INFO [2017-06-01 05:05:47] [1] 1
INFO [2017-06-01 05:05:47] 
INFO [2017-06-01 05:05:47] $height
INFO [2017-06-01 05:05:47] [1] 2000
INFO [2017-06-01 05:05:47] 
INFO [2017-06-01 05:05:47] $width
INFO [2017-06-01 05:05:47] [1] 3000
INFO [2017-06-01 05:05:47] 
INFO [2017-06-01 05:05:47] [[1]]
INFO [2017-06-01 05:05:47] mylist
INFO [2017-06-01 05:05:47] 
INFO [2017-06-01 05:05:47] $filename
INFO [2017-06-01 05:05:47] NULL
INFO [2017-06-01 05:05:47] 
INFO [2017-06-01 05:05:47] $main
INFO [2017-06-01 05:05:47] [1] "DE genes between Lung and Kidney (FDR 1%)"
INFO [2017-06-01 05:05:47] 
INFO [2017-06-01 05:05:47] $cex
INFO [2017-06-01 05:05:47] [1] 1.5
INFO [2017-06-01 05:05:47] 
INFO [2017-06-01 05:05:47] $fill
INFO [2017-06-01 05:05:47] pal[1:3]
INFO [2017-06-01 05:05:47] 
INFO [2017-06-01 05:05:47] $lty
INFO [2017-06-01 05:05:47] [1] 1
INFO [2017-06-01 05:05:47] 
INFO [2017-06-01 05:05:47] $height
INFO [2017-06-01 05:05:47] [1] 2000
INFO [2017-06-01 05:05:47] 
INFO [2017-06-01 05:05:47] $width
INFO [2017-06-01 05:05:47] [1] 3000
INFO [2017-06-01 05:05:47] 
INFO [2017-06-01 05:05:47] [[1]]
INFO [2017-06-01 05:05:47] mylist
INFO [2017-06-01 05:05:47] 
INFO [2017-06-01 05:05:47] $filename
INFO [2017-06-01 05:05:47] NULL
INFO [2017-06-01 05:05:47] 
INFO [2017-06-01 05:05:47] $main
INFO [2017-06-01 05:05:47] [1] "Heart specific DE genes (FDR 1%)"
INFO [2017-06-01 05:05:47] 
INFO [2017-06-01 05:05:47] $cex
INFO [2017-06-01 05:05:47] [1] 1.5
INFO [2017-06-01 05:05:47] 
INFO [2017-06-01 05:05:47] $fill
INFO [2017-06-01 05:05:47] pal[1:3]
INFO [2017-06-01 05:05:47] 
INFO [2017-06-01 05:05:47] $lty
INFO [2017-06-01 05:05:47] [1] 1
INFO [2017-06-01 05:05:47] 
INFO [2017-06-01 05:05:47] $height
INFO [2017-06-01 05:05:47] [1] 2000
INFO [2017-06-01 05:05:47] 
INFO [2017-06-01 05:05:47] $width
INFO [2017-06-01 05:05:47] [1] 3000
INFO [2017-06-01 05:05:47] 
INFO [2017-06-01 05:05:47] [[1]]
INFO [2017-06-01 05:05:47] mylist
INFO [2017-06-01 05:05:47] 
INFO [2017-06-01 05:05:47] $filename
INFO [2017-06-01 05:05:47] NULL
INFO [2017-06-01 05:05:47] 
INFO [2017-06-01 05:05:47] $main
INFO [2017-06-01 05:05:47] [1] "Liver specific DE genes (FDR 1%)"
INFO [2017-06-01 05:05:47] 
INFO [2017-06-01 05:05:47] $cex
INFO [2017-06-01 05:05:47] [1] 1.5
INFO [2017-06-01 05:05:47] 
INFO [2017-06-01 05:05:47] $fill
INFO [2017-06-01 05:05:47] pal[1:3]
INFO [2017-06-01 05:05:47] 
INFO [2017-06-01 05:05:47] $lty
INFO [2017-06-01 05:05:47] [1] 1
INFO [2017-06-01 05:05:47] 
INFO [2017-06-01 05:05:47] $height
INFO [2017-06-01 05:05:47] [1] 2000
INFO [2017-06-01 05:05:47] 
INFO [2017-06-01 05:05:47] $width
INFO [2017-06-01 05:05:47] [1] 3000
INFO [2017-06-01 05:05:47] 
