INFO [2017-06-01 05:06:42] [[1]]
INFO [2017-06-01 05:06:42] mylist
INFO [2017-06-01 05:06:42] 
INFO [2017-06-01 05:06:42] $filename
INFO [2017-06-01 05:06:42] NULL
INFO [2017-06-01 05:06:42] 
INFO [2017-06-01 05:06:42] $main
INFO [2017-06-01 05:06:42] [1] "DE genes between Humans and Chimps (FDR 1%)"
INFO [2017-06-01 05:06:42] 
INFO [2017-06-01 05:06:42] $cex
INFO [2017-06-01 05:06:42] [1] 1.5
INFO [2017-06-01 05:06:42] 
INFO [2017-06-01 05:06:42] $fill
INFO [2017-06-01 05:06:42] pal[1:4]
INFO [2017-06-01 05:06:42] 
INFO [2017-06-01 05:06:42] $lty
INFO [2017-06-01 05:06:42] [1] 1
INFO [2017-06-01 05:06:42] 
INFO [2017-06-01 05:06:42] $height
INFO [2017-06-01 05:06:42] [1] 2000
INFO [2017-06-01 05:06:42] 
INFO [2017-06-01 05:06:42] $width
INFO [2017-06-01 05:06:42] [1] 3000
INFO [2017-06-01 05:06:42] 
