INFO [2017-06-01 05:05:46] [[1]]
INFO [2017-06-01 05:05:46] mylist
INFO [2017-06-01 05:05:46] 
INFO [2017-06-01 05:05:46] $filename
INFO [2017-06-01 05:05:46] NULL
INFO [2017-06-01 05:05:46] 
INFO [2017-06-01 05:05:46] $main
INFO [2017-06-01 05:05:46] [1] "DE genes between Heart and Liver (FDR 1%)"
INFO [2017-06-01 05:05:46] 
INFO [2017-06-01 05:05:46] $cex
INFO [2017-06-01 05:05:46] [1] 1.5
INFO [2017-06-01 05:05:46] 
INFO [2017-06-01 05:05:46] $fill
INFO [2017-06-01 05:05:46] pal[1:3]
INFO [2017-06-01 05:05:46] 
INFO [2017-06-01 05:05:46] $lty
INFO [2017-06-01 05:05:46] [1] 1
INFO [2017-06-01 05:05:46] 
INFO [2017-06-01 05:05:46] $height
INFO [2017-06-01 05:05:46] [1] 2000
INFO [2017-06-01 05:05:46] 
INFO [2017-06-01 05:05:46] $width
INFO [2017-06-01 05:05:46] [1] 3000
INFO [2017-06-01 05:05:46] 
INFO [2017-06-01 05:05:46] [[1]]
INFO [2017-06-01 05:05:46] mylist
INFO [2017-06-01 05:05:46] 
INFO [2017-06-01 05:05:46] $filename
INFO [2017-06-01 05:05:46] NULL
INFO [2017-06-01 05:05:46] 
INFO [2017-06-01 05:05:46] $main
INFO [2017-06-01 05:05:46] [1] "DE genes between Heart and Lung (FDR 1%)"
INFO [2017-06-01 05:05:46] 
INFO [2017-06-01 05:05:46] $cex
INFO [2017-06-01 05:05:46] [1] 1.5
INFO [2017-06-01 05:05:46] 
INFO [2017-06-01 05:05:46] $fill
INFO [2017-06-01 05:05:46] pal[1:3]
INFO [2017-06-01 05:05:46] 
INFO [2017-06-01 05:05:46] $lty
INFO [2017-06-01 05:05:46] [1] 1
INFO [2017-06-01 05:05:46] 
INFO [2017-06-01 05:05:46] $height
INFO [2017-06-01 05:05:46] [1] 2000
INFO [2017-06-01 05:05:46] 
INFO [2017-06-01 05:05:46] $width
INFO [2017-06-01 05:05:46] [1] 3000
INFO [2017-06-01 05:05:46] 
INFO [2017-06-01 05:05:46] [[1]]
INFO [2017-06-01 05:05:46] mylist
INFO [2017-06-01 05:05:46] 
INFO [2017-06-01 05:05:46] $filename
INFO [2017-06-01 05:05:46] NULL
INFO [2017-06-01 05:05:46] 
INFO [2017-06-01 05:05:46] $main
INFO [2017-06-01 05:05:46] [1] "DE genes between Heart and Kidney (FDR 1%)"
INFO [2017-06-01 05:05:46] 
INFO [2017-06-01 05:05:46] $cex
INFO [2017-06-01 05:05:46] [1] 1.5
INFO [2017-06-01 05:05:46] 
INFO [2017-06-01 05:05:46] $fill
INFO [2017-06-01 05:05:46] pal[1:3]
INFO [2017-06-01 05:05:46] 
INFO [2017-06-01 05:05:46] $lty
INFO [2017-06-01 05:05:46] [1] 1
INFO [2017-06-01 05:05:46] 
INFO [2017-06-01 05:05:46] $height
INFO [2017-06-01 05:05:46] [1] 2000
INFO [2017-06-01 05:05:46] 
INFO [2017-06-01 05:05:46] $width
INFO [2017-06-01 05:05:46] [1] 3000
INFO [2017-06-01 05:05:46] 
INFO [2017-06-01 05:05:46] [[1]]
INFO [2017-06-01 05:05:46] mylist
INFO [2017-06-01 05:05:46] 
INFO [2017-06-01 05:05:46] $filename
INFO [2017-06-01 05:05:46] NULL
INFO [2017-06-01 05:05:46] 
INFO [2017-06-01 05:05:46] $main
INFO [2017-06-01 05:05:46] [1] "DE genes between Liver and Lung (FDR 1%)"
INFO [2017-06-01 05:05:46] 
INFO [2017-06-01 05:05:46] $cex
INFO [2017-06-01 05:05:46] [1] 1.5
INFO [2017-06-01 05:05:46] 
INFO [2017-06-01 05:05:46] $fill
INFO [2017-06-01 05:05:46] pal[1:3]
INFO [2017-06-01 05:05:46] 
INFO [2017-06-01 05:05:46] $lty
INFO [2017-06-01 05:05:46] [1] 1
INFO [2017-06-01 05:05:46] 
INFO [2017-06-01 05:05:46] $height
INFO [2017-06-01 05:05:46] [1] 2000
INFO [2017-06-01 05:05:46] 
INFO [2017-06-01 05:05:46] $width
INFO [2017-06-01 05:05:46] [1] 3000
INFO [2017-06-01 05:05:46] 
