INFO [2017-06-01 08:43:13] [[1]]
INFO [2017-06-01 08:43:13] mylist
INFO [2017-06-01 08:43:13] 
INFO [2017-06-01 08:43:13] $filename
INFO [2017-06-01 08:43:13] NULL
INFO [2017-06-01 08:43:13] 
INFO [2017-06-01 08:43:13] $main
INFO [2017-06-01 08:43:13] [1] "DE genes between Humans and Chimps (FDR 1%)"
INFO [2017-06-01 08:43:13] 
INFO [2017-06-01 08:43:13] $cex
INFO [2017-06-01 08:43:13] [1] 1.5
INFO [2017-06-01 08:43:13] 
INFO [2017-06-01 08:43:13] $fill
INFO [2017-06-01 08:43:13] pal[1:4]
INFO [2017-06-01 08:43:13] 
INFO [2017-06-01 08:43:13] $lty
INFO [2017-06-01 08:43:13] [1] 1
INFO [2017-06-01 08:43:13] 
INFO [2017-06-01 08:43:13] $height
INFO [2017-06-01 08:43:13] [1] 2000
INFO [2017-06-01 08:43:13] 
INFO [2017-06-01 08:43:13] $width
INFO [2017-06-01 08:43:13] [1] 3000
INFO [2017-06-01 08:43:13] 
