INFO [2017-12-21 14:18:44] [[1]]
INFO [2017-12-21 14:18:44] mylist
INFO [2017-12-21 14:18:44] 
INFO [2017-12-21 14:18:44] $filename
INFO [2017-12-21 14:18:44] NULL
INFO [2017-12-21 14:18:44] 
INFO [2017-12-21 14:18:44] $main
INFO [2017-12-21 14:18:44] [1] "DE genes between Humans and Rhesus (FDR 1%)"
INFO [2017-12-21 14:18:44] 
INFO [2017-12-21 14:18:44] $cex
INFO [2017-12-21 14:18:44] [1] 1.5
INFO [2017-12-21 14:18:44] 
INFO [2017-12-21 14:18:44] $fill
INFO [2017-12-21 14:18:44] pal[1:4]
INFO [2017-12-21 14:18:44] 
INFO [2017-12-21 14:18:44] $lty
INFO [2017-12-21 14:18:44] [1] 1
INFO [2017-12-21 14:18:44] 
INFO [2017-12-21 14:18:44] $height
INFO [2017-12-21 14:18:44] [1] 2000
INFO [2017-12-21 14:18:44] 
INFO [2017-12-21 14:18:44] $width
INFO [2017-12-21 14:18:44] [1] 3000
INFO [2017-12-21 14:18:44] 
ERROR [2017-12-21 14:18:44] Unexpected parameter length for 'fill'
