INFO [2017-05-31 11:54:06] [[1]]
INFO [2017-05-31 11:54:06] mylist
INFO [2017-05-31 11:54:06] 
INFO [2017-05-31 11:54:06] $filename
INFO [2017-05-31 11:54:06] NULL
INFO [2017-05-31 11:54:06] 
INFO [2017-05-31 11:54:06] $main
INFO [2017-05-31 11:54:06] [1] "DE genes between Humans and Chimps (FDR 1%)"
INFO [2017-05-31 11:54:06] 
INFO [2017-05-31 11:54:06] $cex
INFO [2017-05-31 11:54:06] [1] 1.5
INFO [2017-05-31 11:54:06] 
INFO [2017-05-31 11:54:06] $fill
INFO [2017-05-31 11:54:06] pal[1:4]
INFO [2017-05-31 11:54:06] 
INFO [2017-05-31 11:54:06] $lty
INFO [2017-05-31 11:54:06] [1] 1
INFO [2017-05-31 11:54:06] 
INFO [2017-05-31 11:54:06] $height
INFO [2017-05-31 11:54:06] [1] 2000
INFO [2017-05-31 11:54:06] 
INFO [2017-05-31 11:54:06] $width
INFO [2017-05-31 11:54:06] [1] 3000
INFO [2017-05-31 11:54:06] 
