INFO [2017-12-21 18:34:44] [[1]]
INFO [2017-12-21 18:34:44] mylist
INFO [2017-12-21 18:34:44] 
INFO [2017-12-21 18:34:44] $filename
INFO [2017-12-21 18:34:44] NULL
INFO [2017-12-21 18:34:44] 
INFO [2017-12-21 18:34:44] $main
INFO [2017-12-21 18:34:44] [1] "Upregulated lung specific (FSR 1%)"
INFO [2017-12-21 18:34:44] 
INFO [2017-12-21 18:34:44] $main.cex
INFO [2017-12-21 18:34:44] [1] 2
INFO [2017-12-21 18:34:44] 
INFO [2017-12-21 18:34:44] $cat.cex
INFO [2017-12-21 18:34:44] [1] 1.5
INFO [2017-12-21 18:34:44] 
INFO [2017-12-21 18:34:44] $cex
INFO [2017-12-21 18:34:44] [1] 2.5
INFO [2017-12-21 18:34:44] 
INFO [2017-12-21 18:34:44] $fill
INFO [2017-12-21 18:34:44] pal[1:3]
INFO [2017-12-21 18:34:44] 
INFO [2017-12-21 18:34:44] $lty
INFO [2017-12-21 18:34:44] [1] 1
INFO [2017-12-21 18:34:44] 
INFO [2017-12-21 18:34:44] $height
INFO [2017-12-21 18:34:44] [1] 2000
INFO [2017-12-21 18:34:44] 
INFO [2017-12-21 18:34:44] $width
INFO [2017-12-21 18:34:44] [1] 3000
INFO [2017-12-21 18:34:44] 
