INFO [2017-06-01 05:07:02] [[1]]
INFO [2017-06-01 05:07:02] mylist
INFO [2017-06-01 05:07:02] 
INFO [2017-06-01 05:07:02] $filename
INFO [2017-06-01 05:07:02] NULL
INFO [2017-06-01 05:07:02] 
INFO [2017-06-01 05:07:02] $main
INFO [2017-06-01 05:07:02] [1] "DE genes between Great Apes and Rhesus (0.01% FDR)"
INFO [2017-06-01 05:07:02] 
INFO [2017-06-01 05:07:02] $cex
INFO [2017-06-01 05:07:02] [1] 1.5
INFO [2017-06-01 05:07:02] 
INFO [2017-06-01 05:07:02] $fill
INFO [2017-06-01 05:07:02] pal[1:4]
INFO [2017-06-01 05:07:02] 
INFO [2017-06-01 05:07:02] $lty
INFO [2017-06-01 05:07:02] [1] 1
INFO [2017-06-01 05:07:02] 
INFO [2017-06-01 05:07:02] $height
INFO [2017-06-01 05:07:02] [1] 2000
INFO [2017-06-01 05:07:02] 
INFO [2017-06-01 05:07:02] $width
INFO [2017-06-01 05:07:02] [1] 3000
INFO [2017-06-01 05:07:02] 
INFO [2017-06-01 05:07:02] [[1]]
INFO [2017-06-01 05:07:02] mylist
INFO [2017-06-01 05:07:02] 
INFO [2017-06-01 05:07:02] $filename
INFO [2017-06-01 05:07:02] NULL
INFO [2017-06-01 05:07:02] 
INFO [2017-06-01 05:07:02] $main
INFO [2017-06-01 05:07:02] [1] "Significant interaction in rhesus (0.01% FDR)"
INFO [2017-06-01 05:07:02] 
INFO [2017-06-01 05:07:02] $cex
INFO [2017-06-01 05:07:02] [1] 1.5
INFO [2017-06-01 05:07:02] 
INFO [2017-06-01 05:07:02] $fill
INFO [2017-06-01 05:07:02] pal[1:3]
INFO [2017-06-01 05:07:02] 
INFO [2017-06-01 05:07:02] $lty
INFO [2017-06-01 05:07:02] [1] 1
INFO [2017-06-01 05:07:02] 
INFO [2017-06-01 05:07:02] $height
INFO [2017-06-01 05:07:02] [1] 2000
INFO [2017-06-01 05:07:02] 
INFO [2017-06-01 05:07:02] $width
INFO [2017-06-01 05:07:02] [1] 3000
INFO [2017-06-01 05:07:02] 
INFO [2017-06-01 05:07:02] [[1]]
INFO [2017-06-01 05:07:02] mylist
INFO [2017-06-01 05:07:02] 
INFO [2017-06-01 05:07:02] $filename
INFO [2017-06-01 05:07:02] NULL
INFO [2017-06-01 05:07:02] 
INFO [2017-06-01 05:07:02] $main
INFO [2017-06-01 05:07:02] [1] "DE genes between Great Apes and Rhesus (0.1% FDR)"
INFO [2017-06-01 05:07:02] 
INFO [2017-06-01 05:07:02] $cex
INFO [2017-06-01 05:07:02] [1] 1.5
INFO [2017-06-01 05:07:02] 
INFO [2017-06-01 05:07:02] $fill
INFO [2017-06-01 05:07:02] pal[1:4]
INFO [2017-06-01 05:07:02] 
INFO [2017-06-01 05:07:02] $lty
INFO [2017-06-01 05:07:02] [1] 1
INFO [2017-06-01 05:07:02] 
INFO [2017-06-01 05:07:02] $height
INFO [2017-06-01 05:07:02] [1] 2000
INFO [2017-06-01 05:07:02] 
INFO [2017-06-01 05:07:02] $width
INFO [2017-06-01 05:07:02] [1] 3000
INFO [2017-06-01 05:07:02] 
INFO [2017-06-01 05:07:02] [[1]]
INFO [2017-06-01 05:07:02] mylist
INFO [2017-06-01 05:07:02] 
INFO [2017-06-01 05:07:02] $filename
INFO [2017-06-01 05:07:02] NULL
INFO [2017-06-01 05:07:02] 
INFO [2017-06-01 05:07:02] $main
INFO [2017-06-01 05:07:02] [1] "DE genes between Great Apes and Rhesus (1% FDR)"
INFO [2017-06-01 05:07:02] 
INFO [2017-06-01 05:07:02] $cex
INFO [2017-06-01 05:07:02] [1] 1.5
INFO [2017-06-01 05:07:02] 
INFO [2017-06-01 05:07:02] $fill
INFO [2017-06-01 05:07:02] pal[1:4]
INFO [2017-06-01 05:07:02] 
INFO [2017-06-01 05:07:02] $lty
INFO [2017-06-01 05:07:02] [1] 1
INFO [2017-06-01 05:07:02] 
INFO [2017-06-01 05:07:02] $height
INFO [2017-06-01 05:07:02] [1] 2000
INFO [2017-06-01 05:07:02] 
INFO [2017-06-01 05:07:02] $width
INFO [2017-06-01 05:07:02] [1] 3000
INFO [2017-06-01 05:07:02] 
