INFO [2017-12-21 16:37:12] [[1]]
INFO [2017-12-21 16:37:12] mylist
INFO [2017-12-21 16:37:12] 
INFO [2017-12-21 16:37:12] $filename
INFO [2017-12-21 16:37:12] NULL
INFO [2017-12-21 16:37:12] 
INFO [2017-12-21 16:37:12] $main
INFO [2017-12-21 16:37:12] [1] "DE genes between Liver and Lung (FDR 1%)"
INFO [2017-12-21 16:37:12] 
INFO [2017-12-21 16:37:12] $cex
INFO [2017-12-21 16:37:12] [1] 1.5
INFO [2017-12-21 16:37:12] 
INFO [2017-12-21 16:37:12] $fill
INFO [2017-12-21 16:37:12] pal[1:3]
INFO [2017-12-21 16:37:12] 
INFO [2017-12-21 16:37:12] $lty
INFO [2017-12-21 16:37:12] [1] 1
INFO [2017-12-21 16:37:12] 
INFO [2017-12-21 16:37:12] $height
INFO [2017-12-21 16:37:12] [1] 2000
INFO [2017-12-21 16:37:12] 
INFO [2017-12-21 16:37:12] $width
INFO [2017-12-21 16:37:12] [1] 3000
INFO [2017-12-21 16:37:12] 
INFO [2017-12-21 16:37:12] [[1]]
INFO [2017-12-21 16:37:12] mylist
INFO [2017-12-21 16:37:12] 
INFO [2017-12-21 16:37:12] $filename
INFO [2017-12-21 16:37:12] NULL
INFO [2017-12-21 16:37:12] 
INFO [2017-12-21 16:37:12] $main
INFO [2017-12-21 16:37:12] [1] "DE genes between Liver and Kidney (FDR 1%)"
INFO [2017-12-21 16:37:12] 
INFO [2017-12-21 16:37:12] $cex
INFO [2017-12-21 16:37:12] [1] 1.5
INFO [2017-12-21 16:37:12] 
INFO [2017-12-21 16:37:12] $fill
INFO [2017-12-21 16:37:12] pal[1:3]
INFO [2017-12-21 16:37:12] 
INFO [2017-12-21 16:37:12] $lty
INFO [2017-12-21 16:37:12] [1] 1
INFO [2017-12-21 16:37:12] 
INFO [2017-12-21 16:37:12] $height
INFO [2017-12-21 16:37:12] [1] 2000
INFO [2017-12-21 16:37:12] 
INFO [2017-12-21 16:37:12] $width
INFO [2017-12-21 16:37:12] [1] 3000
INFO [2017-12-21 16:37:12] 
