INFO [2017-06-01 09:00:54] [[1]]
INFO [2017-06-01 09:00:54] mylist
INFO [2017-06-01 09:00:54] 
INFO [2017-06-01 09:00:54] $filename
INFO [2017-06-01 09:00:54] NULL
INFO [2017-06-01 09:00:54] 
INFO [2017-06-01 09:00:54] $main
INFO [2017-06-01 09:00:54] [1] "Lung specific DE genes (FDR 1%)"
INFO [2017-06-01 09:00:54] 
INFO [2017-06-01 09:00:54] $cex
INFO [2017-06-01 09:00:54] [1] 1.5
INFO [2017-06-01 09:00:54] 
INFO [2017-06-01 09:00:54] $fill
INFO [2017-06-01 09:00:54] pal[1:3]
INFO [2017-06-01 09:00:54] 
INFO [2017-06-01 09:00:54] $lty
INFO [2017-06-01 09:00:54] [1] 1
INFO [2017-06-01 09:00:54] 
INFO [2017-06-01 09:00:54] $height
INFO [2017-06-01 09:00:54] [1] 2000
INFO [2017-06-01 09:00:54] 
INFO [2017-06-01 09:00:54] $width
INFO [2017-06-01 09:00:54] [1] 3000
INFO [2017-06-01 09:00:54] 
