INFO [2017-12-23 18:21:46] [[1]]
INFO [2017-12-23 18:21:46] mylist
INFO [2017-12-23 18:21:46] 
INFO [2017-12-23 18:21:46] $filename
INFO [2017-12-23 18:21:46] NULL
INFO [2017-12-23 18:21:46] 
INFO [2017-12-23 18:21:46] $main
INFO [2017-12-23 18:21:46] [1] "Upregulated in Humans compared to Chimps (FSR 1%)"
INFO [2017-12-23 18:21:46] 
INFO [2017-12-23 18:21:46] $main.cex
INFO [2017-12-23 18:21:46] [1] 2
INFO [2017-12-23 18:21:46] 
INFO [2017-12-23 18:21:46] $cat.cex
INFO [2017-12-23 18:21:46] [1] 1.5
INFO [2017-12-23 18:21:46] 
INFO [2017-12-23 18:21:46] $cex
INFO [2017-12-23 18:21:46] [1] 2.5
INFO [2017-12-23 18:21:46] 
INFO [2017-12-23 18:21:46] $fill
INFO [2017-12-23 18:21:46] pal[1:4]
INFO [2017-12-23 18:21:46] 
INFO [2017-12-23 18:21:46] $lty
INFO [2017-12-23 18:21:46] [1] 1
INFO [2017-12-23 18:21:46] 
INFO [2017-12-23 18:21:46] $height
INFO [2017-12-23 18:21:46] [1] 2000
INFO [2017-12-23 18:21:46] 
INFO [2017-12-23 18:21:46] $width
INFO [2017-12-23 18:21:46] [1] 3000
INFO [2017-12-23 18:21:46] 
