INFO [2017-07-12 16:27:03] [[1]]
INFO [2017-07-12 16:27:03] mylist
INFO [2017-07-12 16:27:03] 
INFO [2017-07-12 16:27:03] $filename
INFO [2017-07-12 16:27:03] NULL
INFO [2017-07-12 16:27:03] 
INFO [2017-07-12 16:27:03] $main
INFO [2017-07-12 16:27:03] [1] "Upregulated kidney specific (FSR 1%)"
INFO [2017-07-12 16:27:03] 
INFO [2017-07-12 16:27:03] $cex
INFO [2017-07-12 16:27:03] [1] 1.5
INFO [2017-07-12 16:27:03] 
INFO [2017-07-12 16:27:03] $fill
INFO [2017-07-12 16:27:03] pal[1:3]
INFO [2017-07-12 16:27:03] 
INFO [2017-07-12 16:27:03] $lty
INFO [2017-07-12 16:27:03] [1] 1
INFO [2017-07-12 16:27:03] 
INFO [2017-07-12 16:27:03] $height
INFO [2017-07-12 16:27:03] [1] 2000
INFO [2017-07-12 16:27:03] 
INFO [2017-07-12 16:27:03] $width
INFO [2017-07-12 16:27:03] [1] 3000
INFO [2017-07-12 16:27:03] 
