INFO [2017-12-23 18:21:51] [[1]]
INFO [2017-12-23 18:21:51] mylist
INFO [2017-12-23 18:21:51] 
INFO [2017-12-23 18:21:51] $filename
INFO [2017-12-23 18:21:51] NULL
INFO [2017-12-23 18:21:51] 
INFO [2017-12-23 18:21:51] $main
INFO [2017-12-23 18:21:51] [1] "Downregulated livers (FSR 1%)"
INFO [2017-12-23 18:21:51] 
INFO [2017-12-23 18:21:51] $main.cex
INFO [2017-12-23 18:21:51] [1] 2
INFO [2017-12-23 18:21:51] 
INFO [2017-12-23 18:21:51] $cat.cex
INFO [2017-12-23 18:21:51] [1] 1.5
INFO [2017-12-23 18:21:51] 
INFO [2017-12-23 18:21:51] $cex
INFO [2017-12-23 18:21:51] [1] 2.5
INFO [2017-12-23 18:21:51] 
INFO [2017-12-23 18:21:51] $fill
INFO [2017-12-23 18:21:51] pal[1:3]
INFO [2017-12-23 18:21:51] 
INFO [2017-12-23 18:21:51] $lty
INFO [2017-12-23 18:21:51] [1] 1
INFO [2017-12-23 18:21:51] 
INFO [2017-12-23 18:21:51] $height
INFO [2017-12-23 18:21:51] [1] 2000
INFO [2017-12-23 18:21:51] 
INFO [2017-12-23 18:21:51] $width
INFO [2017-12-23 18:21:51] [1] 3000
INFO [2017-12-23 18:21:51] 
