INFO [2017-12-21 17:07:18] [[1]]
INFO [2017-12-21 17:07:18] mylist
INFO [2017-12-21 17:07:18] 
INFO [2017-12-21 17:07:18] $filename
INFO [2017-12-21 17:07:18] NULL
INFO [2017-12-21 17:07:18] 
INFO [2017-12-21 17:07:18] $main
INFO [2017-12-21 17:07:18] [1] "Upregulated in Lung compared to Kidney (FSR 1%)"
INFO [2017-12-21 17:07:18] 
INFO [2017-12-21 17:07:18] $main.cex
INFO [2017-12-21 17:07:18] [1] 2
INFO [2017-12-21 17:07:18] 
INFO [2017-12-21 17:07:18] $cat.cex
INFO [2017-12-21 17:07:18] [1] 1.5
INFO [2017-12-21 17:07:18] 
INFO [2017-12-21 17:07:18] $cex
INFO [2017-12-21 17:07:18] [1] 2.5
INFO [2017-12-21 17:07:18] 
INFO [2017-12-21 17:07:18] $fill
INFO [2017-12-21 17:07:18] pal[1:3]
INFO [2017-12-21 17:07:18] 
INFO [2017-12-21 17:07:18] $lty
INFO [2017-12-21 17:07:18] [1] 1
INFO [2017-12-21 17:07:18] 
INFO [2017-12-21 17:07:18] $height
INFO [2017-12-21 17:07:18] [1] 2000
INFO [2017-12-21 17:07:18] 
INFO [2017-12-21 17:07:18] $width
INFO [2017-12-21 17:07:18] [1] 3000
INFO [2017-12-21 17:07:18] 
INFO [2017-12-21 17:07:18] [[1]]
INFO [2017-12-21 17:07:18] mylist
INFO [2017-12-21 17:07:18] 
INFO [2017-12-21 17:07:18] $filename
INFO [2017-12-21 17:07:18] NULL
INFO [2017-12-21 17:07:18] 
INFO [2017-12-21 17:07:18] $main
INFO [2017-12-21 17:07:18] [1] "Downregulated in Heart compared to Kidney (FSR 1%)"
INFO [2017-12-21 17:07:18] 
INFO [2017-12-21 17:07:18] $main.cex
INFO [2017-12-21 17:07:18] [1] 2
INFO [2017-12-21 17:07:18] 
INFO [2017-12-21 17:07:18] $cat.cex
INFO [2017-12-21 17:07:18] [1] 1.5
INFO [2017-12-21 17:07:18] 
INFO [2017-12-21 17:07:18] $cex
INFO [2017-12-21 17:07:18] [1] 2.5
INFO [2017-12-21 17:07:18] 
INFO [2017-12-21 17:07:18] $fill
INFO [2017-12-21 17:07:18] pal[1:3]
INFO [2017-12-21 17:07:18] 
INFO [2017-12-21 17:07:18] $lty
INFO [2017-12-21 17:07:18] [1] 1
INFO [2017-12-21 17:07:18] 
INFO [2017-12-21 17:07:18] $height
INFO [2017-12-21 17:07:18] [1] 2000
INFO [2017-12-21 17:07:18] 
INFO [2017-12-21 17:07:18] $width
INFO [2017-12-21 17:07:18] [1] 3000
INFO [2017-12-21 17:07:18] 
