INFO [2017-07-13 14:31:52] [[1]]
INFO [2017-07-13 14:31:52] mylist
INFO [2017-07-13 14:31:52] 
INFO [2017-07-13 14:31:52] $filename
INFO [2017-07-13 14:31:52] NULL
INFO [2017-07-13 14:31:52] 
INFO [2017-07-13 14:31:52] $main
INFO [2017-07-13 14:31:52] [1] "Upregulated in Liver compared to Lung (FSR 1%)"
INFO [2017-07-13 14:31:52] 
INFO [2017-07-13 14:31:52] $cat.cex
INFO [2017-07-13 14:31:52] [1] 1.5
INFO [2017-07-13 14:31:52] 
INFO [2017-07-13 14:31:52] $cex
INFO [2017-07-13 14:31:52] [1] 2.5
INFO [2017-07-13 14:31:52] 
INFO [2017-07-13 14:31:52] $fill
INFO [2017-07-13 14:31:52] pal[1:3]
INFO [2017-07-13 14:31:52] 
INFO [2017-07-13 14:31:52] $lty
INFO [2017-07-13 14:31:52] [1] 1
INFO [2017-07-13 14:31:52] 
INFO [2017-07-13 14:31:52] $height
INFO [2017-07-13 14:31:52] [1] 2000
INFO [2017-07-13 14:31:52] 
INFO [2017-07-13 14:31:52] $width
INFO [2017-07-13 14:31:52] [1] 3000
INFO [2017-07-13 14:31:52] 
