INFO [2017-11-07 00:29:39] [[1]]
INFO [2017-11-07 00:29:39] mylist
INFO [2017-11-07 00:29:39] 
INFO [2017-11-07 00:29:39] $filename
INFO [2017-11-07 00:29:39] NULL
INFO [2017-11-07 00:29:39] 
INFO [2017-11-07 00:29:39] $main
INFO [2017-11-07 00:29:39] [1] "Upregulated in Humans compared to Chimps (FSR 1%)"
INFO [2017-11-07 00:29:39] 
INFO [2017-11-07 00:29:39] $main.cex
INFO [2017-11-07 00:29:39] [1] 2
INFO [2017-11-07 00:29:39] 
INFO [2017-11-07 00:29:39] $cat.cex
INFO [2017-11-07 00:29:39] [1] 1.5
INFO [2017-11-07 00:29:39] 
INFO [2017-11-07 00:29:39] $cex
INFO [2017-11-07 00:29:39] [1] 2.5
INFO [2017-11-07 00:29:39] 
INFO [2017-11-07 00:29:39] $fill
INFO [2017-11-07 00:29:39] pal[1:4]
INFO [2017-11-07 00:29:39] 
INFO [2017-11-07 00:29:39] $lty
INFO [2017-11-07 00:29:39] [1] 1
INFO [2017-11-07 00:29:39] 
INFO [2017-11-07 00:29:39] $height
INFO [2017-11-07 00:29:39] [1] 2000
INFO [2017-11-07 00:29:39] 
INFO [2017-11-07 00:29:39] $width
INFO [2017-11-07 00:29:39] [1] 3000
INFO [2017-11-07 00:29:39] 
