INFO [2017-06-01 08:51:30] [[1]]
INFO [2017-06-01 08:51:30] mylist
INFO [2017-06-01 08:51:30] 
INFO [2017-06-01 08:51:30] $filename
INFO [2017-06-01 08:51:30] NULL
INFO [2017-06-01 08:51:30] 
INFO [2017-06-01 08:51:30] $main
INFO [2017-06-01 08:51:30] [1] "DE genes between Heart and Kidney (FDR 1%)"
INFO [2017-06-01 08:51:30] 
INFO [2017-06-01 08:51:30] $cex
INFO [2017-06-01 08:51:30] [1] 1.5
INFO [2017-06-01 08:51:30] 
INFO [2017-06-01 08:51:30] $fill
INFO [2017-06-01 08:51:30] pal[1:3]
INFO [2017-06-01 08:51:30] 
INFO [2017-06-01 08:51:30] $lty
INFO [2017-06-01 08:51:30] [1] 1
INFO [2017-06-01 08:51:30] 
INFO [2017-06-01 08:51:30] $height
INFO [2017-06-01 08:51:30] [1] 2000
INFO [2017-06-01 08:51:30] 
INFO [2017-06-01 08:51:30] $width
INFO [2017-06-01 08:51:30] [1] 3000
INFO [2017-06-01 08:51:30] 
