INFO [2017-06-01 08:54:53] [[1]]
INFO [2017-06-01 08:54:53] mylist
INFO [2017-06-01 08:54:53] 
INFO [2017-06-01 08:54:53] $filename
INFO [2017-06-01 08:54:53] NULL
INFO [2017-06-01 08:54:53] 
INFO [2017-06-01 08:54:53] $main
INFO [2017-06-01 08:54:53] [1] "DE genes between Heart and Liver (FDR 1%)"
INFO [2017-06-01 08:54:53] 
INFO [2017-06-01 08:54:53] $cex
INFO [2017-06-01 08:54:53] [1] 1.5
INFO [2017-06-01 08:54:53] 
INFO [2017-06-01 08:54:53] $fill
INFO [2017-06-01 08:54:53] pal[1:3]
INFO [2017-06-01 08:54:53] 
INFO [2017-06-01 08:54:53] $lty
INFO [2017-06-01 08:54:53] [1] 1
INFO [2017-06-01 08:54:53] 
INFO [2017-06-01 08:54:53] $height
INFO [2017-06-01 08:54:53] [1] 2000
INFO [2017-06-01 08:54:53] 
INFO [2017-06-01 08:54:53] $width
INFO [2017-06-01 08:54:53] [1] 3000
INFO [2017-06-01 08:54:53] 
