INFO [2017-12-21 14:10:47] [[1]]
INFO [2017-12-21 14:10:47] mylist
INFO [2017-12-21 14:10:47] 
INFO [2017-12-21 14:10:47] $filename
INFO [2017-12-21 14:10:47] NULL
INFO [2017-12-21 14:10:47] 
INFO [2017-12-21 14:10:47] $main
INFO [2017-12-21 14:10:47] [1] "Significant interactions in Humans (FDR 1%)"
INFO [2017-12-21 14:10:47] 
INFO [2017-12-21 14:10:47] $cex
INFO [2017-12-21 14:10:47] [1] 1.5
INFO [2017-12-21 14:10:47] 
INFO [2017-12-21 14:10:47] $fill
INFO [2017-12-21 14:10:47] pal[1:3]
INFO [2017-12-21 14:10:47] 
INFO [2017-12-21 14:10:47] $lty
INFO [2017-12-21 14:10:47] [1] 1
INFO [2017-12-21 14:10:47] 
INFO [2017-12-21 14:10:47] $height
INFO [2017-12-21 14:10:47] [1] 2000
INFO [2017-12-21 14:10:47] 
INFO [2017-12-21 14:10:47] $width
INFO [2017-12-21 14:10:47] [1] 3000
INFO [2017-12-21 14:10:47] 
INFO [2017-12-21 14:10:47] [[1]]
INFO [2017-12-21 14:10:47] mylist
INFO [2017-12-21 14:10:47] 
INFO [2017-12-21 14:10:47] $filename
INFO [2017-12-21 14:10:47] NULL
INFO [2017-12-21 14:10:47] 
INFO [2017-12-21 14:10:47] $main
INFO [2017-12-21 14:10:47] [1] "Significant interactions in Rhesus (FDR 1%)"
INFO [2017-12-21 14:10:47] 
INFO [2017-12-21 14:10:47] $cex
INFO [2017-12-21 14:10:47] [1] 1.5
INFO [2017-12-21 14:10:47] 
INFO [2017-12-21 14:10:47] $fill
INFO [2017-12-21 14:10:47] pal[1:3]
INFO [2017-12-21 14:10:47] 
INFO [2017-12-21 14:10:47] $lty
INFO [2017-12-21 14:10:47] [1] 1
INFO [2017-12-21 14:10:47] 
INFO [2017-12-21 14:10:47] $height
INFO [2017-12-21 14:10:47] [1] 2000
INFO [2017-12-21 14:10:47] 
INFO [2017-12-21 14:10:47] $width
INFO [2017-12-21 14:10:47] [1] 3000
INFO [2017-12-21 14:10:47] 
