INFO [2017-12-21 15:51:40] [[1]]
INFO [2017-12-21 15:51:40] mylist
INFO [2017-12-21 15:51:40] 
INFO [2017-12-21 15:51:40] $filename
INFO [2017-12-21 15:51:40] NULL
INFO [2017-12-21 15:51:40] 
INFO [2017-12-21 15:51:40] $main
INFO [2017-12-21 15:51:40] [1] "DE genes between Liver and Kidney (FDR 1%)"
INFO [2017-12-21 15:51:40] 
INFO [2017-12-21 15:51:40] $cex
INFO [2017-12-21 15:51:40] [1] 1.5
INFO [2017-12-21 15:51:40] 
INFO [2017-12-21 15:51:40] $fill
INFO [2017-12-21 15:51:40] pal[1:3]
INFO [2017-12-21 15:51:40] 
INFO [2017-12-21 15:51:40] $lty
INFO [2017-12-21 15:51:40] [1] 1
INFO [2017-12-21 15:51:40] 
INFO [2017-12-21 15:51:40] $height
INFO [2017-12-21 15:51:40] [1] 2000
INFO [2017-12-21 15:51:40] 
INFO [2017-12-21 15:51:40] $width
INFO [2017-12-21 15:51:40] [1] 3000
INFO [2017-12-21 15:51:40] 
INFO [2017-12-21 15:51:40] [[1]]
INFO [2017-12-21 15:51:40] mylist
INFO [2017-12-21 15:51:40] 
INFO [2017-12-21 15:51:40] $filename
INFO [2017-12-21 15:51:40] NULL
INFO [2017-12-21 15:51:40] 
INFO [2017-12-21 15:51:40] $main
INFO [2017-12-21 15:51:40] [1] "DE genes between Lung and Kidney (FDR 1%)"
INFO [2017-12-21 15:51:40] 
INFO [2017-12-21 15:51:40] $cex
INFO [2017-12-21 15:51:40] [1] 1.5
INFO [2017-12-21 15:51:40] 
INFO [2017-12-21 15:51:40] $fill
INFO [2017-12-21 15:51:40] pal[1:3]
INFO [2017-12-21 15:51:40] 
INFO [2017-12-21 15:51:40] $lty
INFO [2017-12-21 15:51:40] [1] 1
INFO [2017-12-21 15:51:40] 
INFO [2017-12-21 15:51:40] $height
INFO [2017-12-21 15:51:40] [1] 2000
INFO [2017-12-21 15:51:40] 
INFO [2017-12-21 15:51:40] $width
INFO [2017-12-21 15:51:40] [1] 3000
INFO [2017-12-21 15:51:40] 
