INFO [2017-12-06 16:48:57] [[1]]
INFO [2017-12-06 16:48:57] mylist
INFO [2017-12-06 16:48:57] 
INFO [2017-12-06 16:48:57] $filename
INFO [2017-12-06 16:48:57] NULL
INFO [2017-12-06 16:48:57] 
INFO [2017-12-06 16:48:57] $main
INFO [2017-12-06 16:48:57] [1] "Orthologous DMRs between Heart and Lung (FDR 1%)"
INFO [2017-12-06 16:48:57] 
INFO [2017-12-06 16:48:57] $cex
INFO [2017-12-06 16:48:57] [1] 1.5
INFO [2017-12-06 16:48:57] 
INFO [2017-12-06 16:48:57] $fill
INFO [2017-12-06 16:48:57] pal[1:3]
INFO [2017-12-06 16:48:57] 
INFO [2017-12-06 16:48:57] $lty
INFO [2017-12-06 16:48:57] [1] 1
INFO [2017-12-06 16:48:57] 
INFO [2017-12-06 16:48:57] $height
INFO [2017-12-06 16:48:57] [1] 2000
INFO [2017-12-06 16:48:57] 
INFO [2017-12-06 16:48:57] $width
INFO [2017-12-06 16:48:57] [1] 3000
INFO [2017-12-06 16:48:57] 
