INFO [2017-06-01 05:05:45] [[1]]
INFO [2017-06-01 05:05:45] mylist
INFO [2017-06-01 05:05:45] 
INFO [2017-06-01 05:05:45] $filename
INFO [2017-06-01 05:05:45] NULL
INFO [2017-06-01 05:05:45] 
INFO [2017-06-01 05:05:45] $main
INFO [2017-06-01 05:05:45] [1] "DE genes between Humans and Chimps (FDR 1%)"
INFO [2017-06-01 05:05:45] 
INFO [2017-06-01 05:05:45] $cex
INFO [2017-06-01 05:05:45] [1] 1.5
INFO [2017-06-01 05:05:45] 
INFO [2017-06-01 05:05:45] $fill
INFO [2017-06-01 05:05:45] pal[1:4]
INFO [2017-06-01 05:05:45] 
INFO [2017-06-01 05:05:45] $lty
INFO [2017-06-01 05:05:45] [1] 1
INFO [2017-06-01 05:05:45] 
INFO [2017-06-01 05:05:45] $height
INFO [2017-06-01 05:05:45] [1] 2000
INFO [2017-06-01 05:05:45] 
INFO [2017-06-01 05:05:45] $width
INFO [2017-06-01 05:05:45] [1] 3000
INFO [2017-06-01 05:05:45] 
INFO [2017-06-01 05:05:45] [[1]]
INFO [2017-06-01 05:05:45] mylist
INFO [2017-06-01 05:05:45] 
INFO [2017-06-01 05:05:45] $filename
INFO [2017-06-01 05:05:45] NULL
INFO [2017-06-01 05:05:45] 
INFO [2017-06-01 05:05:45] $main
INFO [2017-06-01 05:05:45] [1] "DE genes between Humans and Rhesus (FDR 1%)"
INFO [2017-06-01 05:05:45] 
INFO [2017-06-01 05:05:45] $cex
INFO [2017-06-01 05:05:45] [1] 1.5
INFO [2017-06-01 05:05:45] 
INFO [2017-06-01 05:05:45] $fill
INFO [2017-06-01 05:05:45] pal[1:4]
INFO [2017-06-01 05:05:45] 
INFO [2017-06-01 05:05:45] $lty
INFO [2017-06-01 05:05:45] [1] 1
INFO [2017-06-01 05:05:45] 
INFO [2017-06-01 05:05:45] $height
INFO [2017-06-01 05:05:45] [1] 2000
INFO [2017-06-01 05:05:45] 
INFO [2017-06-01 05:05:45] $width
INFO [2017-06-01 05:05:45] [1] 3000
INFO [2017-06-01 05:05:45] 
INFO [2017-06-01 05:05:45] [[1]]
INFO [2017-06-01 05:05:45] mylist
INFO [2017-06-01 05:05:45] 
INFO [2017-06-01 05:05:45] $filename
INFO [2017-06-01 05:05:45] NULL
INFO [2017-06-01 05:05:45] 
INFO [2017-06-01 05:05:45] $main
INFO [2017-06-01 05:05:45] [1] "DE genes between Chimps and Rhesus (FDR 1%)"
INFO [2017-06-01 05:05:45] 
INFO [2017-06-01 05:05:45] $cex
INFO [2017-06-01 05:05:45] [1] 1.5
INFO [2017-06-01 05:05:45] 
INFO [2017-06-01 05:05:45] $fill
INFO [2017-06-01 05:05:45] pal[1:4]
INFO [2017-06-01 05:05:45] 
INFO [2017-06-01 05:05:45] $lty
INFO [2017-06-01 05:05:45] [1] 1
INFO [2017-06-01 05:05:45] 
INFO [2017-06-01 05:05:45] $height
INFO [2017-06-01 05:05:45] [1] 2000
INFO [2017-06-01 05:05:45] 
INFO [2017-06-01 05:05:45] $width
INFO [2017-06-01 05:05:45] [1] 3000
INFO [2017-06-01 05:05:45] 
