INFO [2017-12-23 17:52:50] [[1]]
INFO [2017-12-23 17:52:50] mylist
INFO [2017-12-23 17:52:50] 
INFO [2017-12-23 17:52:50] $filename
INFO [2017-12-23 17:52:50] NULL
INFO [2017-12-23 17:52:50] 
INFO [2017-12-23 17:52:50] $main
INFO [2017-12-23 17:52:50] [1] "DE genes between Liver and Lung (FDR 1%)"
INFO [2017-12-23 17:52:50] 
INFO [2017-12-23 17:52:50] $cex
INFO [2017-12-23 17:52:50] [1] 1.5
INFO [2017-12-23 17:52:50] 
INFO [2017-12-23 17:52:50] $fill
INFO [2017-12-23 17:52:50] pal[1:3]
INFO [2017-12-23 17:52:50] 
INFO [2017-12-23 17:52:50] $lty
INFO [2017-12-23 17:52:50] [1] 1
INFO [2017-12-23 17:52:50] 
INFO [2017-12-23 17:52:50] $height
INFO [2017-12-23 17:52:50] [1] 2000
INFO [2017-12-23 17:52:50] 
INFO [2017-12-23 17:52:50] $width
INFO [2017-12-23 17:52:50] [1] 3000
INFO [2017-12-23 17:52:50] 
INFO [2017-12-23 17:52:50] [[1]]
INFO [2017-12-23 17:52:50] mylist
INFO [2017-12-23 17:52:50] 
INFO [2017-12-23 17:52:50] $filename
INFO [2017-12-23 17:52:50] NULL
INFO [2017-12-23 17:52:50] 
INFO [2017-12-23 17:52:50] $main
INFO [2017-12-23 17:52:50] [1] "DE genes between Liver and Kidney (FDR 1%)"
INFO [2017-12-23 17:52:50] 
INFO [2017-12-23 17:52:50] $cex
INFO [2017-12-23 17:52:50] [1] 1.5
INFO [2017-12-23 17:52:50] 
INFO [2017-12-23 17:52:50] $fill
INFO [2017-12-23 17:52:50] pal[1:3]
INFO [2017-12-23 17:52:50] 
INFO [2017-12-23 17:52:50] $lty
INFO [2017-12-23 17:52:50] [1] 1
INFO [2017-12-23 17:52:50] 
INFO [2017-12-23 17:52:50] $height
INFO [2017-12-23 17:52:50] [1] 2000
INFO [2017-12-23 17:52:50] 
INFO [2017-12-23 17:52:50] $width
INFO [2017-12-23 17:52:50] [1] 3000
INFO [2017-12-23 17:52:50] 
INFO [2017-12-23 17:52:50] [[1]]
INFO [2017-12-23 17:52:50] mylist
INFO [2017-12-23 17:52:50] 
INFO [2017-12-23 17:52:50] $filename
INFO [2017-12-23 17:52:50] NULL
INFO [2017-12-23 17:52:50] 
INFO [2017-12-23 17:52:50] $main
INFO [2017-12-23 17:52:50] [1] "DE genes between Lung and Kidney (FDR 1%)"
INFO [2017-12-23 17:52:50] 
INFO [2017-12-23 17:52:50] $cex
INFO [2017-12-23 17:52:50] [1] 1.5
INFO [2017-12-23 17:52:50] 
INFO [2017-12-23 17:52:50] $fill
INFO [2017-12-23 17:52:50] pal[1:3]
INFO [2017-12-23 17:52:50] 
INFO [2017-12-23 17:52:50] $lty
INFO [2017-12-23 17:52:50] [1] 1
INFO [2017-12-23 17:52:50] 
INFO [2017-12-23 17:52:50] $height
INFO [2017-12-23 17:52:50] [1] 2000
INFO [2017-12-23 17:52:50] 
INFO [2017-12-23 17:52:50] $width
INFO [2017-12-23 17:52:50] [1] 3000
INFO [2017-12-23 17:52:50] 
