INFO [2017-12-06 16:48:01] [[1]]
INFO [2017-12-06 16:48:01] mylist
INFO [2017-12-06 16:48:01] 
INFO [2017-12-06 16:48:01] $filename
INFO [2017-12-06 16:48:01] NULL
INFO [2017-12-06 16:48:01] 
INFO [2017-12-06 16:48:01] $main
INFO [2017-12-06 16:48:01] [1] "Orthologous DMRs between Chimps and Rhesus (FDR 1%)"
INFO [2017-12-06 16:48:01] 
INFO [2017-12-06 16:48:01] $cex
INFO [2017-12-06 16:48:01] [1] 1.5
INFO [2017-12-06 16:48:01] 
INFO [2017-12-06 16:48:01] $fill
INFO [2017-12-06 16:48:01] pal[1:4]
INFO [2017-12-06 16:48:01] 
INFO [2017-12-06 16:48:01] $lty
INFO [2017-12-06 16:48:01] [1] 1
INFO [2017-12-06 16:48:01] 
INFO [2017-12-06 16:48:01] $height
INFO [2017-12-06 16:48:01] [1] 2000
INFO [2017-12-06 16:48:01] 
INFO [2017-12-06 16:48:01] $width
INFO [2017-12-06 16:48:01] [1] 3000
INFO [2017-12-06 16:48:01] 
