INFO [2017-11-07 00:28:25] [[1]]
INFO [2017-11-07 00:28:25] mylist
INFO [2017-11-07 00:28:25] 
INFO [2017-11-07 00:28:25] $filename
INFO [2017-11-07 00:28:25] NULL
INFO [2017-11-07 00:28:25] 
INFO [2017-11-07 00:28:25] $main
INFO [2017-11-07 00:28:25] [1] "Upregulated in Heart compared to Kidney (FSR 1%)"
INFO [2017-11-07 00:28:25] 
INFO [2017-11-07 00:28:25] $main.cex
INFO [2017-11-07 00:28:25] [1] 2
INFO [2017-11-07 00:28:25] 
INFO [2017-11-07 00:28:25] $cat.cex
INFO [2017-11-07 00:28:25] [1] 1.5
INFO [2017-11-07 00:28:25] 
INFO [2017-11-07 00:28:25] $cex
INFO [2017-11-07 00:28:25] [1] 2.5
INFO [2017-11-07 00:28:25] 
INFO [2017-11-07 00:28:25] $fill
INFO [2017-11-07 00:28:25] pal[1:3]
INFO [2017-11-07 00:28:25] 
INFO [2017-11-07 00:28:25] $lty
INFO [2017-11-07 00:28:25] [1] 1
INFO [2017-11-07 00:28:25] 
INFO [2017-11-07 00:28:25] $height
INFO [2017-11-07 00:28:25] [1] 2000
INFO [2017-11-07 00:28:25] 
INFO [2017-11-07 00:28:25] $width
INFO [2017-11-07 00:28:25] [1] 3000
INFO [2017-11-07 00:28:25] 
