INFO [2017-07-13 14:24:59] [[1]]
INFO [2017-07-13 14:24:59] mylist
INFO [2017-07-13 14:24:59] 
INFO [2017-07-13 14:24:59] $filename
INFO [2017-07-13 14:24:59] NULL
INFO [2017-07-13 14:24:59] 
INFO [2017-07-13 14:24:59] $main
INFO [2017-07-13 14:24:59] [1] "Upregulated in Heart compared to Lung (FSR 1%)"
INFO [2017-07-13 14:24:59] 
INFO [2017-07-13 14:24:59] $cex
INFO [2017-07-13 14:24:59] [1] 1.5
INFO [2017-07-13 14:24:59] 
INFO [2017-07-13 14:24:59] $fill
INFO [2017-07-13 14:24:59] pal[1:3]
INFO [2017-07-13 14:24:59] 
INFO [2017-07-13 14:24:59] $lty
INFO [2017-07-13 14:24:59] [1] 1
INFO [2017-07-13 14:24:59] 
INFO [2017-07-13 14:24:59] $height
INFO [2017-07-13 14:24:59] [1] 2000
INFO [2017-07-13 14:24:59] 
INFO [2017-07-13 14:24:59] $width
INFO [2017-07-13 14:24:59] [1] 3000
INFO [2017-07-13 14:24:59] 
