INFO [2017-06-07 17:10:20] [[1]]
INFO [2017-06-07 17:10:20] mylist
INFO [2017-06-07 17:10:20] 
INFO [2017-06-07 17:10:20] $filename
INFO [2017-06-07 17:10:20] NULL
INFO [2017-06-07 17:10:20] 
INFO [2017-06-07 17:10:20] $main
INFO [2017-06-07 17:10:20] [1] "DE genes between Humans and Chimps (FDR 1%)"
INFO [2017-06-07 17:10:20] 
INFO [2017-06-07 17:10:20] $cex
INFO [2017-06-07 17:10:20] [1] 1.5
INFO [2017-06-07 17:10:20] 
INFO [2017-06-07 17:10:20] $fill
INFO [2017-06-07 17:10:20] pal[1:4]
INFO [2017-06-07 17:10:20] 
INFO [2017-06-07 17:10:20] $lty
INFO [2017-06-07 17:10:20] [1] 1
INFO [2017-06-07 17:10:20] 
INFO [2017-06-07 17:10:20] $height
INFO [2017-06-07 17:10:20] [1] 2000
INFO [2017-06-07 17:10:20] 
INFO [2017-06-07 17:10:20] $width
INFO [2017-06-07 17:10:20] [1] 3000
INFO [2017-06-07 17:10:20] 
