INFO [2017-06-14 12:24:42] [[1]]
INFO [2017-06-14 12:24:42] mylist
INFO [2017-06-14 12:24:42] 
INFO [2017-06-14 12:24:42] $filename
INFO [2017-06-14 12:24:42] NULL
INFO [2017-06-14 12:24:42] 
INFO [2017-06-14 12:24:42] $main
INFO [2017-06-14 12:24:42] [1] "Genes with non-zero effect between humans and chimpanzees (s-value 1%)"
INFO [2017-06-14 12:24:42] 
INFO [2017-06-14 12:24:42] $cex
INFO [2017-06-14 12:24:42] [1] 1.5
INFO [2017-06-14 12:24:42] 
INFO [2017-06-14 12:24:42] $fill
INFO [2017-06-14 12:24:42] pal[1:4]
INFO [2017-06-14 12:24:42] 
INFO [2017-06-14 12:24:42] $lty
INFO [2017-06-14 12:24:42] [1] 1
INFO [2017-06-14 12:24:42] 
INFO [2017-06-14 12:24:42] $height
INFO [2017-06-14 12:24:42] [1] 2000
INFO [2017-06-14 12:24:42] 
INFO [2017-06-14 12:24:42] $width
INFO [2017-06-14 12:24:42] [1] 3000
INFO [2017-06-14 12:24:42] 
