INFO [2017-07-14 11:32:19] [[1]]
INFO [2017-07-14 11:32:19] mylist
INFO [2017-07-14 11:32:19] 
INFO [2017-07-14 11:32:19] $filename
INFO [2017-07-14 11:32:19] NULL
INFO [2017-07-14 11:32:19] 
INFO [2017-07-14 11:32:19] $main
INFO [2017-07-14 11:32:19] [1] "Downregulated in Liver compared to Lung (FSR 1%)"
INFO [2017-07-14 11:32:19] 
INFO [2017-07-14 11:32:19] $main.cex
INFO [2017-07-14 11:32:19] [1] 2
INFO [2017-07-14 11:32:19] 
INFO [2017-07-14 11:32:19] $cat.cex
INFO [2017-07-14 11:32:19] [1] 1.5
INFO [2017-07-14 11:32:19] 
INFO [2017-07-14 11:32:19] $cex
INFO [2017-07-14 11:32:19] [1] 2.5
INFO [2017-07-14 11:32:19] 
INFO [2017-07-14 11:32:19] $fill
INFO [2017-07-14 11:32:19] pal[1:3]
INFO [2017-07-14 11:32:19] 
INFO [2017-07-14 11:32:19] $lty
INFO [2017-07-14 11:32:19] [1] 1
INFO [2017-07-14 11:32:19] 
INFO [2017-07-14 11:32:19] $height
INFO [2017-07-14 11:32:19] [1] 2000
INFO [2017-07-14 11:32:19] 
INFO [2017-07-14 11:32:19] $width
INFO [2017-07-14 11:32:19] [1] 3000
INFO [2017-07-14 11:32:19] 
