INFO [2017-06-01 05:07:18] [[1]]
INFO [2017-06-01 05:07:18] mylist
INFO [2017-06-01 05:07:18] 
INFO [2017-06-01 05:07:18] $filename
INFO [2017-06-01 05:07:18] NULL
INFO [2017-06-01 05:07:18] 
INFO [2017-06-01 05:07:18] $main
INFO [2017-06-01 05:07:18] [1] "DE genes between Great Apes and Rhesus (0.1% FDR)"
INFO [2017-06-01 05:07:18] 
INFO [2017-06-01 05:07:18] $cex
INFO [2017-06-01 05:07:18] [1] 1.5
INFO [2017-06-01 05:07:18] 
INFO [2017-06-01 05:07:18] $fill
INFO [2017-06-01 05:07:18] pal[1:4]
INFO [2017-06-01 05:07:18] 
INFO [2017-06-01 05:07:18] $lty
INFO [2017-06-01 05:07:18] [1] 1
INFO [2017-06-01 05:07:18] 
INFO [2017-06-01 05:07:18] $height
INFO [2017-06-01 05:07:18] [1] 2000
INFO [2017-06-01 05:07:18] 
INFO [2017-06-01 05:07:18] $width
INFO [2017-06-01 05:07:18] [1] 3000
INFO [2017-06-01 05:07:18] 
INFO [2017-06-01 05:07:18] [[1]]
INFO [2017-06-01 05:07:18] mylist
INFO [2017-06-01 05:07:18] 
INFO [2017-06-01 05:07:18] $filename
INFO [2017-06-01 05:07:18] NULL
INFO [2017-06-01 05:07:18] 
INFO [2017-06-01 05:07:18] $main
INFO [2017-06-01 05:07:18] [1] "DE genes between Humans versus Chimps/Rhesus (1% FDR)"
INFO [2017-06-01 05:07:18] 
INFO [2017-06-01 05:07:18] $cex
INFO [2017-06-01 05:07:18] [1] 1.5
INFO [2017-06-01 05:07:18] 
INFO [2017-06-01 05:07:18] $fill
INFO [2017-06-01 05:07:18] pal[1:4]
INFO [2017-06-01 05:07:18] 
INFO [2017-06-01 05:07:18] $lty
INFO [2017-06-01 05:07:18] [1] 1
INFO [2017-06-01 05:07:18] 
INFO [2017-06-01 05:07:18] $height
INFO [2017-06-01 05:07:18] [1] 2000
INFO [2017-06-01 05:07:18] 
INFO [2017-06-01 05:07:18] $width
INFO [2017-06-01 05:07:18] [1] 3000
INFO [2017-06-01 05:07:18] 
