INFO [2017-07-14 13:51:47] [[1]]
INFO [2017-07-14 13:51:47] mylist
INFO [2017-07-14 13:51:47] 
INFO [2017-07-14 13:51:47] $filename
INFO [2017-07-14 13:51:47] NULL
INFO [2017-07-14 13:51:47] 
INFO [2017-07-14 13:51:47] $main
INFO [2017-07-14 13:51:47] [1] "Upregulated lung specific (FSR 1%)"
INFO [2017-07-14 13:51:47] 
INFO [2017-07-14 13:51:47] $main.cex
INFO [2017-07-14 13:51:47] [1] 2
INFO [2017-07-14 13:51:47] 
INFO [2017-07-14 13:51:47] $cat.cex
INFO [2017-07-14 13:51:47] [1] 1.5
INFO [2017-07-14 13:51:47] 
INFO [2017-07-14 13:51:47] $cex
INFO [2017-07-14 13:51:47] [1] 2.5
INFO [2017-07-14 13:51:47] 
INFO [2017-07-14 13:51:47] $fill
INFO [2017-07-14 13:51:47] pal[1:3]
INFO [2017-07-14 13:51:47] 
INFO [2017-07-14 13:51:47] $lty
INFO [2017-07-14 13:51:47] [1] 1
INFO [2017-07-14 13:51:47] 
INFO [2017-07-14 13:51:47] $height
INFO [2017-07-14 13:51:47] [1] 2000
INFO [2017-07-14 13:51:47] 
INFO [2017-07-14 13:51:47] $width
INFO [2017-07-14 13:51:47] [1] 3000
INFO [2017-07-14 13:51:47] 
