INFO [2017-05-31 17:31:48] [[1]]
INFO [2017-05-31 17:31:48] mylist
INFO [2017-05-31 17:31:48] 
INFO [2017-05-31 17:31:48] $filename
INFO [2017-05-31 17:31:48] NULL
INFO [2017-05-31 17:31:48] 
INFO [2017-05-31 17:31:48] $main
INFO [2017-05-31 17:31:48] [1] "Lung specific DE genes (FDR 1%)"
INFO [2017-05-31 17:31:48] 
INFO [2017-05-31 17:31:48] $cex
INFO [2017-05-31 17:31:48] [1] 1.5
INFO [2017-05-31 17:31:48] 
INFO [2017-05-31 17:31:48] $fill
INFO [2017-05-31 17:31:48] pal[1:3]
INFO [2017-05-31 17:31:48] 
INFO [2017-05-31 17:31:48] $lty
INFO [2017-05-31 17:31:48] [1] 1
INFO [2017-05-31 17:31:48] 
INFO [2017-05-31 17:31:48] $height
INFO [2017-05-31 17:31:48] [1] 2000
INFO [2017-05-31 17:31:48] 
INFO [2017-05-31 17:31:48] $width
INFO [2017-05-31 17:31:48] [1] 3000
INFO [2017-05-31 17:31:48] 
