INFO [2017-05-31 16:57:53] [[1]]
INFO [2017-05-31 16:57:53] mylist
INFO [2017-05-31 16:57:53] 
INFO [2017-05-31 16:57:53] $filename
INFO [2017-05-31 16:57:53] NULL
INFO [2017-05-31 16:57:53] 
INFO [2017-05-31 16:57:53] $main
INFO [2017-05-31 16:57:53] [1] "Kidney specific DE genes (FDR 1%)"
INFO [2017-05-31 16:57:53] 
INFO [2017-05-31 16:57:53] $cex
INFO [2017-05-31 16:57:53] [1] 1.5
INFO [2017-05-31 16:57:53] 
INFO [2017-05-31 16:57:53] $fill
INFO [2017-05-31 16:57:53] pal[1:3]
INFO [2017-05-31 16:57:53] 
INFO [2017-05-31 16:57:53] $lty
INFO [2017-05-31 16:57:53] [1] 1
INFO [2017-05-31 16:57:53] 
INFO [2017-05-31 16:57:53] $height
INFO [2017-05-31 16:57:53] [1] 2000
INFO [2017-05-31 16:57:53] 
INFO [2017-05-31 16:57:53] $width
INFO [2017-05-31 16:57:53] [1] 3000
INFO [2017-05-31 16:57:53] 
ERROR [2017-05-31 16:57:53] Unexpected parameter length for 'fill'
