INFO [2017-05-31 11:55:12] [[1]]
INFO [2017-05-31 11:55:12] mylist
INFO [2017-05-31 11:55:12] 
INFO [2017-05-31 11:55:12] $filename
INFO [2017-05-31 11:55:12] NULL
INFO [2017-05-31 11:55:12] 
INFO [2017-05-31 11:55:12] $main
INFO [2017-05-31 11:55:12] [1] "DE genes between Humans versus Chimps/Rhesus (1% FDR)"
INFO [2017-05-31 11:55:12] 
INFO [2017-05-31 11:55:12] $cex
INFO [2017-05-31 11:55:12] [1] 1.5
INFO [2017-05-31 11:55:12] 
INFO [2017-05-31 11:55:12] $fill
INFO [2017-05-31 11:55:12] pal[1:4]
INFO [2017-05-31 11:55:12] 
INFO [2017-05-31 11:55:12] $lty
INFO [2017-05-31 11:55:12] [1] 1
INFO [2017-05-31 11:55:12] 
INFO [2017-05-31 11:55:12] $height
INFO [2017-05-31 11:55:12] [1] 2000
INFO [2017-05-31 11:55:12] 
INFO [2017-05-31 11:55:12] $width
INFO [2017-05-31 11:55:12] [1] 3000
INFO [2017-05-31 11:55:12] 
