INFO [2017-06-01 05:06:05] [[1]]
INFO [2017-06-01 05:06:05] mylist
INFO [2017-06-01 05:06:05] 
INFO [2017-06-01 05:06:05] $filename
INFO [2017-06-01 05:06:05] NULL
INFO [2017-06-01 05:06:05] 
INFO [2017-06-01 05:06:05] $main
INFO [2017-06-01 05:06:05] [1] "Significant interaction in rhesus (0.01% FDR)"
INFO [2017-06-01 05:06:05] 
INFO [2017-06-01 05:06:05] $cex
INFO [2017-06-01 05:06:05] [1] 1.5
INFO [2017-06-01 05:06:05] 
INFO [2017-06-01 05:06:05] $fill
INFO [2017-06-01 05:06:05] pal[1:3]
INFO [2017-06-01 05:06:05] 
INFO [2017-06-01 05:06:05] $lty
INFO [2017-06-01 05:06:05] [1] 1
INFO [2017-06-01 05:06:05] 
INFO [2017-06-01 05:06:05] $height
INFO [2017-06-01 05:06:05] [1] 2000
INFO [2017-06-01 05:06:05] 
INFO [2017-06-01 05:06:05] $width
INFO [2017-06-01 05:06:05] [1] 3000
INFO [2017-06-01 05:06:05] 
INFO [2017-06-01 05:06:05] [[1]]
INFO [2017-06-01 05:06:05] mylist
INFO [2017-06-01 05:06:05] 
INFO [2017-06-01 05:06:05] $filename
INFO [2017-06-01 05:06:05] NULL
INFO [2017-06-01 05:06:05] 
INFO [2017-06-01 05:06:05] $main
INFO [2017-06-01 05:06:05] [1] "DE genes between Great Apes and Rhesus (0.1% FDR)"
INFO [2017-06-01 05:06:05] 
INFO [2017-06-01 05:06:05] $cex
INFO [2017-06-01 05:06:05] [1] 1.5
INFO [2017-06-01 05:06:05] 
INFO [2017-06-01 05:06:05] $fill
INFO [2017-06-01 05:06:05] pal[1:4]
INFO [2017-06-01 05:06:05] 
INFO [2017-06-01 05:06:05] $lty
INFO [2017-06-01 05:06:05] [1] 1
INFO [2017-06-01 05:06:05] 
INFO [2017-06-01 05:06:05] $height
INFO [2017-06-01 05:06:05] [1] 2000
INFO [2017-06-01 05:06:05] 
INFO [2017-06-01 05:06:05] $width
INFO [2017-06-01 05:06:05] [1] 3000
INFO [2017-06-01 05:06:05] 
INFO [2017-06-01 05:06:05] [[1]]
INFO [2017-06-01 05:06:05] mylist
INFO [2017-06-01 05:06:05] 
INFO [2017-06-01 05:06:05] $filename
INFO [2017-06-01 05:06:05] NULL
INFO [2017-06-01 05:06:05] 
INFO [2017-06-01 05:06:05] $main
INFO [2017-06-01 05:06:05] [1] "DE genes between Great Apes and Rhesus (1% FDR)"
INFO [2017-06-01 05:06:05] 
INFO [2017-06-01 05:06:05] $cex
INFO [2017-06-01 05:06:05] [1] 1.5
INFO [2017-06-01 05:06:05] 
INFO [2017-06-01 05:06:05] $fill
INFO [2017-06-01 05:06:05] pal[1:4]
INFO [2017-06-01 05:06:05] 
INFO [2017-06-01 05:06:05] $lty
INFO [2017-06-01 05:06:05] [1] 1
INFO [2017-06-01 05:06:05] 
INFO [2017-06-01 05:06:05] $height
INFO [2017-06-01 05:06:05] [1] 2000
INFO [2017-06-01 05:06:05] 
INFO [2017-06-01 05:06:05] $width
INFO [2017-06-01 05:06:05] [1] 3000
INFO [2017-06-01 05:06:05] 
