INFO [2017-07-14 15:25:51] [[1]]
INFO [2017-07-14 15:25:51] mylist
INFO [2017-07-14 15:25:51] 
INFO [2017-07-14 15:25:51] $filename
INFO [2017-07-14 15:25:51] NULL
INFO [2017-07-14 15:25:51] 
INFO [2017-07-14 15:25:51] $main
INFO [2017-07-14 15:25:51] [1] "Upregulated kidneys (FSR 1%)"
INFO [2017-07-14 15:25:51] 
INFO [2017-07-14 15:25:51] $main.cex
INFO [2017-07-14 15:25:51] [1] 2
INFO [2017-07-14 15:25:51] 
INFO [2017-07-14 15:25:51] $cat.cex
INFO [2017-07-14 15:25:51] [1] 1.5
INFO [2017-07-14 15:25:51] 
INFO [2017-07-14 15:25:51] $cex
INFO [2017-07-14 15:25:51] [1] 2.5
INFO [2017-07-14 15:25:51] 
INFO [2017-07-14 15:25:51] $fill
INFO [2017-07-14 15:25:51] pal[1:3]
INFO [2017-07-14 15:25:51] 
INFO [2017-07-14 15:25:51] $lty
INFO [2017-07-14 15:25:51] [1] 1
INFO [2017-07-14 15:25:51] 
INFO [2017-07-14 15:25:51] $height
INFO [2017-07-14 15:25:51] [1] 2000
INFO [2017-07-14 15:25:51] 
INFO [2017-07-14 15:25:51] $width
INFO [2017-07-14 15:25:51] [1] 3000
INFO [2017-07-14 15:25:51] 
