INFO [2017-07-13 14:30:12] [[1]]
INFO [2017-07-13 14:30:12] mylist
INFO [2017-07-13 14:30:12] 
INFO [2017-07-13 14:30:12] $filename
INFO [2017-07-13 14:30:12] NULL
INFO [2017-07-13 14:30:12] 
INFO [2017-07-13 14:30:12] $main
INFO [2017-07-13 14:30:12] [1] "Upregulated in Liver compared to Lung (FSR 1%)"
INFO [2017-07-13 14:30:12] 
INFO [2017-07-13 14:30:12] $cex
INFO [2017-07-13 14:30:12] [1] 2
INFO [2017-07-13 14:30:12] 
INFO [2017-07-13 14:30:12] $fill
INFO [2017-07-13 14:30:12] pal[1:3]
INFO [2017-07-13 14:30:12] 
INFO [2017-07-13 14:30:12] $lty
INFO [2017-07-13 14:30:12] [1] 1
INFO [2017-07-13 14:30:12] 
INFO [2017-07-13 14:30:12] $height
INFO [2017-07-13 14:30:12] [1] 2000
INFO [2017-07-13 14:30:12] 
INFO [2017-07-13 14:30:12] $width
INFO [2017-07-13 14:30:12] [1] 3000
INFO [2017-07-13 14:30:12] 
