INFO [2017-12-06 16:49:05] [[1]]
INFO [2017-12-06 16:49:05] mylist
INFO [2017-12-06 16:49:05] 
INFO [2017-12-06 16:49:05] $filename
INFO [2017-12-06 16:49:05] NULL
INFO [2017-12-06 16:49:05] 
INFO [2017-12-06 16:49:05] $main
INFO [2017-12-06 16:49:05] [1] "Orthologous DMRs between Heart and Kidney (FDR 1%)"
INFO [2017-12-06 16:49:05] 
INFO [2017-12-06 16:49:05] $cex
INFO [2017-12-06 16:49:05] [1] 1.5
INFO [2017-12-06 16:49:05] 
INFO [2017-12-06 16:49:05] $fill
INFO [2017-12-06 16:49:05] pal[1:3]
INFO [2017-12-06 16:49:05] 
INFO [2017-12-06 16:49:05] $lty
INFO [2017-12-06 16:49:05] [1] 1
INFO [2017-12-06 16:49:05] 
INFO [2017-12-06 16:49:05] $height
INFO [2017-12-06 16:49:05] [1] 2000
INFO [2017-12-06 16:49:05] 
INFO [2017-12-06 16:49:05] $width
INFO [2017-12-06 16:49:05] [1] 3000
INFO [2017-12-06 16:49:05] 
