INFO [2017-12-21 18:34:33] [[1]]
INFO [2017-12-21 18:34:33] mylist
INFO [2017-12-21 18:34:33] 
INFO [2017-12-21 18:34:33] $filename
INFO [2017-12-21 18:34:33] NULL
INFO [2017-12-21 18:34:33] 
INFO [2017-12-21 18:34:33] $main
INFO [2017-12-21 18:34:33] [1] "Upregulated in Heart compared to Lung (FSR 1%)"
INFO [2017-12-21 18:34:33] 
INFO [2017-12-21 18:34:33] $main.cex
INFO [2017-12-21 18:34:33] [1] 2
INFO [2017-12-21 18:34:33] 
INFO [2017-12-21 18:34:33] $cat.cex
INFO [2017-12-21 18:34:33] [1] 1.5
INFO [2017-12-21 18:34:33] 
INFO [2017-12-21 18:34:33] $cex
INFO [2017-12-21 18:34:33] [1] 2.5
INFO [2017-12-21 18:34:33] 
INFO [2017-12-21 18:34:33] $fill
INFO [2017-12-21 18:34:33] pal[1:3]
INFO [2017-12-21 18:34:33] 
INFO [2017-12-21 18:34:33] $lty
INFO [2017-12-21 18:34:33] [1] 1
INFO [2017-12-21 18:34:33] 
INFO [2017-12-21 18:34:33] $height
INFO [2017-12-21 18:34:33] [1] 2000
INFO [2017-12-21 18:34:33] 
INFO [2017-12-21 18:34:33] $width
INFO [2017-12-21 18:34:33] [1] 3000
INFO [2017-12-21 18:34:33] 
INFO [2017-12-21 18:34:33] [[1]]
INFO [2017-12-21 18:34:33] mylist
INFO [2017-12-21 18:34:33] 
INFO [2017-12-21 18:34:33] $filename
INFO [2017-12-21 18:34:33] NULL
INFO [2017-12-21 18:34:33] 
INFO [2017-12-21 18:34:33] $main
INFO [2017-12-21 18:34:33] [1] "Upregulated in Liver compared to Lung (FSR 1%)"
INFO [2017-12-21 18:34:33] 
INFO [2017-12-21 18:34:33] $main.cex
INFO [2017-12-21 18:34:33] [1] 2
INFO [2017-12-21 18:34:33] 
INFO [2017-12-21 18:34:33] $cat.cex
INFO [2017-12-21 18:34:33] [1] 1.5
INFO [2017-12-21 18:34:33] 
INFO [2017-12-21 18:34:33] $cex
INFO [2017-12-21 18:34:33] [1] 2.5
INFO [2017-12-21 18:34:33] 
INFO [2017-12-21 18:34:33] $fill
INFO [2017-12-21 18:34:33] pal[1:3]
INFO [2017-12-21 18:34:33] 
INFO [2017-12-21 18:34:33] $lty
INFO [2017-12-21 18:34:33] [1] 1
INFO [2017-12-21 18:34:33] 
INFO [2017-12-21 18:34:33] $height
INFO [2017-12-21 18:34:33] [1] 2000
INFO [2017-12-21 18:34:33] 
INFO [2017-12-21 18:34:33] $width
INFO [2017-12-21 18:34:33] [1] 3000
INFO [2017-12-21 18:34:33] 
