INFO [2017-07-14 11:53:58] [[1]]
INFO [2017-07-14 11:53:58] mylist
INFO [2017-07-14 11:53:58] 
INFO [2017-07-14 11:53:58] $filename
INFO [2017-07-14 11:53:58] NULL
INFO [2017-07-14 11:53:58] 
INFO [2017-07-14 11:53:58] $main
INFO [2017-07-14 11:53:58] [1] "Downregulated in Liver compared to Kidney (FSR 1%)"
INFO [2017-07-14 11:53:58] 
INFO [2017-07-14 11:53:58] $main.cex
INFO [2017-07-14 11:53:58] [1] 2
INFO [2017-07-14 11:53:58] 
INFO [2017-07-14 11:53:58] $cat.cex
INFO [2017-07-14 11:53:58] [1] 1.5
INFO [2017-07-14 11:53:58] 
INFO [2017-07-14 11:53:58] $cex
INFO [2017-07-14 11:53:58] [1] 2.5
INFO [2017-07-14 11:53:58] 
INFO [2017-07-14 11:53:58] $fill
INFO [2017-07-14 11:53:58] pal[1:3]
INFO [2017-07-14 11:53:58] 
INFO [2017-07-14 11:53:58] $lty
INFO [2017-07-14 11:53:58] [1] 1
INFO [2017-07-14 11:53:58] 
INFO [2017-07-14 11:53:58] $height
INFO [2017-07-14 11:53:58] [1] 2000
INFO [2017-07-14 11:53:58] 
INFO [2017-07-14 11:53:58] $width
INFO [2017-07-14 11:53:58] [1] 3000
INFO [2017-07-14 11:53:58] 
