INFO [2017-11-07 12:36:00] [[1]]
INFO [2017-11-07 12:36:00] mylist
INFO [2017-11-07 12:36:00] 
INFO [2017-11-07 12:36:00] $filename
INFO [2017-11-07 12:36:00] NULL
INFO [2017-11-07 12:36:00] 
INFO [2017-11-07 12:36:00] $main
INFO [2017-11-07 12:36:00] [1] "Downregulated livers (FSR 1%)"
INFO [2017-11-07 12:36:00] 
INFO [2017-11-07 12:36:00] $main.cex
INFO [2017-11-07 12:36:00] [1] 2
INFO [2017-11-07 12:36:00] 
INFO [2017-11-07 12:36:00] $cat.cex
INFO [2017-11-07 12:36:00] [1] 1.5
INFO [2017-11-07 12:36:00] 
INFO [2017-11-07 12:36:00] $cex
INFO [2017-11-07 12:36:00] [1] 2.5
INFO [2017-11-07 12:36:00] 
INFO [2017-11-07 12:36:00] $fill
INFO [2017-11-07 12:36:00] pal[1:3]
INFO [2017-11-07 12:36:00] 
INFO [2017-11-07 12:36:00] $lty
INFO [2017-11-07 12:36:00] [1] 1
INFO [2017-11-07 12:36:00] 
INFO [2017-11-07 12:36:00] $height
INFO [2017-11-07 12:36:00] [1] 2000
INFO [2017-11-07 12:36:00] 
INFO [2017-11-07 12:36:00] $width
INFO [2017-11-07 12:36:00] [1] 3000
INFO [2017-11-07 12:36:00] 
