INFO [2017-06-07 17:15:58] [[1]]
INFO [2017-06-07 17:15:58] mylist
INFO [2017-06-07 17:15:58] 
INFO [2017-06-07 17:15:58] $filename
INFO [2017-06-07 17:15:58] NULL
INFO [2017-06-07 17:15:58] 
INFO [2017-06-07 17:15:58] $main
INFO [2017-06-07 17:15:58] [1] "DE genes between Humans and Chimps (FDR 1%)"
INFO [2017-06-07 17:15:58] 
INFO [2017-06-07 17:15:58] $cex
INFO [2017-06-07 17:15:58] [1] 1.5
INFO [2017-06-07 17:15:58] 
INFO [2017-06-07 17:15:58] $fill
INFO [2017-06-07 17:15:58] pal[1:4]
INFO [2017-06-07 17:15:58] 
INFO [2017-06-07 17:15:58] $lty
INFO [2017-06-07 17:15:58] [1] 1
INFO [2017-06-07 17:15:58] 
INFO [2017-06-07 17:15:58] $height
INFO [2017-06-07 17:15:58] [1] 2000
INFO [2017-06-07 17:15:58] 
INFO [2017-06-07 17:15:58] $width
INFO [2017-06-07 17:15:58] [1] 3000
INFO [2017-06-07 17:15:58] 
