INFO [2017-07-13 14:22:32] [[1]]
INFO [2017-07-13 14:22:32] mylist
INFO [2017-07-13 14:22:32] 
INFO [2017-07-13 14:22:32] $filename
INFO [2017-07-13 14:22:32] NULL
INFO [2017-07-13 14:22:32] 
INFO [2017-07-13 14:22:32] $main
INFO [2017-07-13 14:22:32] [1] "Upregulated in Heart compared to Liver (FSR 1%)"
INFO [2017-07-13 14:22:32] 
INFO [2017-07-13 14:22:32] $cex
INFO [2017-07-13 14:22:32] [1] 1.5
INFO [2017-07-13 14:22:32] 
INFO [2017-07-13 14:22:32] $fill
INFO [2017-07-13 14:22:32] pal[1:3]
INFO [2017-07-13 14:22:32] 
INFO [2017-07-13 14:22:32] $lty
INFO [2017-07-13 14:22:32] [1] 1
INFO [2017-07-13 14:22:32] 
INFO [2017-07-13 14:22:32] $height
INFO [2017-07-13 14:22:32] [1] 2000
INFO [2017-07-13 14:22:32] 
INFO [2017-07-13 14:22:32] $width
INFO [2017-07-13 14:22:32] [1] 3000
INFO [2017-07-13 14:22:32] 
