INFO [2017-07-11 17:17:18] [[1]]
INFO [2017-07-11 17:17:18] mylist
INFO [2017-07-11 17:17:18] 
INFO [2017-07-11 17:17:18] $filename
INFO [2017-07-11 17:17:18] NULL
INFO [2017-07-11 17:17:18] 
INFO [2017-07-11 17:17:18] $main
INFO [2017-07-11 17:17:18] [1] "Upregulated in Heart compared to Kidney (FSR 1%)"
INFO [2017-07-11 17:17:18] 
INFO [2017-07-11 17:17:18] $cex
INFO [2017-07-11 17:17:18] [1] 1.5
INFO [2017-07-11 17:17:18] 
INFO [2017-07-11 17:17:18] $fill
INFO [2017-07-11 17:17:18] pal[1:3]
INFO [2017-07-11 17:17:18] 
INFO [2017-07-11 17:17:18] $lty
INFO [2017-07-11 17:17:18] [1] 1
INFO [2017-07-11 17:17:18] 
INFO [2017-07-11 17:17:18] $height
INFO [2017-07-11 17:17:18] [1] 2000
INFO [2017-07-11 17:17:18] 
INFO [2017-07-11 17:17:18] $width
INFO [2017-07-11 17:17:18] [1] 3000
INFO [2017-07-11 17:17:18] 
