INFO [2017-12-23 18:21:55] [[1]]
INFO [2017-12-23 18:21:55] mylist
INFO [2017-12-23 18:21:55] 
INFO [2017-12-23 18:21:55] $filename
INFO [2017-12-23 18:21:55] NULL
INFO [2017-12-23 18:21:55] 
INFO [2017-12-23 18:21:55] $main
INFO [2017-12-23 18:21:55] [1] "Upregulated lung specific (FSR 1%)"
INFO [2017-12-23 18:21:55] 
INFO [2017-12-23 18:21:55] $main.cex
INFO [2017-12-23 18:21:55] [1] 2
INFO [2017-12-23 18:21:55] 
INFO [2017-12-23 18:21:55] $cat.cex
INFO [2017-12-23 18:21:55] [1] 1.5
INFO [2017-12-23 18:21:55] 
INFO [2017-12-23 18:21:55] $cex
INFO [2017-12-23 18:21:55] [1] 2.5
INFO [2017-12-23 18:21:55] 
INFO [2017-12-23 18:21:55] $fill
INFO [2017-12-23 18:21:55] pal[1:3]
INFO [2017-12-23 18:21:55] 
INFO [2017-12-23 18:21:55] $lty
INFO [2017-12-23 18:21:55] [1] 1
INFO [2017-12-23 18:21:55] 
INFO [2017-12-23 18:21:55] $height
INFO [2017-12-23 18:21:55] [1] 2000
INFO [2017-12-23 18:21:55] 
INFO [2017-12-23 18:21:55] $width
INFO [2017-12-23 18:21:55] [1] 3000
INFO [2017-12-23 18:21:55] 
