INFO [2017-06-01 08:52:57] [[1]]
INFO [2017-06-01 08:52:57] mylist
INFO [2017-06-01 08:52:57] 
INFO [2017-06-01 08:52:57] $filename
INFO [2017-06-01 08:52:57] NULL
INFO [2017-06-01 08:52:57] 
INFO [2017-06-01 08:52:57] $main
INFO [2017-06-01 08:52:57] [1] "DE genes between Lung and Kidney (FDR 1%)"
INFO [2017-06-01 08:52:57] 
INFO [2017-06-01 08:52:57] $cex
INFO [2017-06-01 08:52:57] [1] 1.5
INFO [2017-06-01 08:52:57] 
INFO [2017-06-01 08:52:57] $fill
INFO [2017-06-01 08:52:57] pal[1:3]
INFO [2017-06-01 08:52:57] 
INFO [2017-06-01 08:52:57] $lty
INFO [2017-06-01 08:52:57] [1] 1
INFO [2017-06-01 08:52:57] 
INFO [2017-06-01 08:52:57] $height
INFO [2017-06-01 08:52:57] [1] 2000
INFO [2017-06-01 08:52:57] 
INFO [2017-06-01 08:52:57] $width
INFO [2017-06-01 08:52:57] [1] 3000
INFO [2017-06-01 08:52:57] 
