INFO [2017-12-30 12:41:31] [[1]]
INFO [2017-12-30 12:41:31] mylist
INFO [2017-12-30 12:41:31] 
INFO [2017-12-30 12:41:31] $filename
INFO [2017-12-30 12:41:31] NULL
INFO [2017-12-30 12:41:31] 
INFO [2017-12-30 12:41:31] $main
INFO [2017-12-30 12:41:31] [1] "Heart specific DE genes with species-by-tissue interactions (FDR 1%)"
INFO [2017-12-30 12:41:31] 
INFO [2017-12-30 12:41:31] $cex
INFO [2017-12-30 12:41:31] [1] 1.5
INFO [2017-12-30 12:41:31] 
INFO [2017-12-30 12:41:31] $fill
INFO [2017-12-30 12:41:31] pal[1:3]
INFO [2017-12-30 12:41:31] 
INFO [2017-12-30 12:41:31] $lty
INFO [2017-12-30 12:41:31] [1] 1
INFO [2017-12-30 12:41:31] 
INFO [2017-12-30 12:41:31] $height
INFO [2017-12-30 12:41:31] [1] 2000
INFO [2017-12-30 12:41:31] 
INFO [2017-12-30 12:41:31] $width
INFO [2017-12-30 12:41:31] [1] 3000
INFO [2017-12-30 12:41:31] 
INFO [2017-12-30 12:41:31] [[1]]
INFO [2017-12-30 12:41:31] mylist
INFO [2017-12-30 12:41:31] 
INFO [2017-12-30 12:41:31] $filename
INFO [2017-12-30 12:41:31] NULL
INFO [2017-12-30 12:41:31] 
INFO [2017-12-30 12:41:31] $main
INFO [2017-12-30 12:41:31] [1] "Liver specific DE genes with species-specific interactions (FDR 1%)"
INFO [2017-12-30 12:41:31] 
INFO [2017-12-30 12:41:31] $cex
INFO [2017-12-30 12:41:31] [1] 1.5
INFO [2017-12-30 12:41:31] 
INFO [2017-12-30 12:41:31] $fill
INFO [2017-12-30 12:41:31] pal[1:3]
INFO [2017-12-30 12:41:31] 
INFO [2017-12-30 12:41:31] $lty
INFO [2017-12-30 12:41:31] [1] 1
INFO [2017-12-30 12:41:31] 
INFO [2017-12-30 12:41:31] $height
INFO [2017-12-30 12:41:31] [1] 2000
INFO [2017-12-30 12:41:31] 
INFO [2017-12-30 12:41:31] $width
INFO [2017-12-30 12:41:31] [1] 3000
INFO [2017-12-30 12:41:31] 
INFO [2017-12-30 12:41:31] [[1]]
INFO [2017-12-30 12:41:31] mylist
INFO [2017-12-30 12:41:31] 
INFO [2017-12-30 12:41:31] $filename
INFO [2017-12-30 12:41:31] NULL
INFO [2017-12-30 12:41:31] 
INFO [2017-12-30 12:41:31] $main
INFO [2017-12-30 12:41:31] [1] "Species specific DE genes (FDR 1%)"
INFO [2017-12-30 12:41:31] 
INFO [2017-12-30 12:41:31] $cex
INFO [2017-12-30 12:41:31] [1] 1.5
INFO [2017-12-30 12:41:31] 
INFO [2017-12-30 12:41:31] $fill
INFO [2017-12-30 12:41:31] pal[1:3]
INFO [2017-12-30 12:41:31] 
INFO [2017-12-30 12:41:31] $lty
INFO [2017-12-30 12:41:31] [1] 1
INFO [2017-12-30 12:41:31] 
INFO [2017-12-30 12:41:31] $height
INFO [2017-12-30 12:41:31] [1] 2000
INFO [2017-12-30 12:41:31] 
INFO [2017-12-30 12:41:31] $width
INFO [2017-12-30 12:41:31] [1] 3000
INFO [2017-12-30 12:41:31] 
