INFO [2017-12-21 15:47:05] [[1]]
INFO [2017-12-21 15:47:05] mylist
INFO [2017-12-21 15:47:05] 
INFO [2017-12-21 15:47:05] $filename
INFO [2017-12-21 15:47:05] NULL
INFO [2017-12-21 15:47:05] 
INFO [2017-12-21 15:47:05] $main
INFO [2017-12-21 15:47:05] [1] "Downregulated in Humans compared to Chimps (FSR 1%)"
INFO [2017-12-21 15:47:05] 
INFO [2017-12-21 15:47:05] $main.cex
INFO [2017-12-21 15:47:05] [1] 2
INFO [2017-12-21 15:47:05] 
INFO [2017-12-21 15:47:05] $cat.cex
INFO [2017-12-21 15:47:05] [1] 1.5
INFO [2017-12-21 15:47:05] 
INFO [2017-12-21 15:47:05] $cex
INFO [2017-12-21 15:47:05] [1] 2.5
INFO [2017-12-21 15:47:05] 
INFO [2017-12-21 15:47:05] $fill
INFO [2017-12-21 15:47:05] pal[1:4]
INFO [2017-12-21 15:47:05] 
INFO [2017-12-21 15:47:05] $lty
INFO [2017-12-21 15:47:05] [1] 1
INFO [2017-12-21 15:47:05] 
INFO [2017-12-21 15:47:05] $height
INFO [2017-12-21 15:47:05] [1] 2000
INFO [2017-12-21 15:47:05] 
INFO [2017-12-21 15:47:05] $width
INFO [2017-12-21 15:47:05] [1] 3000
INFO [2017-12-21 15:47:05] 
INFO [2017-12-21 15:47:05] [[1]]
INFO [2017-12-21 15:47:05] mylist
INFO [2017-12-21 15:47:05] 
INFO [2017-12-21 15:47:05] $filename
INFO [2017-12-21 15:47:05] NULL
INFO [2017-12-21 15:47:05] 
INFO [2017-12-21 15:47:05] $main
INFO [2017-12-21 15:47:05] [1] "Downregulated in Humans compared to Rhesus (FSR 1%)"
INFO [2017-12-21 15:47:05] 
INFO [2017-12-21 15:47:05] $main.cex
INFO [2017-12-21 15:47:05] [1] 2
INFO [2017-12-21 15:47:05] 
INFO [2017-12-21 15:47:05] $cat.cex
INFO [2017-12-21 15:47:05] [1] 1.5
INFO [2017-12-21 15:47:05] 
INFO [2017-12-21 15:47:05] $cex
INFO [2017-12-21 15:47:05] [1] 2.5
INFO [2017-12-21 15:47:05] 
INFO [2017-12-21 15:47:05] $fill
INFO [2017-12-21 15:47:05] pal[1:4]
INFO [2017-12-21 15:47:05] 
INFO [2017-12-21 15:47:05] $lty
INFO [2017-12-21 15:47:05] [1] 1
INFO [2017-12-21 15:47:05] 
INFO [2017-12-21 15:47:05] $height
INFO [2017-12-21 15:47:05] [1] 2000
INFO [2017-12-21 15:47:05] 
INFO [2017-12-21 15:47:05] $width
INFO [2017-12-21 15:47:05] [1] 3000
INFO [2017-12-21 15:47:05] 
INFO [2017-12-21 15:47:05] [[1]]
INFO [2017-12-21 15:47:05] mylist
INFO [2017-12-21 15:47:05] 
INFO [2017-12-21 15:47:05] $filename
INFO [2017-12-21 15:47:05] NULL
INFO [2017-12-21 15:47:05] 
INFO [2017-12-21 15:47:05] $main
INFO [2017-12-21 15:47:05] [1] "Downregulated in Chimps relative to Rhesus (FSR 1%)"
INFO [2017-12-21 15:47:05] 
INFO [2017-12-21 15:47:05] $main.cex
INFO [2017-12-21 15:47:05] [1] 2
INFO [2017-12-21 15:47:05] 
INFO [2017-12-21 15:47:05] $cat.cex
INFO [2017-12-21 15:47:05] [1] 1.5
INFO [2017-12-21 15:47:05] 
INFO [2017-12-21 15:47:05] $cex
INFO [2017-12-21 15:47:05] [1] 2.5
INFO [2017-12-21 15:47:05] 
INFO [2017-12-21 15:47:05] $fill
INFO [2017-12-21 15:47:05] pal[1:4]
INFO [2017-12-21 15:47:05] 
INFO [2017-12-21 15:47:05] $lty
INFO [2017-12-21 15:47:05] [1] 1
INFO [2017-12-21 15:47:05] 
INFO [2017-12-21 15:47:05] $height
INFO [2017-12-21 15:47:05] [1] 2000
INFO [2017-12-21 15:47:05] 
INFO [2017-12-21 15:47:05] $width
INFO [2017-12-21 15:47:05] [1] 3000
INFO [2017-12-21 15:47:05] 
