INFO [2017-11-07 00:13:26] [[1]]
INFO [2017-11-07 00:13:26] mylist
INFO [2017-11-07 00:13:26] 
INFO [2017-11-07 00:13:26] $filename
INFO [2017-11-07 00:13:26] NULL
INFO [2017-11-07 00:13:26] 
INFO [2017-11-07 00:13:26] $main
INFO [2017-11-07 00:13:26] [1] "Upregulated in Heart compared to Kidney (FDR 1%)"
INFO [2017-11-07 00:13:26] 
INFO [2017-11-07 00:13:26] $main.cex
INFO [2017-11-07 00:13:26] [1] 2
INFO [2017-11-07 00:13:26] 
INFO [2017-11-07 00:13:26] $cat.cex
INFO [2017-11-07 00:13:26] [1] 1.5
INFO [2017-11-07 00:13:26] 
INFO [2017-11-07 00:13:26] $cex
INFO [2017-11-07 00:13:26] [1] 2.5
INFO [2017-11-07 00:13:26] 
INFO [2017-11-07 00:13:26] $fill
INFO [2017-11-07 00:13:26] pal[1:3]
INFO [2017-11-07 00:13:26] 
INFO [2017-11-07 00:13:26] $lty
INFO [2017-11-07 00:13:26] [1] 1
INFO [2017-11-07 00:13:26] 
INFO [2017-11-07 00:13:26] $height
INFO [2017-11-07 00:13:26] [1] 2000
INFO [2017-11-07 00:13:26] 
INFO [2017-11-07 00:13:26] $width
INFO [2017-11-07 00:13:26] [1] 3000
INFO [2017-11-07 00:13:26] 
