INFO [2017-12-21 15:47:01] [[1]]
INFO [2017-12-21 15:47:01] mylist
INFO [2017-12-21 15:47:01] 
INFO [2017-12-21 15:47:01] $filename
INFO [2017-12-21 15:47:01] NULL
INFO [2017-12-21 15:47:01] 
INFO [2017-12-21 15:47:01] $main
INFO [2017-12-21 15:47:01] [1] "Upregulated in Heart compared to Lung (FSR 1%)"
INFO [2017-12-21 15:47:01] 
INFO [2017-12-21 15:47:01] $main.cex
INFO [2017-12-21 15:47:01] [1] 2
INFO [2017-12-21 15:47:01] 
INFO [2017-12-21 15:47:01] $cat.cex
INFO [2017-12-21 15:47:01] [1] 1.5
INFO [2017-12-21 15:47:01] 
INFO [2017-12-21 15:47:01] $cex
INFO [2017-12-21 15:47:01] [1] 2.5
INFO [2017-12-21 15:47:01] 
INFO [2017-12-21 15:47:01] $fill
INFO [2017-12-21 15:47:01] pal[1:3]
INFO [2017-12-21 15:47:01] 
INFO [2017-12-21 15:47:01] $lty
INFO [2017-12-21 15:47:01] [1] 1
INFO [2017-12-21 15:47:01] 
INFO [2017-12-21 15:47:01] $height
INFO [2017-12-21 15:47:01] [1] 2000
INFO [2017-12-21 15:47:01] 
INFO [2017-12-21 15:47:01] $width
INFO [2017-12-21 15:47:01] [1] 3000
INFO [2017-12-21 15:47:01] 
INFO [2017-12-21 15:47:01] [[1]]
INFO [2017-12-21 15:47:01] mylist
INFO [2017-12-21 15:47:01] 
INFO [2017-12-21 15:47:01] $filename
INFO [2017-12-21 15:47:01] NULL
INFO [2017-12-21 15:47:01] 
INFO [2017-12-21 15:47:01] $main
INFO [2017-12-21 15:47:01] [1] "Upregulated in Liver compared to Lung (FSR 1%)"
INFO [2017-12-21 15:47:01] 
INFO [2017-12-21 15:47:01] $main.cex
INFO [2017-12-21 15:47:01] [1] 2
INFO [2017-12-21 15:47:01] 
INFO [2017-12-21 15:47:01] $cat.cex
INFO [2017-12-21 15:47:01] [1] 1.5
INFO [2017-12-21 15:47:01] 
INFO [2017-12-21 15:47:01] $cex
INFO [2017-12-21 15:47:01] [1] 2.5
INFO [2017-12-21 15:47:01] 
INFO [2017-12-21 15:47:01] $fill
INFO [2017-12-21 15:47:01] pal[1:3]
INFO [2017-12-21 15:47:01] 
INFO [2017-12-21 15:47:01] $lty
INFO [2017-12-21 15:47:01] [1] 1
INFO [2017-12-21 15:47:01] 
INFO [2017-12-21 15:47:01] $height
INFO [2017-12-21 15:47:01] [1] 2000
INFO [2017-12-21 15:47:01] 
INFO [2017-12-21 15:47:01] $width
INFO [2017-12-21 15:47:01] [1] 3000
INFO [2017-12-21 15:47:01] 
INFO [2017-12-21 15:47:01] [[1]]
INFO [2017-12-21 15:47:01] mylist
INFO [2017-12-21 15:47:01] 
INFO [2017-12-21 15:47:01] $filename
INFO [2017-12-21 15:47:01] NULL
INFO [2017-12-21 15:47:01] 
INFO [2017-12-21 15:47:01] $main
INFO [2017-12-21 15:47:01] [1] "Upregulated in Liver compared to Kidney (FSR 1%)"
INFO [2017-12-21 15:47:01] 
INFO [2017-12-21 15:47:01] $main.cex
INFO [2017-12-21 15:47:01] [1] 2
INFO [2017-12-21 15:47:01] 
INFO [2017-12-21 15:47:01] $cat.cex
INFO [2017-12-21 15:47:01] [1] 1.5
INFO [2017-12-21 15:47:01] 
INFO [2017-12-21 15:47:01] $cex
INFO [2017-12-21 15:47:01] [1] 2.5
INFO [2017-12-21 15:47:01] 
INFO [2017-12-21 15:47:01] $fill
INFO [2017-12-21 15:47:01] pal[1:3]
INFO [2017-12-21 15:47:01] 
INFO [2017-12-21 15:47:01] $lty
INFO [2017-12-21 15:47:01] [1] 1
INFO [2017-12-21 15:47:01] 
INFO [2017-12-21 15:47:01] $height
INFO [2017-12-21 15:47:01] [1] 2000
INFO [2017-12-21 15:47:01] 
INFO [2017-12-21 15:47:01] $width
INFO [2017-12-21 15:47:01] [1] 3000
INFO [2017-12-21 15:47:01] 
INFO [2017-12-21 15:47:01] [[1]]
INFO [2017-12-21 15:47:01] mylist
INFO [2017-12-21 15:47:01] 
INFO [2017-12-21 15:47:01] $filename
INFO [2017-12-21 15:47:01] NULL
INFO [2017-12-21 15:47:01] 
INFO [2017-12-21 15:47:01] $main
INFO [2017-12-21 15:47:01] [1] "Upregulated in Lung compared to Kidney (FSR 1%)"
INFO [2017-12-21 15:47:01] 
INFO [2017-12-21 15:47:01] $main.cex
INFO [2017-12-21 15:47:01] [1] 2
INFO [2017-12-21 15:47:01] 
INFO [2017-12-21 15:47:01] $cat.cex
INFO [2017-12-21 15:47:01] [1] 1.5
INFO [2017-12-21 15:47:01] 
INFO [2017-12-21 15:47:01] $cex
INFO [2017-12-21 15:47:01] [1] 2.5
INFO [2017-12-21 15:47:01] 
INFO [2017-12-21 15:47:01] $fill
INFO [2017-12-21 15:47:01] pal[1:3]
INFO [2017-12-21 15:47:01] 
INFO [2017-12-21 15:47:01] $lty
INFO [2017-12-21 15:47:01] [1] 1
INFO [2017-12-21 15:47:01] 
INFO [2017-12-21 15:47:01] $height
INFO [2017-12-21 15:47:01] [1] 2000
INFO [2017-12-21 15:47:01] 
INFO [2017-12-21 15:47:01] $width
INFO [2017-12-21 15:47:01] [1] 3000
INFO [2017-12-21 15:47:01] 
