INFO [2017-12-23 18:21:56] [[1]]
INFO [2017-12-23 18:21:56] mylist
INFO [2017-12-23 18:21:56] 
INFO [2017-12-23 18:21:56] $filename
INFO [2017-12-23 18:21:56] NULL
INFO [2017-12-23 18:21:56] 
INFO [2017-12-23 18:21:56] $main
INFO [2017-12-23 18:21:56] [1] "Downregulated lung specific (FSR 1%)"
INFO [2017-12-23 18:21:56] 
INFO [2017-12-23 18:21:56] $main.cex
INFO [2017-12-23 18:21:56] [1] 2
INFO [2017-12-23 18:21:56] 
INFO [2017-12-23 18:21:56] $cat.cex
INFO [2017-12-23 18:21:56] [1] 1.5
INFO [2017-12-23 18:21:56] 
INFO [2017-12-23 18:21:56] $cex
INFO [2017-12-23 18:21:56] [1] 2.5
INFO [2017-12-23 18:21:56] 
INFO [2017-12-23 18:21:56] $fill
INFO [2017-12-23 18:21:56] pal[1:3]
INFO [2017-12-23 18:21:56] 
INFO [2017-12-23 18:21:56] $lty
INFO [2017-12-23 18:21:56] [1] 1
INFO [2017-12-23 18:21:56] 
INFO [2017-12-23 18:21:56] $height
INFO [2017-12-23 18:21:56] [1] 2000
INFO [2017-12-23 18:21:56] 
INFO [2017-12-23 18:21:56] $width
INFO [2017-12-23 18:21:56] [1] 3000
INFO [2017-12-23 18:21:56] 
