INFO [2017-06-01 05:06:45] [[1]]
INFO [2017-06-01 05:06:45] mylist
INFO [2017-06-01 05:06:45] 
INFO [2017-06-01 05:06:45] $filename
INFO [2017-06-01 05:06:45] NULL
INFO [2017-06-01 05:06:45] 
INFO [2017-06-01 05:06:45] $main
INFO [2017-06-01 05:06:45] [1] "Heart specific DE genes (FDR 1%)"
INFO [2017-06-01 05:06:45] 
INFO [2017-06-01 05:06:45] $cex
INFO [2017-06-01 05:06:45] [1] 1.5
INFO [2017-06-01 05:06:45] 
INFO [2017-06-01 05:06:45] $fill
INFO [2017-06-01 05:06:45] pal[1:3]
INFO [2017-06-01 05:06:45] 
INFO [2017-06-01 05:06:45] $lty
INFO [2017-06-01 05:06:45] [1] 1
INFO [2017-06-01 05:06:45] 
INFO [2017-06-01 05:06:45] $height
INFO [2017-06-01 05:06:45] [1] 2000
INFO [2017-06-01 05:06:45] 
INFO [2017-06-01 05:06:45] $width
INFO [2017-06-01 05:06:45] [1] 3000
INFO [2017-06-01 05:06:45] 
INFO [2017-06-01 05:06:45] [[1]]
INFO [2017-06-01 05:06:45] mylist
INFO [2017-06-01 05:06:45] 
INFO [2017-06-01 05:06:45] $filename
INFO [2017-06-01 05:06:45] NULL
INFO [2017-06-01 05:06:45] 
INFO [2017-06-01 05:06:45] $main
INFO [2017-06-01 05:06:45] [1] "Liver specific DE genes (FDR 1%)"
INFO [2017-06-01 05:06:45] 
INFO [2017-06-01 05:06:45] $cex
INFO [2017-06-01 05:06:45] [1] 1.5
INFO [2017-06-01 05:06:45] 
INFO [2017-06-01 05:06:45] $fill
INFO [2017-06-01 05:06:45] pal[1:3]
INFO [2017-06-01 05:06:45] 
INFO [2017-06-01 05:06:45] $lty
INFO [2017-06-01 05:06:45] [1] 1
INFO [2017-06-01 05:06:45] 
INFO [2017-06-01 05:06:45] $height
INFO [2017-06-01 05:06:45] [1] 2000
INFO [2017-06-01 05:06:45] 
INFO [2017-06-01 05:06:45] $width
INFO [2017-06-01 05:06:45] [1] 3000
INFO [2017-06-01 05:06:45] 
INFO [2017-06-01 05:06:45] [[1]]
INFO [2017-06-01 05:06:45] mylist
INFO [2017-06-01 05:06:45] 
INFO [2017-06-01 05:06:45] $filename
INFO [2017-06-01 05:06:45] NULL
INFO [2017-06-01 05:06:45] 
INFO [2017-06-01 05:06:45] $main
INFO [2017-06-01 05:06:45] [1] "Kidney specific DE genes (FDR 1%)"
INFO [2017-06-01 05:06:45] 
INFO [2017-06-01 05:06:45] $cex
INFO [2017-06-01 05:06:45] [1] 1.5
INFO [2017-06-01 05:06:45] 
INFO [2017-06-01 05:06:45] $fill
INFO [2017-06-01 05:06:45] pal[1:3]
INFO [2017-06-01 05:06:45] 
INFO [2017-06-01 05:06:45] $lty
INFO [2017-06-01 05:06:45] [1] 1
INFO [2017-06-01 05:06:45] 
INFO [2017-06-01 05:06:45] $height
INFO [2017-06-01 05:06:45] [1] 2000
INFO [2017-06-01 05:06:45] 
INFO [2017-06-01 05:06:45] $width
INFO [2017-06-01 05:06:45] [1] 3000
INFO [2017-06-01 05:06:45] 
