INFO [2017-12-23 18:21:47] [[1]]
INFO [2017-12-23 18:21:47] mylist
INFO [2017-12-23 18:21:47] 
INFO [2017-12-23 18:21:47] $filename
INFO [2017-12-23 18:21:47] NULL
INFO [2017-12-23 18:21:47] 
INFO [2017-12-23 18:21:47] $main
INFO [2017-12-23 18:21:47] [1] "Upregulated in Humans compared to Rhesus (FSR 1%)"
INFO [2017-12-23 18:21:47] 
INFO [2017-12-23 18:21:47] $main.cex
INFO [2017-12-23 18:21:47] [1] 2
INFO [2017-12-23 18:21:47] 
INFO [2017-12-23 18:21:47] $cat.cex
INFO [2017-12-23 18:21:47] [1] 1.5
INFO [2017-12-23 18:21:47] 
INFO [2017-12-23 18:21:47] $cex
INFO [2017-12-23 18:21:47] [1] 2.5
INFO [2017-12-23 18:21:47] 
INFO [2017-12-23 18:21:47] $fill
INFO [2017-12-23 18:21:47] pal[1:4]
INFO [2017-12-23 18:21:47] 
INFO [2017-12-23 18:21:47] $lty
INFO [2017-12-23 18:21:47] [1] 1
INFO [2017-12-23 18:21:47] 
INFO [2017-12-23 18:21:47] $height
INFO [2017-12-23 18:21:47] [1] 2000
INFO [2017-12-23 18:21:47] 
INFO [2017-12-23 18:21:47] $width
INFO [2017-12-23 18:21:47] [1] 3000
INFO [2017-12-23 18:21:47] 
INFO [2017-12-23 18:21:47] [[1]]
INFO [2017-12-23 18:21:47] mylist
INFO [2017-12-23 18:21:47] 
INFO [2017-12-23 18:21:47] $filename
INFO [2017-12-23 18:21:47] NULL
INFO [2017-12-23 18:21:47] 
INFO [2017-12-23 18:21:47] $main
INFO [2017-12-23 18:21:47] [1] "Upregulated in Chimps relative to Rhesus (FSR 1%)"
INFO [2017-12-23 18:21:47] 
INFO [2017-12-23 18:21:47] $main.cex
INFO [2017-12-23 18:21:47] [1] 2
INFO [2017-12-23 18:21:47] 
INFO [2017-12-23 18:21:47] $cat.cex
INFO [2017-12-23 18:21:47] [1] 1.5
INFO [2017-12-23 18:21:47] 
INFO [2017-12-23 18:21:47] $cex
INFO [2017-12-23 18:21:47] [1] 2.5
INFO [2017-12-23 18:21:47] 
INFO [2017-12-23 18:21:47] $fill
INFO [2017-12-23 18:21:47] pal[1:4]
INFO [2017-12-23 18:21:47] 
INFO [2017-12-23 18:21:47] $lty
INFO [2017-12-23 18:21:47] [1] 1
INFO [2017-12-23 18:21:47] 
INFO [2017-12-23 18:21:47] $height
INFO [2017-12-23 18:21:47] [1] 2000
INFO [2017-12-23 18:21:47] 
INFO [2017-12-23 18:21:47] $width
INFO [2017-12-23 18:21:47] [1] 3000
INFO [2017-12-23 18:21:47] 
INFO [2017-12-23 18:21:47] [[1]]
INFO [2017-12-23 18:21:47] mylist
INFO [2017-12-23 18:21:47] 
INFO [2017-12-23 18:21:47] $filename
INFO [2017-12-23 18:21:47] NULL
INFO [2017-12-23 18:21:47] 
INFO [2017-12-23 18:21:47] $main
INFO [2017-12-23 18:21:47] [1] "Downregulated in Humans compared to Chimps (FSR 1%)"
INFO [2017-12-23 18:21:47] 
INFO [2017-12-23 18:21:47] $main.cex
INFO [2017-12-23 18:21:47] [1] 2
INFO [2017-12-23 18:21:47] 
INFO [2017-12-23 18:21:47] $cat.cex
INFO [2017-12-23 18:21:47] [1] 1.5
INFO [2017-12-23 18:21:47] 
INFO [2017-12-23 18:21:47] $cex
INFO [2017-12-23 18:21:47] [1] 2.5
INFO [2017-12-23 18:21:47] 
INFO [2017-12-23 18:21:47] $fill
INFO [2017-12-23 18:21:47] pal[1:4]
INFO [2017-12-23 18:21:47] 
INFO [2017-12-23 18:21:47] $lty
INFO [2017-12-23 18:21:47] [1] 1
INFO [2017-12-23 18:21:47] 
INFO [2017-12-23 18:21:47] $height
INFO [2017-12-23 18:21:47] [1] 2000
INFO [2017-12-23 18:21:47] 
INFO [2017-12-23 18:21:47] $width
INFO [2017-12-23 18:21:47] [1] 3000
INFO [2017-12-23 18:21:47] 
