INFO [2017-12-23 18:21:48] [[1]]
INFO [2017-12-23 18:21:48] mylist
INFO [2017-12-23 18:21:48] 
INFO [2017-12-23 18:21:48] $filename
INFO [2017-12-23 18:21:48] NULL
INFO [2017-12-23 18:21:48] 
INFO [2017-12-23 18:21:48] $main
INFO [2017-12-23 18:21:48] [1] "Downregulated in Humans compared to Rhesus (FSR 1%)"
INFO [2017-12-23 18:21:48] 
INFO [2017-12-23 18:21:48] $main.cex
INFO [2017-12-23 18:21:48] [1] 2
INFO [2017-12-23 18:21:48] 
INFO [2017-12-23 18:21:48] $cat.cex
INFO [2017-12-23 18:21:48] [1] 1.5
INFO [2017-12-23 18:21:48] 
INFO [2017-12-23 18:21:48] $cex
INFO [2017-12-23 18:21:48] [1] 2.5
INFO [2017-12-23 18:21:48] 
INFO [2017-12-23 18:21:48] $fill
INFO [2017-12-23 18:21:48] pal[1:4]
INFO [2017-12-23 18:21:48] 
INFO [2017-12-23 18:21:48] $lty
INFO [2017-12-23 18:21:48] [1] 1
INFO [2017-12-23 18:21:48] 
INFO [2017-12-23 18:21:48] $height
INFO [2017-12-23 18:21:48] [1] 2000
INFO [2017-12-23 18:21:48] 
INFO [2017-12-23 18:21:48] $width
INFO [2017-12-23 18:21:48] [1] 3000
INFO [2017-12-23 18:21:48] 
INFO [2017-12-23 18:21:48] [[1]]
INFO [2017-12-23 18:21:48] mylist
INFO [2017-12-23 18:21:48] 
INFO [2017-12-23 18:21:48] $filename
INFO [2017-12-23 18:21:48] NULL
INFO [2017-12-23 18:21:48] 
INFO [2017-12-23 18:21:48] $main
INFO [2017-12-23 18:21:48] [1] "Downregulated in Chimps relative to Rhesus (FSR 1%)"
INFO [2017-12-23 18:21:48] 
INFO [2017-12-23 18:21:48] $main.cex
INFO [2017-12-23 18:21:48] [1] 2
INFO [2017-12-23 18:21:48] 
INFO [2017-12-23 18:21:48] $cat.cex
INFO [2017-12-23 18:21:48] [1] 1.5
INFO [2017-12-23 18:21:48] 
INFO [2017-12-23 18:21:48] $cex
INFO [2017-12-23 18:21:48] [1] 2.5
INFO [2017-12-23 18:21:48] 
INFO [2017-12-23 18:21:48] $fill
INFO [2017-12-23 18:21:48] pal[1:4]
INFO [2017-12-23 18:21:48] 
INFO [2017-12-23 18:21:48] $lty
INFO [2017-12-23 18:21:48] [1] 1
INFO [2017-12-23 18:21:48] 
INFO [2017-12-23 18:21:48] $height
INFO [2017-12-23 18:21:48] [1] 2000
INFO [2017-12-23 18:21:48] 
INFO [2017-12-23 18:21:48] $width
INFO [2017-12-23 18:21:48] [1] 3000
INFO [2017-12-23 18:21:48] 
