INFO [2017-12-30 12:41:27] [[1]]
INFO [2017-12-30 12:41:27] mylist
INFO [2017-12-30 12:41:27] 
INFO [2017-12-30 12:41:27] $filename
INFO [2017-12-30 12:41:27] NULL
INFO [2017-12-30 12:41:27] 
INFO [2017-12-30 12:41:27] $main
INFO [2017-12-30 12:41:27] [1] "DE genes between Heart and Liver (FDR 1%)"
INFO [2017-12-30 12:41:27] 
INFO [2017-12-30 12:41:27] $cex
INFO [2017-12-30 12:41:27] [1] 1.5
INFO [2017-12-30 12:41:27] 
INFO [2017-12-30 12:41:27] $fill
INFO [2017-12-30 12:41:27] pal[1:3]
INFO [2017-12-30 12:41:27] 
INFO [2017-12-30 12:41:27] $lty
INFO [2017-12-30 12:41:27] [1] 1
INFO [2017-12-30 12:41:27] 
INFO [2017-12-30 12:41:27] $height
INFO [2017-12-30 12:41:27] [1] 2000
INFO [2017-12-30 12:41:27] 
INFO [2017-12-30 12:41:27] $width
INFO [2017-12-30 12:41:27] [1] 3000
INFO [2017-12-30 12:41:27] 
INFO [2017-12-30 12:41:27] [[1]]
INFO [2017-12-30 12:41:27] mylist
INFO [2017-12-30 12:41:27] 
INFO [2017-12-30 12:41:27] $filename
INFO [2017-12-30 12:41:27] NULL
INFO [2017-12-30 12:41:27] 
INFO [2017-12-30 12:41:27] $main
INFO [2017-12-30 12:41:27] [1] "DE genes between Heart and Lung (FDR 1%)"
INFO [2017-12-30 12:41:27] 
INFO [2017-12-30 12:41:27] $cex
INFO [2017-12-30 12:41:27] [1] 1.5
INFO [2017-12-30 12:41:27] 
INFO [2017-12-30 12:41:27] $fill
INFO [2017-12-30 12:41:27] pal[1:3]
INFO [2017-12-30 12:41:27] 
INFO [2017-12-30 12:41:27] $lty
INFO [2017-12-30 12:41:27] [1] 1
INFO [2017-12-30 12:41:27] 
INFO [2017-12-30 12:41:27] $height
INFO [2017-12-30 12:41:27] [1] 2000
INFO [2017-12-30 12:41:27] 
INFO [2017-12-30 12:41:27] $width
INFO [2017-12-30 12:41:27] [1] 3000
INFO [2017-12-30 12:41:27] 
INFO [2017-12-30 12:41:27] [[1]]
INFO [2017-12-30 12:41:27] mylist
INFO [2017-12-30 12:41:27] 
INFO [2017-12-30 12:41:27] $filename
INFO [2017-12-30 12:41:27] NULL
INFO [2017-12-30 12:41:27] 
INFO [2017-12-30 12:41:27] $main
INFO [2017-12-30 12:41:27] [1] "DE genes between Heart and Kidney (FDR 1%)"
INFO [2017-12-30 12:41:27] 
INFO [2017-12-30 12:41:27] $cex
INFO [2017-12-30 12:41:27] [1] 1.5
INFO [2017-12-30 12:41:27] 
INFO [2017-12-30 12:41:27] $fill
INFO [2017-12-30 12:41:27] pal[1:3]
INFO [2017-12-30 12:41:27] 
INFO [2017-12-30 12:41:27] $lty
INFO [2017-12-30 12:41:27] [1] 1
INFO [2017-12-30 12:41:27] 
INFO [2017-12-30 12:41:27] $height
INFO [2017-12-30 12:41:27] [1] 2000
INFO [2017-12-30 12:41:27] 
INFO [2017-12-30 12:41:27] $width
INFO [2017-12-30 12:41:27] [1] 3000
INFO [2017-12-30 12:41:27] 
