INFO [2017-05-31 19:22:09] [[1]]
INFO [2017-05-31 19:22:09] mylist
INFO [2017-05-31 19:22:09] 
INFO [2017-05-31 19:22:09] $filename
INFO [2017-05-31 19:22:09] NULL
INFO [2017-05-31 19:22:09] 
INFO [2017-05-31 19:22:09] $main
INFO [2017-05-31 19:22:09] [1] "Liver specific DE genes with species-specific interactions (FDR 1%)"
INFO [2017-05-31 19:22:09] 
INFO [2017-05-31 19:22:09] $cex
INFO [2017-05-31 19:22:09] [1] 1.5
INFO [2017-05-31 19:22:09] 
INFO [2017-05-31 19:22:09] $fill
INFO [2017-05-31 19:22:09] pal[1:3]
INFO [2017-05-31 19:22:09] 
INFO [2017-05-31 19:22:09] $lty
INFO [2017-05-31 19:22:09] [1] 1
INFO [2017-05-31 19:22:09] 
INFO [2017-05-31 19:22:09] $height
INFO [2017-05-31 19:22:09] [1] 2000
INFO [2017-05-31 19:22:09] 
INFO [2017-05-31 19:22:09] $width
INFO [2017-05-31 19:22:09] [1] 3000
INFO [2017-05-31 19:22:09] 
