INFO [2017-12-23 14:21:17] [[1]]
INFO [2017-12-23 14:21:17] mylist
INFO [2017-12-23 14:21:17] 
INFO [2017-12-23 14:21:17] $filename
INFO [2017-12-23 14:21:17] NULL
INFO [2017-12-23 14:21:17] 
INFO [2017-12-23 14:21:17] $main
INFO [2017-12-23 14:21:17] [1] "DE genes between Liver and Lung (FDR 1%)"
INFO [2017-12-23 14:21:17] 
INFO [2017-12-23 14:21:17] $cex
INFO [2017-12-23 14:21:17] [1] 1.5
INFO [2017-12-23 14:21:17] 
INFO [2017-12-23 14:21:17] $fill
INFO [2017-12-23 14:21:17] pal[1:3]
INFO [2017-12-23 14:21:17] 
INFO [2017-12-23 14:21:17] $lty
INFO [2017-12-23 14:21:17] [1] 1
INFO [2017-12-23 14:21:17] 
INFO [2017-12-23 14:21:17] $height
INFO [2017-12-23 14:21:17] [1] 2000
INFO [2017-12-23 14:21:17] 
INFO [2017-12-23 14:21:17] $width
INFO [2017-12-23 14:21:17] [1] 3000
INFO [2017-12-23 14:21:17] 
INFO [2017-12-23 14:21:17] [[1]]
INFO [2017-12-23 14:21:17] mylist
INFO [2017-12-23 14:21:17] 
INFO [2017-12-23 14:21:17] $filename
INFO [2017-12-23 14:21:17] NULL
INFO [2017-12-23 14:21:17] 
INFO [2017-12-23 14:21:17] $main
INFO [2017-12-23 14:21:17] [1] "DE genes between Liver and Kidney (FDR 1%)"
INFO [2017-12-23 14:21:17] 
INFO [2017-12-23 14:21:17] $cex
INFO [2017-12-23 14:21:17] [1] 1.5
INFO [2017-12-23 14:21:17] 
INFO [2017-12-23 14:21:17] $fill
INFO [2017-12-23 14:21:17] pal[1:3]
INFO [2017-12-23 14:21:17] 
INFO [2017-12-23 14:21:17] $lty
INFO [2017-12-23 14:21:17] [1] 1
INFO [2017-12-23 14:21:17] 
INFO [2017-12-23 14:21:17] $height
INFO [2017-12-23 14:21:17] [1] 2000
INFO [2017-12-23 14:21:17] 
INFO [2017-12-23 14:21:17] $width
INFO [2017-12-23 14:21:17] [1] 3000
INFO [2017-12-23 14:21:17] 
