INFO [2017-07-13 14:35:45] [[1]]
INFO [2017-07-13 14:35:45] mylist
INFO [2017-07-13 14:35:45] 
INFO [2017-07-13 14:35:45] $filename
INFO [2017-07-13 14:35:45] NULL
INFO [2017-07-13 14:35:45] 
INFO [2017-07-13 14:35:45] $main
INFO [2017-07-13 14:35:45] [1] "Upregulated in Heart compared to Lung (FSR 1%)"
INFO [2017-07-13 14:35:45] 
INFO [2017-07-13 14:35:45] $main.cex
INFO [2017-07-13 14:35:45] [1] 2
INFO [2017-07-13 14:35:45] 
INFO [2017-07-13 14:35:45] $cat.cex
INFO [2017-07-13 14:35:45] [1] 1.5
INFO [2017-07-13 14:35:45] 
INFO [2017-07-13 14:35:45] $cex
INFO [2017-07-13 14:35:45] [1] 2.5
INFO [2017-07-13 14:35:45] 
INFO [2017-07-13 14:35:45] $fill
INFO [2017-07-13 14:35:45] pal[1:3]
INFO [2017-07-13 14:35:45] 
INFO [2017-07-13 14:35:45] $lty
INFO [2017-07-13 14:35:45] [1] 1
INFO [2017-07-13 14:35:45] 
INFO [2017-07-13 14:35:45] $height
INFO [2017-07-13 14:35:45] [1] 2000
INFO [2017-07-13 14:35:45] 
INFO [2017-07-13 14:35:45] $width
INFO [2017-07-13 14:35:45] [1] 3000
INFO [2017-07-13 14:35:45] 
