INFO [2017-07-14 12:03:11] [[1]]
INFO [2017-07-14 12:03:11] mylist
INFO [2017-07-14 12:03:11] 
INFO [2017-07-14 12:03:11] $filename
INFO [2017-07-14 12:03:11] NULL
INFO [2017-07-14 12:03:11] 
INFO [2017-07-14 12:03:11] $main
INFO [2017-07-14 12:03:11] [1] "Downregulated in Humans compared to Rhesus Macaques (FSR 1%)"
INFO [2017-07-14 12:03:11] 
INFO [2017-07-14 12:03:11] $main.cex
INFO [2017-07-14 12:03:11] [1] 2
INFO [2017-07-14 12:03:11] 
INFO [2017-07-14 12:03:11] $cat.cex
INFO [2017-07-14 12:03:11] [1] 1.5
INFO [2017-07-14 12:03:11] 
INFO [2017-07-14 12:03:11] $cex
INFO [2017-07-14 12:03:11] [1] 2.5
INFO [2017-07-14 12:03:11] 
INFO [2017-07-14 12:03:11] $fill
INFO [2017-07-14 12:03:11] pal[1:4]
INFO [2017-07-14 12:03:11] 
INFO [2017-07-14 12:03:11] $lty
INFO [2017-07-14 12:03:11] [1] 1
INFO [2017-07-14 12:03:11] 
INFO [2017-07-14 12:03:11] $height
INFO [2017-07-14 12:03:11] [1] 2000
INFO [2017-07-14 12:03:11] 
INFO [2017-07-14 12:03:11] $width
INFO [2017-07-14 12:03:11] [1] 3000
INFO [2017-07-14 12:03:11] 
