INFO [2017-12-21 18:34:43] [[1]]
INFO [2017-12-21 18:34:43] mylist
INFO [2017-12-21 18:34:43] 
INFO [2017-12-21 18:34:43] $filename
INFO [2017-12-21 18:34:43] NULL
INFO [2017-12-21 18:34:43] 
INFO [2017-12-21 18:34:43] $main
INFO [2017-12-21 18:34:43] [1] "Downregulated hearts (FSR 1%)"
INFO [2017-12-21 18:34:43] 
INFO [2017-12-21 18:34:43] $main.cex
INFO [2017-12-21 18:34:43] [1] 2
INFO [2017-12-21 18:34:43] 
INFO [2017-12-21 18:34:43] $cat.cex
INFO [2017-12-21 18:34:43] [1] 1.5
INFO [2017-12-21 18:34:43] 
INFO [2017-12-21 18:34:43] $cex
INFO [2017-12-21 18:34:43] [1] 2.5
INFO [2017-12-21 18:34:43] 
INFO [2017-12-21 18:34:43] $fill
INFO [2017-12-21 18:34:43] pal[1:3]
INFO [2017-12-21 18:34:43] 
INFO [2017-12-21 18:34:43] $lty
INFO [2017-12-21 18:34:43] [1] 1
INFO [2017-12-21 18:34:43] 
INFO [2017-12-21 18:34:43] $height
INFO [2017-12-21 18:34:43] [1] 2000
INFO [2017-12-21 18:34:43] 
INFO [2017-12-21 18:34:43] $width
INFO [2017-12-21 18:34:43] [1] 3000
INFO [2017-12-21 18:34:43] 
