INFO [2017-07-14 12:03:29] [[1]]
INFO [2017-07-14 12:03:29] mylist
INFO [2017-07-14 12:03:29] 
INFO [2017-07-14 12:03:29] $filename
INFO [2017-07-14 12:03:29] NULL
INFO [2017-07-14 12:03:29] 
INFO [2017-07-14 12:03:29] $main
INFO [2017-07-14 12:03:29] [1] "Downregulated in Humans compared to Rhesus (FSR 1%)"
INFO [2017-07-14 12:03:29] 
INFO [2017-07-14 12:03:29] $main.cex
INFO [2017-07-14 12:03:29] [1] 2
INFO [2017-07-14 12:03:29] 
INFO [2017-07-14 12:03:29] $cat.cex
INFO [2017-07-14 12:03:29] [1] 1.5
INFO [2017-07-14 12:03:29] 
INFO [2017-07-14 12:03:29] $cex
INFO [2017-07-14 12:03:29] [1] 2.5
INFO [2017-07-14 12:03:29] 
INFO [2017-07-14 12:03:29] $fill
INFO [2017-07-14 12:03:29] pal[1:4]
INFO [2017-07-14 12:03:29] 
INFO [2017-07-14 12:03:29] $lty
INFO [2017-07-14 12:03:29] [1] 1
INFO [2017-07-14 12:03:29] 
INFO [2017-07-14 12:03:29] $height
INFO [2017-07-14 12:03:29] [1] 2000
INFO [2017-07-14 12:03:29] 
INFO [2017-07-14 12:03:29] $width
INFO [2017-07-14 12:03:29] [1] 3000
INFO [2017-07-14 12:03:29] 
