INFO [2017-12-21 17:07:35] [[1]]
INFO [2017-12-21 17:07:35] mylist
INFO [2017-12-21 17:07:35] 
INFO [2017-12-21 17:07:35] $filename
INFO [2017-12-21 17:07:35] NULL
INFO [2017-12-21 17:07:35] 
INFO [2017-12-21 17:07:35] $main
INFO [2017-12-21 17:07:35] [1] "Downregulated kidney specific (FSR 1%)"
INFO [2017-12-21 17:07:35] 
INFO [2017-12-21 17:07:35] $main.cex
INFO [2017-12-21 17:07:35] [1] 2
INFO [2017-12-21 17:07:35] 
INFO [2017-12-21 17:07:35] $cat.cex
INFO [2017-12-21 17:07:35] [1] 1.5
INFO [2017-12-21 17:07:35] 
INFO [2017-12-21 17:07:35] $cex
INFO [2017-12-21 17:07:35] [1] 2.5
INFO [2017-12-21 17:07:35] 
INFO [2017-12-21 17:07:35] $fill
INFO [2017-12-21 17:07:35] pal[1:3]
INFO [2017-12-21 17:07:35] 
INFO [2017-12-21 17:07:35] $lty
INFO [2017-12-21 17:07:35] [1] 1
INFO [2017-12-21 17:07:35] 
INFO [2017-12-21 17:07:35] $height
INFO [2017-12-21 17:07:35] [1] 2000
INFO [2017-12-21 17:07:35] 
INFO [2017-12-21 17:07:35] $width
INFO [2017-12-21 17:07:35] [1] 3000
INFO [2017-12-21 17:07:35] 
