INFO [2017-07-12 16:28:24] [[1]]
INFO [2017-07-12 16:28:24] mylist
INFO [2017-07-12 16:28:24] 
INFO [2017-07-12 16:28:24] $filename
INFO [2017-07-12 16:28:24] NULL
INFO [2017-07-12 16:28:24] 
INFO [2017-07-12 16:28:24] $main
INFO [2017-07-12 16:28:24] [1] "Upregulated heart specific (FSR 1%)"
INFO [2017-07-12 16:28:24] 
INFO [2017-07-12 16:28:24] $cex
INFO [2017-07-12 16:28:24] [1] 1.5
INFO [2017-07-12 16:28:24] 
INFO [2017-07-12 16:28:24] $fill
INFO [2017-07-12 16:28:24] pal[1:3]
INFO [2017-07-12 16:28:24] 
INFO [2017-07-12 16:28:24] $lty
INFO [2017-07-12 16:28:24] [1] 1
INFO [2017-07-12 16:28:24] 
INFO [2017-07-12 16:28:24] $height
INFO [2017-07-12 16:28:24] [1] 2000
INFO [2017-07-12 16:28:24] 
INFO [2017-07-12 16:28:24] $width
INFO [2017-07-12 16:28:24] [1] 3000
INFO [2017-07-12 16:28:24] 
