INFO [2017-12-21 14:10:48] [[1]]
INFO [2017-12-21 14:10:48] mylist
INFO [2017-12-21 14:10:48] 
INFO [2017-12-21 14:10:48] $filename
INFO [2017-12-21 14:10:48] NULL
INFO [2017-12-21 14:10:48] 
INFO [2017-12-21 14:10:48] $main
INFO [2017-12-21 14:10:48] [1] "DE genes between Humans and Rhesus (FDR 1%)"
INFO [2017-12-21 14:10:48] 
INFO [2017-12-21 14:10:48] $cex
INFO [2017-12-21 14:10:48] [1] 1.5
INFO [2017-12-21 14:10:48] 
INFO [2017-12-21 14:10:48] $fill
INFO [2017-12-21 14:10:48] pal[1:4]
INFO [2017-12-21 14:10:48] 
INFO [2017-12-21 14:10:48] $lty
INFO [2017-12-21 14:10:48] [1] 1
INFO [2017-12-21 14:10:48] 
INFO [2017-12-21 14:10:48] $height
INFO [2017-12-21 14:10:48] [1] 2000
INFO [2017-12-21 14:10:48] 
INFO [2017-12-21 14:10:48] $width
INFO [2017-12-21 14:10:48] [1] 3000
INFO [2017-12-21 14:10:48] 
ERROR [2017-12-21 14:10:48] Unexpected parameter length for 'fill'
