INFO [2017-12-21 14:05:35] [[1]]
INFO [2017-12-21 14:05:35] mylist
INFO [2017-12-21 14:05:35] 
INFO [2017-12-21 14:05:35] $filename
INFO [2017-12-21 14:05:35] NULL
INFO [2017-12-21 14:05:35] 
INFO [2017-12-21 14:05:35] $main
INFO [2017-12-21 14:05:35] [1] "Significant interactions in Humans (FDR 1%)"
INFO [2017-12-21 14:05:35] 
INFO [2017-12-21 14:05:35] $cex
INFO [2017-12-21 14:05:35] [1] 1.5
INFO [2017-12-21 14:05:35] 
INFO [2017-12-21 14:05:35] $fill
INFO [2017-12-21 14:05:35] pal[1:3]
INFO [2017-12-21 14:05:35] 
INFO [2017-12-21 14:05:35] $lty
INFO [2017-12-21 14:05:35] [1] 1
INFO [2017-12-21 14:05:35] 
INFO [2017-12-21 14:05:35] $height
INFO [2017-12-21 14:05:35] [1] 2000
INFO [2017-12-21 14:05:35] 
INFO [2017-12-21 14:05:35] $width
INFO [2017-12-21 14:05:35] [1] 3000
INFO [2017-12-21 14:05:35] 
INFO [2017-12-21 14:05:35] [[1]]
INFO [2017-12-21 14:05:35] mylist
INFO [2017-12-21 14:05:35] 
INFO [2017-12-21 14:05:35] $filename
INFO [2017-12-21 14:05:35] NULL
INFO [2017-12-21 14:05:35] 
INFO [2017-12-21 14:05:35] $main
INFO [2017-12-21 14:05:35] [1] "Significant interactions in Rhesus (FDR 1%)"
INFO [2017-12-21 14:05:35] 
INFO [2017-12-21 14:05:35] $cex
INFO [2017-12-21 14:05:35] [1] 1.5
INFO [2017-12-21 14:05:35] 
INFO [2017-12-21 14:05:35] $fill
INFO [2017-12-21 14:05:35] pal[1:3]
INFO [2017-12-21 14:05:35] 
INFO [2017-12-21 14:05:35] $lty
INFO [2017-12-21 14:05:35] [1] 1
INFO [2017-12-21 14:05:35] 
INFO [2017-12-21 14:05:35] $height
INFO [2017-12-21 14:05:35] [1] 2000
INFO [2017-12-21 14:05:35] 
INFO [2017-12-21 14:05:35] $width
INFO [2017-12-21 14:05:35] [1] 3000
INFO [2017-12-21 14:05:35] 
