INFO [2017-11-06 23:47:50] [[1]]
INFO [2017-11-06 23:47:50] mylist
INFO [2017-11-06 23:47:50] 
INFO [2017-11-06 23:47:50] $filename
INFO [2017-11-06 23:47:50] NULL
INFO [2017-11-06 23:47:50] 
INFO [2017-11-06 23:47:50] $main
INFO [2017-11-06 23:47:50] [1] "DE genes between Humans and Chimps (FDR 1%)"
INFO [2017-11-06 23:47:50] 
INFO [2017-11-06 23:47:50] $cex
INFO [2017-11-06 23:47:50] [1] 1.5
INFO [2017-11-06 23:47:50] 
INFO [2017-11-06 23:47:50] $fill
INFO [2017-11-06 23:47:50] pal[1:4]
INFO [2017-11-06 23:47:50] 
INFO [2017-11-06 23:47:50] $lty
INFO [2017-11-06 23:47:50] [1] 1
INFO [2017-11-06 23:47:50] 
INFO [2017-11-06 23:47:50] $height
INFO [2017-11-06 23:47:50] [1] 2000
INFO [2017-11-06 23:47:50] 
INFO [2017-11-06 23:47:50] $width
INFO [2017-11-06 23:47:50] [1] 3000
INFO [2017-11-06 23:47:50] 
