INFO [2017-07-12 16:18:09] [[1]]
INFO [2017-07-12 16:18:09] mylist
INFO [2017-07-12 16:18:09] 
INFO [2017-07-12 16:18:09] $filename
INFO [2017-07-12 16:18:09] NULL
INFO [2017-07-12 16:18:09] 
INFO [2017-07-12 16:18:09] $main
INFO [2017-07-12 16:18:09] [1] "Upregulated lung specific (FSR 1%)"
INFO [2017-07-12 16:18:09] 
INFO [2017-07-12 16:18:09] $cex
INFO [2017-07-12 16:18:09] [1] 1.5
INFO [2017-07-12 16:18:09] 
INFO [2017-07-12 16:18:09] $fill
INFO [2017-07-12 16:18:09] pal[1:3]
INFO [2017-07-12 16:18:09] 
INFO [2017-07-12 16:18:09] $lty
INFO [2017-07-12 16:18:09] [1] 1
INFO [2017-07-12 16:18:09] 
INFO [2017-07-12 16:18:09] $height
INFO [2017-07-12 16:18:09] [1] 2000
INFO [2017-07-12 16:18:09] 
INFO [2017-07-12 16:18:09] $width
INFO [2017-07-12 16:18:09] [1] 3000
INFO [2017-07-12 16:18:09] 
