INFO [2017-12-21 18:34:35] [[1]]
INFO [2017-12-21 18:34:35] mylist
INFO [2017-12-21 18:34:35] 
INFO [2017-12-21 18:34:35] $filename
INFO [2017-12-21 18:34:35] NULL
INFO [2017-12-21 18:34:35] 
INFO [2017-12-21 18:34:35] $main
INFO [2017-12-21 18:34:35] [1] "Upregulated in Humans compared to Chimps (FSR 1%)"
INFO [2017-12-21 18:34:35] 
INFO [2017-12-21 18:34:35] $main.cex
INFO [2017-12-21 18:34:35] [1] 2
INFO [2017-12-21 18:34:35] 
INFO [2017-12-21 18:34:35] $cat.cex
INFO [2017-12-21 18:34:35] [1] 1.5
INFO [2017-12-21 18:34:35] 
INFO [2017-12-21 18:34:35] $cex
INFO [2017-12-21 18:34:35] [1] 2.5
INFO [2017-12-21 18:34:35] 
INFO [2017-12-21 18:34:35] $fill
INFO [2017-12-21 18:34:35] pal[1:4]
INFO [2017-12-21 18:34:35] 
INFO [2017-12-21 18:34:35] $lty
INFO [2017-12-21 18:34:35] [1] 1
INFO [2017-12-21 18:34:35] 
INFO [2017-12-21 18:34:35] $height
INFO [2017-12-21 18:34:35] [1] 2000
INFO [2017-12-21 18:34:35] 
INFO [2017-12-21 18:34:35] $width
INFO [2017-12-21 18:34:35] [1] 3000
INFO [2017-12-21 18:34:35] 
