INFO [2017-07-14 13:31:57] [[1]]
INFO [2017-07-14 13:31:57] mylist
INFO [2017-07-14 13:31:57] 
INFO [2017-07-14 13:31:57] $filename
INFO [2017-07-14 13:31:57] NULL
INFO [2017-07-14 13:31:57] 
INFO [2017-07-14 13:31:57] $main
INFO [2017-07-14 13:31:57] [1] "Downregulated liver specific (FSR 1%)"
INFO [2017-07-14 13:31:57] 
INFO [2017-07-14 13:31:57] $main.cex
INFO [2017-07-14 13:31:57] [1] 2
INFO [2017-07-14 13:31:57] 
INFO [2017-07-14 13:31:57] $cat.cex
INFO [2017-07-14 13:31:57] [1] 1.5
INFO [2017-07-14 13:31:57] 
INFO [2017-07-14 13:31:57] $cex
INFO [2017-07-14 13:31:57] [1] 2.5
INFO [2017-07-14 13:31:57] 
INFO [2017-07-14 13:31:57] $fill
INFO [2017-07-14 13:31:57] pal[1:3]
INFO [2017-07-14 13:31:57] 
INFO [2017-07-14 13:31:57] $lty
INFO [2017-07-14 13:31:57] [1] 1
INFO [2017-07-14 13:31:57] 
INFO [2017-07-14 13:31:57] $height
INFO [2017-07-14 13:31:57] [1] 2000
INFO [2017-07-14 13:31:57] 
INFO [2017-07-14 13:31:57] $width
INFO [2017-07-14 13:31:57] [1] 3000
INFO [2017-07-14 13:31:57] 
