INFO [2017-06-01 08:49:32] [[1]]
INFO [2017-06-01 08:49:32] mylist
INFO [2017-06-01 08:49:32] 
INFO [2017-06-01 08:49:32] $filename
INFO [2017-06-01 08:49:32] NULL
INFO [2017-06-01 08:49:32] 
INFO [2017-06-01 08:49:32] $main
INFO [2017-06-01 08:49:32] [1] "DE genes between Chimps and Rhesus (FDR 1%)"
INFO [2017-06-01 08:49:32] 
INFO [2017-06-01 08:49:32] $cex
INFO [2017-06-01 08:49:32] [1] 1.5
INFO [2017-06-01 08:49:32] 
INFO [2017-06-01 08:49:32] $fill
INFO [2017-06-01 08:49:32] pal[1:4]
INFO [2017-06-01 08:49:32] 
INFO [2017-06-01 08:49:32] $lty
INFO [2017-06-01 08:49:32] [1] 1
INFO [2017-06-01 08:49:32] 
INFO [2017-06-01 08:49:32] $height
INFO [2017-06-01 08:49:32] [1] 2000
INFO [2017-06-01 08:49:32] 
INFO [2017-06-01 08:49:32] $width
INFO [2017-06-01 08:49:32] [1] 3000
INFO [2017-06-01 08:49:32] 
