INFO [2017-07-12 15:44:48] [[1]]
INFO [2017-07-12 15:44:48] mylist
INFO [2017-07-12 15:44:48] 
INFO [2017-07-12 15:44:48] $filename
INFO [2017-07-12 15:44:48] NULL
INFO [2017-07-12 15:44:48] 
INFO [2017-07-12 15:44:48] $main
INFO [2017-07-12 15:44:48] [1] "Upregulated heart specific (FSR 1%)"
INFO [2017-07-12 15:44:48] 
INFO [2017-07-12 15:44:48] $cex
INFO [2017-07-12 15:44:48] [1] 1.5
INFO [2017-07-12 15:44:48] 
INFO [2017-07-12 15:44:48] $fill
INFO [2017-07-12 15:44:48] pal[1:3]
INFO [2017-07-12 15:44:48] 
INFO [2017-07-12 15:44:48] $lty
INFO [2017-07-12 15:44:48] [1] 1
INFO [2017-07-12 15:44:48] 
INFO [2017-07-12 15:44:48] $height
INFO [2017-07-12 15:44:48] [1] 2000
INFO [2017-07-12 15:44:48] 
INFO [2017-07-12 15:44:48] $width
INFO [2017-07-12 15:44:48] [1] 3000
INFO [2017-07-12 15:44:48] 
