INFO [2017-05-31 16:46:49] [[1]]
INFO [2017-05-31 16:46:49] mylist
INFO [2017-05-31 16:46:49] 
INFO [2017-05-31 16:46:49] $filename
INFO [2017-05-31 16:46:49] NULL
INFO [2017-05-31 16:46:49] 
INFO [2017-05-31 16:46:49] $main
INFO [2017-05-31 16:46:49] [1] "Heart specific DE genes (FDR 1%)"
INFO [2017-05-31 16:46:49] 
INFO [2017-05-31 16:46:49] $cex
INFO [2017-05-31 16:46:49] [1] 1.5
INFO [2017-05-31 16:46:49] 
INFO [2017-05-31 16:46:49] $fill
INFO [2017-05-31 16:46:49] pal[1:3]
INFO [2017-05-31 16:46:49] 
INFO [2017-05-31 16:46:49] $lty
INFO [2017-05-31 16:46:49] [1] 1
INFO [2017-05-31 16:46:49] 
INFO [2017-05-31 16:46:49] $height
INFO [2017-05-31 16:46:49] [1] 2000
INFO [2017-05-31 16:46:49] 
INFO [2017-05-31 16:46:49] $width
INFO [2017-05-31 16:46:49] [1] 3000
INFO [2017-05-31 16:46:49] 
