INFO [2017-05-31 16:58:17] [[1]]
INFO [2017-05-31 16:58:17] mylist
INFO [2017-05-31 16:58:17] 
INFO [2017-05-31 16:58:17] $filename
INFO [2017-05-31 16:58:17] NULL
INFO [2017-05-31 16:58:17] 
INFO [2017-05-31 16:58:17] $main
INFO [2017-05-31 16:58:17] [1] "Kidney specific DE genes (FDR 1%)"
INFO [2017-05-31 16:58:17] 
INFO [2017-05-31 16:58:17] $cex
INFO [2017-05-31 16:58:17] [1] 1.5
INFO [2017-05-31 16:58:17] 
INFO [2017-05-31 16:58:17] $fill
INFO [2017-05-31 16:58:17] pal[1:3]
INFO [2017-05-31 16:58:17] 
INFO [2017-05-31 16:58:17] $lty
INFO [2017-05-31 16:58:17] [1] 1
INFO [2017-05-31 16:58:17] 
INFO [2017-05-31 16:58:17] $height
INFO [2017-05-31 16:58:17] [1] 2000
INFO [2017-05-31 16:58:17] 
INFO [2017-05-31 16:58:17] $width
INFO [2017-05-31 16:58:17] [1] 3000
INFO [2017-05-31 16:58:17] 
