INFO [2017-11-06 23:48:11] [[1]]
INFO [2017-11-06 23:48:11] mylist
INFO [2017-11-06 23:48:11] 
INFO [2017-11-06 23:48:11] $filename
INFO [2017-11-06 23:48:11] NULL
INFO [2017-11-06 23:48:11] 
INFO [2017-11-06 23:48:11] $main
INFO [2017-11-06 23:48:11] [1] "DE genes between Humans and Rhesus (FDR 1%)"
INFO [2017-11-06 23:48:11] 
INFO [2017-11-06 23:48:11] $cex
INFO [2017-11-06 23:48:11] [1] 1.5
INFO [2017-11-06 23:48:11] 
INFO [2017-11-06 23:48:11] $fill
INFO [2017-11-06 23:48:11] pal[1:4]
INFO [2017-11-06 23:48:11] 
INFO [2017-11-06 23:48:11] $lty
INFO [2017-11-06 23:48:11] [1] 1
INFO [2017-11-06 23:48:11] 
INFO [2017-11-06 23:48:11] $height
INFO [2017-11-06 23:48:11] [1] 2000
INFO [2017-11-06 23:48:11] 
INFO [2017-11-06 23:48:11] $width
INFO [2017-11-06 23:48:11] [1] 3000
INFO [2017-11-06 23:48:11] 
