INFO [2017-07-13 14:41:31] [[1]]
INFO [2017-07-13 14:41:31] mylist
INFO [2017-07-13 14:41:31] 
INFO [2017-07-13 14:41:31] $filename
INFO [2017-07-13 14:41:31] NULL
INFO [2017-07-13 14:41:31] 
INFO [2017-07-13 14:41:31] $main
INFO [2017-07-13 14:41:31] [1] "Upregulated in Liver compared to Lung (FSR 1%)"
INFO [2017-07-13 14:41:31] 
INFO [2017-07-13 14:41:31] $main.cex
INFO [2017-07-13 14:41:31] [1] 2
INFO [2017-07-13 14:41:31] 
INFO [2017-07-13 14:41:31] $cat.cex
INFO [2017-07-13 14:41:31] [1] 1.5
INFO [2017-07-13 14:41:31] 
INFO [2017-07-13 14:41:31] $cex
INFO [2017-07-13 14:41:31] [1] 2.5
INFO [2017-07-13 14:41:31] 
INFO [2017-07-13 14:41:31] $fill
INFO [2017-07-13 14:41:31] pal[1:3]
INFO [2017-07-13 14:41:31] 
INFO [2017-07-13 14:41:31] $lty
INFO [2017-07-13 14:41:31] [1] 1
INFO [2017-07-13 14:41:31] 
INFO [2017-07-13 14:41:31] $height
INFO [2017-07-13 14:41:31] [1] 2000
INFO [2017-07-13 14:41:31] 
INFO [2017-07-13 14:41:31] $width
INFO [2017-07-13 14:41:31] [1] 3000
INFO [2017-07-13 14:41:31] 
