INFO [2017-11-07 11:58:33] [[1]]
INFO [2017-11-07 11:58:33] mylist
INFO [2017-11-07 11:58:33] 
INFO [2017-11-07 11:58:33] $filename
INFO [2017-11-07 11:58:33] NULL
INFO [2017-11-07 11:58:33] 
INFO [2017-11-07 11:58:33] $main
INFO [2017-11-07 11:58:33] [1] "Downregulated in Humans compared to Chimps (FSR 1%)"
INFO [2017-11-07 11:58:33] 
INFO [2017-11-07 11:58:33] $main.cex
INFO [2017-11-07 11:58:33] [1] 2
INFO [2017-11-07 11:58:33] 
INFO [2017-11-07 11:58:33] $cat.cex
INFO [2017-11-07 11:58:33] [1] 1.5
INFO [2017-11-07 11:58:33] 
INFO [2017-11-07 11:58:33] $cex
INFO [2017-11-07 11:58:33] [1] 2.5
INFO [2017-11-07 11:58:33] 
INFO [2017-11-07 11:58:33] $fill
INFO [2017-11-07 11:58:33] pal[1:4]
INFO [2017-11-07 11:58:33] 
INFO [2017-11-07 11:58:33] $lty
INFO [2017-11-07 11:58:33] [1] 1
INFO [2017-11-07 11:58:33] 
INFO [2017-11-07 11:58:33] $height
INFO [2017-11-07 11:58:33] [1] 2000
INFO [2017-11-07 11:58:33] 
INFO [2017-11-07 11:58:33] $width
INFO [2017-11-07 11:58:33] [1] 3000
INFO [2017-11-07 11:58:33] 
