INFO [2017-06-01 08:51:42] [[1]]
INFO [2017-06-01 08:51:42] mylist
INFO [2017-06-01 08:51:42] 
INFO [2017-06-01 08:51:42] $filename
INFO [2017-06-01 08:51:42] NULL
INFO [2017-06-01 08:51:42] 
INFO [2017-06-01 08:51:42] $main
INFO [2017-06-01 08:51:42] [1] "DE genes between Liver and Kidney (FDR 1%)"
INFO [2017-06-01 08:51:42] 
INFO [2017-06-01 08:51:42] $cex
INFO [2017-06-01 08:51:42] [1] 1.5
INFO [2017-06-01 08:51:42] 
INFO [2017-06-01 08:51:42] $fill
INFO [2017-06-01 08:51:42] pal[1:3]
INFO [2017-06-01 08:51:42] 
INFO [2017-06-01 08:51:42] $lty
INFO [2017-06-01 08:51:42] [1] 1
INFO [2017-06-01 08:51:42] 
INFO [2017-06-01 08:51:42] $height
INFO [2017-06-01 08:51:42] [1] 2000
INFO [2017-06-01 08:51:42] 
INFO [2017-06-01 08:51:42] $width
INFO [2017-06-01 08:51:42] [1] 3000
INFO [2017-06-01 08:51:42] 
