INFO [2017-12-21 15:47:03] [[1]]
INFO [2017-12-21 15:47:03] mylist
INFO [2017-12-21 15:47:03] 
INFO [2017-12-21 15:47:03] $filename
INFO [2017-12-21 15:47:03] NULL
INFO [2017-12-21 15:47:03] 
INFO [2017-12-21 15:47:03] $main
INFO [2017-12-21 15:47:03] [1] "Upregulated in Liver compared to Kidney (FSR 1%)"
INFO [2017-12-21 15:47:03] 
INFO [2017-12-21 15:47:03] $main.cex
INFO [2017-12-21 15:47:03] [1] 2
INFO [2017-12-21 15:47:03] 
INFO [2017-12-21 15:47:03] $cat.cex
INFO [2017-12-21 15:47:03] [1] 1.5
INFO [2017-12-21 15:47:03] 
INFO [2017-12-21 15:47:03] $cex
INFO [2017-12-21 15:47:03] [1] 2.5
INFO [2017-12-21 15:47:03] 
INFO [2017-12-21 15:47:03] $fill
INFO [2017-12-21 15:47:03] pal[1:3]
INFO [2017-12-21 15:47:03] 
INFO [2017-12-21 15:47:03] $lty
INFO [2017-12-21 15:47:03] [1] 1
INFO [2017-12-21 15:47:03] 
INFO [2017-12-21 15:47:03] $height
INFO [2017-12-21 15:47:03] [1] 2000
INFO [2017-12-21 15:47:03] 
INFO [2017-12-21 15:47:03] $width
INFO [2017-12-21 15:47:03] [1] 3000
INFO [2017-12-21 15:47:03] 
INFO [2017-12-21 15:47:03] [[1]]
INFO [2017-12-21 15:47:03] mylist
INFO [2017-12-21 15:47:03] 
INFO [2017-12-21 15:47:03] $filename
INFO [2017-12-21 15:47:03] NULL
INFO [2017-12-21 15:47:03] 
INFO [2017-12-21 15:47:03] $main
INFO [2017-12-21 15:47:03] [1] "Upregulated in Lung compared to Kidney (FSR 1%)"
INFO [2017-12-21 15:47:03] 
INFO [2017-12-21 15:47:03] $main.cex
INFO [2017-12-21 15:47:03] [1] 2
INFO [2017-12-21 15:47:03] 
INFO [2017-12-21 15:47:03] $cat.cex
INFO [2017-12-21 15:47:03] [1] 1.5
INFO [2017-12-21 15:47:03] 
INFO [2017-12-21 15:47:03] $cex
INFO [2017-12-21 15:47:03] [1] 2.5
INFO [2017-12-21 15:47:03] 
INFO [2017-12-21 15:47:03] $fill
INFO [2017-12-21 15:47:03] pal[1:3]
INFO [2017-12-21 15:47:03] 
INFO [2017-12-21 15:47:03] $lty
INFO [2017-12-21 15:47:03] [1] 1
INFO [2017-12-21 15:47:03] 
INFO [2017-12-21 15:47:03] $height
INFO [2017-12-21 15:47:03] [1] 2000
INFO [2017-12-21 15:47:03] 
INFO [2017-12-21 15:47:03] $width
INFO [2017-12-21 15:47:03] [1] 3000
INFO [2017-12-21 15:47:03] 
