INFO [2017-12-23 18:21:54] [[1]]
INFO [2017-12-23 18:21:54] mylist
INFO [2017-12-23 18:21:54] 
INFO [2017-12-23 18:21:54] $filename
INFO [2017-12-23 18:21:54] NULL
INFO [2017-12-23 18:21:54] 
INFO [2017-12-23 18:21:54] $main
INFO [2017-12-23 18:21:54] [1] "Downregulated hearts (FSR 1%)"
INFO [2017-12-23 18:21:54] 
INFO [2017-12-23 18:21:54] $main.cex
INFO [2017-12-23 18:21:54] [1] 2
INFO [2017-12-23 18:21:54] 
INFO [2017-12-23 18:21:54] $cat.cex
INFO [2017-12-23 18:21:54] [1] 1.5
INFO [2017-12-23 18:21:54] 
INFO [2017-12-23 18:21:54] $cex
INFO [2017-12-23 18:21:54] [1] 2.5
INFO [2017-12-23 18:21:54] 
INFO [2017-12-23 18:21:54] $fill
INFO [2017-12-23 18:21:54] pal[1:3]
INFO [2017-12-23 18:21:54] 
INFO [2017-12-23 18:21:54] $lty
INFO [2017-12-23 18:21:54] [1] 1
INFO [2017-12-23 18:21:54] 
INFO [2017-12-23 18:21:54] $height
INFO [2017-12-23 18:21:54] [1] 2000
INFO [2017-12-23 18:21:54] 
INFO [2017-12-23 18:21:54] $width
INFO [2017-12-23 18:21:54] [1] 3000
INFO [2017-12-23 18:21:54] 
