INFO [2017-12-21 16:46:46] [[1]]
INFO [2017-12-21 16:46:46] mylist
INFO [2017-12-21 16:46:46] 
INFO [2017-12-21 16:46:46] $filename
INFO [2017-12-21 16:46:46] NULL
INFO [2017-12-21 16:46:46] 
INFO [2017-12-21 16:46:46] $main
INFO [2017-12-21 16:46:46] [1] "Upregulated in Chimps relative to Rhesus (FSR 1%)"
INFO [2017-12-21 16:46:46] 
INFO [2017-12-21 16:46:46] $main.cex
INFO [2017-12-21 16:46:46] [1] 2
INFO [2017-12-21 16:46:46] 
INFO [2017-12-21 16:46:46] $cat.cex
INFO [2017-12-21 16:46:46] [1] 1.5
INFO [2017-12-21 16:46:46] 
INFO [2017-12-21 16:46:46] $cex
INFO [2017-12-21 16:46:46] [1] 2.5
INFO [2017-12-21 16:46:46] 
INFO [2017-12-21 16:46:46] $fill
INFO [2017-12-21 16:46:46] pal[1:4]
INFO [2017-12-21 16:46:46] 
INFO [2017-12-21 16:46:46] $lty
INFO [2017-12-21 16:46:46] [1] 1
INFO [2017-12-21 16:46:46] 
INFO [2017-12-21 16:46:46] $height
INFO [2017-12-21 16:46:46] [1] 2000
INFO [2017-12-21 16:46:46] 
INFO [2017-12-21 16:46:46] $width
INFO [2017-12-21 16:46:46] [1] 3000
INFO [2017-12-21 16:46:46] 
INFO [2017-12-21 16:46:46] [[1]]
INFO [2017-12-21 16:46:46] mylist
INFO [2017-12-21 16:46:46] 
INFO [2017-12-21 16:46:46] $filename
INFO [2017-12-21 16:46:46] NULL
INFO [2017-12-21 16:46:46] 
INFO [2017-12-21 16:46:46] $main
INFO [2017-12-21 16:46:46] [1] "Downregulated in Humans compared to Chimps (FSR 1%)"
INFO [2017-12-21 16:46:46] 
INFO [2017-12-21 16:46:46] $main.cex
INFO [2017-12-21 16:46:46] [1] 2
INFO [2017-12-21 16:46:46] 
INFO [2017-12-21 16:46:46] $cat.cex
INFO [2017-12-21 16:46:46] [1] 1.5
INFO [2017-12-21 16:46:46] 
INFO [2017-12-21 16:46:46] $cex
INFO [2017-12-21 16:46:46] [1] 2.5
INFO [2017-12-21 16:46:46] 
INFO [2017-12-21 16:46:46] $fill
INFO [2017-12-21 16:46:46] pal[1:4]
INFO [2017-12-21 16:46:46] 
INFO [2017-12-21 16:46:46] $lty
INFO [2017-12-21 16:46:46] [1] 1
INFO [2017-12-21 16:46:46] 
INFO [2017-12-21 16:46:46] $height
INFO [2017-12-21 16:46:46] [1] 2000
INFO [2017-12-21 16:46:46] 
INFO [2017-12-21 16:46:46] $width
INFO [2017-12-21 16:46:46] [1] 3000
INFO [2017-12-21 16:46:46] 
