INFO [2017-12-21 14:25:07] [[1]]
INFO [2017-12-21 14:25:07] mylist
INFO [2017-12-21 14:25:07] 
INFO [2017-12-21 14:25:07] $filename
INFO [2017-12-21 14:25:07] NULL
INFO [2017-12-21 14:25:07] 
INFO [2017-12-21 14:25:07] $main
INFO [2017-12-21 14:25:07] [1] "DE genes between Heart and Kidney (FDR 1%)"
INFO [2017-12-21 14:25:07] 
INFO [2017-12-21 14:25:07] $cex
INFO [2017-12-21 14:25:07] [1] 1.5
INFO [2017-12-21 14:25:07] 
INFO [2017-12-21 14:25:07] $fill
INFO [2017-12-21 14:25:07] pal[1:3]
INFO [2017-12-21 14:25:07] 
INFO [2017-12-21 14:25:07] $lty
INFO [2017-12-21 14:25:07] [1] 1
INFO [2017-12-21 14:25:07] 
INFO [2017-12-21 14:25:07] $height
INFO [2017-12-21 14:25:07] [1] 2000
INFO [2017-12-21 14:25:07] 
INFO [2017-12-21 14:25:07] $width
INFO [2017-12-21 14:25:07] [1] 3000
INFO [2017-12-21 14:25:07] 
INFO [2017-12-21 14:25:07] [[1]]
INFO [2017-12-21 14:25:07] mylist
INFO [2017-12-21 14:25:07] 
INFO [2017-12-21 14:25:07] $filename
INFO [2017-12-21 14:25:07] NULL
INFO [2017-12-21 14:25:07] 
INFO [2017-12-21 14:25:07] $main
INFO [2017-12-21 14:25:07] [1] "DE genes between Liver and Lung (FDR 1%)"
INFO [2017-12-21 14:25:07] 
INFO [2017-12-21 14:25:07] $cex
INFO [2017-12-21 14:25:07] [1] 1.5
INFO [2017-12-21 14:25:07] 
INFO [2017-12-21 14:25:07] $fill
INFO [2017-12-21 14:25:07] pal[1:3]
INFO [2017-12-21 14:25:07] 
INFO [2017-12-21 14:25:07] $lty
INFO [2017-12-21 14:25:07] [1] 1
INFO [2017-12-21 14:25:07] 
INFO [2017-12-21 14:25:07] $height
INFO [2017-12-21 14:25:07] [1] 2000
INFO [2017-12-21 14:25:07] 
INFO [2017-12-21 14:25:07] $width
INFO [2017-12-21 14:25:07] [1] 3000
INFO [2017-12-21 14:25:07] 
INFO [2017-12-21 14:25:07] [[1]]
INFO [2017-12-21 14:25:07] mylist
INFO [2017-12-21 14:25:07] 
INFO [2017-12-21 14:25:07] $filename
INFO [2017-12-21 14:25:07] NULL
INFO [2017-12-21 14:25:07] 
INFO [2017-12-21 14:25:07] $main
INFO [2017-12-21 14:25:07] [1] "DE genes between Liver and Kidney (FDR 1%)"
INFO [2017-12-21 14:25:07] 
INFO [2017-12-21 14:25:07] $cex
INFO [2017-12-21 14:25:07] [1] 1.5
INFO [2017-12-21 14:25:07] 
INFO [2017-12-21 14:25:07] $fill
INFO [2017-12-21 14:25:07] pal[1:3]
INFO [2017-12-21 14:25:07] 
INFO [2017-12-21 14:25:07] $lty
INFO [2017-12-21 14:25:07] [1] 1
INFO [2017-12-21 14:25:07] 
INFO [2017-12-21 14:25:07] $height
INFO [2017-12-21 14:25:07] [1] 2000
INFO [2017-12-21 14:25:07] 
INFO [2017-12-21 14:25:07] $width
INFO [2017-12-21 14:25:07] [1] 3000
INFO [2017-12-21 14:25:07] 
