INFO [2017-11-06 23:48:14] [[1]]
INFO [2017-11-06 23:48:14] mylist
INFO [2017-11-06 23:48:14] 
INFO [2017-11-06 23:48:14] $filename
INFO [2017-11-06 23:48:14] NULL
INFO [2017-11-06 23:48:14] 
INFO [2017-11-06 23:48:14] $main
INFO [2017-11-06 23:48:14] [1] "DE genes between Heart and Kidney (FDR 1%)"
INFO [2017-11-06 23:48:14] 
INFO [2017-11-06 23:48:14] $cex
INFO [2017-11-06 23:48:14] [1] 1.5
INFO [2017-11-06 23:48:14] 
INFO [2017-11-06 23:48:14] $fill
INFO [2017-11-06 23:48:14] pal[1:3]
INFO [2017-11-06 23:48:14] 
INFO [2017-11-06 23:48:14] $lty
INFO [2017-11-06 23:48:14] [1] 1
INFO [2017-11-06 23:48:14] 
INFO [2017-11-06 23:48:14] $height
INFO [2017-11-06 23:48:14] [1] 2000
INFO [2017-11-06 23:48:14] 
INFO [2017-11-06 23:48:14] $width
INFO [2017-11-06 23:48:14] [1] 3000
INFO [2017-11-06 23:48:14] 
INFO [2017-11-06 23:48:14] [[1]]
INFO [2017-11-06 23:48:14] mylist
INFO [2017-11-06 23:48:14] 
INFO [2017-11-06 23:48:14] $filename
INFO [2017-11-06 23:48:14] NULL
INFO [2017-11-06 23:48:14] 
INFO [2017-11-06 23:48:14] $main
INFO [2017-11-06 23:48:14] [1] "DE genes between Liver and Lung (FDR 1%)"
INFO [2017-11-06 23:48:14] 
INFO [2017-11-06 23:48:14] $cex
INFO [2017-11-06 23:48:14] [1] 1.5
INFO [2017-11-06 23:48:14] 
INFO [2017-11-06 23:48:14] $fill
INFO [2017-11-06 23:48:14] pal[1:3]
INFO [2017-11-06 23:48:14] 
INFO [2017-11-06 23:48:14] $lty
INFO [2017-11-06 23:48:14] [1] 1
INFO [2017-11-06 23:48:14] 
INFO [2017-11-06 23:48:14] $height
INFO [2017-11-06 23:48:14] [1] 2000
INFO [2017-11-06 23:48:14] 
INFO [2017-11-06 23:48:14] $width
INFO [2017-11-06 23:48:14] [1] 3000
INFO [2017-11-06 23:48:14] 
INFO [2017-11-06 23:48:14] [[1]]
INFO [2017-11-06 23:48:14] mylist
INFO [2017-11-06 23:48:14] 
INFO [2017-11-06 23:48:14] $filename
INFO [2017-11-06 23:48:14] NULL
INFO [2017-11-06 23:48:14] 
INFO [2017-11-06 23:48:14] $main
INFO [2017-11-06 23:48:14] [1] "DE genes between Liver and Kidney (FDR 1%)"
INFO [2017-11-06 23:48:14] 
INFO [2017-11-06 23:48:14] $cex
INFO [2017-11-06 23:48:14] [1] 1.5
INFO [2017-11-06 23:48:14] 
INFO [2017-11-06 23:48:14] $fill
INFO [2017-11-06 23:48:14] pal[1:3]
INFO [2017-11-06 23:48:14] 
INFO [2017-11-06 23:48:14] $lty
INFO [2017-11-06 23:48:14] [1] 1
INFO [2017-11-06 23:48:14] 
INFO [2017-11-06 23:48:14] $height
INFO [2017-11-06 23:48:14] [1] 2000
INFO [2017-11-06 23:48:14] 
INFO [2017-11-06 23:48:14] $width
INFO [2017-11-06 23:48:14] [1] 3000
INFO [2017-11-06 23:48:14] 
