INFO [2017-12-23 18:21:39] [[1]]
INFO [2017-12-23 18:21:39] mylist
INFO [2017-12-23 18:21:39] 
INFO [2017-12-23 18:21:39] $filename
INFO [2017-12-23 18:21:39] NULL
INFO [2017-12-23 18:21:39] 
INFO [2017-12-23 18:21:39] $main
INFO [2017-12-23 18:21:39] [1] "Upregulated in Heart compared to Kidney (FSR 1%)"
INFO [2017-12-23 18:21:39] 
INFO [2017-12-23 18:21:39] $main.cex
INFO [2017-12-23 18:21:39] [1] 2
INFO [2017-12-23 18:21:39] 
INFO [2017-12-23 18:21:39] $cat.cex
INFO [2017-12-23 18:21:39] [1] 1.5
INFO [2017-12-23 18:21:39] 
INFO [2017-12-23 18:21:39] $cex
INFO [2017-12-23 18:21:39] [1] 2.5
INFO [2017-12-23 18:21:39] 
INFO [2017-12-23 18:21:39] $fill
INFO [2017-12-23 18:21:39] pal[1:3]
INFO [2017-12-23 18:21:39] 
INFO [2017-12-23 18:21:39] $lty
INFO [2017-12-23 18:21:39] [1] 1
INFO [2017-12-23 18:21:39] 
INFO [2017-12-23 18:21:39] $height
INFO [2017-12-23 18:21:39] [1] 2000
INFO [2017-12-23 18:21:39] 
INFO [2017-12-23 18:21:39] $width
INFO [2017-12-23 18:21:39] [1] 3000
INFO [2017-12-23 18:21:39] 
