INFO [2017-07-13 14:30:53] [[1]]
INFO [2017-07-13 14:30:53] mylist
INFO [2017-07-13 14:30:53] 
INFO [2017-07-13 14:30:53] $filename
INFO [2017-07-13 14:30:53] NULL
INFO [2017-07-13 14:30:53] 
INFO [2017-07-13 14:30:53] $main
INFO [2017-07-13 14:30:53] [1] "Upregulated in Liver compared to Lung (FSR 1%)"
INFO [2017-07-13 14:30:53] 
INFO [2017-07-13 14:30:53] $cex
INFO [2017-07-13 14:30:53] c(2.5, 2)
INFO [2017-07-13 14:30:53] 
INFO [2017-07-13 14:30:53] $fill
INFO [2017-07-13 14:30:53] pal[1:3]
INFO [2017-07-13 14:30:53] 
INFO [2017-07-13 14:30:53] $lty
INFO [2017-07-13 14:30:53] [1] 1
INFO [2017-07-13 14:30:53] 
INFO [2017-07-13 14:30:53] $height
INFO [2017-07-13 14:30:53] [1] 2000
INFO [2017-07-13 14:30:53] 
INFO [2017-07-13 14:30:53] $width
INFO [2017-07-13 14:30:53] [1] 3000
INFO [2017-07-13 14:30:53] 
ERROR [2017-07-13 14:30:53] Unexpected parameter length for 'cex'
