INFO [2017-12-21 17:07:27] [[1]]
INFO [2017-12-21 17:07:27] mylist
INFO [2017-12-21 17:07:27] 
INFO [2017-12-21 17:07:27] $filename
INFO [2017-12-21 17:07:27] NULL
INFO [2017-12-21 17:07:27] 
INFO [2017-12-21 17:07:27] $main
INFO [2017-12-21 17:07:27] [1] "Downregulated livers (FSR 1%)"
INFO [2017-12-21 17:07:27] 
INFO [2017-12-21 17:07:27] $main.cex
INFO [2017-12-21 17:07:27] [1] 2
INFO [2017-12-21 17:07:27] 
INFO [2017-12-21 17:07:27] $cat.cex
INFO [2017-12-21 17:07:27] [1] 1.5
INFO [2017-12-21 17:07:27] 
INFO [2017-12-21 17:07:27] $cex
INFO [2017-12-21 17:07:27] [1] 2.5
INFO [2017-12-21 17:07:27] 
INFO [2017-12-21 17:07:27] $fill
INFO [2017-12-21 17:07:27] pal[1:3]
INFO [2017-12-21 17:07:27] 
INFO [2017-12-21 17:07:27] $lty
INFO [2017-12-21 17:07:27] [1] 1
INFO [2017-12-21 17:07:27] 
INFO [2017-12-21 17:07:27] $height
INFO [2017-12-21 17:07:27] [1] 2000
INFO [2017-12-21 17:07:27] 
INFO [2017-12-21 17:07:27] $width
INFO [2017-12-21 17:07:27] [1] 3000
INFO [2017-12-21 17:07:27] 
