INFO [2017-12-21 14:17:54] [[1]]
INFO [2017-12-21 14:17:54] mylist
INFO [2017-12-21 14:17:54] 
INFO [2017-12-21 14:17:54] $filename
INFO [2017-12-21 14:17:54] NULL
INFO [2017-12-21 14:17:54] 
INFO [2017-12-21 14:17:54] $main
INFO [2017-12-21 14:17:54] [1] "Significant interactions in Humans (FDR 1%)"
INFO [2017-12-21 14:17:54] 
INFO [2017-12-21 14:17:54] $cex
INFO [2017-12-21 14:17:54] [1] 1.5
INFO [2017-12-21 14:17:54] 
INFO [2017-12-21 14:17:54] $fill
INFO [2017-12-21 14:17:54] pal[1:3]
INFO [2017-12-21 14:17:54] 
INFO [2017-12-21 14:17:54] $lty
INFO [2017-12-21 14:17:54] [1] 1
INFO [2017-12-21 14:17:54] 
INFO [2017-12-21 14:17:54] $height
INFO [2017-12-21 14:17:54] [1] 2000
INFO [2017-12-21 14:17:54] 
INFO [2017-12-21 14:17:54] $width
INFO [2017-12-21 14:17:54] [1] 3000
INFO [2017-12-21 14:17:54] 
INFO [2017-12-21 14:17:54] [[1]]
INFO [2017-12-21 14:17:54] mylist
INFO [2017-12-21 14:17:54] 
INFO [2017-12-21 14:17:54] $filename
INFO [2017-12-21 14:17:54] NULL
INFO [2017-12-21 14:17:54] 
INFO [2017-12-21 14:17:54] $main
INFO [2017-12-21 14:17:54] [1] "Significant interactions in Rhesus (FDR 1%)"
INFO [2017-12-21 14:17:54] 
INFO [2017-12-21 14:17:54] $cex
INFO [2017-12-21 14:17:54] [1] 1.5
INFO [2017-12-21 14:17:54] 
INFO [2017-12-21 14:17:54] $fill
INFO [2017-12-21 14:17:54] pal[1:3]
INFO [2017-12-21 14:17:54] 
INFO [2017-12-21 14:17:54] $lty
INFO [2017-12-21 14:17:54] [1] 1
INFO [2017-12-21 14:17:54] 
INFO [2017-12-21 14:17:54] $height
INFO [2017-12-21 14:17:54] [1] 2000
INFO [2017-12-21 14:17:54] 
INFO [2017-12-21 14:17:54] $width
INFO [2017-12-21 14:17:54] [1] 3000
INFO [2017-12-21 14:17:54] 
