INFO [2017-07-13 14:38:30] [[1]]
INFO [2017-07-13 14:38:30] mylist
INFO [2017-07-13 14:38:30] 
INFO [2017-07-13 14:38:30] $filename
INFO [2017-07-13 14:38:30] NULL
INFO [2017-07-13 14:38:30] 
INFO [2017-07-13 14:38:30] $main
INFO [2017-07-13 14:38:30] [1] "Upregulated in Heart compared to Kidney (FSR 1%)"
INFO [2017-07-13 14:38:30] 
INFO [2017-07-13 14:38:30] $main.cex
INFO [2017-07-13 14:38:30] [1] 2
INFO [2017-07-13 14:38:30] 
INFO [2017-07-13 14:38:30] $cat.cex
INFO [2017-07-13 14:38:30] [1] 1.5
INFO [2017-07-13 14:38:30] 
INFO [2017-07-13 14:38:30] $cex
INFO [2017-07-13 14:38:30] [1] 2.5
INFO [2017-07-13 14:38:30] 
INFO [2017-07-13 14:38:30] $fill
INFO [2017-07-13 14:38:30] pal[1:3]
INFO [2017-07-13 14:38:30] 
INFO [2017-07-13 14:38:30] $lty
INFO [2017-07-13 14:38:30] [1] 1
INFO [2017-07-13 14:38:30] 
INFO [2017-07-13 14:38:30] $height
INFO [2017-07-13 14:38:30] [1] 2000
INFO [2017-07-13 14:38:30] 
INFO [2017-07-13 14:38:30] $width
INFO [2017-07-13 14:38:30] [1] 3000
INFO [2017-07-13 14:38:30] 
