INFO [2017-07-11 17:36:56] [[1]]
INFO [2017-07-11 17:36:56] mylist
INFO [2017-07-11 17:36:56] 
INFO [2017-07-11 17:36:56] $filename
INFO [2017-07-11 17:36:56] NULL
INFO [2017-07-11 17:36:56] 
INFO [2017-07-11 17:36:56] $main
INFO [2017-07-11 17:36:56] [1] "Upregulated in Chimpanzees relative to Rhesus Macaques (FSR 1%)"
INFO [2017-07-11 17:36:56] 
INFO [2017-07-11 17:36:56] $cex
INFO [2017-07-11 17:36:56] [1] 1.5
INFO [2017-07-11 17:36:56] 
INFO [2017-07-11 17:36:56] $fill
INFO [2017-07-11 17:36:56] pal[1:4]
INFO [2017-07-11 17:36:56] 
INFO [2017-07-11 17:36:56] $lty
INFO [2017-07-11 17:36:56] [1] 1
INFO [2017-07-11 17:36:56] 
INFO [2017-07-11 17:36:56] $height
INFO [2017-07-11 17:36:56] [1] 2000
INFO [2017-07-11 17:36:56] 
INFO [2017-07-11 17:36:56] $width
INFO [2017-07-11 17:36:56] [1] 3000
INFO [2017-07-11 17:36:56] 
