INFO [2017-07-11 17:34:45] [[1]]
INFO [2017-07-11 17:34:45] mylist
INFO [2017-07-11 17:34:45] 
INFO [2017-07-11 17:34:45] $filename
INFO [2017-07-11 17:34:45] NULL
INFO [2017-07-11 17:34:45] 
INFO [2017-07-11 17:34:45] $main
INFO [2017-07-11 17:34:45] [1] "Upregulated in Chimpanzees relative to Rhesus Macaques (FSR 1%)"
INFO [2017-07-11 17:34:45] 
INFO [2017-07-11 17:34:45] $cex
INFO [2017-07-11 17:34:45] [1] 1.5
INFO [2017-07-11 17:34:45] 
INFO [2017-07-11 17:34:45] $fill
INFO [2017-07-11 17:34:45] pal[1:4]
INFO [2017-07-11 17:34:45] 
INFO [2017-07-11 17:34:45] $lty
INFO [2017-07-11 17:34:45] [1] 1
INFO [2017-07-11 17:34:45] 
INFO [2017-07-11 17:34:45] $height
INFO [2017-07-11 17:34:45] [1] 2000
INFO [2017-07-11 17:34:45] 
INFO [2017-07-11 17:34:45] $width
INFO [2017-07-11 17:34:45] [1] 3000
INFO [2017-07-11 17:34:45] 
