INFO [2017-12-30 12:41:49] [[1]]
INFO [2017-12-30 12:41:49] mylist
INFO [2017-12-30 12:41:49] 
INFO [2017-12-30 12:41:49] $filename
INFO [2017-12-30 12:41:49] NULL
INFO [2017-12-30 12:41:49] 
INFO [2017-12-30 12:41:49] $main
INFO [2017-12-30 12:41:49] [1] "DE genes between Great Apes and Rhesus (0.01% FDR)"
INFO [2017-12-30 12:41:49] 
INFO [2017-12-30 12:41:49] $cex
INFO [2017-12-30 12:41:49] [1] 1.5
INFO [2017-12-30 12:41:49] 
INFO [2017-12-30 12:41:49] $fill
INFO [2017-12-30 12:41:49] pal[1:4]
INFO [2017-12-30 12:41:49] 
INFO [2017-12-30 12:41:49] $lty
INFO [2017-12-30 12:41:49] [1] 1
INFO [2017-12-30 12:41:49] 
INFO [2017-12-30 12:41:49] $height
INFO [2017-12-30 12:41:49] [1] 2000
INFO [2017-12-30 12:41:49] 
INFO [2017-12-30 12:41:49] $width
INFO [2017-12-30 12:41:49] [1] 3000
INFO [2017-12-30 12:41:49] 
INFO [2017-12-30 12:41:49] [[1]]
INFO [2017-12-30 12:41:49] mylist
INFO [2017-12-30 12:41:49] 
INFO [2017-12-30 12:41:49] $filename
INFO [2017-12-30 12:41:49] NULL
INFO [2017-12-30 12:41:49] 
INFO [2017-12-30 12:41:49] $main
INFO [2017-12-30 12:41:49] [1] "Significant interaction in rhesus (0.01% FDR)"
INFO [2017-12-30 12:41:49] 
INFO [2017-12-30 12:41:49] $cex
INFO [2017-12-30 12:41:49] [1] 1.5
INFO [2017-12-30 12:41:49] 
INFO [2017-12-30 12:41:49] $fill
INFO [2017-12-30 12:41:49] pal[1:3]
INFO [2017-12-30 12:41:49] 
INFO [2017-12-30 12:41:49] $lty
INFO [2017-12-30 12:41:49] [1] 1
INFO [2017-12-30 12:41:49] 
INFO [2017-12-30 12:41:49] $height
INFO [2017-12-30 12:41:49] [1] 2000
INFO [2017-12-30 12:41:49] 
INFO [2017-12-30 12:41:49] $width
INFO [2017-12-30 12:41:49] [1] 3000
INFO [2017-12-30 12:41:49] 
INFO [2017-12-30 12:41:49] [[1]]
INFO [2017-12-30 12:41:49] mylist
INFO [2017-12-30 12:41:49] 
INFO [2017-12-30 12:41:49] $filename
INFO [2017-12-30 12:41:49] NULL
INFO [2017-12-30 12:41:49] 
INFO [2017-12-30 12:41:49] $main
INFO [2017-12-30 12:41:49] [1] "DE genes between Great Apes and Rhesus (0.1% FDR)"
INFO [2017-12-30 12:41:49] 
INFO [2017-12-30 12:41:49] $cex
INFO [2017-12-30 12:41:49] [1] 1.5
INFO [2017-12-30 12:41:49] 
INFO [2017-12-30 12:41:49] $fill
INFO [2017-12-30 12:41:49] pal[1:4]
INFO [2017-12-30 12:41:49] 
INFO [2017-12-30 12:41:49] $lty
INFO [2017-12-30 12:41:49] [1] 1
INFO [2017-12-30 12:41:49] 
INFO [2017-12-30 12:41:49] $height
INFO [2017-12-30 12:41:49] [1] 2000
INFO [2017-12-30 12:41:49] 
INFO [2017-12-30 12:41:49] $width
INFO [2017-12-30 12:41:49] [1] 3000
INFO [2017-12-30 12:41:49] 
