INFO [2017-05-31 17:37:06] [[1]]
INFO [2017-05-31 17:37:06] mylist
INFO [2017-05-31 17:37:06] 
INFO [2017-05-31 17:37:06] $filename
INFO [2017-05-31 17:37:06] NULL
INFO [2017-05-31 17:37:06] 
INFO [2017-05-31 17:37:06] $main
INFO [2017-05-31 17:37:06] [1] "Species specific DE genes (FDR 1%)"
INFO [2017-05-31 17:37:06] 
INFO [2017-05-31 17:37:06] $cex
INFO [2017-05-31 17:37:06] [1] 1.5
INFO [2017-05-31 17:37:06] 
INFO [2017-05-31 17:37:06] $fill
INFO [2017-05-31 17:37:06] pal[1:3]
INFO [2017-05-31 17:37:06] 
INFO [2017-05-31 17:37:06] $lty
INFO [2017-05-31 17:37:06] [1] 1
INFO [2017-05-31 17:37:06] 
INFO [2017-05-31 17:37:06] $height
INFO [2017-05-31 17:37:06] [1] 2000
INFO [2017-05-31 17:37:06] 
INFO [2017-05-31 17:37:06] $width
INFO [2017-05-31 17:37:06] [1] 3000
INFO [2017-05-31 17:37:06] 
