INFO [2017-07-14 13:47:40] [[1]]
INFO [2017-07-14 13:47:40] mylist
INFO [2017-07-14 13:47:40] 
INFO [2017-07-14 13:47:40] $filename
INFO [2017-07-14 13:47:40] NULL
INFO [2017-07-14 13:47:40] 
INFO [2017-07-14 13:47:40] $main
INFO [2017-07-14 13:47:40] [1] "Upregulated hearts (FSR 1%)"
INFO [2017-07-14 13:47:40] 
INFO [2017-07-14 13:47:40] $main.cex
INFO [2017-07-14 13:47:40] [1] 2
INFO [2017-07-14 13:47:40] 
INFO [2017-07-14 13:47:40] $cat.cex
INFO [2017-07-14 13:47:40] [1] 1.5
INFO [2017-07-14 13:47:40] 
INFO [2017-07-14 13:47:40] $cex
INFO [2017-07-14 13:47:40] [1] 2.5
INFO [2017-07-14 13:47:40] 
INFO [2017-07-14 13:47:40] $fill
INFO [2017-07-14 13:47:40] pal[1:3]
INFO [2017-07-14 13:47:40] 
INFO [2017-07-14 13:47:40] $lty
INFO [2017-07-14 13:47:40] [1] 1
INFO [2017-07-14 13:47:40] 
INFO [2017-07-14 13:47:40] $height
INFO [2017-07-14 13:47:40] [1] 2000
INFO [2017-07-14 13:47:40] 
INFO [2017-07-14 13:47:40] $width
INFO [2017-07-14 13:47:40] [1] 3000
INFO [2017-07-14 13:47:40] 
