INFO [2017-07-13 14:26:13] [[1]]
INFO [2017-07-13 14:26:13] mylist
INFO [2017-07-13 14:26:13] 
INFO [2017-07-13 14:26:13] $filename
INFO [2017-07-13 14:26:13] NULL
INFO [2017-07-13 14:26:13] 
INFO [2017-07-13 14:26:13] $main
INFO [2017-07-13 14:26:13] [1] "Upregulated in Heart compared to Lung (FSR 1%)"
INFO [2017-07-13 14:26:13] 
INFO [2017-07-13 14:26:13] $cex
INFO [2017-07-13 14:26:13] [1] 1.5
INFO [2017-07-13 14:26:13] 
INFO [2017-07-13 14:26:13] $fill
INFO [2017-07-13 14:26:13] pal[1:3]
INFO [2017-07-13 14:26:13] 
INFO [2017-07-13 14:26:13] $lty
INFO [2017-07-13 14:26:13] [1] 1
INFO [2017-07-13 14:26:13] 
INFO [2017-07-13 14:26:13] $height
INFO [2017-07-13 14:26:13] [1] 2000
INFO [2017-07-13 14:26:13] 
INFO [2017-07-13 14:26:13] $width
INFO [2017-07-13 14:26:13] [1] 3000
INFO [2017-07-13 14:26:13] 
