INFO [2017-12-21 14:16:43] [[1]]
INFO [2017-12-21 14:16:43] mylist
INFO [2017-12-21 14:16:43] 
INFO [2017-12-21 14:16:43] $filename
INFO [2017-12-21 14:16:43] NULL
INFO [2017-12-21 14:16:43] 
INFO [2017-12-21 14:16:43] $main
INFO [2017-12-21 14:16:43] [1] "Significant interactions in Humans (FDR 1%)"
INFO [2017-12-21 14:16:43] 
INFO [2017-12-21 14:16:43] $cex
INFO [2017-12-21 14:16:43] [1] 1.5
INFO [2017-12-21 14:16:43] 
INFO [2017-12-21 14:16:43] $fill
INFO [2017-12-21 14:16:43] pal[1:3]
INFO [2017-12-21 14:16:43] 
INFO [2017-12-21 14:16:43] $lty
INFO [2017-12-21 14:16:43] [1] 1
INFO [2017-12-21 14:16:43] 
INFO [2017-12-21 14:16:43] $height
INFO [2017-12-21 14:16:43] [1] 2000
INFO [2017-12-21 14:16:43] 
INFO [2017-12-21 14:16:43] $width
INFO [2017-12-21 14:16:43] [1] 3000
INFO [2017-12-21 14:16:43] 
