INFO [2017-06-01 08:58:20] [[1]]
INFO [2017-06-01 08:58:20] mylist
INFO [2017-06-01 08:58:20] 
INFO [2017-06-01 08:58:20] $filename
INFO [2017-06-01 08:58:20] NULL
INFO [2017-06-01 08:58:20] 
INFO [2017-06-01 08:58:20] $main
INFO [2017-06-01 08:58:20] [1] "Liver specific DE genes (FDR 1%)"
INFO [2017-06-01 08:58:20] 
INFO [2017-06-01 08:58:20] $cex
INFO [2017-06-01 08:58:20] [1] 1.5
INFO [2017-06-01 08:58:20] 
INFO [2017-06-01 08:58:20] $fill
INFO [2017-06-01 08:58:20] pal[1:3]
INFO [2017-06-01 08:58:20] 
INFO [2017-06-01 08:58:20] $lty
INFO [2017-06-01 08:58:20] [1] 1
INFO [2017-06-01 08:58:20] 
INFO [2017-06-01 08:58:20] $height
INFO [2017-06-01 08:58:20] [1] 2000
INFO [2017-06-01 08:58:20] 
INFO [2017-06-01 08:58:20] $width
INFO [2017-06-01 08:58:20] [1] 3000
INFO [2017-06-01 08:58:20] 
