INFO [2017-07-11 17:36:43] [[1]]
INFO [2017-07-11 17:36:43] mylist
INFO [2017-07-11 17:36:43] 
INFO [2017-07-11 17:36:43] $filename
INFO [2017-07-11 17:36:43] NULL
INFO [2017-07-11 17:36:43] 
INFO [2017-07-11 17:36:43] $main
INFO [2017-07-11 17:36:43] [1] "Upregulated in Humans compared to Rhesus Macaques (FSR 1%)"
INFO [2017-07-11 17:36:43] 
INFO [2017-07-11 17:36:43] $cex
INFO [2017-07-11 17:36:43] [1] 1.5
INFO [2017-07-11 17:36:43] 
INFO [2017-07-11 17:36:43] $fill
INFO [2017-07-11 17:36:43] pal[1:4]
INFO [2017-07-11 17:36:43] 
INFO [2017-07-11 17:36:43] $lty
INFO [2017-07-11 17:36:43] [1] 1
INFO [2017-07-11 17:36:43] 
INFO [2017-07-11 17:36:43] $height
INFO [2017-07-11 17:36:43] [1] 2000
INFO [2017-07-11 17:36:43] 
INFO [2017-07-11 17:36:43] $width
INFO [2017-07-11 17:36:43] [1] 3000
INFO [2017-07-11 17:36:43] 
