INFO [2017-05-31 16:10:09] [[1]]
INFO [2017-05-31 16:10:09] mylist
INFO [2017-05-31 16:10:09] 
INFO [2017-05-31 16:10:09] $filename
INFO [2017-05-31 16:10:09] NULL
INFO [2017-05-31 16:10:09] 
INFO [2017-05-31 16:10:09] $main
INFO [2017-05-31 16:10:09] [1] "DE genes between Chimps and Rhesus (FDR 1%)"
INFO [2017-05-31 16:10:09] 
INFO [2017-05-31 16:10:09] $cex
INFO [2017-05-31 16:10:09] [1] 1.5
INFO [2017-05-31 16:10:09] 
INFO [2017-05-31 16:10:09] $fill
INFO [2017-05-31 16:10:09] pal[1:4]
INFO [2017-05-31 16:10:09] 
INFO [2017-05-31 16:10:09] $lty
INFO [2017-05-31 16:10:09] [1] 1
INFO [2017-05-31 16:10:09] 
INFO [2017-05-31 16:10:09] $height
INFO [2017-05-31 16:10:09] [1] 2000
INFO [2017-05-31 16:10:09] 
INFO [2017-05-31 16:10:09] $width
INFO [2017-05-31 16:10:09] [1] 3000
INFO [2017-05-31 16:10:09] 
