INFO [2017-06-14 12:24:35] [[1]]
INFO [2017-06-14 12:24:35] mylist
INFO [2017-06-14 12:24:35] 
INFO [2017-06-14 12:24:35] $filename
INFO [2017-06-14 12:24:35] NULL
INFO [2017-06-14 12:24:35] 
INFO [2017-06-14 12:24:35] $main
INFO [2017-06-14 12:24:35] [1] "Genes with non-zero effect between humans and chimpanzees (s-value 1%)"
INFO [2017-06-14 12:24:35] 
INFO [2017-06-14 12:24:35] $cex
INFO [2017-06-14 12:24:35] [1] 1.5
INFO [2017-06-14 12:24:35] 
INFO [2017-06-14 12:24:35] $fill
INFO [2017-06-14 12:24:35] pal[1:4]
INFO [2017-06-14 12:24:35] 
INFO [2017-06-14 12:24:35] $lty
INFO [2017-06-14 12:24:35] [1] 1
INFO [2017-06-14 12:24:35] 
INFO [2017-06-14 12:24:35] $height
INFO [2017-06-14 12:24:35] [1] 2000
INFO [2017-06-14 12:24:35] 
INFO [2017-06-14 12:24:35] $width
INFO [2017-06-14 12:24:35] [1] 3000
INFO [2017-06-14 12:24:35] 
