INFO [2017-05-31 11:54:07] [[1]]
INFO [2017-05-31 11:54:07] mylist
INFO [2017-05-31 11:54:07] 
INFO [2017-05-31 11:54:07] $filename
INFO [2017-05-31 11:54:07] NULL
INFO [2017-05-31 11:54:07] 
INFO [2017-05-31 11:54:07] $main
INFO [2017-05-31 11:54:07] [1] "DE genes between Humans and Rhesus (FDR 1%)"
INFO [2017-05-31 11:54:07] 
INFO [2017-05-31 11:54:07] $cex
INFO [2017-05-31 11:54:07] [1] 1.5
INFO [2017-05-31 11:54:07] 
INFO [2017-05-31 11:54:07] $fill
INFO [2017-05-31 11:54:07] pal[1:4]
INFO [2017-05-31 11:54:07] 
INFO [2017-05-31 11:54:07] $lty
INFO [2017-05-31 11:54:07] [1] 1
INFO [2017-05-31 11:54:07] 
INFO [2017-05-31 11:54:07] $height
INFO [2017-05-31 11:54:07] [1] 2000
INFO [2017-05-31 11:54:07] 
INFO [2017-05-31 11:54:07] $width
INFO [2017-05-31 11:54:07] [1] 3000
INFO [2017-05-31 11:54:07] 
INFO [2017-05-31 11:54:07] [[1]]
INFO [2017-05-31 11:54:07] mylist
INFO [2017-05-31 11:54:07] 
INFO [2017-05-31 11:54:07] $filename
INFO [2017-05-31 11:54:07] NULL
INFO [2017-05-31 11:54:07] 
INFO [2017-05-31 11:54:07] $main
INFO [2017-05-31 11:54:07] [1] "DE genes between Humans and Rhesus (FDR 1%)"
INFO [2017-05-31 11:54:07] 
INFO [2017-05-31 11:54:07] $cex
INFO [2017-05-31 11:54:07] [1] 1.5
INFO [2017-05-31 11:54:07] 
INFO [2017-05-31 11:54:07] $fill
INFO [2017-05-31 11:54:07] pal[1:4]
INFO [2017-05-31 11:54:07] 
INFO [2017-05-31 11:54:07] $lty
INFO [2017-05-31 11:54:07] [1] 1
INFO [2017-05-31 11:54:07] 
INFO [2017-05-31 11:54:07] $height
INFO [2017-05-31 11:54:07] [1] 2000
INFO [2017-05-31 11:54:07] 
INFO [2017-05-31 11:54:07] $width
INFO [2017-05-31 11:54:07] [1] 3000
INFO [2017-05-31 11:54:07] 
