INFO [2017-12-21 14:25:08] [[1]]
INFO [2017-12-21 14:25:08] mylist
INFO [2017-12-21 14:25:08] 
INFO [2017-12-21 14:25:08] $filename
INFO [2017-12-21 14:25:08] NULL
INFO [2017-12-21 14:25:08] 
INFO [2017-12-21 14:25:08] $main
INFO [2017-12-21 14:25:08] [1] "DE genes between Lung and Kidney (FDR 1%)"
INFO [2017-12-21 14:25:08] 
INFO [2017-12-21 14:25:08] $cex
INFO [2017-12-21 14:25:08] [1] 1.5
INFO [2017-12-21 14:25:08] 
INFO [2017-12-21 14:25:08] $fill
INFO [2017-12-21 14:25:08] pal[1:3]
INFO [2017-12-21 14:25:08] 
INFO [2017-12-21 14:25:08] $lty
INFO [2017-12-21 14:25:08] [1] 1
INFO [2017-12-21 14:25:08] 
INFO [2017-12-21 14:25:08] $height
INFO [2017-12-21 14:25:08] [1] 2000
INFO [2017-12-21 14:25:08] 
INFO [2017-12-21 14:25:08] $width
INFO [2017-12-21 14:25:08] [1] 3000
INFO [2017-12-21 14:25:08] 
