INFO [2017-12-21 16:57:46] [[1]]
INFO [2017-12-21 16:57:46] mylist
INFO [2017-12-21 16:57:46] 
INFO [2017-12-21 16:57:46] $filename
INFO [2017-12-21 16:57:46] NULL
INFO [2017-12-21 16:57:46] 
INFO [2017-12-21 16:57:46] $main
INFO [2017-12-21 16:57:46] [1] "DE genes between Humans and Chimps (FDR 1%)"
INFO [2017-12-21 16:57:46] 
INFO [2017-12-21 16:57:46] $cex
INFO [2017-12-21 16:57:46] [1] 1.5
INFO [2017-12-21 16:57:46] 
INFO [2017-12-21 16:57:46] $fill
INFO [2017-12-21 16:57:46] pal[1:4]
INFO [2017-12-21 16:57:46] 
INFO [2017-12-21 16:57:46] $lty
INFO [2017-12-21 16:57:46] [1] 1
INFO [2017-12-21 16:57:46] 
INFO [2017-12-21 16:57:46] $height
INFO [2017-12-21 16:57:46] [1] 2000
INFO [2017-12-21 16:57:46] 
INFO [2017-12-21 16:57:46] $width
INFO [2017-12-21 16:57:46] [1] 3000
INFO [2017-12-21 16:57:46] 
INFO [2017-12-21 16:57:46] [[1]]
INFO [2017-12-21 16:57:46] mylist
INFO [2017-12-21 16:57:46] 
INFO [2017-12-21 16:57:46] $filename
INFO [2017-12-21 16:57:46] NULL
INFO [2017-12-21 16:57:46] 
INFO [2017-12-21 16:57:46] $main
INFO [2017-12-21 16:57:46] [1] "DE genes between Humans and Rhesus (FDR 1%)"
INFO [2017-12-21 16:57:46] 
INFO [2017-12-21 16:57:46] $cex
INFO [2017-12-21 16:57:46] [1] 1.5
INFO [2017-12-21 16:57:46] 
INFO [2017-12-21 16:57:46] $fill
INFO [2017-12-21 16:57:46] pal[1:4]
INFO [2017-12-21 16:57:46] 
INFO [2017-12-21 16:57:46] $lty
INFO [2017-12-21 16:57:46] [1] 1
INFO [2017-12-21 16:57:46] 
INFO [2017-12-21 16:57:46] $height
INFO [2017-12-21 16:57:46] [1] 2000
INFO [2017-12-21 16:57:46] 
INFO [2017-12-21 16:57:46] $width
INFO [2017-12-21 16:57:46] [1] 3000
INFO [2017-12-21 16:57:46] 
INFO [2017-12-21 16:57:46] [[1]]
INFO [2017-12-21 16:57:46] mylist
INFO [2017-12-21 16:57:46] 
INFO [2017-12-21 16:57:46] $filename
INFO [2017-12-21 16:57:46] NULL
INFO [2017-12-21 16:57:46] 
INFO [2017-12-21 16:57:46] $main
INFO [2017-12-21 16:57:46] [1] "DE genes between Chimps and Rhesus (FDR 1%)"
INFO [2017-12-21 16:57:46] 
INFO [2017-12-21 16:57:46] $cex
INFO [2017-12-21 16:57:46] [1] 1.5
INFO [2017-12-21 16:57:46] 
INFO [2017-12-21 16:57:46] $fill
INFO [2017-12-21 16:57:46] pal[1:4]
INFO [2017-12-21 16:57:46] 
INFO [2017-12-21 16:57:46] $lty
INFO [2017-12-21 16:57:46] [1] 1
INFO [2017-12-21 16:57:46] 
INFO [2017-12-21 16:57:46] $height
INFO [2017-12-21 16:57:46] [1] 2000
INFO [2017-12-21 16:57:46] 
INFO [2017-12-21 16:57:46] $width
INFO [2017-12-21 16:57:46] [1] 3000
INFO [2017-12-21 16:57:46] 
