INFO [2017-07-14 13:25:49] [[1]]
INFO [2017-07-14 13:25:49] mylist
INFO [2017-07-14 13:25:49] 
INFO [2017-07-14 13:25:49] $filename
INFO [2017-07-14 13:25:49] NULL
INFO [2017-07-14 13:25:49] 
INFO [2017-07-14 13:25:49] $main
INFO [2017-07-14 13:25:49] [1] "Upregulated livers (FSR 1%)"
INFO [2017-07-14 13:25:49] 
INFO [2017-07-14 13:25:49] $main.cex
INFO [2017-07-14 13:25:49] [1] 2
INFO [2017-07-14 13:25:49] 
INFO [2017-07-14 13:25:49] $cat.cex
INFO [2017-07-14 13:25:49] [1] 1.5
INFO [2017-07-14 13:25:49] 
INFO [2017-07-14 13:25:49] $cex
INFO [2017-07-14 13:25:49] [1] 2.5
INFO [2017-07-14 13:25:49] 
INFO [2017-07-14 13:25:49] $fill
INFO [2017-07-14 13:25:49] pal[1:3]
INFO [2017-07-14 13:25:49] 
INFO [2017-07-14 13:25:49] $lty
INFO [2017-07-14 13:25:49] [1] 1
INFO [2017-07-14 13:25:49] 
INFO [2017-07-14 13:25:49] $height
INFO [2017-07-14 13:25:49] [1] 2000
INFO [2017-07-14 13:25:49] 
INFO [2017-07-14 13:25:49] $width
INFO [2017-07-14 13:25:49] [1] 3000
INFO [2017-07-14 13:25:49] 
