INFO [2017-07-14 12:04:35] [[1]]
INFO [2017-07-14 12:04:35] mylist
INFO [2017-07-14 12:04:35] 
INFO [2017-07-14 12:04:35] $filename
INFO [2017-07-14 12:04:35] NULL
INFO [2017-07-14 12:04:35] 
INFO [2017-07-14 12:04:35] $main
INFO [2017-07-14 12:04:35] [1] "Downregulated in Chimpanzees relative to Rhesus Macaques (FSR 1%)"
INFO [2017-07-14 12:04:35] 
INFO [2017-07-14 12:04:35] $main.cex
INFO [2017-07-14 12:04:35] [1] 2
INFO [2017-07-14 12:04:35] 
INFO [2017-07-14 12:04:35] $cat.cex
INFO [2017-07-14 12:04:35] [1] 1.5
INFO [2017-07-14 12:04:35] 
INFO [2017-07-14 12:04:35] $cex
INFO [2017-07-14 12:04:35] [1] 2.5
INFO [2017-07-14 12:04:35] 
INFO [2017-07-14 12:04:35] $fill
INFO [2017-07-14 12:04:35] pal[1:4]
INFO [2017-07-14 12:04:35] 
INFO [2017-07-14 12:04:35] $lty
INFO [2017-07-14 12:04:35] [1] 1
INFO [2017-07-14 12:04:35] 
INFO [2017-07-14 12:04:35] $height
INFO [2017-07-14 12:04:35] [1] 2000
INFO [2017-07-14 12:04:35] 
INFO [2017-07-14 12:04:35] $width
INFO [2017-07-14 12:04:35] [1] 3000
INFO [2017-07-14 12:04:35] 
