INFO [2017-12-21 16:46:43] [[1]]
INFO [2017-12-21 16:46:43] mylist
INFO [2017-12-21 16:46:43] 
INFO [2017-12-21 16:46:43] $filename
INFO [2017-12-21 16:46:43] NULL
INFO [2017-12-21 16:46:43] 
INFO [2017-12-21 16:46:43] $main
INFO [2017-12-21 16:46:43] [1] "Upregulated in Liver compared to Lung (FSR 1%)"
INFO [2017-12-21 16:46:43] 
INFO [2017-12-21 16:46:43] $main.cex
INFO [2017-12-21 16:46:43] [1] 2
INFO [2017-12-21 16:46:43] 
INFO [2017-12-21 16:46:43] $cat.cex
INFO [2017-12-21 16:46:43] [1] 1.5
INFO [2017-12-21 16:46:43] 
INFO [2017-12-21 16:46:43] $cex
INFO [2017-12-21 16:46:43] [1] 2.5
INFO [2017-12-21 16:46:43] 
INFO [2017-12-21 16:46:43] $fill
INFO [2017-12-21 16:46:43] pal[1:3]
INFO [2017-12-21 16:46:43] 
INFO [2017-12-21 16:46:43] $lty
INFO [2017-12-21 16:46:43] [1] 1
INFO [2017-12-21 16:46:43] 
INFO [2017-12-21 16:46:43] $height
INFO [2017-12-21 16:46:43] [1] 2000
INFO [2017-12-21 16:46:43] 
INFO [2017-12-21 16:46:43] $width
INFO [2017-12-21 16:46:43] [1] 3000
INFO [2017-12-21 16:46:43] 
INFO [2017-12-21 16:46:43] [[1]]
INFO [2017-12-21 16:46:43] mylist
INFO [2017-12-21 16:46:43] 
INFO [2017-12-21 16:46:43] $filename
INFO [2017-12-21 16:46:43] NULL
INFO [2017-12-21 16:46:43] 
INFO [2017-12-21 16:46:43] $main
INFO [2017-12-21 16:46:43] [1] "Upregulated in Liver compared to Kidney (FSR 1%)"
INFO [2017-12-21 16:46:43] 
INFO [2017-12-21 16:46:43] $main.cex
INFO [2017-12-21 16:46:43] [1] 2
INFO [2017-12-21 16:46:43] 
INFO [2017-12-21 16:46:43] $cat.cex
INFO [2017-12-21 16:46:43] [1] 1.5
INFO [2017-12-21 16:46:43] 
INFO [2017-12-21 16:46:43] $cex
INFO [2017-12-21 16:46:43] [1] 2.5
INFO [2017-12-21 16:46:43] 
INFO [2017-12-21 16:46:43] $fill
INFO [2017-12-21 16:46:43] pal[1:3]
INFO [2017-12-21 16:46:43] 
INFO [2017-12-21 16:46:43] $lty
INFO [2017-12-21 16:46:43] [1] 1
INFO [2017-12-21 16:46:43] 
INFO [2017-12-21 16:46:43] $height
INFO [2017-12-21 16:46:43] [1] 2000
INFO [2017-12-21 16:46:43] 
INFO [2017-12-21 16:46:43] $width
INFO [2017-12-21 16:46:43] [1] 3000
INFO [2017-12-21 16:46:43] 
INFO [2017-12-21 16:46:43] [[1]]
INFO [2017-12-21 16:46:43] mylist
INFO [2017-12-21 16:46:43] 
INFO [2017-12-21 16:46:43] $filename
INFO [2017-12-21 16:46:43] NULL
INFO [2017-12-21 16:46:43] 
INFO [2017-12-21 16:46:43] $main
INFO [2017-12-21 16:46:43] [1] "Upregulated in Lung compared to Kidney (FSR 1%)"
INFO [2017-12-21 16:46:43] 
INFO [2017-12-21 16:46:43] $main.cex
INFO [2017-12-21 16:46:43] [1] 2
INFO [2017-12-21 16:46:43] 
INFO [2017-12-21 16:46:43] $cat.cex
INFO [2017-12-21 16:46:43] [1] 1.5
INFO [2017-12-21 16:46:43] 
INFO [2017-12-21 16:46:43] $cex
INFO [2017-12-21 16:46:43] [1] 2.5
INFO [2017-12-21 16:46:43] 
INFO [2017-12-21 16:46:43] $fill
INFO [2017-12-21 16:46:43] pal[1:3]
INFO [2017-12-21 16:46:43] 
INFO [2017-12-21 16:46:43] $lty
INFO [2017-12-21 16:46:43] [1] 1
INFO [2017-12-21 16:46:43] 
INFO [2017-12-21 16:46:43] $height
INFO [2017-12-21 16:46:43] [1] 2000
INFO [2017-12-21 16:46:43] 
INFO [2017-12-21 16:46:43] $width
INFO [2017-12-21 16:46:43] [1] 3000
INFO [2017-12-21 16:46:43] 
