INFO [2017-12-21 16:46:55] [[1]]
INFO [2017-12-21 16:46:55] mylist
INFO [2017-12-21 16:46:55] 
INFO [2017-12-21 16:46:55] $filename
INFO [2017-12-21 16:46:55] NULL
INFO [2017-12-21 16:46:55] 
INFO [2017-12-21 16:46:55] $main
INFO [2017-12-21 16:46:55] [1] "Downregulated lung specific (FSR 1%)"
INFO [2017-12-21 16:46:55] 
INFO [2017-12-21 16:46:55] $main.cex
INFO [2017-12-21 16:46:55] [1] 2
INFO [2017-12-21 16:46:55] 
INFO [2017-12-21 16:46:55] $cat.cex
INFO [2017-12-21 16:46:55] [1] 1.5
INFO [2017-12-21 16:46:55] 
INFO [2017-12-21 16:46:55] $cex
INFO [2017-12-21 16:46:55] [1] 2.5
INFO [2017-12-21 16:46:55] 
INFO [2017-12-21 16:46:55] $fill
INFO [2017-12-21 16:46:55] pal[1:3]
INFO [2017-12-21 16:46:55] 
INFO [2017-12-21 16:46:55] $lty
INFO [2017-12-21 16:46:55] [1] 1
INFO [2017-12-21 16:46:55] 
INFO [2017-12-21 16:46:55] $height
INFO [2017-12-21 16:46:55] [1] 2000
INFO [2017-12-21 16:46:55] 
INFO [2017-12-21 16:46:55] $width
INFO [2017-12-21 16:46:55] [1] 3000
INFO [2017-12-21 16:46:55] 
