INFO [2017-05-31 16:15:03] [[1]]
INFO [2017-05-31 16:15:03] mylist
INFO [2017-05-31 16:15:03] 
INFO [2017-05-31 16:15:03] $filename
INFO [2017-05-31 16:15:03] NULL
INFO [2017-05-31 16:15:03] 
INFO [2017-05-31 16:15:03] $main
INFO [2017-05-31 16:15:03] [1] "DE genes between Liver and Lung (FDR 1%)"
INFO [2017-05-31 16:15:03] 
INFO [2017-05-31 16:15:03] $cex
INFO [2017-05-31 16:15:03] [1] 1.5
INFO [2017-05-31 16:15:03] 
INFO [2017-05-31 16:15:03] $fill
INFO [2017-05-31 16:15:03] pal[1:3]
INFO [2017-05-31 16:15:03] 
INFO [2017-05-31 16:15:03] $lty
INFO [2017-05-31 16:15:03] [1] 1
INFO [2017-05-31 16:15:03] 
INFO [2017-05-31 16:15:03] $height
INFO [2017-05-31 16:15:03] [1] 2000
INFO [2017-05-31 16:15:03] 
INFO [2017-05-31 16:15:03] $width
INFO [2017-05-31 16:15:03] [1] 3000
INFO [2017-05-31 16:15:03] 
