INFO [2017-07-11 17:35:41] [[1]]
INFO [2017-07-11 17:35:41] mylist
INFO [2017-07-11 17:35:41] 
INFO [2017-07-11 17:35:41] $filename
INFO [2017-07-11 17:35:41] NULL
INFO [2017-07-11 17:35:41] 
INFO [2017-07-11 17:35:41] $main
INFO [2017-07-11 17:35:41] [1] "Upregulated in Humans compared to Chimpanzees (FSR 1%)"
INFO [2017-07-11 17:35:41] 
INFO [2017-07-11 17:35:41] $cex
INFO [2017-07-11 17:35:41] [1] 1.5
INFO [2017-07-11 17:35:41] 
INFO [2017-07-11 17:35:41] $fill
INFO [2017-07-11 17:35:41] pal[1:4]
INFO [2017-07-11 17:35:41] 
INFO [2017-07-11 17:35:41] $lty
INFO [2017-07-11 17:35:41] [1] 1
INFO [2017-07-11 17:35:41] 
INFO [2017-07-11 17:35:41] $height
INFO [2017-07-11 17:35:41] [1] 2000
INFO [2017-07-11 17:35:41] 
INFO [2017-07-11 17:35:41] $width
INFO [2017-07-11 17:35:41] [1] 3000
INFO [2017-07-11 17:35:41] 
