INFO [2017-12-21 15:47:04] [[1]]
INFO [2017-12-21 15:47:04] mylist
INFO [2017-12-21 15:47:04] 
INFO [2017-12-21 15:47:04] $filename
INFO [2017-12-21 15:47:04] NULL
INFO [2017-12-21 15:47:04] 
INFO [2017-12-21 15:47:04] $main
INFO [2017-12-21 15:47:04] [1] "Upregulated in Humans compared to Chimps (FSR 1%)"
INFO [2017-12-21 15:47:04] 
INFO [2017-12-21 15:47:04] $main.cex
INFO [2017-12-21 15:47:04] [1] 2
INFO [2017-12-21 15:47:04] 
INFO [2017-12-21 15:47:04] $cat.cex
INFO [2017-12-21 15:47:04] [1] 1.5
INFO [2017-12-21 15:47:04] 
INFO [2017-12-21 15:47:04] $cex
INFO [2017-12-21 15:47:04] [1] 2.5
INFO [2017-12-21 15:47:04] 
INFO [2017-12-21 15:47:04] $fill
INFO [2017-12-21 15:47:04] pal[1:4]
INFO [2017-12-21 15:47:04] 
INFO [2017-12-21 15:47:04] $lty
INFO [2017-12-21 15:47:04] [1] 1
INFO [2017-12-21 15:47:04] 
INFO [2017-12-21 15:47:04] $height
INFO [2017-12-21 15:47:04] [1] 2000
INFO [2017-12-21 15:47:04] 
INFO [2017-12-21 15:47:04] $width
INFO [2017-12-21 15:47:04] [1] 3000
INFO [2017-12-21 15:47:04] 
INFO [2017-12-21 15:47:04] [[1]]
INFO [2017-12-21 15:47:04] mylist
INFO [2017-12-21 15:47:04] 
INFO [2017-12-21 15:47:04] $filename
INFO [2017-12-21 15:47:04] NULL
INFO [2017-12-21 15:47:04] 
INFO [2017-12-21 15:47:04] $main
INFO [2017-12-21 15:47:04] [1] "Upregulated in Humans compared to Rhesus (FSR 1%)"
INFO [2017-12-21 15:47:04] 
INFO [2017-12-21 15:47:04] $main.cex
INFO [2017-12-21 15:47:04] [1] 2
INFO [2017-12-21 15:47:04] 
INFO [2017-12-21 15:47:04] $cat.cex
INFO [2017-12-21 15:47:04] [1] 1.5
INFO [2017-12-21 15:47:04] 
INFO [2017-12-21 15:47:04] $cex
INFO [2017-12-21 15:47:04] [1] 2.5
INFO [2017-12-21 15:47:04] 
INFO [2017-12-21 15:47:04] $fill
INFO [2017-12-21 15:47:04] pal[1:4]
INFO [2017-12-21 15:47:04] 
INFO [2017-12-21 15:47:04] $lty
INFO [2017-12-21 15:47:04] [1] 1
INFO [2017-12-21 15:47:04] 
INFO [2017-12-21 15:47:04] $height
INFO [2017-12-21 15:47:04] [1] 2000
INFO [2017-12-21 15:47:04] 
INFO [2017-12-21 15:47:04] $width
INFO [2017-12-21 15:47:04] [1] 3000
INFO [2017-12-21 15:47:04] 
INFO [2017-12-21 15:47:04] [[1]]
INFO [2017-12-21 15:47:04] mylist
INFO [2017-12-21 15:47:04] 
INFO [2017-12-21 15:47:04] $filename
INFO [2017-12-21 15:47:04] NULL
INFO [2017-12-21 15:47:04] 
INFO [2017-12-21 15:47:04] $main
INFO [2017-12-21 15:47:04] [1] "Upregulated in Chimps relative to Rhesus (FSR 1%)"
INFO [2017-12-21 15:47:04] 
INFO [2017-12-21 15:47:04] $main.cex
INFO [2017-12-21 15:47:04] [1] 2
INFO [2017-12-21 15:47:04] 
INFO [2017-12-21 15:47:04] $cat.cex
INFO [2017-12-21 15:47:04] [1] 1.5
INFO [2017-12-21 15:47:04] 
INFO [2017-12-21 15:47:04] $cex
INFO [2017-12-21 15:47:04] [1] 2.5
INFO [2017-12-21 15:47:04] 
INFO [2017-12-21 15:47:04] $fill
INFO [2017-12-21 15:47:04] pal[1:4]
INFO [2017-12-21 15:47:04] 
INFO [2017-12-21 15:47:04] $lty
INFO [2017-12-21 15:47:04] [1] 1
INFO [2017-12-21 15:47:04] 
INFO [2017-12-21 15:47:04] $height
INFO [2017-12-21 15:47:04] [1] 2000
INFO [2017-12-21 15:47:04] 
INFO [2017-12-21 15:47:04] $width
INFO [2017-12-21 15:47:04] [1] 3000
INFO [2017-12-21 15:47:04] 
