INFO [2017-07-12 16:42:01] [[1]]
INFO [2017-07-12 16:42:01] mylist
INFO [2017-07-12 16:42:01] 
INFO [2017-07-12 16:42:01] $filename
INFO [2017-07-12 16:42:01] NULL
INFO [2017-07-12 16:42:01] 
INFO [2017-07-12 16:42:01] $main
INFO [2017-07-12 16:42:01] [1] "Downregulated heart specific (FSR 1%)"
INFO [2017-07-12 16:42:01] 
INFO [2017-07-12 16:42:01] $cex
INFO [2017-07-12 16:42:01] [1] 1.5
INFO [2017-07-12 16:42:01] 
INFO [2017-07-12 16:42:01] $fill
INFO [2017-07-12 16:42:01] pal[1:3]
INFO [2017-07-12 16:42:01] 
INFO [2017-07-12 16:42:01] $lty
INFO [2017-07-12 16:42:01] [1] 1
INFO [2017-07-12 16:42:01] 
INFO [2017-07-12 16:42:01] $height
INFO [2017-07-12 16:42:01] [1] 2000
INFO [2017-07-12 16:42:01] 
INFO [2017-07-12 16:42:01] $width
INFO [2017-07-12 16:42:01] [1] 3000
INFO [2017-07-12 16:42:01] 
