INFO [2017-12-21 14:25:05] [[1]]
INFO [2017-12-21 14:25:05] mylist
INFO [2017-12-21 14:25:05] 
INFO [2017-12-21 14:25:05] $filename
INFO [2017-12-21 14:25:05] NULL
INFO [2017-12-21 14:25:05] 
INFO [2017-12-21 14:25:05] $main
INFO [2017-12-21 14:25:05] [1] "DE genes between Humans and Rhesus (FDR 1%)"
INFO [2017-12-21 14:25:05] 
INFO [2017-12-21 14:25:05] $cex
INFO [2017-12-21 14:25:05] [1] 1.5
INFO [2017-12-21 14:25:05] 
INFO [2017-12-21 14:25:05] $fill
INFO [2017-12-21 14:25:05] pal[1:4]
INFO [2017-12-21 14:25:05] 
INFO [2017-12-21 14:25:05] $lty
INFO [2017-12-21 14:25:05] [1] 1
INFO [2017-12-21 14:25:05] 
INFO [2017-12-21 14:25:05] $height
INFO [2017-12-21 14:25:05] [1] 2000
INFO [2017-12-21 14:25:05] 
INFO [2017-12-21 14:25:05] $width
INFO [2017-12-21 14:25:05] [1] 3000
INFO [2017-12-21 14:25:05] 
INFO [2017-12-21 14:25:05] [[1]]
INFO [2017-12-21 14:25:05] mylist
INFO [2017-12-21 14:25:05] 
INFO [2017-12-21 14:25:05] $filename
INFO [2017-12-21 14:25:05] NULL
INFO [2017-12-21 14:25:05] 
INFO [2017-12-21 14:25:05] $main
INFO [2017-12-21 14:25:05] [1] "DE genes between Chimps and Rhesus (FDR 1%)"
INFO [2017-12-21 14:25:05] 
INFO [2017-12-21 14:25:05] $cex
INFO [2017-12-21 14:25:05] [1] 1.5
INFO [2017-12-21 14:25:05] 
INFO [2017-12-21 14:25:05] $fill
INFO [2017-12-21 14:25:05] pal[1:4]
INFO [2017-12-21 14:25:05] 
INFO [2017-12-21 14:25:05] $lty
INFO [2017-12-21 14:25:05] [1] 1
INFO [2017-12-21 14:25:05] 
INFO [2017-12-21 14:25:05] $height
INFO [2017-12-21 14:25:05] [1] 2000
INFO [2017-12-21 14:25:05] 
INFO [2017-12-21 14:25:05] $width
INFO [2017-12-21 14:25:05] [1] 3000
INFO [2017-12-21 14:25:05] 
