INFO [2017-12-30 12:41:25] [[1]]
INFO [2017-12-30 12:41:25] mylist
INFO [2017-12-30 12:41:25] 
INFO [2017-12-30 12:41:25] $filename
INFO [2017-12-30 12:41:25] NULL
INFO [2017-12-30 12:41:25] 
INFO [2017-12-30 12:41:25] $main
INFO [2017-12-30 12:41:25] [1] "DE genes between Humans and Chimps (FDR 1%)"
INFO [2017-12-30 12:41:25] 
INFO [2017-12-30 12:41:25] $cex
INFO [2017-12-30 12:41:25] [1] 1.5
INFO [2017-12-30 12:41:25] 
INFO [2017-12-30 12:41:25] $fill
INFO [2017-12-30 12:41:25] pal[1:4]
INFO [2017-12-30 12:41:25] 
INFO [2017-12-30 12:41:25] $lty
INFO [2017-12-30 12:41:25] [1] 1
INFO [2017-12-30 12:41:25] 
INFO [2017-12-30 12:41:25] $height
INFO [2017-12-30 12:41:25] [1] 2000
INFO [2017-12-30 12:41:25] 
INFO [2017-12-30 12:41:25] $width
INFO [2017-12-30 12:41:25] [1] 3000
INFO [2017-12-30 12:41:25] 
