INFO [2017-07-11 17:35:24] [[1]]
INFO [2017-07-11 17:35:24] mylist
INFO [2017-07-11 17:35:24] 
INFO [2017-07-11 17:35:24] $filename
INFO [2017-07-11 17:35:24] NULL
INFO [2017-07-11 17:35:24] 
INFO [2017-07-11 17:35:24] $main
INFO [2017-07-11 17:35:24] [1] "Downregulated in Humans compared to Chimpanzees (FSR 1%)"
INFO [2017-07-11 17:35:24] 
INFO [2017-07-11 17:35:24] $cex
INFO [2017-07-11 17:35:24] [1] 1.5
INFO [2017-07-11 17:35:24] 
INFO [2017-07-11 17:35:24] $fill
INFO [2017-07-11 17:35:24] pal[1:4]
INFO [2017-07-11 17:35:24] 
INFO [2017-07-11 17:35:24] $lty
INFO [2017-07-11 17:35:24] [1] 1
INFO [2017-07-11 17:35:24] 
INFO [2017-07-11 17:35:24] $height
INFO [2017-07-11 17:35:24] [1] 2000
INFO [2017-07-11 17:35:24] 
INFO [2017-07-11 17:35:24] $width
INFO [2017-07-11 17:35:24] [1] 3000
INFO [2017-07-11 17:35:24] 
