INFO [2017-06-14 12:22:39] [[1]]
INFO [2017-06-14 12:22:39] mylist
INFO [2017-06-14 12:22:39] 
INFO [2017-06-14 12:22:39] $filename
INFO [2017-06-14 12:22:39] NULL
INFO [2017-06-14 12:22:39] 
INFO [2017-06-14 12:22:39] $main
INFO [2017-06-14 12:22:39] [1] "DE genes between Humans and Chimps (FDR 1%)"
INFO [2017-06-14 12:22:39] 
INFO [2017-06-14 12:22:39] $cex
INFO [2017-06-14 12:22:39] [1] 1.5
INFO [2017-06-14 12:22:39] 
INFO [2017-06-14 12:22:39] $fill
INFO [2017-06-14 12:22:39] pal[1:4]
INFO [2017-06-14 12:22:39] 
INFO [2017-06-14 12:22:39] $lty
INFO [2017-06-14 12:22:39] [1] 1
INFO [2017-06-14 12:22:39] 
INFO [2017-06-14 12:22:39] $height
INFO [2017-06-14 12:22:39] [1] 2000
INFO [2017-06-14 12:22:39] 
INFO [2017-06-14 12:22:39] $width
INFO [2017-06-14 12:22:39] [1] 3000
INFO [2017-06-14 12:22:39] 
