INFO [2017-06-08 09:01:31] [[1]]
INFO [2017-06-08 09:01:31] mylist
INFO [2017-06-08 09:01:31] 
INFO [2017-06-08 09:01:31] $filename
INFO [2017-06-08 09:01:31] NULL
INFO [2017-06-08 09:01:31] 
INFO [2017-06-08 09:01:31] $main
INFO [2017-06-08 09:01:31] [1] "DE genes between Humans and Chimps (FDR 1%)"
INFO [2017-06-08 09:01:31] 
INFO [2017-06-08 09:01:31] $cex
INFO [2017-06-08 09:01:31] [1] 1.5
INFO [2017-06-08 09:01:31] 
INFO [2017-06-08 09:01:31] $fill
INFO [2017-06-08 09:01:31] pal[1:4]
INFO [2017-06-08 09:01:31] 
INFO [2017-06-08 09:01:31] $lty
INFO [2017-06-08 09:01:31] [1] 1
INFO [2017-06-08 09:01:31] 
INFO [2017-06-08 09:01:31] $height
INFO [2017-06-08 09:01:31] [1] 2000
INFO [2017-06-08 09:01:31] 
INFO [2017-06-08 09:01:31] $width
INFO [2017-06-08 09:01:31] [1] 3000
INFO [2017-06-08 09:01:31] 
