INFO [2017-07-14 15:52:17] [[1]]
INFO [2017-07-14 15:52:17] mylist
INFO [2017-07-14 15:52:17] 
INFO [2017-07-14 15:52:17] $filename
INFO [2017-07-14 15:52:17] NULL
INFO [2017-07-14 15:52:17] 
INFO [2017-07-14 15:52:17] $main
INFO [2017-07-14 15:52:17] [1] "Downregulated kidney specific (FSR 1%)"
INFO [2017-07-14 15:52:17] 
INFO [2017-07-14 15:52:17] $main.cex
INFO [2017-07-14 15:52:17] [1] 2
INFO [2017-07-14 15:52:17] 
INFO [2017-07-14 15:52:17] $cat.cex
INFO [2017-07-14 15:52:17] [1] 1.5
INFO [2017-07-14 15:52:17] 
INFO [2017-07-14 15:52:17] $cex
INFO [2017-07-14 15:52:17] [1] 2.5
INFO [2017-07-14 15:52:17] 
INFO [2017-07-14 15:52:17] $fill
INFO [2017-07-14 15:52:17] pal[1:3]
INFO [2017-07-14 15:52:17] 
INFO [2017-07-14 15:52:17] $lty
INFO [2017-07-14 15:52:17] [1] 1
INFO [2017-07-14 15:52:17] 
INFO [2017-07-14 15:52:17] $height
INFO [2017-07-14 15:52:17] [1] 2000
INFO [2017-07-14 15:52:17] 
INFO [2017-07-14 15:52:17] $width
INFO [2017-07-14 15:52:17] [1] 3000
INFO [2017-07-14 15:52:17] 
