INFO [2017-12-21 14:25:06] [[1]]
INFO [2017-12-21 14:25:06] mylist
INFO [2017-12-21 14:25:06] 
INFO [2017-12-21 14:25:06] $filename
INFO [2017-12-21 14:25:06] NULL
INFO [2017-12-21 14:25:06] 
INFO [2017-12-21 14:25:06] $main
INFO [2017-12-21 14:25:06] [1] "DE genes between Heart and Liver (FDR 1%)"
INFO [2017-12-21 14:25:06] 
INFO [2017-12-21 14:25:06] $cex
INFO [2017-12-21 14:25:06] [1] 1.5
INFO [2017-12-21 14:25:06] 
INFO [2017-12-21 14:25:06] $fill
INFO [2017-12-21 14:25:06] pal[1:3]
INFO [2017-12-21 14:25:06] 
INFO [2017-12-21 14:25:06] $lty
INFO [2017-12-21 14:25:06] [1] 1
INFO [2017-12-21 14:25:06] 
INFO [2017-12-21 14:25:06] $height
INFO [2017-12-21 14:25:06] [1] 2000
INFO [2017-12-21 14:25:06] 
INFO [2017-12-21 14:25:06] $width
INFO [2017-12-21 14:25:06] [1] 3000
INFO [2017-12-21 14:25:06] 
INFO [2017-12-21 14:25:06] [[1]]
INFO [2017-12-21 14:25:06] mylist
INFO [2017-12-21 14:25:06] 
INFO [2017-12-21 14:25:06] $filename
INFO [2017-12-21 14:25:06] NULL
INFO [2017-12-21 14:25:06] 
INFO [2017-12-21 14:25:06] $main
INFO [2017-12-21 14:25:06] [1] "DE genes between Heart and Lung (FDR 1%)"
INFO [2017-12-21 14:25:06] 
INFO [2017-12-21 14:25:06] $cex
INFO [2017-12-21 14:25:06] [1] 1.5
INFO [2017-12-21 14:25:06] 
INFO [2017-12-21 14:25:06] $fill
INFO [2017-12-21 14:25:06] pal[1:3]
INFO [2017-12-21 14:25:06] 
INFO [2017-12-21 14:25:06] $lty
INFO [2017-12-21 14:25:06] [1] 1
INFO [2017-12-21 14:25:06] 
INFO [2017-12-21 14:25:06] $height
INFO [2017-12-21 14:25:06] [1] 2000
INFO [2017-12-21 14:25:06] 
INFO [2017-12-21 14:25:06] $width
INFO [2017-12-21 14:25:06] [1] 3000
INFO [2017-12-21 14:25:06] 
