INFO [2017-12-21 16:46:45] [[1]]
INFO [2017-12-21 16:46:45] mylist
INFO [2017-12-21 16:46:45] 
INFO [2017-12-21 16:46:45] $filename
INFO [2017-12-21 16:46:45] NULL
INFO [2017-12-21 16:46:45] 
INFO [2017-12-21 16:46:45] $main
INFO [2017-12-21 16:46:45] [1] "Upregulated in Humans compared to Chimps (FSR 1%)"
INFO [2017-12-21 16:46:45] 
INFO [2017-12-21 16:46:45] $main.cex
INFO [2017-12-21 16:46:45] [1] 2
INFO [2017-12-21 16:46:45] 
INFO [2017-12-21 16:46:45] $cat.cex
INFO [2017-12-21 16:46:45] [1] 1.5
INFO [2017-12-21 16:46:45] 
INFO [2017-12-21 16:46:45] $cex
INFO [2017-12-21 16:46:45] [1] 2.5
INFO [2017-12-21 16:46:45] 
INFO [2017-12-21 16:46:45] $fill
INFO [2017-12-21 16:46:45] pal[1:4]
INFO [2017-12-21 16:46:45] 
INFO [2017-12-21 16:46:45] $lty
INFO [2017-12-21 16:46:45] [1] 1
INFO [2017-12-21 16:46:45] 
INFO [2017-12-21 16:46:45] $height
INFO [2017-12-21 16:46:45] [1] 2000
INFO [2017-12-21 16:46:45] 
INFO [2017-12-21 16:46:45] $width
INFO [2017-12-21 16:46:45] [1] 3000
INFO [2017-12-21 16:46:45] 
INFO [2017-12-21 16:46:45] [[1]]
INFO [2017-12-21 16:46:45] mylist
INFO [2017-12-21 16:46:45] 
INFO [2017-12-21 16:46:45] $filename
INFO [2017-12-21 16:46:45] NULL
INFO [2017-12-21 16:46:45] 
INFO [2017-12-21 16:46:45] $main
INFO [2017-12-21 16:46:45] [1] "Upregulated in Humans compared to Rhesus (FSR 1%)"
INFO [2017-12-21 16:46:45] 
INFO [2017-12-21 16:46:45] $main.cex
INFO [2017-12-21 16:46:45] [1] 2
INFO [2017-12-21 16:46:45] 
INFO [2017-12-21 16:46:45] $cat.cex
INFO [2017-12-21 16:46:45] [1] 1.5
INFO [2017-12-21 16:46:45] 
INFO [2017-12-21 16:46:45] $cex
INFO [2017-12-21 16:46:45] [1] 2.5
INFO [2017-12-21 16:46:45] 
INFO [2017-12-21 16:46:45] $fill
INFO [2017-12-21 16:46:45] pal[1:4]
INFO [2017-12-21 16:46:45] 
INFO [2017-12-21 16:46:45] $lty
INFO [2017-12-21 16:46:45] [1] 1
INFO [2017-12-21 16:46:45] 
INFO [2017-12-21 16:46:45] $height
INFO [2017-12-21 16:46:45] [1] 2000
INFO [2017-12-21 16:46:45] 
INFO [2017-12-21 16:46:45] $width
INFO [2017-12-21 16:46:45] [1] 3000
INFO [2017-12-21 16:46:45] 
