INFO [2017-07-14 13:32:23] [[1]]
INFO [2017-07-14 13:32:23] mylist
INFO [2017-07-14 13:32:23] 
INFO [2017-07-14 13:32:23] $filename
INFO [2017-07-14 13:32:23] NULL
INFO [2017-07-14 13:32:23] 
INFO [2017-07-14 13:32:23] $main
INFO [2017-07-14 13:32:23] [1] "Downregulated livers (FSR 1%)"
INFO [2017-07-14 13:32:23] 
INFO [2017-07-14 13:32:23] $main.cex
INFO [2017-07-14 13:32:23] [1] 2
INFO [2017-07-14 13:32:23] 
INFO [2017-07-14 13:32:23] $cat.cex
INFO [2017-07-14 13:32:23] [1] 1.5
INFO [2017-07-14 13:32:23] 
INFO [2017-07-14 13:32:23] $cex
INFO [2017-07-14 13:32:23] [1] 2.5
INFO [2017-07-14 13:32:23] 
INFO [2017-07-14 13:32:23] $fill
INFO [2017-07-14 13:32:23] pal[1:3]
INFO [2017-07-14 13:32:23] 
INFO [2017-07-14 13:32:23] $lty
INFO [2017-07-14 13:32:23] [1] 1
INFO [2017-07-14 13:32:23] 
INFO [2017-07-14 13:32:23] $height
INFO [2017-07-14 13:32:23] [1] 2000
INFO [2017-07-14 13:32:23] 
INFO [2017-07-14 13:32:23] $width
INFO [2017-07-14 13:32:23] [1] 3000
INFO [2017-07-14 13:32:23] 
