INFO [2017-11-07 00:00:33] [[1]]
INFO [2017-11-07 00:00:33] mylist
INFO [2017-11-07 00:00:33] 
INFO [2017-11-07 00:00:33] $filename
INFO [2017-11-07 00:00:33] NULL
INFO [2017-11-07 00:00:33] 
INFO [2017-11-07 00:00:33] $main
INFO [2017-11-07 00:00:33] [1] "Upregulated in Liver compared to Kidney (FSR 1%)"
INFO [2017-11-07 00:00:33] 
INFO [2017-11-07 00:00:33] $main.cex
INFO [2017-11-07 00:00:33] [1] 2
INFO [2017-11-07 00:00:33] 
INFO [2017-11-07 00:00:33] $cat.cex
INFO [2017-11-07 00:00:33] [1] 1.5
INFO [2017-11-07 00:00:33] 
INFO [2017-11-07 00:00:33] $cex
INFO [2017-11-07 00:00:33] [1] 2.5
INFO [2017-11-07 00:00:33] 
INFO [2017-11-07 00:00:33] $fill
INFO [2017-11-07 00:00:33] pal[1:3]
INFO [2017-11-07 00:00:33] 
INFO [2017-11-07 00:00:33] $lty
INFO [2017-11-07 00:00:33] [1] 1
INFO [2017-11-07 00:00:33] 
INFO [2017-11-07 00:00:33] $height
INFO [2017-11-07 00:00:33] [1] 2000
INFO [2017-11-07 00:00:33] 
INFO [2017-11-07 00:00:33] $width
INFO [2017-11-07 00:00:33] [1] 3000
INFO [2017-11-07 00:00:33] 
INFO [2017-11-07 00:00:33] [[1]]
INFO [2017-11-07 00:00:33] mylist
INFO [2017-11-07 00:00:33] 
INFO [2017-11-07 00:00:33] $filename
INFO [2017-11-07 00:00:33] NULL
INFO [2017-11-07 00:00:33] 
INFO [2017-11-07 00:00:33] $main
INFO [2017-11-07 00:00:33] [1] "Upregulated in Lung compared to Kidney (FSR 1%)"
INFO [2017-11-07 00:00:33] 
INFO [2017-11-07 00:00:33] $main.cex
INFO [2017-11-07 00:00:33] [1] 2
INFO [2017-11-07 00:00:33] 
INFO [2017-11-07 00:00:33] $cat.cex
INFO [2017-11-07 00:00:33] [1] 1.5
INFO [2017-11-07 00:00:33] 
INFO [2017-11-07 00:00:33] $cex
INFO [2017-11-07 00:00:33] [1] 2.5
INFO [2017-11-07 00:00:33] 
INFO [2017-11-07 00:00:33] $fill
INFO [2017-11-07 00:00:33] pal[1:3]
INFO [2017-11-07 00:00:33] 
INFO [2017-11-07 00:00:33] $lty
INFO [2017-11-07 00:00:33] [1] 1
INFO [2017-11-07 00:00:33] 
INFO [2017-11-07 00:00:33] $height
INFO [2017-11-07 00:00:33] [1] 2000
INFO [2017-11-07 00:00:33] 
INFO [2017-11-07 00:00:33] $width
INFO [2017-11-07 00:00:33] [1] 3000
INFO [2017-11-07 00:00:33] 
