INFO [2017-11-07 00:28:42] [[1]]
INFO [2017-11-07 00:28:42] mylist
INFO [2017-11-07 00:28:42] 
INFO [2017-11-07 00:28:42] $filename
INFO [2017-11-07 00:28:42] NULL
INFO [2017-11-07 00:28:42] 
INFO [2017-11-07 00:28:42] $main
INFO [2017-11-07 00:28:42] [1] "Upregulated in Lung compared to Kidney (FSR 1%)"
INFO [2017-11-07 00:28:42] 
INFO [2017-11-07 00:28:42] $main.cex
INFO [2017-11-07 00:28:42] [1] 2
INFO [2017-11-07 00:28:42] 
INFO [2017-11-07 00:28:42] $cat.cex
INFO [2017-11-07 00:28:42] [1] 1.5
INFO [2017-11-07 00:28:42] 
INFO [2017-11-07 00:28:42] $cex
INFO [2017-11-07 00:28:42] [1] 2.5
INFO [2017-11-07 00:28:42] 
INFO [2017-11-07 00:28:42] $fill
INFO [2017-11-07 00:28:42] pal[1:3]
INFO [2017-11-07 00:28:42] 
INFO [2017-11-07 00:28:42] $lty
INFO [2017-11-07 00:28:42] [1] 1
INFO [2017-11-07 00:28:42] 
INFO [2017-11-07 00:28:42] $height
INFO [2017-11-07 00:28:42] [1] 2000
INFO [2017-11-07 00:28:42] 
INFO [2017-11-07 00:28:42] $width
INFO [2017-11-07 00:28:42] [1] 3000
INFO [2017-11-07 00:28:42] 
