INFO [2017-07-14 11:38:54] [[1]]
INFO [2017-07-14 11:38:54] mylist
INFO [2017-07-14 11:38:54] 
INFO [2017-07-14 11:38:54] $filename
INFO [2017-07-14 11:38:54] NULL
INFO [2017-07-14 11:38:54] 
INFO [2017-07-14 11:38:54] $main
INFO [2017-07-14 11:38:54] [1] "Upregulated in Humans compared to Chimpanzees (FSR 1%)"
INFO [2017-07-14 11:38:54] 
INFO [2017-07-14 11:38:54] $main.cex
INFO [2017-07-14 11:38:54] [1] 2
INFO [2017-07-14 11:38:54] 
INFO [2017-07-14 11:38:54] $cat.cex
INFO [2017-07-14 11:38:54] [1] 1.5
INFO [2017-07-14 11:38:54] 
INFO [2017-07-14 11:38:54] $cex
INFO [2017-07-14 11:38:54] [1] 2.5
INFO [2017-07-14 11:38:54] 
INFO [2017-07-14 11:38:54] $fill
INFO [2017-07-14 11:38:54] pal[1:4]
INFO [2017-07-14 11:38:54] 
INFO [2017-07-14 11:38:54] $lty
INFO [2017-07-14 11:38:54] [1] 1
INFO [2017-07-14 11:38:54] 
INFO [2017-07-14 11:38:54] $height
INFO [2017-07-14 11:38:54] [1] 2000
INFO [2017-07-14 11:38:54] 
INFO [2017-07-14 11:38:54] $width
INFO [2017-07-14 11:38:54] [1] 3000
INFO [2017-07-14 11:38:54] 
