INFO [2017-11-07 12:30:13] [[1]]
INFO [2017-11-07 12:30:13] mylist
INFO [2017-11-07 12:30:13] 
INFO [2017-11-07 12:30:13] $filename
INFO [2017-11-07 12:30:13] NULL
INFO [2017-11-07 12:30:13] 
INFO [2017-11-07 12:30:13] $main
INFO [2017-11-07 12:30:13] [1] "Upregulated livers (FSR 1%)"
INFO [2017-11-07 12:30:13] 
INFO [2017-11-07 12:30:13] $main.cex
INFO [2017-11-07 12:30:13] [1] 2
INFO [2017-11-07 12:30:13] 
INFO [2017-11-07 12:30:13] $cat.cex
INFO [2017-11-07 12:30:13] [1] 1.5
INFO [2017-11-07 12:30:13] 
INFO [2017-11-07 12:30:13] $cex
INFO [2017-11-07 12:30:13] [1] 2.5
INFO [2017-11-07 12:30:13] 
INFO [2017-11-07 12:30:13] $fill
INFO [2017-11-07 12:30:13] pal[1:3]
INFO [2017-11-07 12:30:13] 
INFO [2017-11-07 12:30:13] $lty
INFO [2017-11-07 12:30:13] [1] 1
INFO [2017-11-07 12:30:13] 
INFO [2017-11-07 12:30:13] $height
INFO [2017-11-07 12:30:13] [1] 2000
INFO [2017-11-07 12:30:13] 
INFO [2017-11-07 12:30:13] $width
INFO [2017-11-07 12:30:13] [1] 3000
INFO [2017-11-07 12:30:13] 
