INFO [2017-05-31 18:47:38] [[1]]
INFO [2017-05-31 18:47:38] mylist
INFO [2017-05-31 18:47:38] 
INFO [2017-05-31 18:47:38] $filename
INFO [2017-05-31 18:47:38] NULL
INFO [2017-05-31 18:47:38] 
INFO [2017-05-31 18:47:38] $main
INFO [2017-05-31 18:47:38] [1] "Heart specific DE genes with species-specific interactions (FDR 1%)"
INFO [2017-05-31 18:47:38] 
INFO [2017-05-31 18:47:38] $cex
INFO [2017-05-31 18:47:38] [1] 1.5
INFO [2017-05-31 18:47:38] 
INFO [2017-05-31 18:47:38] $fill
INFO [2017-05-31 18:47:38] pal[1:3]
INFO [2017-05-31 18:47:38] 
INFO [2017-05-31 18:47:38] $lty
INFO [2017-05-31 18:47:38] [1] 1
INFO [2017-05-31 18:47:38] 
INFO [2017-05-31 18:47:38] $height
INFO [2017-05-31 18:47:38] [1] 2000
INFO [2017-05-31 18:47:38] 
INFO [2017-05-31 18:47:38] $width
INFO [2017-05-31 18:47:38] [1] 3000
INFO [2017-05-31 18:47:38] 
