INFO [2017-12-21 18:34:34] [[1]]
INFO [2017-12-21 18:34:34] mylist
INFO [2017-12-21 18:34:34] 
INFO [2017-12-21 18:34:34] $filename
INFO [2017-12-21 18:34:34] NULL
INFO [2017-12-21 18:34:34] 
INFO [2017-12-21 18:34:34] $main
INFO [2017-12-21 18:34:34] [1] "Upregulated in Liver compared to Kidney (FSR 1%)"
INFO [2017-12-21 18:34:34] 
INFO [2017-12-21 18:34:34] $main.cex
INFO [2017-12-21 18:34:34] [1] 2
INFO [2017-12-21 18:34:34] 
INFO [2017-12-21 18:34:34] $cat.cex
INFO [2017-12-21 18:34:34] [1] 1.5
INFO [2017-12-21 18:34:34] 
INFO [2017-12-21 18:34:34] $cex
INFO [2017-12-21 18:34:34] [1] 2.5
INFO [2017-12-21 18:34:34] 
INFO [2017-12-21 18:34:34] $fill
INFO [2017-12-21 18:34:34] pal[1:3]
INFO [2017-12-21 18:34:34] 
INFO [2017-12-21 18:34:34] $lty
INFO [2017-12-21 18:34:34] [1] 1
INFO [2017-12-21 18:34:34] 
INFO [2017-12-21 18:34:34] $height
INFO [2017-12-21 18:34:34] [1] 2000
INFO [2017-12-21 18:34:34] 
INFO [2017-12-21 18:34:34] $width
INFO [2017-12-21 18:34:34] [1] 3000
INFO [2017-12-21 18:34:34] 
INFO [2017-12-21 18:34:34] [[1]]
INFO [2017-12-21 18:34:34] mylist
INFO [2017-12-21 18:34:34] 
INFO [2017-12-21 18:34:34] $filename
INFO [2017-12-21 18:34:34] NULL
INFO [2017-12-21 18:34:34] 
INFO [2017-12-21 18:34:34] $main
INFO [2017-12-21 18:34:34] [1] "Upregulated in Lung compared to Kidney (FSR 1%)"
INFO [2017-12-21 18:34:34] 
INFO [2017-12-21 18:34:34] $main.cex
INFO [2017-12-21 18:34:34] [1] 2
INFO [2017-12-21 18:34:34] 
INFO [2017-12-21 18:34:34] $cat.cex
INFO [2017-12-21 18:34:34] [1] 1.5
INFO [2017-12-21 18:34:34] 
INFO [2017-12-21 18:34:34] $cex
INFO [2017-12-21 18:34:34] [1] 2.5
INFO [2017-12-21 18:34:34] 
INFO [2017-12-21 18:34:34] $fill
INFO [2017-12-21 18:34:34] pal[1:3]
INFO [2017-12-21 18:34:34] 
INFO [2017-12-21 18:34:34] $lty
INFO [2017-12-21 18:34:34] [1] 1
INFO [2017-12-21 18:34:34] 
INFO [2017-12-21 18:34:34] $height
INFO [2017-12-21 18:34:34] [1] 2000
INFO [2017-12-21 18:34:34] 
INFO [2017-12-21 18:34:34] $width
INFO [2017-12-21 18:34:34] [1] 3000
INFO [2017-12-21 18:34:34] 
