INFO [2017-12-30 12:41:29] [[1]]
INFO [2017-12-30 12:41:29] mylist
INFO [2017-12-30 12:41:29] 
INFO [2017-12-30 12:41:29] $filename
INFO [2017-12-30 12:41:29] NULL
INFO [2017-12-30 12:41:29] 
INFO [2017-12-30 12:41:29] $main
INFO [2017-12-30 12:41:29] [1] "DE genes between Lung and Kidney (FDR 1%)"
INFO [2017-12-30 12:41:29] 
INFO [2017-12-30 12:41:29] $cex
INFO [2017-12-30 12:41:29] [1] 1.5
INFO [2017-12-30 12:41:29] 
INFO [2017-12-30 12:41:29] $fill
INFO [2017-12-30 12:41:29] pal[1:3]
INFO [2017-12-30 12:41:29] 
INFO [2017-12-30 12:41:29] $lty
INFO [2017-12-30 12:41:29] [1] 1
INFO [2017-12-30 12:41:29] 
INFO [2017-12-30 12:41:29] $height
INFO [2017-12-30 12:41:29] [1] 2000
INFO [2017-12-30 12:41:29] 
INFO [2017-12-30 12:41:29] $width
INFO [2017-12-30 12:41:29] [1] 3000
INFO [2017-12-30 12:41:29] 
INFO [2017-12-30 12:41:29] [[1]]
INFO [2017-12-30 12:41:29] mylist
INFO [2017-12-30 12:41:29] 
INFO [2017-12-30 12:41:29] $filename
INFO [2017-12-30 12:41:29] NULL
INFO [2017-12-30 12:41:29] 
INFO [2017-12-30 12:41:29] $main
INFO [2017-12-30 12:41:29] [1] "Heart specific DE genes (FDR 1%)"
INFO [2017-12-30 12:41:29] 
INFO [2017-12-30 12:41:29] $cex
INFO [2017-12-30 12:41:29] [1] 1.5
INFO [2017-12-30 12:41:29] 
INFO [2017-12-30 12:41:29] $fill
INFO [2017-12-30 12:41:29] pal[1:3]
INFO [2017-12-30 12:41:29] 
INFO [2017-12-30 12:41:29] $lty
INFO [2017-12-30 12:41:29] [1] 1
INFO [2017-12-30 12:41:29] 
INFO [2017-12-30 12:41:29] $height
INFO [2017-12-30 12:41:29] [1] 2000
INFO [2017-12-30 12:41:29] 
INFO [2017-12-30 12:41:29] $width
INFO [2017-12-30 12:41:29] [1] 3000
INFO [2017-12-30 12:41:29] 
INFO [2017-12-30 12:41:29] [[1]]
INFO [2017-12-30 12:41:29] mylist
INFO [2017-12-30 12:41:29] 
INFO [2017-12-30 12:41:29] $filename
INFO [2017-12-30 12:41:29] NULL
INFO [2017-12-30 12:41:29] 
INFO [2017-12-30 12:41:29] $main
INFO [2017-12-30 12:41:29] [1] "Liver specific DE genes (FDR 1%)"
INFO [2017-12-30 12:41:29] 
INFO [2017-12-30 12:41:29] $cex
INFO [2017-12-30 12:41:29] [1] 1.5
INFO [2017-12-30 12:41:29] 
INFO [2017-12-30 12:41:29] $fill
INFO [2017-12-30 12:41:29] pal[1:3]
INFO [2017-12-30 12:41:29] 
INFO [2017-12-30 12:41:29] $lty
INFO [2017-12-30 12:41:29] [1] 1
INFO [2017-12-30 12:41:29] 
INFO [2017-12-30 12:41:29] $height
INFO [2017-12-30 12:41:29] [1] 2000
INFO [2017-12-30 12:41:29] 
INFO [2017-12-30 12:41:29] $width
INFO [2017-12-30 12:41:29] [1] 3000
INFO [2017-12-30 12:41:29] 
