INFO [2017-12-21 17:07:23] [[1]]
INFO [2017-12-21 17:07:23] mylist
INFO [2017-12-21 17:07:23] 
INFO [2017-12-21 17:07:23] $filename
INFO [2017-12-21 17:07:23] NULL
INFO [2017-12-21 17:07:23] 
INFO [2017-12-21 17:07:23] $main
INFO [2017-12-21 17:07:23] [1] "Upregulated in Chimps relative to Rhesus (FSR 1%)"
INFO [2017-12-21 17:07:23] 
INFO [2017-12-21 17:07:23] $main.cex
INFO [2017-12-21 17:07:23] [1] 2
INFO [2017-12-21 17:07:23] 
INFO [2017-12-21 17:07:23] $cat.cex
INFO [2017-12-21 17:07:23] [1] 1.5
INFO [2017-12-21 17:07:23] 
INFO [2017-12-21 17:07:23] $cex
INFO [2017-12-21 17:07:23] [1] 2.5
INFO [2017-12-21 17:07:23] 
INFO [2017-12-21 17:07:23] $fill
INFO [2017-12-21 17:07:23] pal[1:4]
INFO [2017-12-21 17:07:23] 
INFO [2017-12-21 17:07:23] $lty
INFO [2017-12-21 17:07:23] [1] 1
INFO [2017-12-21 17:07:23] 
INFO [2017-12-21 17:07:23] $height
INFO [2017-12-21 17:07:23] [1] 2000
INFO [2017-12-21 17:07:23] 
INFO [2017-12-21 17:07:23] $width
INFO [2017-12-21 17:07:23] [1] 3000
INFO [2017-12-21 17:07:23] 
INFO [2017-12-21 17:07:23] [[1]]
INFO [2017-12-21 17:07:23] mylist
INFO [2017-12-21 17:07:23] 
INFO [2017-12-21 17:07:23] $filename
INFO [2017-12-21 17:07:23] NULL
INFO [2017-12-21 17:07:23] 
INFO [2017-12-21 17:07:23] $main
INFO [2017-12-21 17:07:23] [1] "Downregulated in Humans compared to Chimps (FSR 1%)"
INFO [2017-12-21 17:07:23] 
INFO [2017-12-21 17:07:23] $main.cex
INFO [2017-12-21 17:07:23] [1] 2
INFO [2017-12-21 17:07:23] 
INFO [2017-12-21 17:07:23] $cat.cex
INFO [2017-12-21 17:07:23] [1] 1.5
INFO [2017-12-21 17:07:23] 
INFO [2017-12-21 17:07:23] $cex
INFO [2017-12-21 17:07:23] [1] 2.5
INFO [2017-12-21 17:07:23] 
INFO [2017-12-21 17:07:23] $fill
INFO [2017-12-21 17:07:23] pal[1:4]
INFO [2017-12-21 17:07:23] 
INFO [2017-12-21 17:07:23] $lty
INFO [2017-12-21 17:07:23] [1] 1
INFO [2017-12-21 17:07:23] 
INFO [2017-12-21 17:07:23] $height
INFO [2017-12-21 17:07:23] [1] 2000
INFO [2017-12-21 17:07:23] 
INFO [2017-12-21 17:07:23] $width
INFO [2017-12-21 17:07:23] [1] 3000
INFO [2017-12-21 17:07:23] 
