INFO [2017-07-14 13:41:17] [[1]]
INFO [2017-07-14 13:41:17] mylist
INFO [2017-07-14 13:41:17] 
INFO [2017-07-14 13:41:17] $filename
INFO [2017-07-14 13:41:17] NULL
INFO [2017-07-14 13:41:17] 
INFO [2017-07-14 13:41:17] $main
INFO [2017-07-14 13:41:17] [1] "Upregulated hearts (FSR 1%)"
INFO [2017-07-14 13:41:17] 
INFO [2017-07-14 13:41:17] $cex
INFO [2017-07-14 13:41:17] [1] 1.5
INFO [2017-07-14 13:41:17] 
INFO [2017-07-14 13:41:17] $fill
INFO [2017-07-14 13:41:17] pal[1:3]
INFO [2017-07-14 13:41:17] 
INFO [2017-07-14 13:41:17] $lty
INFO [2017-07-14 13:41:17] [1] 1
INFO [2017-07-14 13:41:17] 
INFO [2017-07-14 13:41:17] $height
INFO [2017-07-14 13:41:17] [1] 2000
INFO [2017-07-14 13:41:17] 
INFO [2017-07-14 13:41:17] $width
INFO [2017-07-14 13:41:17] [1] 3000
INFO [2017-07-14 13:41:17] 
ERROR [2017-07-14 13:41:17] Unexpected parameter length for 'fill'
