INFO [2017-05-31 11:55:11] [[1]]
INFO [2017-05-31 11:55:11] mylist
INFO [2017-05-31 11:55:11] 
INFO [2017-05-31 11:55:11] $filename
INFO [2017-05-31 11:55:11] NULL
INFO [2017-05-31 11:55:11] 
INFO [2017-05-31 11:55:11] $main
INFO [2017-05-31 11:55:11] [1] "Significant interaction in humans (0.01% FDR)"
INFO [2017-05-31 11:55:11] 
INFO [2017-05-31 11:55:11] $cex
INFO [2017-05-31 11:55:11] [1] 1.5
INFO [2017-05-31 11:55:11] 
INFO [2017-05-31 11:55:11] $fill
INFO [2017-05-31 11:55:11] pal[1:3]
INFO [2017-05-31 11:55:11] 
INFO [2017-05-31 11:55:11] $lty
INFO [2017-05-31 11:55:11] [1] 1
INFO [2017-05-31 11:55:11] 
INFO [2017-05-31 11:55:11] $height
INFO [2017-05-31 11:55:11] [1] 2000
INFO [2017-05-31 11:55:11] 
INFO [2017-05-31 11:55:11] $width
INFO [2017-05-31 11:55:11] [1] 3000
INFO [2017-05-31 11:55:11] 
INFO [2017-05-31 11:55:11] [[1]]
INFO [2017-05-31 11:55:11] mylist
INFO [2017-05-31 11:55:11] 
INFO [2017-05-31 11:55:11] $filename
INFO [2017-05-31 11:55:11] NULL
INFO [2017-05-31 11:55:11] 
INFO [2017-05-31 11:55:11] $main
INFO [2017-05-31 11:55:11] [1] "DE genes between Great Apes and Rhesus (0.1% FDR)"
INFO [2017-05-31 11:55:11] 
INFO [2017-05-31 11:55:11] $cex
INFO [2017-05-31 11:55:11] [1] 1.5
INFO [2017-05-31 11:55:11] 
INFO [2017-05-31 11:55:11] $fill
INFO [2017-05-31 11:55:11] pal[1:4]
INFO [2017-05-31 11:55:11] 
INFO [2017-05-31 11:55:11] $lty
INFO [2017-05-31 11:55:11] [1] 1
INFO [2017-05-31 11:55:11] 
INFO [2017-05-31 11:55:11] $height
INFO [2017-05-31 11:55:11] [1] 2000
INFO [2017-05-31 11:55:11] 
INFO [2017-05-31 11:55:11] $width
INFO [2017-05-31 11:55:11] [1] 3000
INFO [2017-05-31 11:55:11] 
