INFO [2017-12-07 11:04:41] [[1]]
INFO [2017-12-07 11:04:41] mylist
INFO [2017-12-07 11:04:41] 
INFO [2017-12-07 11:04:41] $filename
INFO [2017-12-07 11:04:41] NULL
INFO [2017-12-07 11:04:41] 
INFO [2017-12-07 11:04:41] $main
INFO [2017-12-07 11:04:41] [1] "Orthologous DMRs between Humans and Chimps (FDR 1%)"
INFO [2017-12-07 11:04:41] 
INFO [2017-12-07 11:04:41] $cex
INFO [2017-12-07 11:04:41] [1] 1.5
INFO [2017-12-07 11:04:41] 
INFO [2017-12-07 11:04:41] $fill
INFO [2017-12-07 11:04:41] pal[1:4]
INFO [2017-12-07 11:04:41] 
INFO [2017-12-07 11:04:41] $lty
INFO [2017-12-07 11:04:41] [1] 1
INFO [2017-12-07 11:04:41] 
INFO [2017-12-07 11:04:41] $height
INFO [2017-12-07 11:04:41] [1] 2000
INFO [2017-12-07 11:04:41] 
INFO [2017-12-07 11:04:41] $width
INFO [2017-12-07 11:04:41] [1] 3000
INFO [2017-12-07 11:04:41] 
