INFO [2017-12-30 12:41:30] [[1]]
INFO [2017-12-30 12:41:30] mylist
INFO [2017-12-30 12:41:30] 
INFO [2017-12-30 12:41:30] $filename
INFO [2017-12-30 12:41:30] NULL
INFO [2017-12-30 12:41:30] 
INFO [2017-12-30 12:41:30] $main
INFO [2017-12-30 12:41:30] [1] "Kidney specific DE genes (FDR 1%)"
INFO [2017-12-30 12:41:30] 
INFO [2017-12-30 12:41:30] $cex
INFO [2017-12-30 12:41:30] [1] 1.5
INFO [2017-12-30 12:41:30] 
INFO [2017-12-30 12:41:30] $fill
INFO [2017-12-30 12:41:30] pal[1:3]
INFO [2017-12-30 12:41:30] 
INFO [2017-12-30 12:41:30] $lty
INFO [2017-12-30 12:41:30] [1] 1
INFO [2017-12-30 12:41:30] 
INFO [2017-12-30 12:41:30] $height
INFO [2017-12-30 12:41:30] [1] 2000
INFO [2017-12-30 12:41:30] 
INFO [2017-12-30 12:41:30] $width
INFO [2017-12-30 12:41:30] [1] 3000
INFO [2017-12-30 12:41:30] 
INFO [2017-12-30 12:41:30] [[1]]
INFO [2017-12-30 12:41:30] mylist
INFO [2017-12-30 12:41:30] 
INFO [2017-12-30 12:41:30] $filename
INFO [2017-12-30 12:41:30] NULL
INFO [2017-12-30 12:41:30] 
INFO [2017-12-30 12:41:30] $main
INFO [2017-12-30 12:41:30] [1] "Lung specific DE genes (FDR 1%)"
INFO [2017-12-30 12:41:30] 
INFO [2017-12-30 12:41:30] $cex
INFO [2017-12-30 12:41:30] [1] 1.5
INFO [2017-12-30 12:41:30] 
INFO [2017-12-30 12:41:30] $fill
INFO [2017-12-30 12:41:30] pal[1:3]
INFO [2017-12-30 12:41:30] 
INFO [2017-12-30 12:41:30] $lty
INFO [2017-12-30 12:41:30] [1] 1
INFO [2017-12-30 12:41:30] 
INFO [2017-12-30 12:41:30] $height
INFO [2017-12-30 12:41:30] [1] 2000
INFO [2017-12-30 12:41:30] 
INFO [2017-12-30 12:41:30] $width
INFO [2017-12-30 12:41:30] [1] 3000
INFO [2017-12-30 12:41:30] 
