INFO [2017-12-21 17:07:17] [[1]]
INFO [2017-12-21 17:07:17] mylist
INFO [2017-12-21 17:07:17] 
INFO [2017-12-21 17:07:17] $filename
INFO [2017-12-21 17:07:17] NULL
INFO [2017-12-21 17:07:17] 
INFO [2017-12-21 17:07:17] $main
INFO [2017-12-21 17:07:17] [1] "Upregulated in Liver compared to Lung (FSR 1%)"
INFO [2017-12-21 17:07:17] 
INFO [2017-12-21 17:07:17] $main.cex
INFO [2017-12-21 17:07:17] [1] 2
INFO [2017-12-21 17:07:17] 
INFO [2017-12-21 17:07:17] $cat.cex
INFO [2017-12-21 17:07:17] [1] 1.5
INFO [2017-12-21 17:07:17] 
INFO [2017-12-21 17:07:17] $cex
INFO [2017-12-21 17:07:17] [1] 2.5
INFO [2017-12-21 17:07:17] 
INFO [2017-12-21 17:07:17] $fill
INFO [2017-12-21 17:07:17] pal[1:3]
INFO [2017-12-21 17:07:17] 
INFO [2017-12-21 17:07:17] $lty
INFO [2017-12-21 17:07:17] [1] 1
INFO [2017-12-21 17:07:17] 
INFO [2017-12-21 17:07:17] $height
INFO [2017-12-21 17:07:17] [1] 2000
INFO [2017-12-21 17:07:17] 
INFO [2017-12-21 17:07:17] $width
INFO [2017-12-21 17:07:17] [1] 3000
INFO [2017-12-21 17:07:17] 
INFO [2017-12-21 17:07:17] [[1]]
INFO [2017-12-21 17:07:17] mylist
INFO [2017-12-21 17:07:17] 
INFO [2017-12-21 17:07:17] $filename
INFO [2017-12-21 17:07:17] NULL
INFO [2017-12-21 17:07:17] 
INFO [2017-12-21 17:07:17] $main
INFO [2017-12-21 17:07:17] [1] "Upregulated in Liver compared to Kidney (FSR 1%)"
INFO [2017-12-21 17:07:17] 
INFO [2017-12-21 17:07:17] $main.cex
INFO [2017-12-21 17:07:17] [1] 2
INFO [2017-12-21 17:07:17] 
INFO [2017-12-21 17:07:17] $cat.cex
INFO [2017-12-21 17:07:17] [1] 1.5
INFO [2017-12-21 17:07:17] 
INFO [2017-12-21 17:07:17] $cex
INFO [2017-12-21 17:07:17] [1] 2.5
INFO [2017-12-21 17:07:17] 
INFO [2017-12-21 17:07:17] $fill
INFO [2017-12-21 17:07:17] pal[1:3]
INFO [2017-12-21 17:07:17] 
INFO [2017-12-21 17:07:17] $lty
INFO [2017-12-21 17:07:17] [1] 1
INFO [2017-12-21 17:07:17] 
INFO [2017-12-21 17:07:17] $height
INFO [2017-12-21 17:07:17] [1] 2000
INFO [2017-12-21 17:07:17] 
INFO [2017-12-21 17:07:17] $width
INFO [2017-12-21 17:07:17] [1] 3000
INFO [2017-12-21 17:07:17] 
