INFO [2017-12-21 15:47:09] [[1]]
INFO [2017-12-21 15:47:09] mylist
INFO [2017-12-21 15:47:09] 
INFO [2017-12-21 15:47:09] $filename
INFO [2017-12-21 15:47:09] NULL
INFO [2017-12-21 15:47:09] 
INFO [2017-12-21 15:47:09] $main
INFO [2017-12-21 15:47:09] [1] "Upregulated hearts (FSR 1%)"
INFO [2017-12-21 15:47:09] 
INFO [2017-12-21 15:47:09] $main.cex
INFO [2017-12-21 15:47:09] [1] 2
INFO [2017-12-21 15:47:09] 
INFO [2017-12-21 15:47:09] $cat.cex
INFO [2017-12-21 15:47:09] [1] 1.5
INFO [2017-12-21 15:47:09] 
INFO [2017-12-21 15:47:09] $cex
INFO [2017-12-21 15:47:09] [1] 2.5
INFO [2017-12-21 15:47:09] 
INFO [2017-12-21 15:47:09] $fill
INFO [2017-12-21 15:47:09] pal[1:3]
INFO [2017-12-21 15:47:09] 
INFO [2017-12-21 15:47:09] $lty
INFO [2017-12-21 15:47:09] [1] 1
INFO [2017-12-21 15:47:09] 
INFO [2017-12-21 15:47:09] $height
INFO [2017-12-21 15:47:09] [1] 2000
INFO [2017-12-21 15:47:09] 
INFO [2017-12-21 15:47:09] $width
INFO [2017-12-21 15:47:09] [1] 3000
INFO [2017-12-21 15:47:09] 
INFO [2017-12-21 15:47:09] [[1]]
INFO [2017-12-21 15:47:09] mylist
INFO [2017-12-21 15:47:09] 
INFO [2017-12-21 15:47:09] $filename
INFO [2017-12-21 15:47:09] NULL
INFO [2017-12-21 15:47:09] 
INFO [2017-12-21 15:47:09] $main
INFO [2017-12-21 15:47:09] [1] "Downregulated hearts (FSR 1%)"
INFO [2017-12-21 15:47:09] 
INFO [2017-12-21 15:47:09] $main.cex
INFO [2017-12-21 15:47:09] [1] 2
INFO [2017-12-21 15:47:09] 
INFO [2017-12-21 15:47:09] $cat.cex
INFO [2017-12-21 15:47:09] [1] 1.5
INFO [2017-12-21 15:47:09] 
INFO [2017-12-21 15:47:09] $cex
INFO [2017-12-21 15:47:09] [1] 2.5
INFO [2017-12-21 15:47:09] 
INFO [2017-12-21 15:47:09] $fill
INFO [2017-12-21 15:47:09] pal[1:3]
INFO [2017-12-21 15:47:09] 
INFO [2017-12-21 15:47:09] $lty
INFO [2017-12-21 15:47:09] [1] 1
INFO [2017-12-21 15:47:09] 
INFO [2017-12-21 15:47:09] $height
INFO [2017-12-21 15:47:09] [1] 2000
INFO [2017-12-21 15:47:09] 
INFO [2017-12-21 15:47:09] $width
INFO [2017-12-21 15:47:09] [1] 3000
INFO [2017-12-21 15:47:09] 
