INFO [2017-06-01 05:06:20] [[1]]
INFO [2017-06-01 05:06:20] mylist
INFO [2017-06-01 05:06:20] 
INFO [2017-06-01 05:06:20] $filename
INFO [2017-06-01 05:06:20] NULL
INFO [2017-06-01 05:06:20] 
INFO [2017-06-01 05:06:20] $main
INFO [2017-06-01 05:06:20] [1] "DE genes between Human and Chimp/Rhesus (0.01% FDR)"
INFO [2017-06-01 05:06:20] 
INFO [2017-06-01 05:06:20] $cex
INFO [2017-06-01 05:06:20] [1] 1.5
INFO [2017-06-01 05:06:20] 
INFO [2017-06-01 05:06:20] $fill
INFO [2017-06-01 05:06:20] pal[1:4]
INFO [2017-06-01 05:06:20] 
INFO [2017-06-01 05:06:20] $lty
INFO [2017-06-01 05:06:20] [1] 1
INFO [2017-06-01 05:06:20] 
INFO [2017-06-01 05:06:20] $height
INFO [2017-06-01 05:06:20] [1] 2000
INFO [2017-06-01 05:06:20] 
INFO [2017-06-01 05:06:20] $width
INFO [2017-06-01 05:06:20] [1] 3000
INFO [2017-06-01 05:06:20] 
INFO [2017-06-01 05:06:20] [[1]]
INFO [2017-06-01 05:06:20] mylist
INFO [2017-06-01 05:06:20] 
INFO [2017-06-01 05:06:20] $filename
INFO [2017-06-01 05:06:20] NULL
INFO [2017-06-01 05:06:20] 
INFO [2017-06-01 05:06:20] $main
INFO [2017-06-01 05:06:20] [1] "Significant interaction in humans (0.01% FDR)"
INFO [2017-06-01 05:06:20] 
INFO [2017-06-01 05:06:20] $cex
INFO [2017-06-01 05:06:20] [1] 1.5
INFO [2017-06-01 05:06:20] 
INFO [2017-06-01 05:06:20] $fill
INFO [2017-06-01 05:06:20] pal[1:3]
INFO [2017-06-01 05:06:20] 
INFO [2017-06-01 05:06:20] $lty
INFO [2017-06-01 05:06:20] [1] 1
INFO [2017-06-01 05:06:20] 
INFO [2017-06-01 05:06:20] $height
INFO [2017-06-01 05:06:20] [1] 2000
INFO [2017-06-01 05:06:20] 
INFO [2017-06-01 05:06:20] $width
INFO [2017-06-01 05:06:20] [1] 3000
INFO [2017-06-01 05:06:20] 
