INFO [2017-12-21 17:07:25] [[1]]
INFO [2017-12-21 17:07:25] mylist
INFO [2017-12-21 17:07:25] 
INFO [2017-12-21 17:07:25] $filename
INFO [2017-12-21 17:07:25] NULL
INFO [2017-12-21 17:07:25] 
INFO [2017-12-21 17:07:25] $main
INFO [2017-12-21 17:07:25] [1] "Upregulated livers (FDR 1%)"
INFO [2017-12-21 17:07:25] 
INFO [2017-12-21 17:07:25] $main.cex
INFO [2017-12-21 17:07:25] [1] 2
INFO [2017-12-21 17:07:25] 
INFO [2017-12-21 17:07:25] $cat.cex
INFO [2017-12-21 17:07:25] [1] 1.5
INFO [2017-12-21 17:07:25] 
INFO [2017-12-21 17:07:25] $cex
INFO [2017-12-21 17:07:25] [1] 2.5
INFO [2017-12-21 17:07:25] 
INFO [2017-12-21 17:07:25] $fill
INFO [2017-12-21 17:07:25] pal[1:3]
INFO [2017-12-21 17:07:25] 
INFO [2017-12-21 17:07:25] $lty
INFO [2017-12-21 17:07:25] [1] 1
INFO [2017-12-21 17:07:25] 
INFO [2017-12-21 17:07:25] $height
INFO [2017-12-21 17:07:25] [1] 2000
INFO [2017-12-21 17:07:25] 
INFO [2017-12-21 17:07:25] $width
INFO [2017-12-21 17:07:25] [1] 3000
INFO [2017-12-21 17:07:25] 
INFO [2017-12-21 17:07:25] [[1]]
INFO [2017-12-21 17:07:25] mylist
INFO [2017-12-21 17:07:25] 
INFO [2017-12-21 17:07:25] $filename
INFO [2017-12-21 17:07:25] NULL
INFO [2017-12-21 17:07:25] 
INFO [2017-12-21 17:07:25] $main
INFO [2017-12-21 17:07:25] [1] "Upregulated livers (FSR 1%)"
INFO [2017-12-21 17:07:25] 
INFO [2017-12-21 17:07:25] $main.cex
INFO [2017-12-21 17:07:25] [1] 2
INFO [2017-12-21 17:07:25] 
INFO [2017-12-21 17:07:25] $cat.cex
INFO [2017-12-21 17:07:25] [1] 1.5
INFO [2017-12-21 17:07:25] 
INFO [2017-12-21 17:07:25] $cex
INFO [2017-12-21 17:07:25] [1] 2.5
INFO [2017-12-21 17:07:25] 
INFO [2017-12-21 17:07:25] $fill
INFO [2017-12-21 17:07:25] pal[1:3]
INFO [2017-12-21 17:07:25] 
INFO [2017-12-21 17:07:25] $lty
INFO [2017-12-21 17:07:25] [1] 1
INFO [2017-12-21 17:07:25] 
INFO [2017-12-21 17:07:25] $height
INFO [2017-12-21 17:07:25] [1] 2000
INFO [2017-12-21 17:07:25] 
INFO [2017-12-21 17:07:25] $width
INFO [2017-12-21 17:07:25] [1] 3000
INFO [2017-12-21 17:07:25] 
