INFO [2017-05-31 18:04:28] [[1]]
INFO [2017-05-31 18:04:28] mylist
INFO [2017-05-31 18:04:28] 
INFO [2017-05-31 18:04:28] $filename
INFO [2017-05-31 18:04:28] NULL
INFO [2017-05-31 18:04:28] 
INFO [2017-05-31 18:04:28] $main
INFO [2017-05-31 18:04:28] [1] "Heart specific DE genes with no interactions (FDR 1%)"
INFO [2017-05-31 18:04:28] 
INFO [2017-05-31 18:04:28] $cex
INFO [2017-05-31 18:04:28] [1] 1.5
INFO [2017-05-31 18:04:28] 
INFO [2017-05-31 18:04:28] $fill
INFO [2017-05-31 18:04:28] pal[1:3]
INFO [2017-05-31 18:04:28] 
INFO [2017-05-31 18:04:28] $lty
INFO [2017-05-31 18:04:28] [1] 1
INFO [2017-05-31 18:04:28] 
INFO [2017-05-31 18:04:28] $height
INFO [2017-05-31 18:04:28] [1] 2000
INFO [2017-05-31 18:04:28] 
INFO [2017-05-31 18:04:28] $width
INFO [2017-05-31 18:04:28] [1] 3000
INFO [2017-05-31 18:04:28] 
