INFO [2017-05-31 18:55:00] [[1]]
INFO [2017-05-31 18:55:00] mylist
INFO [2017-05-31 18:55:00] 
INFO [2017-05-31 18:55:00] $filename
INFO [2017-05-31 18:55:00] NULL
INFO [2017-05-31 18:55:00] 
INFO [2017-05-31 18:55:00] $main
INFO [2017-05-31 18:55:00] [1] "Liver specific DE genes with species-specific interactions (FDR 1%)"
INFO [2017-05-31 18:55:00] 
INFO [2017-05-31 18:55:00] $cex
INFO [2017-05-31 18:55:00] [1] 1.5
INFO [2017-05-31 18:55:00] 
INFO [2017-05-31 18:55:00] $fill
INFO [2017-05-31 18:55:00] pal[1:3]
INFO [2017-05-31 18:55:00] 
INFO [2017-05-31 18:55:00] $lty
INFO [2017-05-31 18:55:00] [1] 1
INFO [2017-05-31 18:55:00] 
INFO [2017-05-31 18:55:00] $height
INFO [2017-05-31 18:55:00] [1] 2000
INFO [2017-05-31 18:55:00] 
INFO [2017-05-31 18:55:00] $width
INFO [2017-05-31 18:55:00] [1] 3000
INFO [2017-05-31 18:55:00] 
