INFO [2017-12-23 18:21:41] [[1]]
INFO [2017-12-23 18:21:41] mylist
INFO [2017-12-23 18:21:41] 
INFO [2017-12-23 18:21:41] $filename
INFO [2017-12-23 18:21:41] NULL
INFO [2017-12-23 18:21:41] 
INFO [2017-12-23 18:21:41] $main
INFO [2017-12-23 18:21:41] [1] "Upregulated in Liver compared to Lung (FSR 1%)"
INFO [2017-12-23 18:21:41] 
INFO [2017-12-23 18:21:41] $main.cex
INFO [2017-12-23 18:21:41] [1] 2
INFO [2017-12-23 18:21:41] 
INFO [2017-12-23 18:21:41] $cat.cex
INFO [2017-12-23 18:21:41] [1] 1.5
INFO [2017-12-23 18:21:41] 
INFO [2017-12-23 18:21:41] $cex
INFO [2017-12-23 18:21:41] [1] 2.5
INFO [2017-12-23 18:21:41] 
INFO [2017-12-23 18:21:41] $fill
INFO [2017-12-23 18:21:41] pal[1:3]
INFO [2017-12-23 18:21:41] 
INFO [2017-12-23 18:21:41] $lty
INFO [2017-12-23 18:21:41] [1] 1
INFO [2017-12-23 18:21:41] 
INFO [2017-12-23 18:21:41] $height
INFO [2017-12-23 18:21:41] [1] 2000
INFO [2017-12-23 18:21:41] 
INFO [2017-12-23 18:21:41] $width
INFO [2017-12-23 18:21:41] [1] 3000
INFO [2017-12-23 18:21:41] 
