INFO [2017-12-21 14:19:57] [[1]]
INFO [2017-12-21 14:19:57] mylist
INFO [2017-12-21 14:19:57] 
INFO [2017-12-21 14:19:57] $filename
INFO [2017-12-21 14:19:57] NULL
INFO [2017-12-21 14:19:57] 
INFO [2017-12-21 14:19:57] $main
INFO [2017-12-21 14:19:57] [1] "DE genes between Humans and Rhesus (FDR 1%)"
INFO [2017-12-21 14:19:57] 
INFO [2017-12-21 14:19:57] $cex
INFO [2017-12-21 14:19:57] [1] 1.5
INFO [2017-12-21 14:19:57] 
INFO [2017-12-21 14:19:57] $lty
INFO [2017-12-21 14:19:57] [1] 1
INFO [2017-12-21 14:19:57] 
INFO [2017-12-21 14:19:57] $height
INFO [2017-12-21 14:19:57] [1] 2000
INFO [2017-12-21 14:19:57] 
INFO [2017-12-21 14:19:57] $width
INFO [2017-12-21 14:19:57] [1] 3000
INFO [2017-12-21 14:19:57] 
