INFO [2017-07-11 17:37:17] [[1]]
INFO [2017-07-11 17:37:17] mylist
INFO [2017-07-11 17:37:17] 
INFO [2017-07-11 17:37:17] $filename
INFO [2017-07-11 17:37:17] NULL
INFO [2017-07-11 17:37:17] 
INFO [2017-07-11 17:37:17] $main
INFO [2017-07-11 17:37:17] [1] "Downregulated in Chimpanzees relative to Rhesus Macaques (FSR 1%)"
INFO [2017-07-11 17:37:17] 
INFO [2017-07-11 17:37:17] $cex
INFO [2017-07-11 17:37:17] [1] 1.5
INFO [2017-07-11 17:37:17] 
INFO [2017-07-11 17:37:17] $fill
INFO [2017-07-11 17:37:17] pal[1:4]
INFO [2017-07-11 17:37:17] 
INFO [2017-07-11 17:37:17] $lty
INFO [2017-07-11 17:37:17] [1] 1
INFO [2017-07-11 17:37:17] 
INFO [2017-07-11 17:37:17] $height
INFO [2017-07-11 17:37:17] [1] 2000
INFO [2017-07-11 17:37:17] 
INFO [2017-07-11 17:37:17] $width
INFO [2017-07-11 17:37:17] [1] 3000
INFO [2017-07-11 17:37:17] 
