INFO [2017-11-06 23:48:12] [[1]]
INFO [2017-11-06 23:48:12] mylist
INFO [2017-11-06 23:48:12] 
INFO [2017-11-06 23:48:12] $filename
INFO [2017-11-06 23:48:12] NULL
INFO [2017-11-06 23:48:12] 
INFO [2017-11-06 23:48:12] $main
INFO [2017-11-06 23:48:12] [1] "DE genes between Chimps and Rhesus (FDR 1%)"
INFO [2017-11-06 23:48:12] 
INFO [2017-11-06 23:48:12] $cex
INFO [2017-11-06 23:48:12] [1] 1.5
INFO [2017-11-06 23:48:12] 
INFO [2017-11-06 23:48:12] $fill
INFO [2017-11-06 23:48:12] pal[1:4]
INFO [2017-11-06 23:48:12] 
INFO [2017-11-06 23:48:12] $lty
INFO [2017-11-06 23:48:12] [1] 1
INFO [2017-11-06 23:48:12] 
INFO [2017-11-06 23:48:12] $height
INFO [2017-11-06 23:48:12] [1] 2000
INFO [2017-11-06 23:48:12] 
INFO [2017-11-06 23:48:12] $width
INFO [2017-11-06 23:48:12] [1] 3000
INFO [2017-11-06 23:48:12] 
