INFO [2017-12-21 17:07:24] [[1]]
INFO [2017-12-21 17:07:24] mylist
INFO [2017-12-21 17:07:24] 
INFO [2017-12-21 17:07:24] $filename
INFO [2017-12-21 17:07:24] NULL
INFO [2017-12-21 17:07:24] 
INFO [2017-12-21 17:07:24] $main
INFO [2017-12-21 17:07:24] [1] "Downregulated in Humans compared to Rhesus (FSR 1%)"
INFO [2017-12-21 17:07:24] 
INFO [2017-12-21 17:07:24] $main.cex
INFO [2017-12-21 17:07:24] [1] 2
INFO [2017-12-21 17:07:24] 
INFO [2017-12-21 17:07:24] $cat.cex
INFO [2017-12-21 17:07:24] [1] 1.5
INFO [2017-12-21 17:07:24] 
INFO [2017-12-21 17:07:24] $cex
INFO [2017-12-21 17:07:24] [1] 2.5
INFO [2017-12-21 17:07:24] 
INFO [2017-12-21 17:07:24] $fill
INFO [2017-12-21 17:07:24] pal[1:4]
INFO [2017-12-21 17:07:24] 
INFO [2017-12-21 17:07:24] $lty
INFO [2017-12-21 17:07:24] [1] 1
INFO [2017-12-21 17:07:24] 
INFO [2017-12-21 17:07:24] $height
INFO [2017-12-21 17:07:24] [1] 2000
INFO [2017-12-21 17:07:24] 
INFO [2017-12-21 17:07:24] $width
INFO [2017-12-21 17:07:24] [1] 3000
INFO [2017-12-21 17:07:24] 
INFO [2017-12-21 17:07:24] [[1]]
INFO [2017-12-21 17:07:24] mylist
INFO [2017-12-21 17:07:24] 
INFO [2017-12-21 17:07:24] $filename
INFO [2017-12-21 17:07:24] NULL
INFO [2017-12-21 17:07:24] 
INFO [2017-12-21 17:07:24] $main
INFO [2017-12-21 17:07:24] [1] "Downregulated in Chimps relative to Rhesus (FSR 1%)"
INFO [2017-12-21 17:07:24] 
INFO [2017-12-21 17:07:24] $main.cex
INFO [2017-12-21 17:07:24] [1] 2
INFO [2017-12-21 17:07:24] 
INFO [2017-12-21 17:07:24] $cat.cex
INFO [2017-12-21 17:07:24] [1] 1.5
INFO [2017-12-21 17:07:24] 
INFO [2017-12-21 17:07:24] $cex
INFO [2017-12-21 17:07:24] [1] 2.5
INFO [2017-12-21 17:07:24] 
INFO [2017-12-21 17:07:24] $fill
INFO [2017-12-21 17:07:24] pal[1:4]
INFO [2017-12-21 17:07:24] 
INFO [2017-12-21 17:07:24] $lty
INFO [2017-12-21 17:07:24] [1] 1
INFO [2017-12-21 17:07:24] 
INFO [2017-12-21 17:07:24] $height
INFO [2017-12-21 17:07:24] [1] 2000
INFO [2017-12-21 17:07:24] 
INFO [2017-12-21 17:07:24] $width
INFO [2017-12-21 17:07:24] [1] 3000
INFO [2017-12-21 17:07:24] 
