INFO [2017-07-13 14:16:57] [[1]]
INFO [2017-07-13 14:16:57] mylist
INFO [2017-07-13 14:16:57] 
INFO [2017-07-13 14:16:57] $filename
INFO [2017-07-13 14:16:57] NULL
INFO [2017-07-13 14:16:57] 
INFO [2017-07-13 14:16:57] $main
INFO [2017-07-13 14:16:57] [1] "Upregulated in Heart compared to Kidney (FSR 1%)"
INFO [2017-07-13 14:16:57] 
INFO [2017-07-13 14:16:57] $cex
INFO [2017-07-13 14:16:57] [1] 1.5
INFO [2017-07-13 14:16:57] 
INFO [2017-07-13 14:16:57] $fill
INFO [2017-07-13 14:16:57] pal[1:3]
INFO [2017-07-13 14:16:57] 
INFO [2017-07-13 14:16:57] $lty
INFO [2017-07-13 14:16:57] [1] 1
INFO [2017-07-13 14:16:57] 
INFO [2017-07-13 14:16:57] $height
INFO [2017-07-13 14:16:57] [1] 2000
INFO [2017-07-13 14:16:57] 
INFO [2017-07-13 14:16:57] $width
INFO [2017-07-13 14:16:57] [1] 3000
INFO [2017-07-13 14:16:57] 
ERROR [2017-07-13 14:16:57] Unexpected parameter length for 'fill'
