INFO [2017-05-31 11:57:35] [[1]]
INFO [2017-05-31 11:57:35] mylist
INFO [2017-05-31 11:57:35] 
INFO [2017-05-31 11:57:35] $filename
INFO [2017-05-31 11:57:35] NULL
INFO [2017-05-31 11:57:35] 
INFO [2017-05-31 11:57:35] $main
INFO [2017-05-31 11:57:35] [1] "DE genes between Humans and Chimps (FDR 1%)"
INFO [2017-05-31 11:57:35] 
INFO [2017-05-31 11:57:35] $cex
INFO [2017-05-31 11:57:35] [1] 1.5
INFO [2017-05-31 11:57:35] 
INFO [2017-05-31 11:57:35] $fill
INFO [2017-05-31 11:57:35] pal[1:4]
INFO [2017-05-31 11:57:35] 
INFO [2017-05-31 11:57:35] $lty
INFO [2017-05-31 11:57:35] [1] 1
INFO [2017-05-31 11:57:35] 
INFO [2017-05-31 11:57:35] $height
INFO [2017-05-31 11:57:35] [1] 2000
INFO [2017-05-31 11:57:35] 
INFO [2017-05-31 11:57:35] $width
INFO [2017-05-31 11:57:35] [1] 3000
INFO [2017-05-31 11:57:35] 
