INFO [2017-07-13 14:28:14] [[1]]
INFO [2017-07-13 14:28:14] mylist
INFO [2017-07-13 14:28:14] 
INFO [2017-07-13 14:28:14] $filename
INFO [2017-07-13 14:28:14] NULL
INFO [2017-07-13 14:28:14] 
INFO [2017-07-13 14:28:14] $main
INFO [2017-07-13 14:28:14] [1] "Upregulated in Liver compared to Lung (FSR 1%)"
INFO [2017-07-13 14:28:14] 
INFO [2017-07-13 14:28:14] $cex
INFO [2017-07-13 14:28:14] [1] 1.5
INFO [2017-07-13 14:28:14] 
INFO [2017-07-13 14:28:14] $fill
INFO [2017-07-13 14:28:14] pal[1:3]
INFO [2017-07-13 14:28:14] 
INFO [2017-07-13 14:28:14] $lty
INFO [2017-07-13 14:28:14] [1] 1
INFO [2017-07-13 14:28:14] 
INFO [2017-07-13 14:28:14] $height
INFO [2017-07-13 14:28:14] [1] 2000
INFO [2017-07-13 14:28:14] 
INFO [2017-07-13 14:28:14] $width
INFO [2017-07-13 14:28:14] [1] 3000
INFO [2017-07-13 14:28:14] 
