INFO [2017-07-12 16:36:46] [[1]]
INFO [2017-07-12 16:36:46] mylist
INFO [2017-07-12 16:36:46] 
INFO [2017-07-12 16:36:46] $filename
INFO [2017-07-12 16:36:46] NULL
INFO [2017-07-12 16:36:46] 
INFO [2017-07-12 16:36:46] $main
INFO [2017-07-12 16:36:46] [1] "Downregulated heart specific (FSR 1%)"
INFO [2017-07-12 16:36:46] 
INFO [2017-07-12 16:36:46] $cex
INFO [2017-07-12 16:36:46] [1] 1.5
INFO [2017-07-12 16:36:46] 
INFO [2017-07-12 16:36:46] $fill
INFO [2017-07-12 16:36:46] pal[1:3]
INFO [2017-07-12 16:36:46] 
INFO [2017-07-12 16:36:46] $lty
INFO [2017-07-12 16:36:46] [1] 1
INFO [2017-07-12 16:36:46] 
INFO [2017-07-12 16:36:46] $height
INFO [2017-07-12 16:36:46] [1] 2000
INFO [2017-07-12 16:36:46] 
INFO [2017-07-12 16:36:46] $width
INFO [2017-07-12 16:36:46] [1] 3000
INFO [2017-07-12 16:36:46] 
