INFO [2017-07-14 11:39:17] [[1]]
INFO [2017-07-14 11:39:17] mylist
INFO [2017-07-14 11:39:17] 
INFO [2017-07-14 11:39:17] $filename
INFO [2017-07-14 11:39:17] NULL
INFO [2017-07-14 11:39:17] 
INFO [2017-07-14 11:39:17] $main
INFO [2017-07-14 11:39:17] [1] "Upregulated in Humans compared to Chimps (FSR 1%)"
INFO [2017-07-14 11:39:17] 
INFO [2017-07-14 11:39:17] $main.cex
INFO [2017-07-14 11:39:17] [1] 2
INFO [2017-07-14 11:39:17] 
INFO [2017-07-14 11:39:17] $cat.cex
INFO [2017-07-14 11:39:17] [1] 1.5
INFO [2017-07-14 11:39:17] 
INFO [2017-07-14 11:39:17] $cex
INFO [2017-07-14 11:39:17] [1] 2.5
INFO [2017-07-14 11:39:17] 
INFO [2017-07-14 11:39:17] $fill
INFO [2017-07-14 11:39:17] pal[1:4]
INFO [2017-07-14 11:39:17] 
INFO [2017-07-14 11:39:17] $lty
INFO [2017-07-14 11:39:17] [1] 1
INFO [2017-07-14 11:39:17] 
INFO [2017-07-14 11:39:17] $height
INFO [2017-07-14 11:39:17] [1] 2000
INFO [2017-07-14 11:39:17] 
INFO [2017-07-14 11:39:17] $width
INFO [2017-07-14 11:39:17] [1] 3000
INFO [2017-07-14 11:39:17] 
