INFO [2017-07-12 16:51:27] [[1]]
INFO [2017-07-12 16:51:27] mylist
INFO [2017-07-12 16:51:27] 
INFO [2017-07-12 16:51:27] $filename
INFO [2017-07-12 16:51:27] NULL
INFO [2017-07-12 16:51:27] 
INFO [2017-07-12 16:51:27] $main
INFO [2017-07-12 16:51:27] [1] "Downregulated kidney specific (FSR 1%)"
INFO [2017-07-12 16:51:27] 
INFO [2017-07-12 16:51:27] $cex
INFO [2017-07-12 16:51:27] [1] 1.5
INFO [2017-07-12 16:51:27] 
INFO [2017-07-12 16:51:27] $fill
INFO [2017-07-12 16:51:27] pal[1:3]
INFO [2017-07-12 16:51:27] 
INFO [2017-07-12 16:51:27] $lty
INFO [2017-07-12 16:51:27] [1] 1
INFO [2017-07-12 16:51:27] 
INFO [2017-07-12 16:51:27] $height
INFO [2017-07-12 16:51:27] [1] 2000
INFO [2017-07-12 16:51:27] 
INFO [2017-07-12 16:51:27] $width
INFO [2017-07-12 16:51:27] [1] 3000
INFO [2017-07-12 16:51:27] 
