INFO [2017-07-13 14:31:00] [[1]]
INFO [2017-07-13 14:31:00] mylist
INFO [2017-07-13 14:31:00] 
INFO [2017-07-13 14:31:00] $filename
INFO [2017-07-13 14:31:00] NULL
INFO [2017-07-13 14:31:00] 
INFO [2017-07-13 14:31:00] $main
INFO [2017-07-13 14:31:00] [1] "Upregulated in Liver compared to Lung (FSR 1%)"
INFO [2017-07-13 14:31:00] 
INFO [2017-07-13 14:31:00] $cex
INFO [2017-07-13 14:31:00] [1] 2.5
INFO [2017-07-13 14:31:00] 
INFO [2017-07-13 14:31:00] $fill
INFO [2017-07-13 14:31:00] pal[1:3]
INFO [2017-07-13 14:31:00] 
INFO [2017-07-13 14:31:00] $lty
INFO [2017-07-13 14:31:00] [1] 1
INFO [2017-07-13 14:31:00] 
INFO [2017-07-13 14:31:00] $height
INFO [2017-07-13 14:31:00] [1] 2000
INFO [2017-07-13 14:31:00] 
INFO [2017-07-13 14:31:00] $width
INFO [2017-07-13 14:31:00] [1] 3000
INFO [2017-07-13 14:31:00] 
