INFO [2017-12-21 14:15:41] [[1]]
INFO [2017-12-21 14:15:41] mylist
INFO [2017-12-21 14:15:41] 
INFO [2017-12-21 14:15:41] $filename
INFO [2017-12-21 14:15:41] NULL
INFO [2017-12-21 14:15:41] 
INFO [2017-12-21 14:15:41] $main
INFO [2017-12-21 14:15:41] [1] "Significant interactions in Humans (FDR 1%)"
INFO [2017-12-21 14:15:41] 
INFO [2017-12-21 14:15:41] $cex
INFO [2017-12-21 14:15:41] [1] 1.5
INFO [2017-12-21 14:15:41] 
INFO [2017-12-21 14:15:41] $fill
INFO [2017-12-21 14:15:41] pal[1:3]
INFO [2017-12-21 14:15:41] 
INFO [2017-12-21 14:15:41] $lty
INFO [2017-12-21 14:15:41] [1] 1
INFO [2017-12-21 14:15:41] 
INFO [2017-12-21 14:15:41] $height
INFO [2017-12-21 14:15:41] [1] 2000
INFO [2017-12-21 14:15:41] 
INFO [2017-12-21 14:15:41] $width
INFO [2017-12-21 14:15:41] [1] 3000
INFO [2017-12-21 14:15:41] 
INFO [2017-12-21 14:15:41] [[1]]
INFO [2017-12-21 14:15:41] mylist
INFO [2017-12-21 14:15:41] 
INFO [2017-12-21 14:15:41] $filename
INFO [2017-12-21 14:15:41] NULL
INFO [2017-12-21 14:15:41] 
INFO [2017-12-21 14:15:41] $main
INFO [2017-12-21 14:15:41] [1] "Significant interactions in Rhesus (FDR 1%)"
INFO [2017-12-21 14:15:41] 
INFO [2017-12-21 14:15:41] $cex
INFO [2017-12-21 14:15:41] [1] 1.5
INFO [2017-12-21 14:15:41] 
INFO [2017-12-21 14:15:41] $fill
INFO [2017-12-21 14:15:41] pal[1:3]
INFO [2017-12-21 14:15:41] 
INFO [2017-12-21 14:15:41] $lty
INFO [2017-12-21 14:15:41] [1] 1
INFO [2017-12-21 14:15:41] 
INFO [2017-12-21 14:15:41] $height
INFO [2017-12-21 14:15:41] [1] 2000
INFO [2017-12-21 14:15:41] 
INFO [2017-12-21 14:15:41] $width
INFO [2017-12-21 14:15:41] [1] 3000
INFO [2017-12-21 14:15:41] 
