INFO [2017-12-21 16:04:45] [[1]]
INFO [2017-12-21 16:04:45] mylist
INFO [2017-12-21 16:04:45] 
INFO [2017-12-21 16:04:45] $filename
INFO [2017-12-21 16:04:45] NULL
INFO [2017-12-21 16:04:45] 
INFO [2017-12-21 16:04:45] $main
INFO [2017-12-21 16:04:45] [1] "Upregulated livers (FSR 1%)"
INFO [2017-12-21 16:04:45] 
INFO [2017-12-21 16:04:45] $main.cex
INFO [2017-12-21 16:04:45] [1] 2
INFO [2017-12-21 16:04:45] 
INFO [2017-12-21 16:04:45] $cat.cex
INFO [2017-12-21 16:04:45] [1] 1.5
INFO [2017-12-21 16:04:45] 
INFO [2017-12-21 16:04:45] $cex
INFO [2017-12-21 16:04:45] [1] 2.5
INFO [2017-12-21 16:04:45] 
INFO [2017-12-21 16:04:45] $fill
INFO [2017-12-21 16:04:45] pal[1:3]
INFO [2017-12-21 16:04:45] 
INFO [2017-12-21 16:04:45] $lty
INFO [2017-12-21 16:04:45] [1] 1
INFO [2017-12-21 16:04:45] 
INFO [2017-12-21 16:04:45] $height
INFO [2017-12-21 16:04:45] [1] 2000
INFO [2017-12-21 16:04:45] 
INFO [2017-12-21 16:04:45] $width
INFO [2017-12-21 16:04:45] [1] 3000
INFO [2017-12-21 16:04:45] 
