INFO [2017-07-05 15:06:23] [[1]]
INFO [2017-07-05 15:06:23] mylist
INFO [2017-07-05 15:06:23] 
INFO [2017-07-05 15:06:23] $filename
INFO [2017-07-05 15:06:23] NULL
INFO [2017-07-05 15:06:23] 
INFO [2017-07-05 15:06:23] $main
INFO [2017-07-05 15:06:23] [1] "Significant interactions in Rhesus (FDR 1%)"
INFO [2017-07-05 15:06:23] 
INFO [2017-07-05 15:06:23] $cex
INFO [2017-07-05 15:06:23] [1] 1.5
INFO [2017-07-05 15:06:23] 
INFO [2017-07-05 15:06:23] $fill
INFO [2017-07-05 15:06:23] pal[1:3]
INFO [2017-07-05 15:06:23] 
INFO [2017-07-05 15:06:23] $lty
INFO [2017-07-05 15:06:23] [1] 1
INFO [2017-07-05 15:06:23] 
INFO [2017-07-05 15:06:23] $height
INFO [2017-07-05 15:06:23] [1] 2000
INFO [2017-07-05 15:06:23] 
INFO [2017-07-05 15:06:23] $width
INFO [2017-07-05 15:06:23] [1] 3000
INFO [2017-07-05 15:06:23] 
