INFO [2017-07-14 12:01:27] [[1]]
INFO [2017-07-14 12:01:27] mylist
INFO [2017-07-14 12:01:27] 
INFO [2017-07-14 12:01:27] $filename
INFO [2017-07-14 12:01:27] NULL
INFO [2017-07-14 12:01:27] 
INFO [2017-07-14 12:01:27] $main
INFO [2017-07-14 12:01:27] [1] "Downregulated in Humans compared to Chimps (FSR 1%)"
INFO [2017-07-14 12:01:27] 
INFO [2017-07-14 12:01:27] $main.cex
INFO [2017-07-14 12:01:27] [1] 2
INFO [2017-07-14 12:01:27] 
INFO [2017-07-14 12:01:27] $cat.cex
INFO [2017-07-14 12:01:27] [1] 1.5
INFO [2017-07-14 12:01:27] 
INFO [2017-07-14 12:01:27] $cex
INFO [2017-07-14 12:01:27] [1] 2.5
INFO [2017-07-14 12:01:27] 
INFO [2017-07-14 12:01:27] $fill
INFO [2017-07-14 12:01:27] pal[1:4]
INFO [2017-07-14 12:01:27] 
INFO [2017-07-14 12:01:27] $lty
INFO [2017-07-14 12:01:27] [1] 1
INFO [2017-07-14 12:01:27] 
INFO [2017-07-14 12:01:27] $height
INFO [2017-07-14 12:01:27] [1] 2000
INFO [2017-07-14 12:01:27] 
INFO [2017-07-14 12:01:27] $width
INFO [2017-07-14 12:01:27] [1] 3000
INFO [2017-07-14 12:01:27] 
