INFO [2017-07-11 17:23:29] [[1]]
INFO [2017-07-11 17:23:29] mylist
INFO [2017-07-11 17:23:29] 
INFO [2017-07-11 17:23:29] $filename
INFO [2017-07-11 17:23:29] NULL
INFO [2017-07-11 17:23:29] 
INFO [2017-07-11 17:23:29] $main
INFO [2017-07-11 17:23:29] [1] "Upregulated in Lung compared to Kidney (FSR 1%)"
INFO [2017-07-11 17:23:29] 
INFO [2017-07-11 17:23:29] $cex
INFO [2017-07-11 17:23:29] [1] 1.5
INFO [2017-07-11 17:23:29] 
INFO [2017-07-11 17:23:29] $fill
INFO [2017-07-11 17:23:29] pal[1:3]
INFO [2017-07-11 17:23:29] 
INFO [2017-07-11 17:23:29] $lty
INFO [2017-07-11 17:23:29] [1] 1
INFO [2017-07-11 17:23:29] 
INFO [2017-07-11 17:23:29] $height
INFO [2017-07-11 17:23:29] [1] 2000
INFO [2017-07-11 17:23:29] 
INFO [2017-07-11 17:23:29] $width
INFO [2017-07-11 17:23:29] [1] 3000
INFO [2017-07-11 17:23:29] 
