INFO [2017-12-06 16:49:28] [[1]]
INFO [2017-12-06 16:49:28] mylist
INFO [2017-12-06 16:49:28] 
INFO [2017-12-06 16:49:28] $filename
INFO [2017-12-06 16:49:28] NULL
INFO [2017-12-06 16:49:28] 
INFO [2017-12-06 16:49:28] $main
INFO [2017-12-06 16:49:28] [1] "Orthologous DMRs between Liver and Kidney (FDR 1%)"
INFO [2017-12-06 16:49:28] 
INFO [2017-12-06 16:49:28] $cex
INFO [2017-12-06 16:49:28] [1] 1.5
INFO [2017-12-06 16:49:28] 
INFO [2017-12-06 16:49:28] $fill
INFO [2017-12-06 16:49:28] pal[1:3]
INFO [2017-12-06 16:49:28] 
INFO [2017-12-06 16:49:28] $lty
INFO [2017-12-06 16:49:28] [1] 1
INFO [2017-12-06 16:49:28] 
INFO [2017-12-06 16:49:28] $height
INFO [2017-12-06 16:49:28] [1] 2000
INFO [2017-12-06 16:49:28] 
INFO [2017-12-06 16:49:28] $width
INFO [2017-12-06 16:49:28] [1] 3000
INFO [2017-12-06 16:49:28] 
