INFO [2017-05-31 18:04:47] [[1]]
INFO [2017-05-31 18:04:47] mylist
INFO [2017-05-31 18:04:47] 
INFO [2017-05-31 18:04:47] $filename
INFO [2017-05-31 18:04:47] NULL
INFO [2017-05-31 18:04:47] 
INFO [2017-05-31 18:04:47] $main
INFO [2017-05-31 18:04:47] [1] "Heart specific DE genes (FDR 1%)"
INFO [2017-05-31 18:04:47] 
INFO [2017-05-31 18:04:47] $cex
INFO [2017-05-31 18:04:47] [1] 1.5
INFO [2017-05-31 18:04:47] 
INFO [2017-05-31 18:04:47] $fill
INFO [2017-05-31 18:04:47] pal[1:3]
INFO [2017-05-31 18:04:47] 
INFO [2017-05-31 18:04:47] $lty
INFO [2017-05-31 18:04:47] [1] 1
INFO [2017-05-31 18:04:47] 
INFO [2017-05-31 18:04:47] $height
INFO [2017-05-31 18:04:47] [1] 2000
INFO [2017-05-31 18:04:47] 
INFO [2017-05-31 18:04:47] $width
INFO [2017-05-31 18:04:47] [1] 3000
INFO [2017-05-31 18:04:47] 
