INFO [2017-12-21 14:05:36] [[1]]
INFO [2017-12-21 14:05:36] mylist
INFO [2017-12-21 14:05:36] 
INFO [2017-12-21 14:05:36] $filename
INFO [2017-12-21 14:05:36] NULL
INFO [2017-12-21 14:05:36] 
INFO [2017-12-21 14:05:36] $main
INFO [2017-12-21 14:05:36] [1] "DE genes between Humans and Rhesus (FDR 1%)"
INFO [2017-12-21 14:05:36] 
INFO [2017-12-21 14:05:36] $cex
INFO [2017-12-21 14:05:36] [1] 1.5
INFO [2017-12-21 14:05:36] 
INFO [2017-12-21 14:05:36] $fill
INFO [2017-12-21 14:05:36] pal[1:4]
INFO [2017-12-21 14:05:36] 
INFO [2017-12-21 14:05:36] $lty
INFO [2017-12-21 14:05:36] [1] 1
INFO [2017-12-21 14:05:36] 
INFO [2017-12-21 14:05:36] $height
INFO [2017-12-21 14:05:36] [1] 2000
INFO [2017-12-21 14:05:36] 
INFO [2017-12-21 14:05:36] $width
INFO [2017-12-21 14:05:36] [1] 3000
INFO [2017-12-21 14:05:36] 
ERROR [2017-12-21 14:05:36] Unexpected parameter length for 'fill'
