INFO [2017-11-07 00:00:31] [[1]]
INFO [2017-11-07 00:00:31] mylist
INFO [2017-11-07 00:00:31] 
INFO [2017-11-07 00:00:31] $filename
INFO [2017-11-07 00:00:31] NULL
INFO [2017-11-07 00:00:31] 
INFO [2017-11-07 00:00:31] $main
INFO [2017-11-07 00:00:31] [1] "Upregulated in Heart compared to Kidney (FSR 1%)"
INFO [2017-11-07 00:00:31] 
INFO [2017-11-07 00:00:31] $main.cex
INFO [2017-11-07 00:00:31] [1] 2
INFO [2017-11-07 00:00:31] 
INFO [2017-11-07 00:00:31] $cat.cex
INFO [2017-11-07 00:00:31] [1] 1.5
INFO [2017-11-07 00:00:31] 
INFO [2017-11-07 00:00:31] $cex
INFO [2017-11-07 00:00:31] [1] 2.5
INFO [2017-11-07 00:00:31] 
INFO [2017-11-07 00:00:31] $fill
INFO [2017-11-07 00:00:31] pal[1:3]
INFO [2017-11-07 00:00:31] 
INFO [2017-11-07 00:00:31] $lty
INFO [2017-11-07 00:00:31] [1] 1
INFO [2017-11-07 00:00:31] 
INFO [2017-11-07 00:00:31] $height
INFO [2017-11-07 00:00:31] [1] 2000
INFO [2017-11-07 00:00:31] 
INFO [2017-11-07 00:00:31] $width
INFO [2017-11-07 00:00:31] [1] 3000
INFO [2017-11-07 00:00:31] 
