INFO [2017-07-13 14:17:04] [[1]]
INFO [2017-07-13 14:17:04] mylist
INFO [2017-07-13 14:17:04] 
INFO [2017-07-13 14:17:04] $filename
INFO [2017-07-13 14:17:04] NULL
INFO [2017-07-13 14:17:04] 
INFO [2017-07-13 14:17:04] $main
INFO [2017-07-13 14:17:04] [1] "Upregulated in Heart compared to Kidney (FSR 1%)"
INFO [2017-07-13 14:17:04] 
INFO [2017-07-13 14:17:04] $cex
INFO [2017-07-13 14:17:04] [1] 1.5
INFO [2017-07-13 14:17:04] 
INFO [2017-07-13 14:17:04] $fill
INFO [2017-07-13 14:17:04] pal[1:3]
INFO [2017-07-13 14:17:04] 
INFO [2017-07-13 14:17:04] $lty
INFO [2017-07-13 14:17:04] [1] 1
INFO [2017-07-13 14:17:04] 
INFO [2017-07-13 14:17:04] $height
INFO [2017-07-13 14:17:04] [1] 2000
INFO [2017-07-13 14:17:04] 
INFO [2017-07-13 14:17:04] $width
INFO [2017-07-13 14:17:04] [1] 3000
INFO [2017-07-13 14:17:04] 
ERROR [2017-07-13 14:17:04] Unexpected parameter length for 'fill'
