INFO [2017-11-07 00:17:50] [[1]]
INFO [2017-11-07 00:17:50] mylist
INFO [2017-11-07 00:17:50] 
INFO [2017-11-07 00:17:50] $filename
INFO [2017-11-07 00:17:50] NULL
INFO [2017-11-07 00:17:50] 
INFO [2017-11-07 00:17:50] $main
INFO [2017-11-07 00:17:50] [1] "Upregulated in Heart compared to Kidney (FSR 1%)"
INFO [2017-11-07 00:17:50] 
INFO [2017-11-07 00:17:50] $main.cex
INFO [2017-11-07 00:17:50] [1] 2
INFO [2017-11-07 00:17:50] 
INFO [2017-11-07 00:17:50] $cat.cex
INFO [2017-11-07 00:17:50] [1] 1.5
INFO [2017-11-07 00:17:50] 
INFO [2017-11-07 00:17:50] $cex
INFO [2017-11-07 00:17:50] [1] 2.5
INFO [2017-11-07 00:17:50] 
INFO [2017-11-07 00:17:50] $fill
INFO [2017-11-07 00:17:50] pal[1:3]
INFO [2017-11-07 00:17:50] 
INFO [2017-11-07 00:17:50] $lty
INFO [2017-11-07 00:17:50] [1] 1
INFO [2017-11-07 00:17:50] 
INFO [2017-11-07 00:17:50] $height
INFO [2017-11-07 00:17:50] [1] 2000
INFO [2017-11-07 00:17:50] 
INFO [2017-11-07 00:17:50] $width
INFO [2017-11-07 00:17:50] [1] 3000
INFO [2017-11-07 00:17:50] 
