INFO [2017-07-12 16:33:54] [[1]]
INFO [2017-07-12 16:33:54] mylist
INFO [2017-07-12 16:33:54] 
INFO [2017-07-12 16:33:54] $filename
INFO [2017-07-12 16:33:54] NULL
INFO [2017-07-12 16:33:54] 
INFO [2017-07-12 16:33:54] $main
INFO [2017-07-12 16:33:54] [1] "Downregulated liver specific (FSR 1%)"
INFO [2017-07-12 16:33:54] 
INFO [2017-07-12 16:33:54] $cex
INFO [2017-07-12 16:33:54] [1] 1.5
INFO [2017-07-12 16:33:54] 
INFO [2017-07-12 16:33:54] $fill
INFO [2017-07-12 16:33:54] pal[1:3]
INFO [2017-07-12 16:33:54] 
INFO [2017-07-12 16:33:54] $lty
INFO [2017-07-12 16:33:54] [1] 1
INFO [2017-07-12 16:33:54] 
INFO [2017-07-12 16:33:54] $height
INFO [2017-07-12 16:33:54] [1] 2000
INFO [2017-07-12 16:33:54] 
INFO [2017-07-12 16:33:54] $width
INFO [2017-07-12 16:33:54] [1] 3000
INFO [2017-07-12 16:33:54] 
ERROR [2017-07-12 16:33:54] Unexpected parameter length for 'fill'
