INFO [2017-12-30 12:41:28] [[1]]
INFO [2017-12-30 12:41:28] mylist
INFO [2017-12-30 12:41:28] 
INFO [2017-12-30 12:41:28] $filename
INFO [2017-12-30 12:41:28] NULL
INFO [2017-12-30 12:41:28] 
INFO [2017-12-30 12:41:28] $main
INFO [2017-12-30 12:41:28] [1] "DE genes between Liver and Lung (FDR 1%)"
INFO [2017-12-30 12:41:28] 
INFO [2017-12-30 12:41:28] $cex
INFO [2017-12-30 12:41:28] [1] 1.5
INFO [2017-12-30 12:41:28] 
INFO [2017-12-30 12:41:28] $fill
INFO [2017-12-30 12:41:28] pal[1:3]
INFO [2017-12-30 12:41:28] 
INFO [2017-12-30 12:41:28] $lty
INFO [2017-12-30 12:41:28] [1] 1
INFO [2017-12-30 12:41:28] 
INFO [2017-12-30 12:41:28] $height
INFO [2017-12-30 12:41:28] [1] 2000
INFO [2017-12-30 12:41:28] 
INFO [2017-12-30 12:41:28] $width
INFO [2017-12-30 12:41:28] [1] 3000
INFO [2017-12-30 12:41:28] 
INFO [2017-12-30 12:41:28] [[1]]
INFO [2017-12-30 12:41:28] mylist
INFO [2017-12-30 12:41:28] 
INFO [2017-12-30 12:41:28] $filename
INFO [2017-12-30 12:41:28] NULL
INFO [2017-12-30 12:41:28] 
INFO [2017-12-30 12:41:28] $main
INFO [2017-12-30 12:41:28] [1] "DE genes between Liver and Kidney (FDR 1%)"
INFO [2017-12-30 12:41:28] 
INFO [2017-12-30 12:41:28] $cex
INFO [2017-12-30 12:41:28] [1] 1.5
INFO [2017-12-30 12:41:28] 
INFO [2017-12-30 12:41:28] $fill
INFO [2017-12-30 12:41:28] pal[1:3]
INFO [2017-12-30 12:41:28] 
INFO [2017-12-30 12:41:28] $lty
INFO [2017-12-30 12:41:28] [1] 1
INFO [2017-12-30 12:41:28] 
INFO [2017-12-30 12:41:28] $height
INFO [2017-12-30 12:41:28] [1] 2000
INFO [2017-12-30 12:41:28] 
INFO [2017-12-30 12:41:28] $width
INFO [2017-12-30 12:41:28] [1] 3000
INFO [2017-12-30 12:41:28] 
