INFO [2017-06-14 12:23:34] [[1]]
INFO [2017-06-14 12:23:34] mylist
INFO [2017-06-14 12:23:34] 
INFO [2017-06-14 12:23:34] $filename
INFO [2017-06-14 12:23:34] NULL
INFO [2017-06-14 12:23:34] 
INFO [2017-06-14 12:23:34] $main
INFO [2017-06-14 12:23:34] [1] "Genes with non-zero sign (s-value 1%)"
INFO [2017-06-14 12:23:34] 
INFO [2017-06-14 12:23:34] $cex
INFO [2017-06-14 12:23:34] [1] 1.5
INFO [2017-06-14 12:23:34] 
INFO [2017-06-14 12:23:34] $fill
INFO [2017-06-14 12:23:34] pal[1:4]
INFO [2017-06-14 12:23:34] 
INFO [2017-06-14 12:23:34] $lty
INFO [2017-06-14 12:23:34] [1] 1
INFO [2017-06-14 12:23:34] 
INFO [2017-06-14 12:23:34] $height
INFO [2017-06-14 12:23:34] [1] 2000
INFO [2017-06-14 12:23:34] 
INFO [2017-06-14 12:23:34] $width
INFO [2017-06-14 12:23:34] [1] 3000
INFO [2017-06-14 12:23:34] 
