INFO [2017-06-01 05:06:44] [[1]]
INFO [2017-06-01 05:06:44] mylist
INFO [2017-06-01 05:06:44] 
INFO [2017-06-01 05:06:44] $filename
INFO [2017-06-01 05:06:44] NULL
INFO [2017-06-01 05:06:44] 
INFO [2017-06-01 05:06:44] $main
INFO [2017-06-01 05:06:44] [1] "DE genes between Heart and Lung (FDR 1%)"
INFO [2017-06-01 05:06:44] 
INFO [2017-06-01 05:06:44] $cex
INFO [2017-06-01 05:06:44] [1] 1.5
INFO [2017-06-01 05:06:44] 
INFO [2017-06-01 05:06:44] $fill
INFO [2017-06-01 05:06:44] pal[1:3]
INFO [2017-06-01 05:06:44] 
INFO [2017-06-01 05:06:44] $lty
INFO [2017-06-01 05:06:44] [1] 1
INFO [2017-06-01 05:06:44] 
INFO [2017-06-01 05:06:44] $height
INFO [2017-06-01 05:06:44] [1] 2000
INFO [2017-06-01 05:06:44] 
INFO [2017-06-01 05:06:44] $width
INFO [2017-06-01 05:06:44] [1] 3000
INFO [2017-06-01 05:06:44] 
INFO [2017-06-01 05:06:44] [[1]]
INFO [2017-06-01 05:06:44] mylist
INFO [2017-06-01 05:06:44] 
INFO [2017-06-01 05:06:44] $filename
INFO [2017-06-01 05:06:44] NULL
INFO [2017-06-01 05:06:44] 
INFO [2017-06-01 05:06:44] $main
INFO [2017-06-01 05:06:44] [1] "DE genes between Heart and Kidney (FDR 1%)"
INFO [2017-06-01 05:06:44] 
INFO [2017-06-01 05:06:44] $cex
INFO [2017-06-01 05:06:44] [1] 1.5
INFO [2017-06-01 05:06:44] 
INFO [2017-06-01 05:06:44] $fill
INFO [2017-06-01 05:06:44] pal[1:3]
INFO [2017-06-01 05:06:44] 
INFO [2017-06-01 05:06:44] $lty
INFO [2017-06-01 05:06:44] [1] 1
INFO [2017-06-01 05:06:44] 
INFO [2017-06-01 05:06:44] $height
INFO [2017-06-01 05:06:44] [1] 2000
INFO [2017-06-01 05:06:44] 
INFO [2017-06-01 05:06:44] $width
INFO [2017-06-01 05:06:44] [1] 3000
INFO [2017-06-01 05:06:44] 
INFO [2017-06-01 05:06:44] [[1]]
INFO [2017-06-01 05:06:44] mylist
INFO [2017-06-01 05:06:44] 
INFO [2017-06-01 05:06:44] $filename
INFO [2017-06-01 05:06:44] NULL
INFO [2017-06-01 05:06:44] 
INFO [2017-06-01 05:06:44] $main
INFO [2017-06-01 05:06:44] [1] "DE genes between Liver and Lung (FDR 1%)"
INFO [2017-06-01 05:06:44] 
INFO [2017-06-01 05:06:44] $cex
INFO [2017-06-01 05:06:44] [1] 1.5
INFO [2017-06-01 05:06:44] 
INFO [2017-06-01 05:06:44] $fill
INFO [2017-06-01 05:06:44] pal[1:3]
INFO [2017-06-01 05:06:44] 
INFO [2017-06-01 05:06:44] $lty
INFO [2017-06-01 05:06:44] [1] 1
INFO [2017-06-01 05:06:44] 
INFO [2017-06-01 05:06:44] $height
INFO [2017-06-01 05:06:44] [1] 2000
INFO [2017-06-01 05:06:44] 
INFO [2017-06-01 05:06:44] $width
INFO [2017-06-01 05:06:44] [1] 3000
INFO [2017-06-01 05:06:44] 
INFO [2017-06-01 05:06:44] [[1]]
INFO [2017-06-01 05:06:44] mylist
INFO [2017-06-01 05:06:44] 
INFO [2017-06-01 05:06:44] $filename
INFO [2017-06-01 05:06:44] NULL
INFO [2017-06-01 05:06:44] 
INFO [2017-06-01 05:06:44] $main
INFO [2017-06-01 05:06:44] [1] "DE genes between Liver and Kidney (FDR 1%)"
INFO [2017-06-01 05:06:44] 
INFO [2017-06-01 05:06:44] $cex
INFO [2017-06-01 05:06:44] [1] 1.5
INFO [2017-06-01 05:06:44] 
INFO [2017-06-01 05:06:44] $fill
INFO [2017-06-01 05:06:44] pal[1:3]
INFO [2017-06-01 05:06:44] 
INFO [2017-06-01 05:06:44] $lty
INFO [2017-06-01 05:06:44] [1] 1
INFO [2017-06-01 05:06:44] 
INFO [2017-06-01 05:06:44] $height
INFO [2017-06-01 05:06:44] [1] 2000
INFO [2017-06-01 05:06:44] 
INFO [2017-06-01 05:06:44] $width
INFO [2017-06-01 05:06:44] [1] 3000
INFO [2017-06-01 05:06:44] 
INFO [2017-06-01 05:06:44] [[1]]
INFO [2017-06-01 05:06:44] mylist
INFO [2017-06-01 05:06:44] 
INFO [2017-06-01 05:06:44] $filename
INFO [2017-06-01 05:06:44] NULL
INFO [2017-06-01 05:06:44] 
INFO [2017-06-01 05:06:44] $main
INFO [2017-06-01 05:06:44] [1] "DE genes between Lung and Kidney (FDR 1%)"
INFO [2017-06-01 05:06:44] 
INFO [2017-06-01 05:06:44] $cex
INFO [2017-06-01 05:06:44] [1] 1.5
INFO [2017-06-01 05:06:44] 
INFO [2017-06-01 05:06:44] $fill
INFO [2017-06-01 05:06:44] pal[1:3]
INFO [2017-06-01 05:06:44] 
INFO [2017-06-01 05:06:44] $lty
INFO [2017-06-01 05:06:44] [1] 1
INFO [2017-06-01 05:06:44] 
INFO [2017-06-01 05:06:44] $height
INFO [2017-06-01 05:06:44] [1] 2000
INFO [2017-06-01 05:06:44] 
INFO [2017-06-01 05:06:44] $width
INFO [2017-06-01 05:06:44] [1] 3000
INFO [2017-06-01 05:06:44] 
