INFO [2017-11-07 12:14:02] [[1]]
INFO [2017-11-07 12:14:02] mylist
INFO [2017-11-07 12:14:02] 
INFO [2017-11-07 12:14:02] $filename
INFO [2017-11-07 12:14:02] NULL
INFO [2017-11-07 12:14:02] 
INFO [2017-11-07 12:14:02] $main
INFO [2017-11-07 12:14:02] [1] "Upregulated livers (FSR 1%)"
INFO [2017-11-07 12:14:02] 
INFO [2017-11-07 12:14:02] $main.cex
INFO [2017-11-07 12:14:02] [1] 2
INFO [2017-11-07 12:14:02] 
INFO [2017-11-07 12:14:02] $cat.cex
INFO [2017-11-07 12:14:02] [1] 1.5
INFO [2017-11-07 12:14:02] 
INFO [2017-11-07 12:14:02] $cex
INFO [2017-11-07 12:14:02] [1] 2.5
INFO [2017-11-07 12:14:02] 
INFO [2017-11-07 12:14:02] $fill
INFO [2017-11-07 12:14:02] pal[1:3]
INFO [2017-11-07 12:14:02] 
INFO [2017-11-07 12:14:02] $lty
INFO [2017-11-07 12:14:02] [1] 1
INFO [2017-11-07 12:14:02] 
INFO [2017-11-07 12:14:02] $height
INFO [2017-11-07 12:14:02] [1] 2000
INFO [2017-11-07 12:14:02] 
INFO [2017-11-07 12:14:02] $width
INFO [2017-11-07 12:14:02] [1] 3000
INFO [2017-11-07 12:14:02] 
