INFO [2017-07-14 13:45:31] [[1]]
INFO [2017-07-14 13:45:31] mylist
INFO [2017-07-14 13:45:31] 
INFO [2017-07-14 13:45:31] $filename
INFO [2017-07-14 13:45:31] NULL
INFO [2017-07-14 13:45:31] 
INFO [2017-07-14 13:45:31] $main
INFO [2017-07-14 13:45:31] [1] "Downregulated hearts (FSR 1%)"
INFO [2017-07-14 13:45:31] 
INFO [2017-07-14 13:45:31] $cex
INFO [2017-07-14 13:45:31] [1] 1.5
INFO [2017-07-14 13:45:31] 
INFO [2017-07-14 13:45:31] $fill
INFO [2017-07-14 13:45:31] pal[1:3]
INFO [2017-07-14 13:45:31] 
INFO [2017-07-14 13:45:31] $lty
INFO [2017-07-14 13:45:31] [1] 1
INFO [2017-07-14 13:45:31] 
INFO [2017-07-14 13:45:31] $height
INFO [2017-07-14 13:45:31] [1] 2000
INFO [2017-07-14 13:45:31] 
INFO [2017-07-14 13:45:31] $width
INFO [2017-07-14 13:45:31] [1] 3000
INFO [2017-07-14 13:45:31] 
