INFO [2017-07-13 14:23:28] [[1]]
INFO [2017-07-13 14:23:28] mylist
INFO [2017-07-13 14:23:28] 
INFO [2017-07-13 14:23:28] $filename
INFO [2017-07-13 14:23:28] NULL
INFO [2017-07-13 14:23:28] 
INFO [2017-07-13 14:23:28] $main
INFO [2017-07-13 14:23:28] [1] "Upregulated in Heart compared to Liver (FSR 1%)"
INFO [2017-07-13 14:23:28] 
INFO [2017-07-13 14:23:28] $cex
INFO [2017-07-13 14:23:28] [1] 1.5
INFO [2017-07-13 14:23:28] 
INFO [2017-07-13 14:23:28] $fill
INFO [2017-07-13 14:23:28] pal[1:3]
INFO [2017-07-13 14:23:28] 
INFO [2017-07-13 14:23:28] $lty
INFO [2017-07-13 14:23:28] [1] 1
INFO [2017-07-13 14:23:28] 
INFO [2017-07-13 14:23:28] $height
INFO [2017-07-13 14:23:28] [1] 2000
INFO [2017-07-13 14:23:28] 
INFO [2017-07-13 14:23:28] $width
INFO [2017-07-13 14:23:28] [1] 3000
INFO [2017-07-13 14:23:28] 
