INFO [2017-06-14 12:24:13] [[1]]
INFO [2017-06-14 12:24:13] mylist
INFO [2017-06-14 12:24:13] 
INFO [2017-06-14 12:24:13] $filename
INFO [2017-06-14 12:24:13] NULL
INFO [2017-06-14 12:24:13] 
INFO [2017-06-14 12:24:13] $main
INFO [2017-06-14 12:24:13] [1] "Genes with non-zero effect s-value 1%)"
INFO [2017-06-14 12:24:13] 
INFO [2017-06-14 12:24:13] $cex
INFO [2017-06-14 12:24:13] [1] 1.5
INFO [2017-06-14 12:24:13] 
INFO [2017-06-14 12:24:13] $fill
INFO [2017-06-14 12:24:13] pal[1:4]
INFO [2017-06-14 12:24:13] 
INFO [2017-06-14 12:24:13] $lty
INFO [2017-06-14 12:24:13] [1] 1
INFO [2017-06-14 12:24:13] 
INFO [2017-06-14 12:24:13] $height
INFO [2017-06-14 12:24:13] [1] 2000
INFO [2017-06-14 12:24:13] 
INFO [2017-06-14 12:24:13] $width
INFO [2017-06-14 12:24:13] [1] 3000
INFO [2017-06-14 12:24:13] 
