INFO [2017-12-23 14:21:16] [[1]]
INFO [2017-12-23 14:21:16] mylist
INFO [2017-12-23 14:21:16] 
INFO [2017-12-23 14:21:16] $filename
INFO [2017-12-23 14:21:16] NULL
INFO [2017-12-23 14:21:16] 
INFO [2017-12-23 14:21:16] $main
INFO [2017-12-23 14:21:16] [1] "DE genes between Heart and Liver (FDR 1%)"
INFO [2017-12-23 14:21:16] 
INFO [2017-12-23 14:21:16] $cex
INFO [2017-12-23 14:21:16] [1] 1.5
INFO [2017-12-23 14:21:16] 
INFO [2017-12-23 14:21:16] $fill
INFO [2017-12-23 14:21:16] pal[1:3]
INFO [2017-12-23 14:21:16] 
INFO [2017-12-23 14:21:16] $lty
INFO [2017-12-23 14:21:16] [1] 1
INFO [2017-12-23 14:21:16] 
INFO [2017-12-23 14:21:16] $height
INFO [2017-12-23 14:21:16] [1] 2000
INFO [2017-12-23 14:21:16] 
INFO [2017-12-23 14:21:16] $width
INFO [2017-12-23 14:21:16] [1] 3000
INFO [2017-12-23 14:21:16] 
INFO [2017-12-23 14:21:16] [[1]]
INFO [2017-12-23 14:21:16] mylist
INFO [2017-12-23 14:21:16] 
INFO [2017-12-23 14:21:16] $filename
INFO [2017-12-23 14:21:16] NULL
INFO [2017-12-23 14:21:16] 
INFO [2017-12-23 14:21:16] $main
INFO [2017-12-23 14:21:16] [1] "DE genes between Heart and Lung (FDR 1%)"
INFO [2017-12-23 14:21:16] 
INFO [2017-12-23 14:21:16] $cex
INFO [2017-12-23 14:21:16] [1] 1.5
INFO [2017-12-23 14:21:16] 
INFO [2017-12-23 14:21:16] $fill
INFO [2017-12-23 14:21:16] pal[1:3]
INFO [2017-12-23 14:21:16] 
INFO [2017-12-23 14:21:16] $lty
INFO [2017-12-23 14:21:16] [1] 1
INFO [2017-12-23 14:21:16] 
INFO [2017-12-23 14:21:16] $height
INFO [2017-12-23 14:21:16] [1] 2000
INFO [2017-12-23 14:21:16] 
INFO [2017-12-23 14:21:16] $width
INFO [2017-12-23 14:21:16] [1] 3000
INFO [2017-12-23 14:21:16] 
INFO [2017-12-23 14:21:16] [[1]]
INFO [2017-12-23 14:21:16] mylist
INFO [2017-12-23 14:21:16] 
INFO [2017-12-23 14:21:16] $filename
INFO [2017-12-23 14:21:16] NULL
INFO [2017-12-23 14:21:16] 
INFO [2017-12-23 14:21:16] $main
INFO [2017-12-23 14:21:16] [1] "DE genes between Heart and Kidney (FDR 1%)"
INFO [2017-12-23 14:21:16] 
INFO [2017-12-23 14:21:16] $cex
INFO [2017-12-23 14:21:16] [1] 1.5
INFO [2017-12-23 14:21:16] 
INFO [2017-12-23 14:21:16] $fill
INFO [2017-12-23 14:21:16] pal[1:3]
INFO [2017-12-23 14:21:16] 
INFO [2017-12-23 14:21:16] $lty
INFO [2017-12-23 14:21:16] [1] 1
INFO [2017-12-23 14:21:16] 
INFO [2017-12-23 14:21:16] $height
INFO [2017-12-23 14:21:16] [1] 2000
INFO [2017-12-23 14:21:16] 
INFO [2017-12-23 14:21:16] $width
INFO [2017-12-23 14:21:16] [1] 3000
INFO [2017-12-23 14:21:16] 
