INFO [2017-12-21 17:07:15] [[1]]
INFO [2017-12-21 17:07:15] mylist
INFO [2017-12-21 17:07:15] 
INFO [2017-12-21 17:07:15] $filename
INFO [2017-12-21 17:07:15] NULL
INFO [2017-12-21 17:07:15] 
INFO [2017-12-21 17:07:15] $main
INFO [2017-12-21 17:07:15] [1] "Upregulated in Heart compared to Kidney (FSR 1%)"
INFO [2017-12-21 17:07:15] 
INFO [2017-12-21 17:07:15] $main.cex
INFO [2017-12-21 17:07:15] [1] 2
INFO [2017-12-21 17:07:15] 
INFO [2017-12-21 17:07:15] $cat.cex
INFO [2017-12-21 17:07:15] [1] 1.5
INFO [2017-12-21 17:07:15] 
INFO [2017-12-21 17:07:15] $cex
INFO [2017-12-21 17:07:15] [1] 2.5
INFO [2017-12-21 17:07:15] 
INFO [2017-12-21 17:07:15] $fill
INFO [2017-12-21 17:07:15] pal[1:3]
INFO [2017-12-21 17:07:15] 
INFO [2017-12-21 17:07:15] $lty
INFO [2017-12-21 17:07:15] [1] 1
INFO [2017-12-21 17:07:15] 
INFO [2017-12-21 17:07:15] $height
INFO [2017-12-21 17:07:15] [1] 2000
INFO [2017-12-21 17:07:15] 
INFO [2017-12-21 17:07:15] $width
INFO [2017-12-21 17:07:15] [1] 3000
INFO [2017-12-21 17:07:15] 
