INFO [2017-06-01 08:51:55] [[1]]
INFO [2017-06-01 08:51:55] mylist
INFO [2017-06-01 08:51:55] 
INFO [2017-06-01 08:51:55] $filename
INFO [2017-06-01 08:51:55] NULL
INFO [2017-06-01 08:51:55] 
INFO [2017-06-01 08:51:55] $main
INFO [2017-06-01 08:51:55] [1] "DE genes between Heart and Lung (FDR 1%)"
INFO [2017-06-01 08:51:55] 
INFO [2017-06-01 08:51:55] $cex
INFO [2017-06-01 08:51:55] [1] 1.5
INFO [2017-06-01 08:51:55] 
INFO [2017-06-01 08:51:55] $fill
INFO [2017-06-01 08:51:55] pal[1:3]
INFO [2017-06-01 08:51:55] 
INFO [2017-06-01 08:51:55] $lty
INFO [2017-06-01 08:51:55] [1] 1
INFO [2017-06-01 08:51:55] 
INFO [2017-06-01 08:51:55] $height
INFO [2017-06-01 08:51:55] [1] 2000
INFO [2017-06-01 08:51:55] 
INFO [2017-06-01 08:51:55] $width
INFO [2017-06-01 08:51:55] [1] 3000
INFO [2017-06-01 08:51:55] 
