INFO [2017-05-31 19:07:01] [[1]]
INFO [2017-05-31 19:07:01] mylist
INFO [2017-05-31 19:07:01] 
INFO [2017-05-31 19:07:01] $filename
INFO [2017-05-31 19:07:01] NULL
INFO [2017-05-31 19:07:01] 
INFO [2017-05-31 19:07:01] $main
INFO [2017-05-31 19:07:01] [1] "Heart specific DE genes with species-by-tissue interactions (FDR 1%)"
INFO [2017-05-31 19:07:01] 
INFO [2017-05-31 19:07:01] $cex
INFO [2017-05-31 19:07:01] [1] 1.5
INFO [2017-05-31 19:07:01] 
INFO [2017-05-31 19:07:01] $fill
INFO [2017-05-31 19:07:01] pal[1:3]
INFO [2017-05-31 19:07:01] 
INFO [2017-05-31 19:07:01] $lty
INFO [2017-05-31 19:07:01] [1] 1
INFO [2017-05-31 19:07:01] 
INFO [2017-05-31 19:07:01] $height
INFO [2017-05-31 19:07:01] [1] 2000
INFO [2017-05-31 19:07:01] 
INFO [2017-05-31 19:07:01] $width
INFO [2017-05-31 19:07:01] [1] 3000
INFO [2017-05-31 19:07:01] 
