INFO [2017-07-13 15:41:26] [[1]]
INFO [2017-07-13 15:41:26] mylist
INFO [2017-07-13 15:41:26] 
INFO [2017-07-13 15:41:26] $filename
INFO [2017-07-13 15:41:26] NULL
INFO [2017-07-13 15:41:26] 
INFO [2017-07-13 15:41:26] $main
INFO [2017-07-13 15:41:26] [1] "Downregulated in Heart compared to Liver (FSR 1%)"
INFO [2017-07-13 15:41:26] 
INFO [2017-07-13 15:41:26] $main.cex
INFO [2017-07-13 15:41:26] [1] 2
INFO [2017-07-13 15:41:26] 
INFO [2017-07-13 15:41:26] $cat.cex
INFO [2017-07-13 15:41:26] [1] 1.5
INFO [2017-07-13 15:41:26] 
INFO [2017-07-13 15:41:26] $cex
INFO [2017-07-13 15:41:26] [1] 2.5
INFO [2017-07-13 15:41:26] 
INFO [2017-07-13 15:41:26] $fill
INFO [2017-07-13 15:41:26] pal[1:3]
INFO [2017-07-13 15:41:26] 
INFO [2017-07-13 15:41:26] $lty
INFO [2017-07-13 15:41:26] [1] 1
INFO [2017-07-13 15:41:26] 
INFO [2017-07-13 15:41:26] $height
INFO [2017-07-13 15:41:26] [1] 2000
INFO [2017-07-13 15:41:26] 
INFO [2017-07-13 15:41:26] $width
INFO [2017-07-13 15:41:26] [1] 3000
INFO [2017-07-13 15:41:26] 
