INFO [2017-06-01 05:06:04] [[1]]
INFO [2017-06-01 05:06:04] mylist
INFO [2017-06-01 05:06:04] 
INFO [2017-06-01 05:06:04] $filename
INFO [2017-06-01 05:06:04] NULL
INFO [2017-06-01 05:06:04] 
INFO [2017-06-01 05:06:04] $main
INFO [2017-06-01 05:06:04] [1] "DE genes between Great Apes and Rhesus (0.01% FDR)"
INFO [2017-06-01 05:06:04] 
INFO [2017-06-01 05:06:04] $cex
INFO [2017-06-01 05:06:04] [1] 1.5
INFO [2017-06-01 05:06:04] 
INFO [2017-06-01 05:06:04] $fill
INFO [2017-06-01 05:06:04] pal[1:4]
INFO [2017-06-01 05:06:04] 
INFO [2017-06-01 05:06:04] $lty
INFO [2017-06-01 05:06:04] [1] 1
INFO [2017-06-01 05:06:04] 
INFO [2017-06-01 05:06:04] $height
INFO [2017-06-01 05:06:04] [1] 2000
INFO [2017-06-01 05:06:04] 
INFO [2017-06-01 05:06:04] $width
INFO [2017-06-01 05:06:04] [1] 3000
INFO [2017-06-01 05:06:04] 
