INFO [2017-11-07 12:12:18] [[1]]
INFO [2017-11-07 12:12:18] mylist
INFO [2017-11-07 12:12:18] 
INFO [2017-11-07 12:12:18] $filename
INFO [2017-11-07 12:12:18] NULL
INFO [2017-11-07 12:12:18] 
INFO [2017-11-07 12:12:18] $main
INFO [2017-11-07 12:12:18] [1] "Upregulated in Humans compared to Rhesus (FSR 1%)"
INFO [2017-11-07 12:12:18] 
INFO [2017-11-07 12:12:18] $main.cex
INFO [2017-11-07 12:12:18] [1] 2
INFO [2017-11-07 12:12:18] 
INFO [2017-11-07 12:12:18] $cat.cex
INFO [2017-11-07 12:12:18] [1] 1.5
INFO [2017-11-07 12:12:18] 
INFO [2017-11-07 12:12:18] $cex
INFO [2017-11-07 12:12:18] [1] 2.5
INFO [2017-11-07 12:12:18] 
INFO [2017-11-07 12:12:18] $fill
INFO [2017-11-07 12:12:18] pal[1:4]
INFO [2017-11-07 12:12:18] 
INFO [2017-11-07 12:12:18] $lty
INFO [2017-11-07 12:12:18] [1] 1
INFO [2017-11-07 12:12:18] 
INFO [2017-11-07 12:12:18] $height
INFO [2017-11-07 12:12:18] [1] 2000
INFO [2017-11-07 12:12:18] 
INFO [2017-11-07 12:12:18] $width
INFO [2017-11-07 12:12:18] [1] 3000
INFO [2017-11-07 12:12:18] 
