INFO [2017-12-21 18:34:29] [[1]]
INFO [2017-12-21 18:34:29] mylist
INFO [2017-12-21 18:34:29] 
INFO [2017-12-21 18:34:29] $filename
INFO [2017-12-21 18:34:29] NULL
INFO [2017-12-21 18:34:29] 
INFO [2017-12-21 18:34:29] $main
INFO [2017-12-21 18:34:29] [1] "Upregulated in Heart compared to Kidney (FSR 1%)"
INFO [2017-12-21 18:34:29] 
INFO [2017-12-21 18:34:29] $main.cex
INFO [2017-12-21 18:34:29] [1] 2
INFO [2017-12-21 18:34:29] 
INFO [2017-12-21 18:34:29] $cat.cex
INFO [2017-12-21 18:34:29] [1] 1.5
INFO [2017-12-21 18:34:29] 
INFO [2017-12-21 18:34:29] $cex
INFO [2017-12-21 18:34:29] [1] 2.5
INFO [2017-12-21 18:34:29] 
INFO [2017-12-21 18:34:29] $fill
INFO [2017-12-21 18:34:29] pal[1:3]
INFO [2017-12-21 18:34:29] 
INFO [2017-12-21 18:34:29] $lty
INFO [2017-12-21 18:34:29] [1] 1
INFO [2017-12-21 18:34:29] 
INFO [2017-12-21 18:34:29] $height
INFO [2017-12-21 18:34:29] [1] 2000
INFO [2017-12-21 18:34:29] 
INFO [2017-12-21 18:34:29] $width
INFO [2017-12-21 18:34:29] [1] 3000
INFO [2017-12-21 18:34:29] 
