INFO [2017-12-21 18:24:58] [[1]]
INFO [2017-12-21 18:24:58] mylist
INFO [2017-12-21 18:24:58] 
INFO [2017-12-21 18:24:58] $filename
INFO [2017-12-21 18:24:58] NULL
INFO [2017-12-21 18:24:58] 
INFO [2017-12-21 18:24:58] $main
INFO [2017-12-21 18:24:58] [1] "DE genes between Heart and Kidney (FDR 1%)"
INFO [2017-12-21 18:24:58] 
INFO [2017-12-21 18:24:58] $cex
INFO [2017-12-21 18:24:58] [1] 1.5
INFO [2017-12-21 18:24:58] 
INFO [2017-12-21 18:24:58] $fill
INFO [2017-12-21 18:24:58] pal[1:3]
INFO [2017-12-21 18:24:58] 
INFO [2017-12-21 18:24:58] $lty
INFO [2017-12-21 18:24:58] [1] 1
INFO [2017-12-21 18:24:58] 
INFO [2017-12-21 18:24:58] $height
INFO [2017-12-21 18:24:58] [1] 2000
INFO [2017-12-21 18:24:58] 
INFO [2017-12-21 18:24:58] $width
INFO [2017-12-21 18:24:58] [1] 3000
INFO [2017-12-21 18:24:58] 
INFO [2017-12-21 18:24:58] [[1]]
INFO [2017-12-21 18:24:58] mylist
INFO [2017-12-21 18:24:58] 
INFO [2017-12-21 18:24:58] $filename
INFO [2017-12-21 18:24:58] NULL
INFO [2017-12-21 18:24:58] 
INFO [2017-12-21 18:24:58] $main
INFO [2017-12-21 18:24:58] [1] "DE genes between Liver and Lung (FDR 1%)"
INFO [2017-12-21 18:24:58] 
INFO [2017-12-21 18:24:58] $cex
INFO [2017-12-21 18:24:58] [1] 1.5
INFO [2017-12-21 18:24:58] 
INFO [2017-12-21 18:24:58] $fill
INFO [2017-12-21 18:24:58] pal[1:3]
INFO [2017-12-21 18:24:58] 
INFO [2017-12-21 18:24:58] $lty
INFO [2017-12-21 18:24:58] [1] 1
INFO [2017-12-21 18:24:58] 
INFO [2017-12-21 18:24:58] $height
INFO [2017-12-21 18:24:58] [1] 2000
INFO [2017-12-21 18:24:58] 
INFO [2017-12-21 18:24:58] $width
INFO [2017-12-21 18:24:58] [1] 3000
INFO [2017-12-21 18:24:58] 
INFO [2017-12-21 18:24:59] [[1]]
INFO [2017-12-21 18:24:59] mylist
INFO [2017-12-21 18:24:59] 
INFO [2017-12-21 18:24:59] $filename
INFO [2017-12-21 18:24:59] NULL
INFO [2017-12-21 18:24:59] 
INFO [2017-12-21 18:24:59] $main
INFO [2017-12-21 18:24:59] [1] "DE genes between Liver and Kidney (FDR 1%)"
INFO [2017-12-21 18:24:59] 
INFO [2017-12-21 18:24:59] $cex
INFO [2017-12-21 18:24:59] [1] 1.5
INFO [2017-12-21 18:24:59] 
INFO [2017-12-21 18:24:59] $fill
INFO [2017-12-21 18:24:59] pal[1:3]
INFO [2017-12-21 18:24:59] 
INFO [2017-12-21 18:24:59] $lty
INFO [2017-12-21 18:24:59] [1] 1
INFO [2017-12-21 18:24:59] 
INFO [2017-12-21 18:24:59] $height
INFO [2017-12-21 18:24:59] [1] 2000
INFO [2017-12-21 18:24:59] 
INFO [2017-12-21 18:24:59] $width
INFO [2017-12-21 18:24:59] [1] 3000
INFO [2017-12-21 18:24:59] 
