INFO [2017-12-21 16:04:36] [[1]]
INFO [2017-12-21 16:04:36] mylist
INFO [2017-12-21 16:04:36] 
INFO [2017-12-21 16:04:36] $filename
INFO [2017-12-21 16:04:36] NULL
INFO [2017-12-21 16:04:36] 
INFO [2017-12-21 16:04:36] $main
INFO [2017-12-21 16:04:36] [1] "Upregulated in Heart compared to Liver (FSR 1%)"
INFO [2017-12-21 16:04:36] 
INFO [2017-12-21 16:04:36] $main.cex
INFO [2017-12-21 16:04:36] [1] 2
INFO [2017-12-21 16:04:36] 
INFO [2017-12-21 16:04:36] $cat.cex
INFO [2017-12-21 16:04:36] [1] 1.5
INFO [2017-12-21 16:04:36] 
INFO [2017-12-21 16:04:36] $cex
INFO [2017-12-21 16:04:36] [1] 2.5
INFO [2017-12-21 16:04:36] 
INFO [2017-12-21 16:04:36] $fill
INFO [2017-12-21 16:04:36] pal[1:3]
INFO [2017-12-21 16:04:36] 
INFO [2017-12-21 16:04:36] $lty
INFO [2017-12-21 16:04:36] [1] 1
INFO [2017-12-21 16:04:36] 
INFO [2017-12-21 16:04:36] $height
INFO [2017-12-21 16:04:36] [1] 2000
INFO [2017-12-21 16:04:36] 
INFO [2017-12-21 16:04:36] $width
INFO [2017-12-21 16:04:36] [1] 3000
INFO [2017-12-21 16:04:36] 
INFO [2017-12-21 16:04:36] [[1]]
INFO [2017-12-21 16:04:36] mylist
INFO [2017-12-21 16:04:36] 
INFO [2017-12-21 16:04:36] $filename
INFO [2017-12-21 16:04:36] NULL
INFO [2017-12-21 16:04:36] 
INFO [2017-12-21 16:04:36] $main
INFO [2017-12-21 16:04:36] [1] "Upregulated in Heart compared to Lung (FSR 1%)"
INFO [2017-12-21 16:04:36] 
INFO [2017-12-21 16:04:36] $main.cex
INFO [2017-12-21 16:04:36] [1] 2
INFO [2017-12-21 16:04:36] 
INFO [2017-12-21 16:04:36] $cat.cex
INFO [2017-12-21 16:04:36] [1] 1.5
INFO [2017-12-21 16:04:36] 
INFO [2017-12-21 16:04:36] $cex
INFO [2017-12-21 16:04:36] [1] 2.5
INFO [2017-12-21 16:04:36] 
INFO [2017-12-21 16:04:36] $fill
INFO [2017-12-21 16:04:36] pal[1:3]
INFO [2017-12-21 16:04:36] 
INFO [2017-12-21 16:04:36] $lty
INFO [2017-12-21 16:04:36] [1] 1
INFO [2017-12-21 16:04:36] 
INFO [2017-12-21 16:04:36] $height
INFO [2017-12-21 16:04:36] [1] 2000
INFO [2017-12-21 16:04:36] 
INFO [2017-12-21 16:04:36] $width
INFO [2017-12-21 16:04:36] [1] 3000
INFO [2017-12-21 16:04:36] 
INFO [2017-12-21 16:04:36] [[1]]
INFO [2017-12-21 16:04:36] mylist
INFO [2017-12-21 16:04:36] 
INFO [2017-12-21 16:04:36] $filename
INFO [2017-12-21 16:04:36] NULL
INFO [2017-12-21 16:04:36] 
INFO [2017-12-21 16:04:36] $main
INFO [2017-12-21 16:04:36] [1] "Upregulated in Liver compared to Lung (FSR 1%)"
INFO [2017-12-21 16:04:36] 
INFO [2017-12-21 16:04:36] $main.cex
INFO [2017-12-21 16:04:36] [1] 2
INFO [2017-12-21 16:04:36] 
INFO [2017-12-21 16:04:36] $cat.cex
INFO [2017-12-21 16:04:36] [1] 1.5
INFO [2017-12-21 16:04:36] 
INFO [2017-12-21 16:04:36] $cex
INFO [2017-12-21 16:04:36] [1] 2.5
INFO [2017-12-21 16:04:36] 
INFO [2017-12-21 16:04:36] $fill
INFO [2017-12-21 16:04:36] pal[1:3]
INFO [2017-12-21 16:04:36] 
INFO [2017-12-21 16:04:36] $lty
INFO [2017-12-21 16:04:36] [1] 1
INFO [2017-12-21 16:04:36] 
INFO [2017-12-21 16:04:36] $height
INFO [2017-12-21 16:04:36] [1] 2000
INFO [2017-12-21 16:04:36] 
INFO [2017-12-21 16:04:36] $width
INFO [2017-12-21 16:04:36] [1] 3000
INFO [2017-12-21 16:04:36] 
