INFO [2017-12-23 18:21:53] [[1]]
INFO [2017-12-23 18:21:53] mylist
INFO [2017-12-23 18:21:53] 
INFO [2017-12-23 18:21:53] $filename
INFO [2017-12-23 18:21:53] NULL
INFO [2017-12-23 18:21:53] 
INFO [2017-12-23 18:21:53] $main
INFO [2017-12-23 18:21:53] [1] "Upregulated hearts (FSR 1%)"
INFO [2017-12-23 18:21:53] 
INFO [2017-12-23 18:21:53] $main.cex
INFO [2017-12-23 18:21:53] [1] 2
INFO [2017-12-23 18:21:53] 
INFO [2017-12-23 18:21:53] $cat.cex
INFO [2017-12-23 18:21:53] [1] 1.5
INFO [2017-12-23 18:21:53] 
INFO [2017-12-23 18:21:53] $cex
INFO [2017-12-23 18:21:53] [1] 2.5
INFO [2017-12-23 18:21:53] 
INFO [2017-12-23 18:21:53] $fill
INFO [2017-12-23 18:21:53] pal[1:3]
INFO [2017-12-23 18:21:53] 
INFO [2017-12-23 18:21:53] $lty
INFO [2017-12-23 18:21:53] [1] 1
INFO [2017-12-23 18:21:53] 
INFO [2017-12-23 18:21:53] $height
INFO [2017-12-23 18:21:53] [1] 2000
INFO [2017-12-23 18:21:53] 
INFO [2017-12-23 18:21:53] $width
INFO [2017-12-23 18:21:53] [1] 3000
INFO [2017-12-23 18:21:53] 
