INFO [2017-12-21 16:57:49] [[1]]
INFO [2017-12-21 16:57:49] mylist
INFO [2017-12-21 16:57:49] 
INFO [2017-12-21 16:57:49] $filename
INFO [2017-12-21 16:57:49] NULL
INFO [2017-12-21 16:57:49] 
INFO [2017-12-21 16:57:49] $main
INFO [2017-12-21 16:57:49] [1] "DE genes between Liver and Lung (FDR 1%)"
INFO [2017-12-21 16:57:49] 
INFO [2017-12-21 16:57:49] $cex
INFO [2017-12-21 16:57:49] [1] 1.5
INFO [2017-12-21 16:57:49] 
INFO [2017-12-21 16:57:49] $fill
INFO [2017-12-21 16:57:49] pal[1:3]
INFO [2017-12-21 16:57:49] 
INFO [2017-12-21 16:57:49] $lty
INFO [2017-12-21 16:57:49] [1] 1
INFO [2017-12-21 16:57:49] 
INFO [2017-12-21 16:57:49] $height
INFO [2017-12-21 16:57:49] [1] 2000
INFO [2017-12-21 16:57:49] 
INFO [2017-12-21 16:57:49] $width
INFO [2017-12-21 16:57:49] [1] 3000
INFO [2017-12-21 16:57:49] 
INFO [2017-12-21 16:57:49] [[1]]
INFO [2017-12-21 16:57:49] mylist
INFO [2017-12-21 16:57:49] 
INFO [2017-12-21 16:57:49] $filename
INFO [2017-12-21 16:57:49] NULL
INFO [2017-12-21 16:57:49] 
INFO [2017-12-21 16:57:49] $main
INFO [2017-12-21 16:57:49] [1] "DE genes between Liver and Kidney (FDR 1%)"
INFO [2017-12-21 16:57:49] 
INFO [2017-12-21 16:57:49] $cex
INFO [2017-12-21 16:57:49] [1] 1.5
INFO [2017-12-21 16:57:49] 
INFO [2017-12-21 16:57:49] $fill
INFO [2017-12-21 16:57:49] pal[1:3]
INFO [2017-12-21 16:57:49] 
INFO [2017-12-21 16:57:49] $lty
INFO [2017-12-21 16:57:49] [1] 1
INFO [2017-12-21 16:57:49] 
INFO [2017-12-21 16:57:49] $height
INFO [2017-12-21 16:57:49] [1] 2000
INFO [2017-12-21 16:57:49] 
INFO [2017-12-21 16:57:49] $width
INFO [2017-12-21 16:57:49] [1] 3000
INFO [2017-12-21 16:57:49] 
