INFO [2017-05-31 19:12:52] [[1]]
INFO [2017-05-31 19:12:52] mylist
INFO [2017-05-31 19:12:52] 
INFO [2017-05-31 19:12:52] $filename
INFO [2017-05-31 19:12:52] NULL
INFO [2017-05-31 19:12:52] 
INFO [2017-05-31 19:12:52] $main
INFO [2017-05-31 19:12:52] [1] "Liver specific DE genes with species-specific interactions (FDR 1%)"
INFO [2017-05-31 19:12:52] 
INFO [2017-05-31 19:12:52] $cex
INFO [2017-05-31 19:12:52] [1] 1.5
INFO [2017-05-31 19:12:52] 
INFO [2017-05-31 19:12:52] $fill
INFO [2017-05-31 19:12:52] pal[1:3]
INFO [2017-05-31 19:12:52] 
INFO [2017-05-31 19:12:52] $lty
INFO [2017-05-31 19:12:52] [1] 1
INFO [2017-05-31 19:12:52] 
INFO [2017-05-31 19:12:52] $height
INFO [2017-05-31 19:12:52] [1] 2000
INFO [2017-05-31 19:12:52] 
INFO [2017-05-31 19:12:52] $width
INFO [2017-05-31 19:12:52] [1] 3000
INFO [2017-05-31 19:12:52] 
