INFO [2017-07-12 16:09:07] [[1]]
INFO [2017-07-12 16:09:07] mylist
INFO [2017-07-12 16:09:07] 
INFO [2017-07-12 16:09:07] $filename
INFO [2017-07-12 16:09:07] NULL
INFO [2017-07-12 16:09:07] 
INFO [2017-07-12 16:09:07] $main
INFO [2017-07-12 16:09:07] [1] "Upregulated heart specific (FSR 1%)"
INFO [2017-07-12 16:09:07] 
INFO [2017-07-12 16:09:07] $cex
INFO [2017-07-12 16:09:07] [1] 1.5
INFO [2017-07-12 16:09:07] 
INFO [2017-07-12 16:09:07] $fill
INFO [2017-07-12 16:09:07] pal[1:3]
INFO [2017-07-12 16:09:07] 
INFO [2017-07-12 16:09:07] $lty
INFO [2017-07-12 16:09:07] [1] 1
INFO [2017-07-12 16:09:07] 
INFO [2017-07-12 16:09:07] $height
INFO [2017-07-12 16:09:07] [1] 2000
INFO [2017-07-12 16:09:07] 
INFO [2017-07-12 16:09:07] $width
INFO [2017-07-12 16:09:07] [1] 3000
INFO [2017-07-12 16:09:07] 
