INFO [2017-05-31 11:58:10] [[1]]
INFO [2017-05-31 11:58:10] mylist
INFO [2017-05-31 11:58:10] 
INFO [2017-05-31 11:58:10] $filename
INFO [2017-05-31 11:58:10] NULL
INFO [2017-05-31 11:58:10] 
INFO [2017-05-31 11:58:10] $main
INFO [2017-05-31 11:58:10] [1] "DE genes between Great Apes and Rhesus (1% FDR)"
INFO [2017-05-31 11:58:10] 
INFO [2017-05-31 11:58:10] $cex
INFO [2017-05-31 11:58:10] [1] 1.5
INFO [2017-05-31 11:58:10] 
INFO [2017-05-31 11:58:10] $fill
INFO [2017-05-31 11:58:10] pal[1:4]
INFO [2017-05-31 11:58:10] 
INFO [2017-05-31 11:58:10] $lty
INFO [2017-05-31 11:58:10] [1] 1
INFO [2017-05-31 11:58:10] 
INFO [2017-05-31 11:58:10] $height
INFO [2017-05-31 11:58:10] [1] 2000
INFO [2017-05-31 11:58:10] 
INFO [2017-05-31 11:58:10] $width
INFO [2017-05-31 11:58:10] [1] 3000
INFO [2017-05-31 11:58:10] 
