INFO [2017-07-12 16:28:22] [[1]]
INFO [2017-07-12 16:28:22] mylist
INFO [2017-07-12 16:28:22] 
INFO [2017-07-12 16:28:22] $filename
INFO [2017-07-12 16:28:22] NULL
INFO [2017-07-12 16:28:22] 
INFO [2017-07-12 16:28:22] $main
INFO [2017-07-12 16:28:22] [1] "Upregulated liver specific (FSR 1%)"
INFO [2017-07-12 16:28:22] 
INFO [2017-07-12 16:28:22] $cex
INFO [2017-07-12 16:28:22] [1] 1.5
INFO [2017-07-12 16:28:22] 
INFO [2017-07-12 16:28:22] $fill
INFO [2017-07-12 16:28:22] pal[1:3]
INFO [2017-07-12 16:28:22] 
INFO [2017-07-12 16:28:22] $lty
INFO [2017-07-12 16:28:22] [1] 1
INFO [2017-07-12 16:28:22] 
INFO [2017-07-12 16:28:22] $height
INFO [2017-07-12 16:28:22] [1] 2000
INFO [2017-07-12 16:28:22] 
INFO [2017-07-12 16:28:22] $width
INFO [2017-07-12 16:28:22] [1] 3000
INFO [2017-07-12 16:28:22] 
