INFO [2017-06-01 08:51:35] [[1]]
INFO [2017-06-01 08:51:35] mylist
INFO [2017-06-01 08:51:35] 
INFO [2017-06-01 08:51:35] $filename
INFO [2017-06-01 08:51:35] NULL
INFO [2017-06-01 08:51:35] 
INFO [2017-06-01 08:51:35] $main
INFO [2017-06-01 08:51:35] [1] "DE genes between Liver and Lung (FDR 1%)"
INFO [2017-06-01 08:51:35] 
INFO [2017-06-01 08:51:35] $cex
INFO [2017-06-01 08:51:35] [1] 1.5
INFO [2017-06-01 08:51:35] 
INFO [2017-06-01 08:51:35] $fill
INFO [2017-06-01 08:51:35] pal[1:3]
INFO [2017-06-01 08:51:35] 
INFO [2017-06-01 08:51:35] $lty
INFO [2017-06-01 08:51:35] [1] 1
INFO [2017-06-01 08:51:35] 
INFO [2017-06-01 08:51:35] $height
INFO [2017-06-01 08:51:35] [1] 2000
INFO [2017-06-01 08:51:35] 
INFO [2017-06-01 08:51:35] $width
INFO [2017-06-01 08:51:35] [1] 3000
INFO [2017-06-01 08:51:35] 
