INFO [2017-07-14 13:41:45] [[1]]
INFO [2017-07-14 13:41:45] mylist
INFO [2017-07-14 13:41:45] 
INFO [2017-07-14 13:41:45] $filename
INFO [2017-07-14 13:41:45] NULL
INFO [2017-07-14 13:41:45] 
INFO [2017-07-14 13:41:45] $main
INFO [2017-07-14 13:41:45] [1] "Upregulated hearts (FSR 1%)"
INFO [2017-07-14 13:41:45] 
INFO [2017-07-14 13:41:45] $cex
INFO [2017-07-14 13:41:45] [1] 1.5
INFO [2017-07-14 13:41:45] 
INFO [2017-07-14 13:41:45] $fill
INFO [2017-07-14 13:41:45] pal[1:3]
INFO [2017-07-14 13:41:45] 
INFO [2017-07-14 13:41:45] $lty
INFO [2017-07-14 13:41:45] [1] 1
INFO [2017-07-14 13:41:45] 
INFO [2017-07-14 13:41:45] $height
INFO [2017-07-14 13:41:45] [1] 2000
INFO [2017-07-14 13:41:45] 
INFO [2017-07-14 13:41:45] $width
INFO [2017-07-14 13:41:45] [1] 3000
INFO [2017-07-14 13:41:45] 
ERROR [2017-07-14 13:41:45] Unexpected parameter length for 'fill'
