INFO [2017-07-13 12:44:38] [[1]]
INFO [2017-07-13 12:44:38] mylist
INFO [2017-07-13 12:44:38] 
INFO [2017-07-13 12:44:38] $filename
INFO [2017-07-13 12:44:38] NULL
INFO [2017-07-13 12:44:38] 
INFO [2017-07-13 12:44:38] $main
INFO [2017-07-13 12:44:38] [1] "Upregulated in Heart compared to Kidney (FSR 1%)"
INFO [2017-07-13 12:44:38] 
INFO [2017-07-13 12:44:38] $cex
INFO [2017-07-13 12:44:38] [1] 1.5
INFO [2017-07-13 12:44:38] 
INFO [2017-07-13 12:44:38] $fill
INFO [2017-07-13 12:44:38] pal[1:3]
INFO [2017-07-13 12:44:38] 
INFO [2017-07-13 12:44:38] $lty
INFO [2017-07-13 12:44:38] [1] 1
INFO [2017-07-13 12:44:38] 
INFO [2017-07-13 12:44:38] $height
INFO [2017-07-13 12:44:38] [1] 2000
INFO [2017-07-13 12:44:38] 
INFO [2017-07-13 12:44:38] $width
INFO [2017-07-13 12:44:38] [1] 3000
INFO [2017-07-13 12:44:38] 
ERROR [2017-07-13 12:44:38] Incorrect number of elements.
