INFO [2017-07-13 14:05:26] [[1]]
INFO [2017-07-13 14:05:26] mylist
INFO [2017-07-13 14:05:26] 
INFO [2017-07-13 14:05:26] $filename
INFO [2017-07-13 14:05:26] NULL
INFO [2017-07-13 14:05:26] 
INFO [2017-07-13 14:05:26] $main
INFO [2017-07-13 14:05:26] [1] "Upregulated in Heart compared to Kidney (FSR 1%)"
INFO [2017-07-13 14:05:26] 
INFO [2017-07-13 14:05:26] $cex
INFO [2017-07-13 14:05:26] [1] 1.5
INFO [2017-07-13 14:05:26] 
INFO [2017-07-13 14:05:26] $fill
INFO [2017-07-13 14:05:26] pal[1:3]
INFO [2017-07-13 14:05:26] 
INFO [2017-07-13 14:05:26] $lty
INFO [2017-07-13 14:05:26] [1] 1
INFO [2017-07-13 14:05:26] 
INFO [2017-07-13 14:05:26] $height
INFO [2017-07-13 14:05:26] [1] 2000
INFO [2017-07-13 14:05:26] 
INFO [2017-07-13 14:05:26] $width
INFO [2017-07-13 14:05:26] [1] 3000
INFO [2017-07-13 14:05:26] 
