INFO [2017-07-13 12:15:53] [[1]]
INFO [2017-07-13 12:15:53] mylist
INFO [2017-07-13 12:15:53] 
INFO [2017-07-13 12:15:53] $filename
INFO [2017-07-13 12:15:53] NULL
INFO [2017-07-13 12:15:53] 
INFO [2017-07-13 12:15:53] $main
INFO [2017-07-13 12:15:53] [1] "DE genes between Humans and Chimps (FDR 1%)"
INFO [2017-07-13 12:15:53] 
INFO [2017-07-13 12:15:53] $cex
INFO [2017-07-13 12:15:53] [1] 1.5
INFO [2017-07-13 12:15:53] 
INFO [2017-07-13 12:15:53] $fill
INFO [2017-07-13 12:15:53] pal[1:6]
INFO [2017-07-13 12:15:53] 
INFO [2017-07-13 12:15:53] $lty
INFO [2017-07-13 12:15:53] [1] 1
INFO [2017-07-13 12:15:53] 
INFO [2017-07-13 12:15:53] $height
INFO [2017-07-13 12:15:53] [1] 2000
INFO [2017-07-13 12:15:53] 
INFO [2017-07-13 12:15:53] $width
INFO [2017-07-13 12:15:53] [1] 3000
INFO [2017-07-13 12:15:53] 
ERROR [2017-07-13 12:15:53] Incorrect number of elements.
