INFO [2017-07-11 17:35:50] [[1]]
INFO [2017-07-11 17:35:50] mylist
INFO [2017-07-11 17:35:50] 
INFO [2017-07-11 17:35:50] $filename
INFO [2017-07-11 17:35:50] NULL
INFO [2017-07-11 17:35:50] 
INFO [2017-07-11 17:35:50] $main
INFO [2017-07-11 17:35:50] [1] "Upregulated in Humans compared to Rhesus Macaques (FSR 1%)"
INFO [2017-07-11 17:35:50] 
INFO [2017-07-11 17:35:50] $cex
INFO [2017-07-11 17:35:50] [1] 1.5
INFO [2017-07-11 17:35:50] 
INFO [2017-07-11 17:35:50] $fill
INFO [2017-07-11 17:35:50] pal[1:4]
INFO [2017-07-11 17:35:50] 
INFO [2017-07-11 17:35:50] $lty
INFO [2017-07-11 17:35:50] [1] 1
INFO [2017-07-11 17:35:50] 
INFO [2017-07-11 17:35:50] $height
INFO [2017-07-11 17:35:50] [1] 2000
INFO [2017-07-11 17:35:50] 
INFO [2017-07-11 17:35:50] $width
INFO [2017-07-11 17:35:50] [1] 3000
INFO [2017-07-11 17:35:50] 
