INFO [2017-12-06 16:47:29] [[1]]
INFO [2017-12-06 16:47:29] mylist
INFO [2017-12-06 16:47:29] 
INFO [2017-12-06 16:47:29] $filename
INFO [2017-12-06 16:47:29] NULL
INFO [2017-12-06 16:47:29] 
INFO [2017-12-06 16:47:29] $main
INFO [2017-12-06 16:47:29] [1] "Orthologous DMRs between Humans and Chimps (FDR 1%)"
INFO [2017-12-06 16:47:29] 
INFO [2017-12-06 16:47:29] $cex
INFO [2017-12-06 16:47:29] [1] 1.5
INFO [2017-12-06 16:47:29] 
INFO [2017-12-06 16:47:29] $fill
INFO [2017-12-06 16:47:29] pal[1:4]
INFO [2017-12-06 16:47:29] 
INFO [2017-12-06 16:47:29] $lty
INFO [2017-12-06 16:47:29] [1] 1
INFO [2017-12-06 16:47:29] 
INFO [2017-12-06 16:47:29] $height
INFO [2017-12-06 16:47:29] [1] 2000
INFO [2017-12-06 16:47:29] 
INFO [2017-12-06 16:47:29] $width
INFO [2017-12-06 16:47:29] [1] 3000
INFO [2017-12-06 16:47:29] 
