INFO [2017-11-07 12:36:07] [[1]]
INFO [2017-11-07 12:36:07] mylist
INFO [2017-11-07 12:36:07] 
INFO [2017-11-07 12:36:07] $filename
INFO [2017-11-07 12:36:07] NULL
INFO [2017-11-07 12:36:07] 
INFO [2017-11-07 12:36:07] $main
INFO [2017-11-07 12:36:07] [1] "Upregulated livers (FSR 1%)"
INFO [2017-11-07 12:36:07] 
INFO [2017-11-07 12:36:07] $main.cex
INFO [2017-11-07 12:36:07] [1] 2
INFO [2017-11-07 12:36:07] 
INFO [2017-11-07 12:36:07] $cat.cex
INFO [2017-11-07 12:36:07] [1] 1.5
INFO [2017-11-07 12:36:07] 
INFO [2017-11-07 12:36:07] $cex
INFO [2017-11-07 12:36:07] [1] 2.5
INFO [2017-11-07 12:36:07] 
INFO [2017-11-07 12:36:07] $fill
INFO [2017-11-07 12:36:07] pal[1:3]
INFO [2017-11-07 12:36:07] 
INFO [2017-11-07 12:36:07] $lty
INFO [2017-11-07 12:36:07] [1] 1
INFO [2017-11-07 12:36:07] 
INFO [2017-11-07 12:36:07] $height
INFO [2017-11-07 12:36:07] [1] 2000
INFO [2017-11-07 12:36:07] 
INFO [2017-11-07 12:36:07] $width
INFO [2017-11-07 12:36:07] [1] 3000
INFO [2017-11-07 12:36:07] 
