INFO [2017-06-07 17:17:37] [[1]]
INFO [2017-06-07 17:17:37] mylist
INFO [2017-06-07 17:17:37] 
INFO [2017-06-07 17:17:37] $filename
INFO [2017-06-07 17:17:37] NULL
INFO [2017-06-07 17:17:37] 
INFO [2017-06-07 17:17:37] $main
INFO [2017-06-07 17:17:37] [1] "DE genes between Humans and Rhesus (FDR 1%)"
INFO [2017-06-07 17:17:37] 
INFO [2017-06-07 17:17:37] $cex
INFO [2017-06-07 17:17:37] [1] 1.5
INFO [2017-06-07 17:17:37] 
INFO [2017-06-07 17:17:37] $fill
INFO [2017-06-07 17:17:37] pal[1:4]
INFO [2017-06-07 17:17:37] 
INFO [2017-06-07 17:17:37] $lty
INFO [2017-06-07 17:17:37] [1] 1
INFO [2017-06-07 17:17:37] 
INFO [2017-06-07 17:17:37] $height
INFO [2017-06-07 17:17:37] [1] 2000
INFO [2017-06-07 17:17:37] 
INFO [2017-06-07 17:17:37] $width
INFO [2017-06-07 17:17:37] [1] 3000
INFO [2017-06-07 17:17:37] 
