INFO [2017-06-01 08:51:11] [[1]]
INFO [2017-06-01 08:51:11] mylist
INFO [2017-06-01 08:51:11] 
INFO [2017-06-01 08:51:11] $filename
INFO [2017-06-01 08:51:11] NULL
INFO [2017-06-01 08:51:11] 
INFO [2017-06-01 08:51:11] $main
INFO [2017-06-01 08:51:11] [1] "DE genes between Heart and Liver (FDR 1%)"
INFO [2017-06-01 08:51:11] 
INFO [2017-06-01 08:51:11] $cex
INFO [2017-06-01 08:51:11] [1] 1.5
INFO [2017-06-01 08:51:11] 
INFO [2017-06-01 08:51:11] $fill
INFO [2017-06-01 08:51:11] pal[1:3]
INFO [2017-06-01 08:51:11] 
INFO [2017-06-01 08:51:11] $lty
INFO [2017-06-01 08:51:11] [1] 1
INFO [2017-06-01 08:51:11] 
INFO [2017-06-01 08:51:11] $height
INFO [2017-06-01 08:51:11] [1] 2000
INFO [2017-06-01 08:51:11] 
INFO [2017-06-01 08:51:11] $width
INFO [2017-06-01 08:51:11] [1] 3000
INFO [2017-06-01 08:51:11] 
