INFO [2017-06-07 17:08:44] [[1]]
INFO [2017-06-07 17:08:44] mylist
INFO [2017-06-07 17:08:44] 
INFO [2017-06-07 17:08:44] $filename
INFO [2017-06-07 17:08:44] NULL
INFO [2017-06-07 17:08:44] 
INFO [2017-06-07 17:08:44] $main
INFO [2017-06-07 17:08:44] [1] "DE genes between Humans and Chimps (FDR 1%)"
INFO [2017-06-07 17:08:44] 
INFO [2017-06-07 17:08:44] $cex
INFO [2017-06-07 17:08:44] [1] 1.5
INFO [2017-06-07 17:08:44] 
INFO [2017-06-07 17:08:44] $fill
INFO [2017-06-07 17:08:44] pal[1:4]
INFO [2017-06-07 17:08:44] 
INFO [2017-06-07 17:08:44] $lty
INFO [2017-06-07 17:08:44] [1] 1
INFO [2017-06-07 17:08:44] 
INFO [2017-06-07 17:08:44] $height
INFO [2017-06-07 17:08:44] [1] 2000
INFO [2017-06-07 17:08:44] 
INFO [2017-06-07 17:08:44] $width
INFO [2017-06-07 17:08:44] [1] 3000
INFO [2017-06-07 17:08:44] 
