INFO [2017-12-21 18:34:38] [[1]]
INFO [2017-12-21 18:34:38] mylist
INFO [2017-12-21 18:34:38] 
INFO [2017-12-21 18:34:38] $filename
INFO [2017-12-21 18:34:38] NULL
INFO [2017-12-21 18:34:38] 
INFO [2017-12-21 18:34:38] $main
INFO [2017-12-21 18:34:38] [1] "Downregulated in Chimps relative to Rhesus (FSR 1%)"
INFO [2017-12-21 18:34:38] 
INFO [2017-12-21 18:34:38] $main.cex
INFO [2017-12-21 18:34:38] [1] 2
INFO [2017-12-21 18:34:38] 
INFO [2017-12-21 18:34:38] $cat.cex
INFO [2017-12-21 18:34:38] [1] 1.5
INFO [2017-12-21 18:34:38] 
INFO [2017-12-21 18:34:38] $cex
INFO [2017-12-21 18:34:38] [1] 2.5
INFO [2017-12-21 18:34:38] 
INFO [2017-12-21 18:34:38] $fill
INFO [2017-12-21 18:34:38] pal[1:4]
INFO [2017-12-21 18:34:38] 
INFO [2017-12-21 18:34:38] $lty
INFO [2017-12-21 18:34:38] [1] 1
INFO [2017-12-21 18:34:38] 
INFO [2017-12-21 18:34:38] $height
INFO [2017-12-21 18:34:38] [1] 2000
INFO [2017-12-21 18:34:38] 
INFO [2017-12-21 18:34:38] $width
INFO [2017-12-21 18:34:38] [1] 3000
INFO [2017-12-21 18:34:38] 
INFO [2017-12-21 18:34:38] [[1]]
INFO [2017-12-21 18:34:38] mylist
INFO [2017-12-21 18:34:38] 
INFO [2017-12-21 18:34:38] $filename
INFO [2017-12-21 18:34:38] NULL
INFO [2017-12-21 18:34:38] 
INFO [2017-12-21 18:34:38] $main
INFO [2017-12-21 18:34:38] [1] "Upregulated livers (FDR 1%)"
INFO [2017-12-21 18:34:38] 
INFO [2017-12-21 18:34:38] $main.cex
INFO [2017-12-21 18:34:38] [1] 2
INFO [2017-12-21 18:34:38] 
INFO [2017-12-21 18:34:38] $cat.cex
INFO [2017-12-21 18:34:38] [1] 1.5
INFO [2017-12-21 18:34:38] 
INFO [2017-12-21 18:34:38] $cex
INFO [2017-12-21 18:34:38] [1] 2.5
INFO [2017-12-21 18:34:38] 
INFO [2017-12-21 18:34:38] $fill
INFO [2017-12-21 18:34:38] pal[1:3]
INFO [2017-12-21 18:34:38] 
INFO [2017-12-21 18:34:38] $lty
INFO [2017-12-21 18:34:38] [1] 1
INFO [2017-12-21 18:34:38] 
INFO [2017-12-21 18:34:38] $height
INFO [2017-12-21 18:34:38] [1] 2000
INFO [2017-12-21 18:34:38] 
INFO [2017-12-21 18:34:38] $width
INFO [2017-12-21 18:34:38] [1] 3000
INFO [2017-12-21 18:34:38] 
