INFO [2017-07-14 11:45:37] [[1]]
INFO [2017-07-14 11:45:37] mylist
INFO [2017-07-14 11:45:37] 
INFO [2017-07-14 11:45:37] $filename
INFO [2017-07-14 11:45:37] NULL
INFO [2017-07-14 11:45:37] 
INFO [2017-07-14 11:45:37] $main
INFO [2017-07-14 11:45:37] [1] "Upregulated in Humans compared to Rhesus (FSR 1%)"
INFO [2017-07-14 11:45:37] 
INFO [2017-07-14 11:45:37] $main.cex
INFO [2017-07-14 11:45:37] [1] 2
INFO [2017-07-14 11:45:37] 
INFO [2017-07-14 11:45:37] $cat.cex
INFO [2017-07-14 11:45:37] [1] 1.5
INFO [2017-07-14 11:45:37] 
INFO [2017-07-14 11:45:37] $cex
INFO [2017-07-14 11:45:37] [1] 2.5
INFO [2017-07-14 11:45:37] 
INFO [2017-07-14 11:45:37] $fill
INFO [2017-07-14 11:45:37] pal[1:4]
INFO [2017-07-14 11:45:37] 
INFO [2017-07-14 11:45:37] $lty
INFO [2017-07-14 11:45:37] [1] 1
INFO [2017-07-14 11:45:37] 
INFO [2017-07-14 11:45:37] $height
INFO [2017-07-14 11:45:37] [1] 2000
INFO [2017-07-14 11:45:37] 
INFO [2017-07-14 11:45:37] $width
INFO [2017-07-14 11:45:37] [1] 3000
INFO [2017-07-14 11:45:37] 
