INFO [2017-07-14 12:06:26] [[1]]
INFO [2017-07-14 12:06:26] mylist
INFO [2017-07-14 12:06:26] 
INFO [2017-07-14 12:06:26] $filename
INFO [2017-07-14 12:06:26] NULL
INFO [2017-07-14 12:06:26] 
INFO [2017-07-14 12:06:26] $main
INFO [2017-07-14 12:06:26] [1] "Upregulated liver specific (FSR 1%)"
INFO [2017-07-14 12:06:26] 
INFO [2017-07-14 12:06:26] $cex
INFO [2017-07-14 12:06:26] [1] 1.5
INFO [2017-07-14 12:06:26] 
INFO [2017-07-14 12:06:26] $fill
INFO [2017-07-14 12:06:26] pal[1:3]
INFO [2017-07-14 12:06:26] 
INFO [2017-07-14 12:06:26] $lty
INFO [2017-07-14 12:06:26] [1] 1
INFO [2017-07-14 12:06:26] 
INFO [2017-07-14 12:06:26] $height
INFO [2017-07-14 12:06:26] [1] 2000
INFO [2017-07-14 12:06:26] 
INFO [2017-07-14 12:06:26] $width
INFO [2017-07-14 12:06:26] [1] 3000
INFO [2017-07-14 12:06:26] 
