INFO [2017-12-21 15:51:38] [[1]]
INFO [2017-12-21 15:51:38] mylist
INFO [2017-12-21 15:51:38] 
INFO [2017-12-21 15:51:38] $filename
INFO [2017-12-21 15:51:38] NULL
INFO [2017-12-21 15:51:38] 
INFO [2017-12-21 15:51:38] $main
INFO [2017-12-21 15:51:38] [1] "DE genes between Heart and Liver (FDR 1%)"
INFO [2017-12-21 15:51:38] 
INFO [2017-12-21 15:51:38] $cex
INFO [2017-12-21 15:51:38] [1] 1.5
INFO [2017-12-21 15:51:38] 
INFO [2017-12-21 15:51:38] $fill
INFO [2017-12-21 15:51:38] pal[1:3]
INFO [2017-12-21 15:51:38] 
INFO [2017-12-21 15:51:38] $lty
INFO [2017-12-21 15:51:38] [1] 1
INFO [2017-12-21 15:51:38] 
INFO [2017-12-21 15:51:38] $height
INFO [2017-12-21 15:51:38] [1] 2000
INFO [2017-12-21 15:51:38] 
INFO [2017-12-21 15:51:38] $width
INFO [2017-12-21 15:51:38] [1] 3000
INFO [2017-12-21 15:51:38] 
INFO [2017-12-21 15:51:38] [[1]]
INFO [2017-12-21 15:51:38] mylist
INFO [2017-12-21 15:51:38] 
INFO [2017-12-21 15:51:38] $filename
INFO [2017-12-21 15:51:38] NULL
INFO [2017-12-21 15:51:38] 
INFO [2017-12-21 15:51:38] $main
INFO [2017-12-21 15:51:38] [1] "DE genes between Heart and Lung (FDR 1%)"
INFO [2017-12-21 15:51:38] 
INFO [2017-12-21 15:51:38] $cex
INFO [2017-12-21 15:51:38] [1] 1.5
INFO [2017-12-21 15:51:38] 
INFO [2017-12-21 15:51:38] $fill
INFO [2017-12-21 15:51:38] pal[1:3]
INFO [2017-12-21 15:51:38] 
INFO [2017-12-21 15:51:38] $lty
INFO [2017-12-21 15:51:38] [1] 1
INFO [2017-12-21 15:51:38] 
INFO [2017-12-21 15:51:38] $height
INFO [2017-12-21 15:51:38] [1] 2000
INFO [2017-12-21 15:51:38] 
INFO [2017-12-21 15:51:38] $width
INFO [2017-12-21 15:51:38] [1] 3000
INFO [2017-12-21 15:51:38] 
