INFO [2017-07-11 17:44:21] [[1]]
INFO [2017-07-11 17:44:21] mylist
INFO [2017-07-11 17:44:21] 
INFO [2017-07-11 17:44:21] $filename
INFO [2017-07-11 17:44:21] NULL
INFO [2017-07-11 17:44:21] 
INFO [2017-07-11 17:44:21] $main
INFO [2017-07-11 17:44:21] [1] "Upregulated in Heart compared to Kidney (FDR 1% and FSR 1%)"
INFO [2017-07-11 17:44:21] 
INFO [2017-07-11 17:44:21] $cex
INFO [2017-07-11 17:44:21] [1] 1.5
INFO [2017-07-11 17:44:21] 
INFO [2017-07-11 17:44:21] $fill
INFO [2017-07-11 17:44:21] pal[1:3]
INFO [2017-07-11 17:44:21] 
INFO [2017-07-11 17:44:21] $lty
INFO [2017-07-11 17:44:21] [1] 1
INFO [2017-07-11 17:44:21] 
INFO [2017-07-11 17:44:21] $height
INFO [2017-07-11 17:44:21] [1] 2000
INFO [2017-07-11 17:44:21] 
INFO [2017-07-11 17:44:21] $width
INFO [2017-07-11 17:44:21] [1] 3000
INFO [2017-07-11 17:44:21] 
