INFO [2017-12-21 15:47:10] [[1]]
INFO [2017-12-21 15:47:10] mylist
INFO [2017-12-21 15:47:10] 
INFO [2017-12-21 15:47:10] $filename
INFO [2017-12-21 15:47:10] NULL
INFO [2017-12-21 15:47:10] 
INFO [2017-12-21 15:47:10] $main
INFO [2017-12-21 15:47:10] [1] "Upregulated lung specific (FSR 1%)"
INFO [2017-12-21 15:47:10] 
INFO [2017-12-21 15:47:10] $main.cex
INFO [2017-12-21 15:47:10] [1] 2
INFO [2017-12-21 15:47:10] 
INFO [2017-12-21 15:47:10] $cat.cex
INFO [2017-12-21 15:47:10] [1] 1.5
INFO [2017-12-21 15:47:10] 
INFO [2017-12-21 15:47:10] $cex
INFO [2017-12-21 15:47:10] [1] 2.5
INFO [2017-12-21 15:47:10] 
INFO [2017-12-21 15:47:10] $fill
INFO [2017-12-21 15:47:10] pal[1:3]
INFO [2017-12-21 15:47:10] 
INFO [2017-12-21 15:47:10] $lty
INFO [2017-12-21 15:47:10] [1] 1
INFO [2017-12-21 15:47:10] 
INFO [2017-12-21 15:47:10] $height
INFO [2017-12-21 15:47:10] [1] 2000
INFO [2017-12-21 15:47:10] 
INFO [2017-12-21 15:47:10] $width
INFO [2017-12-21 15:47:10] [1] 3000
INFO [2017-12-21 15:47:10] 
