INFO [2017-12-21 15:47:12] [[1]]
INFO [2017-12-21 15:47:12] mylist
INFO [2017-12-21 15:47:12] 
INFO [2017-12-21 15:47:12] $filename
INFO [2017-12-21 15:47:12] NULL
INFO [2017-12-21 15:47:12] 
INFO [2017-12-21 15:47:12] $main
INFO [2017-12-21 15:47:12] [1] "Downregulated kidney specific (FSR 1%)"
INFO [2017-12-21 15:47:12] 
INFO [2017-12-21 15:47:12] $main.cex
INFO [2017-12-21 15:47:12] [1] 2
INFO [2017-12-21 15:47:12] 
INFO [2017-12-21 15:47:12] $cat.cex
INFO [2017-12-21 15:47:12] [1] 1.5
INFO [2017-12-21 15:47:12] 
INFO [2017-12-21 15:47:12] $cex
INFO [2017-12-21 15:47:12] [1] 2.5
INFO [2017-12-21 15:47:12] 
INFO [2017-12-21 15:47:12] $fill
INFO [2017-12-21 15:47:12] pal[1:3]
INFO [2017-12-21 15:47:12] 
INFO [2017-12-21 15:47:12] $lty
INFO [2017-12-21 15:47:12] [1] 1
INFO [2017-12-21 15:47:12] 
INFO [2017-12-21 15:47:12] $height
INFO [2017-12-21 15:47:12] [1] 2000
INFO [2017-12-21 15:47:12] 
INFO [2017-12-21 15:47:12] $width
INFO [2017-12-21 15:47:12] [1] 3000
INFO [2017-12-21 15:47:12] 
