INFO [2017-12-21 14:15:42] [[1]]
INFO [2017-12-21 14:15:42] mylist
INFO [2017-12-21 14:15:42] 
INFO [2017-12-21 14:15:42] $filename
INFO [2017-12-21 14:15:42] NULL
INFO [2017-12-21 14:15:42] 
INFO [2017-12-21 14:15:42] $main
INFO [2017-12-21 14:15:42] [1] "DE genes between Humans and Rhesus (FDR 1%)"
INFO [2017-12-21 14:15:42] 
INFO [2017-12-21 14:15:42] $cex
INFO [2017-12-21 14:15:42] [1] 1.5
INFO [2017-12-21 14:15:42] 
INFO [2017-12-21 14:15:42] $fill
INFO [2017-12-21 14:15:42] pal[1:4]
INFO [2017-12-21 14:15:42] 
INFO [2017-12-21 14:15:42] $lty
INFO [2017-12-21 14:15:42] [1] 1
INFO [2017-12-21 14:15:42] 
INFO [2017-12-21 14:15:42] $height
INFO [2017-12-21 14:15:42] [1] 2000
INFO [2017-12-21 14:15:42] 
INFO [2017-12-21 14:15:42] $width
INFO [2017-12-21 14:15:42] [1] 3000
INFO [2017-12-21 14:15:42] 
ERROR [2017-12-21 14:15:42] Unexpected parameter length for 'fill'
