INFO [2017-07-13 14:04:12] [[1]]
INFO [2017-07-13 14:04:12] mylist
INFO [2017-07-13 14:04:12] 
INFO [2017-07-13 14:04:12] $filename
INFO [2017-07-13 14:04:12] NULL
INFO [2017-07-13 14:04:12] 
INFO [2017-07-13 14:04:12] $main
INFO [2017-07-13 14:04:12] [1] "Upregulated in Heart compared to Kidney (FSR 1%)"
INFO [2017-07-13 14:04:12] 
INFO [2017-07-13 14:04:12] $cex
INFO [2017-07-13 14:04:12] [1] 1.5
INFO [2017-07-13 14:04:12] 
INFO [2017-07-13 14:04:12] $fill
INFO [2017-07-13 14:04:12] pal[1:3]
INFO [2017-07-13 14:04:12] 
INFO [2017-07-13 14:04:12] $lty
INFO [2017-07-13 14:04:12] [1] 1
INFO [2017-07-13 14:04:12] 
INFO [2017-07-13 14:04:12] $height
INFO [2017-07-13 14:04:12] [1] 2000
INFO [2017-07-13 14:04:12] 
INFO [2017-07-13 14:04:12] $width
INFO [2017-07-13 14:04:12] [1] 3000
INFO [2017-07-13 14:04:12] 
