INFO [2017-11-07 12:04:14] [[1]]
INFO [2017-11-07 12:04:14] mylist
INFO [2017-11-07 12:04:14] 
INFO [2017-11-07 12:04:14] $filename
INFO [2017-11-07 12:04:14] NULL
INFO [2017-11-07 12:04:14] 
INFO [2017-11-07 12:04:14] $main
INFO [2017-11-07 12:04:14] [1] "Downregulated in Humans compared to Chimps (FSR 1%)"
INFO [2017-11-07 12:04:14] 
INFO [2017-11-07 12:04:14] $main.cex
INFO [2017-11-07 12:04:14] [1] 2
INFO [2017-11-07 12:04:14] 
INFO [2017-11-07 12:04:14] $cat.cex
INFO [2017-11-07 12:04:14] [1] 1.5
INFO [2017-11-07 12:04:14] 
INFO [2017-11-07 12:04:14] $cex
INFO [2017-11-07 12:04:14] [1] 2.5
INFO [2017-11-07 12:04:14] 
INFO [2017-11-07 12:04:14] $fill
INFO [2017-11-07 12:04:14] pal[1:4]
INFO [2017-11-07 12:04:14] 
INFO [2017-11-07 12:04:14] $lty
INFO [2017-11-07 12:04:14] [1] 1
INFO [2017-11-07 12:04:14] 
INFO [2017-11-07 12:04:14] $height
INFO [2017-11-07 12:04:14] [1] 2000
INFO [2017-11-07 12:04:14] 
INFO [2017-11-07 12:04:14] $width
INFO [2017-11-07 12:04:14] [1] 3000
INFO [2017-11-07 12:04:14] 
