INFO [2017-11-07 12:00:06] [[1]]
INFO [2017-11-07 12:00:06] mylist
INFO [2017-11-07 12:00:06] 
INFO [2017-11-07 12:00:06] $filename
INFO [2017-11-07 12:00:06] NULL
INFO [2017-11-07 12:00:06] 
INFO [2017-11-07 12:00:06] $main
INFO [2017-11-07 12:00:06] [1] "Downregulated in Heart compared to Kidney (FSR 1%)"
INFO [2017-11-07 12:00:06] 
INFO [2017-11-07 12:00:06] $main.cex
INFO [2017-11-07 12:00:06] [1] 2
INFO [2017-11-07 12:00:06] 
INFO [2017-11-07 12:00:06] $cat.cex
INFO [2017-11-07 12:00:06] [1] 1.5
INFO [2017-11-07 12:00:06] 
INFO [2017-11-07 12:00:06] $cex
INFO [2017-11-07 12:00:06] [1] 2.5
INFO [2017-11-07 12:00:06] 
INFO [2017-11-07 12:00:06] $fill
INFO [2017-11-07 12:00:06] pal[1:3]
INFO [2017-11-07 12:00:06] 
INFO [2017-11-07 12:00:06] $lty
INFO [2017-11-07 12:00:06] [1] 1
INFO [2017-11-07 12:00:06] 
INFO [2017-11-07 12:00:06] $height
INFO [2017-11-07 12:00:06] [1] 2000
INFO [2017-11-07 12:00:06] 
INFO [2017-11-07 12:00:06] $width
INFO [2017-11-07 12:00:06] [1] 3000
INFO [2017-11-07 12:00:06] 
