INFO [2017-06-01 08:52:08] [[1]]
INFO [2017-06-01 08:52:08] mylist
INFO [2017-06-01 08:52:08] 
INFO [2017-06-01 08:52:08] $filename
INFO [2017-06-01 08:52:08] NULL
INFO [2017-06-01 08:52:08] 
INFO [2017-06-01 08:52:08] $main
INFO [2017-06-01 08:52:08] [1] "DE genes between Heart and Kidney (FDR 1%)"
INFO [2017-06-01 08:52:08] 
INFO [2017-06-01 08:52:08] $cex
INFO [2017-06-01 08:52:08] [1] 1.5
INFO [2017-06-01 08:52:08] 
INFO [2017-06-01 08:52:08] $fill
INFO [2017-06-01 08:52:08] pal[1:3]
INFO [2017-06-01 08:52:08] 
INFO [2017-06-01 08:52:08] $lty
INFO [2017-06-01 08:52:08] [1] 1
INFO [2017-06-01 08:52:08] 
INFO [2017-06-01 08:52:08] $height
INFO [2017-06-01 08:52:08] [1] 2000
INFO [2017-06-01 08:52:08] 
INFO [2017-06-01 08:52:08] $width
INFO [2017-06-01 08:52:08] [1] 3000
INFO [2017-06-01 08:52:08] 
