INFO [2017-05-31 16:09:33] [[1]]
INFO [2017-05-31 16:09:33] mylist
INFO [2017-05-31 16:09:33] 
INFO [2017-05-31 16:09:33] $filename
INFO [2017-05-31 16:09:33] NULL
INFO [2017-05-31 16:09:33] 
INFO [2017-05-31 16:09:33] $main
INFO [2017-05-31 16:09:33] [1] "DE genes between Humans and Chimps (FDR 1%)"
INFO [2017-05-31 16:09:33] 
INFO [2017-05-31 16:09:33] $cex
INFO [2017-05-31 16:09:33] [1] 1.5
INFO [2017-05-31 16:09:33] 
INFO [2017-05-31 16:09:33] $fill
INFO [2017-05-31 16:09:33] pal[1:4]
INFO [2017-05-31 16:09:33] 
INFO [2017-05-31 16:09:33] $lty
INFO [2017-05-31 16:09:33] [1] 1
INFO [2017-05-31 16:09:33] 
INFO [2017-05-31 16:09:33] $height
INFO [2017-05-31 16:09:33] [1] 2000
INFO [2017-05-31 16:09:33] 
INFO [2017-05-31 16:09:33] $width
INFO [2017-05-31 16:09:33] [1] 3000
INFO [2017-05-31 16:09:33] 
