INFO [2017-06-01 05:06:47] [[1]]
INFO [2017-06-01 05:06:47] mylist
INFO [2017-06-01 05:06:47] 
INFO [2017-06-01 05:06:47] $filename
INFO [2017-06-01 05:06:47] NULL
INFO [2017-06-01 05:06:47] 
INFO [2017-06-01 05:06:47] $main
INFO [2017-06-01 05:06:47] [1] "Lung specific DE genes (FDR 1%)"
INFO [2017-06-01 05:06:47] 
INFO [2017-06-01 05:06:47] $cex
INFO [2017-06-01 05:06:47] [1] 1.5
INFO [2017-06-01 05:06:47] 
INFO [2017-06-01 05:06:47] $fill
INFO [2017-06-01 05:06:47] pal[1:3]
INFO [2017-06-01 05:06:47] 
INFO [2017-06-01 05:06:47] $lty
INFO [2017-06-01 05:06:47] [1] 1
INFO [2017-06-01 05:06:47] 
INFO [2017-06-01 05:06:47] $height
INFO [2017-06-01 05:06:47] [1] 2000
INFO [2017-06-01 05:06:47] 
INFO [2017-06-01 05:06:47] $width
INFO [2017-06-01 05:06:47] [1] 3000
INFO [2017-06-01 05:06:47] 
INFO [2017-06-01 05:06:47] [[1]]
INFO [2017-06-01 05:06:47] mylist
INFO [2017-06-01 05:06:47] 
INFO [2017-06-01 05:06:47] $filename
INFO [2017-06-01 05:06:47] NULL
INFO [2017-06-01 05:06:47] 
INFO [2017-06-01 05:06:47] $main
INFO [2017-06-01 05:06:47] [1] "Heart specific DE genes with species-by-tissue interactions (FDR 1%)"
INFO [2017-06-01 05:06:47] 
INFO [2017-06-01 05:06:47] $cex
INFO [2017-06-01 05:06:47] [1] 1.5
INFO [2017-06-01 05:06:47] 
INFO [2017-06-01 05:06:47] $fill
INFO [2017-06-01 05:06:47] pal[1:3]
INFO [2017-06-01 05:06:47] 
INFO [2017-06-01 05:06:47] $lty
INFO [2017-06-01 05:06:47] [1] 1
INFO [2017-06-01 05:06:47] 
INFO [2017-06-01 05:06:47] $height
INFO [2017-06-01 05:06:47] [1] 2000
INFO [2017-06-01 05:06:47] 
INFO [2017-06-01 05:06:47] $width
INFO [2017-06-01 05:06:47] [1] 3000
INFO [2017-06-01 05:06:47] 
INFO [2017-06-01 05:06:47] [[1]]
INFO [2017-06-01 05:06:47] mylist
INFO [2017-06-01 05:06:47] 
INFO [2017-06-01 05:06:47] $filename
INFO [2017-06-01 05:06:47] NULL
INFO [2017-06-01 05:06:47] 
INFO [2017-06-01 05:06:47] $main
INFO [2017-06-01 05:06:47] [1] "Liver specific DE genes with species-specific interactions (FDR 1%)"
INFO [2017-06-01 05:06:47] 
INFO [2017-06-01 05:06:47] $cex
INFO [2017-06-01 05:06:47] [1] 1.5
INFO [2017-06-01 05:06:47] 
INFO [2017-06-01 05:06:47] $fill
INFO [2017-06-01 05:06:47] pal[1:3]
INFO [2017-06-01 05:06:47] 
INFO [2017-06-01 05:06:47] $lty
INFO [2017-06-01 05:06:47] [1] 1
INFO [2017-06-01 05:06:47] 
INFO [2017-06-01 05:06:47] $height
INFO [2017-06-01 05:06:47] [1] 2000
INFO [2017-06-01 05:06:47] 
INFO [2017-06-01 05:06:47] $width
INFO [2017-06-01 05:06:47] [1] 3000
INFO [2017-06-01 05:06:47] 
INFO [2017-06-01 05:06:47] [[1]]
INFO [2017-06-01 05:06:47] mylist
INFO [2017-06-01 05:06:47] 
INFO [2017-06-01 05:06:47] $filename
INFO [2017-06-01 05:06:47] NULL
INFO [2017-06-01 05:06:47] 
INFO [2017-06-01 05:06:47] $main
INFO [2017-06-01 05:06:47] [1] "Species specific DE genes (FDR 1%)"
INFO [2017-06-01 05:06:47] 
INFO [2017-06-01 05:06:47] $cex
INFO [2017-06-01 05:06:47] [1] 1.5
INFO [2017-06-01 05:06:47] 
INFO [2017-06-01 05:06:47] $fill
INFO [2017-06-01 05:06:47] pal[1:3]
INFO [2017-06-01 05:06:47] 
INFO [2017-06-01 05:06:47] $lty
INFO [2017-06-01 05:06:47] [1] 1
INFO [2017-06-01 05:06:47] 
INFO [2017-06-01 05:06:47] $height
INFO [2017-06-01 05:06:47] [1] 2000
INFO [2017-06-01 05:06:47] 
INFO [2017-06-01 05:06:47] $width
INFO [2017-06-01 05:06:47] [1] 3000
INFO [2017-06-01 05:06:47] 
