INFO [2017-06-01 05:06:46] [[1]]
INFO [2017-06-01 05:06:46] mylist
INFO [2017-06-01 05:06:46] 
INFO [2017-06-01 05:06:46] $filename
INFO [2017-06-01 05:06:46] NULL
INFO [2017-06-01 05:06:46] 
INFO [2017-06-01 05:06:46] $main
INFO [2017-06-01 05:06:46] [1] "Lung specific DE genes (FDR 1%)"
INFO [2017-06-01 05:06:46] 
INFO [2017-06-01 05:06:46] $cex
INFO [2017-06-01 05:06:46] [1] 1.5
INFO [2017-06-01 05:06:46] 
INFO [2017-06-01 05:06:46] $fill
INFO [2017-06-01 05:06:46] pal[1:3]
INFO [2017-06-01 05:06:46] 
INFO [2017-06-01 05:06:46] $lty
INFO [2017-06-01 05:06:46] [1] 1
INFO [2017-06-01 05:06:46] 
INFO [2017-06-01 05:06:46] $height
INFO [2017-06-01 05:06:46] [1] 2000
INFO [2017-06-01 05:06:46] 
INFO [2017-06-01 05:06:46] $width
INFO [2017-06-01 05:06:46] [1] 3000
INFO [2017-06-01 05:06:46] 
INFO [2017-06-01 05:06:46] [[1]]
INFO [2017-06-01 05:06:46] mylist
INFO [2017-06-01 05:06:46] 
INFO [2017-06-01 05:06:46] $filename
INFO [2017-06-01 05:06:46] NULL
INFO [2017-06-01 05:06:46] 
INFO [2017-06-01 05:06:46] $main
INFO [2017-06-01 05:06:46] [1] "Heart specific DE genes (FDR 1%)"
INFO [2017-06-01 05:06:46] 
INFO [2017-06-01 05:06:46] $cex
INFO [2017-06-01 05:06:46] [1] 1.5
INFO [2017-06-01 05:06:46] 
INFO [2017-06-01 05:06:46] $fill
INFO [2017-06-01 05:06:46] pal[1:3]
INFO [2017-06-01 05:06:46] 
INFO [2017-06-01 05:06:46] $lty
INFO [2017-06-01 05:06:46] [1] 1
INFO [2017-06-01 05:06:46] 
INFO [2017-06-01 05:06:46] $height
INFO [2017-06-01 05:06:46] [1] 2000
INFO [2017-06-01 05:06:46] 
INFO [2017-06-01 05:06:46] $width
INFO [2017-06-01 05:06:46] [1] 3000
INFO [2017-06-01 05:06:46] 
INFO [2017-06-01 05:06:46] [[1]]
INFO [2017-06-01 05:06:46] mylist
INFO [2017-06-01 05:06:46] 
INFO [2017-06-01 05:06:46] $filename
INFO [2017-06-01 05:06:46] NULL
INFO [2017-06-01 05:06:46] 
INFO [2017-06-01 05:06:46] $main
INFO [2017-06-01 05:06:46] [1] "Liver specific DE genes (FDR 1%)"
INFO [2017-06-01 05:06:46] 
INFO [2017-06-01 05:06:46] $cex
INFO [2017-06-01 05:06:46] [1] 1.5
INFO [2017-06-01 05:06:46] 
INFO [2017-06-01 05:06:46] $fill
INFO [2017-06-01 05:06:46] pal[1:3]
INFO [2017-06-01 05:06:46] 
INFO [2017-06-01 05:06:46] $lty
INFO [2017-06-01 05:06:46] [1] 1
INFO [2017-06-01 05:06:46] 
INFO [2017-06-01 05:06:46] $height
INFO [2017-06-01 05:06:46] [1] 2000
INFO [2017-06-01 05:06:46] 
INFO [2017-06-01 05:06:46] $width
INFO [2017-06-01 05:06:46] [1] 3000
INFO [2017-06-01 05:06:46] 
INFO [2017-06-01 05:06:46] [[1]]
INFO [2017-06-01 05:06:46] mylist
INFO [2017-06-01 05:06:46] 
INFO [2017-06-01 05:06:46] $filename
INFO [2017-06-01 05:06:46] NULL
INFO [2017-06-01 05:06:46] 
INFO [2017-06-01 05:06:46] $main
INFO [2017-06-01 05:06:46] [1] "Kidney specific DE genes (FDR 1%)"
INFO [2017-06-01 05:06:46] 
INFO [2017-06-01 05:06:46] $cex
INFO [2017-06-01 05:06:46] [1] 1.5
INFO [2017-06-01 05:06:46] 
INFO [2017-06-01 05:06:46] $fill
INFO [2017-06-01 05:06:46] pal[1:3]
INFO [2017-06-01 05:06:46] 
INFO [2017-06-01 05:06:46] $lty
INFO [2017-06-01 05:06:46] [1] 1
INFO [2017-06-01 05:06:46] 
INFO [2017-06-01 05:06:46] $height
INFO [2017-06-01 05:06:46] [1] 2000
INFO [2017-06-01 05:06:46] 
INFO [2017-06-01 05:06:46] $width
INFO [2017-06-01 05:06:46] [1] 3000
INFO [2017-06-01 05:06:46] 
