INFO [2017-12-21 18:24:57] [[1]]
INFO [2017-12-21 18:24:57] mylist
INFO [2017-12-21 18:24:57] 
INFO [2017-12-21 18:24:57] $filename
INFO [2017-12-21 18:24:57] NULL
INFO [2017-12-21 18:24:57] 
INFO [2017-12-21 18:24:57] $main
INFO [2017-12-21 18:24:57] [1] "DE genes between Heart and Liver (FDR 1%)"
INFO [2017-12-21 18:24:57] 
INFO [2017-12-21 18:24:57] $cex
INFO [2017-12-21 18:24:57] [1] 1.5
INFO [2017-12-21 18:24:57] 
INFO [2017-12-21 18:24:57] $fill
INFO [2017-12-21 18:24:57] pal[1:3]
INFO [2017-12-21 18:24:57] 
INFO [2017-12-21 18:24:57] $lty
INFO [2017-12-21 18:24:57] [1] 1
INFO [2017-12-21 18:24:57] 
INFO [2017-12-21 18:24:57] $height
INFO [2017-12-21 18:24:57] [1] 2000
INFO [2017-12-21 18:24:57] 
INFO [2017-12-21 18:24:57] $width
INFO [2017-12-21 18:24:57] [1] 3000
INFO [2017-12-21 18:24:57] 
INFO [2017-12-21 18:24:57] [[1]]
INFO [2017-12-21 18:24:57] mylist
INFO [2017-12-21 18:24:57] 
INFO [2017-12-21 18:24:57] $filename
INFO [2017-12-21 18:24:57] NULL
INFO [2017-12-21 18:24:57] 
INFO [2017-12-21 18:24:57] $main
INFO [2017-12-21 18:24:57] [1] "DE genes between Heart and Lung (FDR 1%)"
INFO [2017-12-21 18:24:57] 
INFO [2017-12-21 18:24:57] $cex
INFO [2017-12-21 18:24:57] [1] 1.5
INFO [2017-12-21 18:24:57] 
INFO [2017-12-21 18:24:57] $fill
INFO [2017-12-21 18:24:57] pal[1:3]
INFO [2017-12-21 18:24:57] 
INFO [2017-12-21 18:24:57] $lty
INFO [2017-12-21 18:24:57] [1] 1
INFO [2017-12-21 18:24:57] 
INFO [2017-12-21 18:24:57] $height
INFO [2017-12-21 18:24:57] [1] 2000
INFO [2017-12-21 18:24:57] 
INFO [2017-12-21 18:24:57] $width
INFO [2017-12-21 18:24:57] [1] 3000
INFO [2017-12-21 18:24:57] 
