INFO [2017-07-13 14:25:50] [[1]]
INFO [2017-07-13 14:25:50] mylist
INFO [2017-07-13 14:25:50] 
INFO [2017-07-13 14:25:50] $filename
INFO [2017-07-13 14:25:50] NULL
INFO [2017-07-13 14:25:50] 
INFO [2017-07-13 14:25:50] $main
INFO [2017-07-13 14:25:50] [1] "Upregulated in Heart compared to Lung (FSR 1%)"
INFO [2017-07-13 14:25:50] 
INFO [2017-07-13 14:25:50] $cex
INFO [2017-07-13 14:25:50] [1] 1.5
INFO [2017-07-13 14:25:50] 
INFO [2017-07-13 14:25:50] $fill
INFO [2017-07-13 14:25:50] pal[1:3]
INFO [2017-07-13 14:25:50] 
INFO [2017-07-13 14:25:50] $lty
INFO [2017-07-13 14:25:50] [1] 1
INFO [2017-07-13 14:25:50] 
INFO [2017-07-13 14:25:50] $height
INFO [2017-07-13 14:25:50] [1] 2000
INFO [2017-07-13 14:25:50] 
INFO [2017-07-13 14:25:50] $width
INFO [2017-07-13 14:25:50] [1] 3000
INFO [2017-07-13 14:25:50] 
