INFO [2017-11-07 11:58:16] [[1]]
INFO [2017-11-07 11:58:16] mylist
INFO [2017-11-07 11:58:16] 
INFO [2017-11-07 11:58:16] $filename
INFO [2017-11-07 11:58:16] NULL
INFO [2017-11-07 11:58:16] 
INFO [2017-11-07 11:58:16] $main
INFO [2017-11-07 11:58:16] [1] "Upregulated in Heart compared to Kidney (FSR 1%)"
INFO [2017-11-07 11:58:16] 
INFO [2017-11-07 11:58:16] $main.cex
INFO [2017-11-07 11:58:16] [1] 2
INFO [2017-11-07 11:58:16] 
INFO [2017-11-07 11:58:16] $cat.cex
INFO [2017-11-07 11:58:16] [1] 1.5
INFO [2017-11-07 11:58:16] 
INFO [2017-11-07 11:58:16] $cex
INFO [2017-11-07 11:58:16] [1] 2.5
INFO [2017-11-07 11:58:16] 
INFO [2017-11-07 11:58:16] $fill
INFO [2017-11-07 11:58:16] pal[1:3]
INFO [2017-11-07 11:58:16] 
INFO [2017-11-07 11:58:16] $lty
INFO [2017-11-07 11:58:16] [1] 1
INFO [2017-11-07 11:58:16] 
INFO [2017-11-07 11:58:16] $height
INFO [2017-11-07 11:58:16] [1] 2000
INFO [2017-11-07 11:58:16] 
INFO [2017-11-07 11:58:16] $width
INFO [2017-11-07 11:58:16] [1] 3000
INFO [2017-11-07 11:58:16] 
