INFO [2017-07-05 15:04:29] [[1]]
INFO [2017-07-05 15:04:29] mylist
INFO [2017-07-05 15:04:29] 
INFO [2017-07-05 15:04:29] $filename
INFO [2017-07-05 15:04:29] NULL
INFO [2017-07-05 15:04:29] 
INFO [2017-07-05 15:04:29] $main
INFO [2017-07-05 15:04:29] [1] "Significant interactions in Humans (baseline = chimps, FDR 1%)"
INFO [2017-07-05 15:04:29] 
INFO [2017-07-05 15:04:29] $cex
INFO [2017-07-05 15:04:29] [1] 1.5
INFO [2017-07-05 15:04:29] 
INFO [2017-07-05 15:04:29] $fill
INFO [2017-07-05 15:04:29] pal[1:3]
INFO [2017-07-05 15:04:29] 
INFO [2017-07-05 15:04:29] $lty
INFO [2017-07-05 15:04:29] [1] 1
INFO [2017-07-05 15:04:29] 
INFO [2017-07-05 15:04:29] $height
INFO [2017-07-05 15:04:29] [1] 2000
INFO [2017-07-05 15:04:29] 
INFO [2017-07-05 15:04:29] $width
INFO [2017-07-05 15:04:29] [1] 3000
INFO [2017-07-05 15:04:29] 
