INFO [2017-12-21 16:57:48] [[1]]
INFO [2017-12-21 16:57:48] mylist
INFO [2017-12-21 16:57:48] 
INFO [2017-12-21 16:57:48] $filename
INFO [2017-12-21 16:57:48] NULL
INFO [2017-12-21 16:57:48] 
INFO [2017-12-21 16:57:48] $main
INFO [2017-12-21 16:57:48] [1] "DE genes between Heart and Liver (FDR 1%)"
INFO [2017-12-21 16:57:48] 
INFO [2017-12-21 16:57:48] $cex
INFO [2017-12-21 16:57:48] [1] 1.5
INFO [2017-12-21 16:57:48] 
INFO [2017-12-21 16:57:48] $fill
INFO [2017-12-21 16:57:48] pal[1:3]
INFO [2017-12-21 16:57:48] 
INFO [2017-12-21 16:57:48] $lty
INFO [2017-12-21 16:57:48] [1] 1
INFO [2017-12-21 16:57:48] 
INFO [2017-12-21 16:57:48] $height
INFO [2017-12-21 16:57:48] [1] 2000
INFO [2017-12-21 16:57:48] 
INFO [2017-12-21 16:57:48] $width
INFO [2017-12-21 16:57:48] [1] 3000
INFO [2017-12-21 16:57:48] 
INFO [2017-12-21 16:57:48] [[1]]
INFO [2017-12-21 16:57:48] mylist
INFO [2017-12-21 16:57:48] 
INFO [2017-12-21 16:57:48] $filename
INFO [2017-12-21 16:57:48] NULL
INFO [2017-12-21 16:57:48] 
INFO [2017-12-21 16:57:48] $main
INFO [2017-12-21 16:57:48] [1] "DE genes between Heart and Lung (FDR 1%)"
INFO [2017-12-21 16:57:48] 
INFO [2017-12-21 16:57:48] $cex
INFO [2017-12-21 16:57:48] [1] 1.5
INFO [2017-12-21 16:57:48] 
INFO [2017-12-21 16:57:48] $fill
INFO [2017-12-21 16:57:48] pal[1:3]
INFO [2017-12-21 16:57:48] 
INFO [2017-12-21 16:57:48] $lty
INFO [2017-12-21 16:57:48] [1] 1
INFO [2017-12-21 16:57:48] 
INFO [2017-12-21 16:57:48] $height
INFO [2017-12-21 16:57:48] [1] 2000
INFO [2017-12-21 16:57:48] 
INFO [2017-12-21 16:57:48] $width
INFO [2017-12-21 16:57:48] [1] 3000
INFO [2017-12-21 16:57:48] 
INFO [2017-12-21 16:57:48] [[1]]
INFO [2017-12-21 16:57:48] mylist
INFO [2017-12-21 16:57:48] 
INFO [2017-12-21 16:57:48] $filename
INFO [2017-12-21 16:57:48] NULL
INFO [2017-12-21 16:57:48] 
INFO [2017-12-21 16:57:48] $main
INFO [2017-12-21 16:57:48] [1] "DE genes between Heart and Kidney (FDR 1%)"
INFO [2017-12-21 16:57:48] 
INFO [2017-12-21 16:57:48] $cex
INFO [2017-12-21 16:57:48] [1] 1.5
INFO [2017-12-21 16:57:48] 
INFO [2017-12-21 16:57:48] $fill
INFO [2017-12-21 16:57:48] pal[1:3]
INFO [2017-12-21 16:57:48] 
INFO [2017-12-21 16:57:48] $lty
INFO [2017-12-21 16:57:48] [1] 1
INFO [2017-12-21 16:57:48] 
INFO [2017-12-21 16:57:48] $height
INFO [2017-12-21 16:57:48] [1] 2000
INFO [2017-12-21 16:57:48] 
INFO [2017-12-21 16:57:48] $width
INFO [2017-12-21 16:57:48] [1] 3000
INFO [2017-12-21 16:57:48] 
