INFO [2017-11-07 12:36:58] [[1]]
INFO [2017-11-07 12:36:58] mylist
INFO [2017-11-07 12:36:58] 
INFO [2017-11-07 12:36:58] $filename
INFO [2017-11-07 12:36:58] NULL
INFO [2017-11-07 12:36:58] 
INFO [2017-11-07 12:36:58] $main
INFO [2017-11-07 12:36:58] [1] "Upregulated livers (FSR 1%)"
INFO [2017-11-07 12:36:58] 
INFO [2017-11-07 12:36:58] $main.cex
INFO [2017-11-07 12:36:58] [1] 2
INFO [2017-11-07 12:36:58] 
INFO [2017-11-07 12:36:58] $cat.cex
INFO [2017-11-07 12:36:58] [1] 1.5
INFO [2017-11-07 12:36:58] 
INFO [2017-11-07 12:36:58] $cex
INFO [2017-11-07 12:36:58] [1] 2.5
INFO [2017-11-07 12:36:58] 
INFO [2017-11-07 12:36:58] $fill
INFO [2017-11-07 12:36:58] pal[1:3]
INFO [2017-11-07 12:36:58] 
INFO [2017-11-07 12:36:58] $lty
INFO [2017-11-07 12:36:58] [1] 1
INFO [2017-11-07 12:36:58] 
INFO [2017-11-07 12:36:58] $height
INFO [2017-11-07 12:36:58] [1] 2000
INFO [2017-11-07 12:36:58] 
INFO [2017-11-07 12:36:58] $width
INFO [2017-11-07 12:36:58] [1] 3000
INFO [2017-11-07 12:36:58] 
