INFO [2017-12-06 16:48:41] [[1]]
INFO [2017-12-06 16:48:41] mylist
INFO [2017-12-06 16:48:41] 
INFO [2017-12-06 16:48:41] $filename
INFO [2017-12-06 16:48:41] NULL
INFO [2017-12-06 16:48:41] 
INFO [2017-12-06 16:48:41] $main
INFO [2017-12-06 16:48:41] [1] "Orthologous DMRs between Heart and Liver (FDR 1%)"
INFO [2017-12-06 16:48:41] 
INFO [2017-12-06 16:48:41] $cex
INFO [2017-12-06 16:48:41] [1] 1.5
INFO [2017-12-06 16:48:41] 
INFO [2017-12-06 16:48:41] $fill
INFO [2017-12-06 16:48:41] pal[1:3]
INFO [2017-12-06 16:48:41] 
INFO [2017-12-06 16:48:41] $lty
INFO [2017-12-06 16:48:41] [1] 1
INFO [2017-12-06 16:48:41] 
INFO [2017-12-06 16:48:41] $height
INFO [2017-12-06 16:48:41] [1] 2000
INFO [2017-12-06 16:48:41] 
INFO [2017-12-06 16:48:41] $width
INFO [2017-12-06 16:48:41] [1] 3000
INFO [2017-12-06 16:48:41] 
