INFO [2017-07-11 17:18:07] [[1]]
INFO [2017-07-11 17:18:07] mylist
INFO [2017-07-11 17:18:07] 
INFO [2017-07-11 17:18:07] $filename
INFO [2017-07-11 17:18:07] NULL
INFO [2017-07-11 17:18:07] 
INFO [2017-07-11 17:18:07] $main
INFO [2017-07-11 17:18:07] [1] "Upregulated in Heart compared to Kidney (FSR 1%)"
INFO [2017-07-11 17:18:07] 
INFO [2017-07-11 17:18:07] $cex
INFO [2017-07-11 17:18:07] [1] 1.5
INFO [2017-07-11 17:18:07] 
INFO [2017-07-11 17:18:07] $fill
INFO [2017-07-11 17:18:07] pal[1:3]
INFO [2017-07-11 17:18:07] 
INFO [2017-07-11 17:18:07] $lty
INFO [2017-07-11 17:18:07] [1] 1
INFO [2017-07-11 17:18:07] 
INFO [2017-07-11 17:18:07] $height
INFO [2017-07-11 17:18:07] [1] 2000
INFO [2017-07-11 17:18:07] 
INFO [2017-07-11 17:18:07] $width
INFO [2017-07-11 17:18:07] [1] 3000
INFO [2017-07-11 17:18:07] 
