INFO [2017-07-13 15:41:02] [[1]]
INFO [2017-07-13 15:41:02] mylist
INFO [2017-07-13 15:41:02] 
INFO [2017-07-13 15:41:02] $filename
INFO [2017-07-13 15:41:02] NULL
INFO [2017-07-13 15:41:02] 
INFO [2017-07-13 15:41:02] $main
INFO [2017-07-13 15:41:02] [1] "Downregulated in Heart compared to Liver (FSR 1%)"
INFO [2017-07-13 15:41:02] 
INFO [2017-07-13 15:41:02] $main.cex
INFO [2017-07-13 15:41:02] [1] 2
INFO [2017-07-13 15:41:02] 
INFO [2017-07-13 15:41:02] $cat.cex
INFO [2017-07-13 15:41:02] [1] 1.5
INFO [2017-07-13 15:41:02] 
INFO [2017-07-13 15:41:02] $cex
INFO [2017-07-13 15:41:02] [1] 2.5
INFO [2017-07-13 15:41:02] 
INFO [2017-07-13 15:41:02] $fill
INFO [2017-07-13 15:41:02] pal[1:3]
INFO [2017-07-13 15:41:02] 
INFO [2017-07-13 15:41:02] $lty
INFO [2017-07-13 15:41:02] [1] 1
INFO [2017-07-13 15:41:02] 
INFO [2017-07-13 15:41:02] $height
INFO [2017-07-13 15:41:02] [1] 2000
INFO [2017-07-13 15:41:02] 
INFO [2017-07-13 15:41:02] $width
INFO [2017-07-13 15:41:02] [1] 3000
INFO [2017-07-13 15:41:02] 
