INFO [2017-12-21 14:19:16] [[1]]
INFO [2017-12-21 14:19:16] mylist
INFO [2017-12-21 14:19:16] 
INFO [2017-12-21 14:19:16] $filename
INFO [2017-12-21 14:19:16] NULL
INFO [2017-12-21 14:19:16] 
INFO [2017-12-21 14:19:16] $main
INFO [2017-12-21 14:19:16] [1] "DE genes between Humans and Rhesus (FDR 1%)"
INFO [2017-12-21 14:19:16] 
INFO [2017-12-21 14:19:16] $cex
INFO [2017-12-21 14:19:16] [1] 1.5
INFO [2017-12-21 14:19:16] 
INFO [2017-12-21 14:19:16] $lty
INFO [2017-12-21 14:19:16] [1] 1
INFO [2017-12-21 14:19:16] 
INFO [2017-12-21 14:19:16] $height
INFO [2017-12-21 14:19:16] [1] 2000
INFO [2017-12-21 14:19:16] 
INFO [2017-12-21 14:19:16] $width
INFO [2017-12-21 14:19:16] [1] 3000
INFO [2017-12-21 14:19:16] 
