INFO [2017-12-21 15:47:06] [[1]]
INFO [2017-12-21 15:47:06] mylist
INFO [2017-12-21 15:47:06] 
INFO [2017-12-21 15:47:06] $filename
INFO [2017-12-21 15:47:06] NULL
INFO [2017-12-21 15:47:06] 
INFO [2017-12-21 15:47:06] $main
INFO [2017-12-21 15:47:06] [1] "Upregulated livers (FDR 1%)"
INFO [2017-12-21 15:47:06] 
INFO [2017-12-21 15:47:06] $main.cex
INFO [2017-12-21 15:47:06] [1] 2
INFO [2017-12-21 15:47:06] 
INFO [2017-12-21 15:47:06] $cat.cex
INFO [2017-12-21 15:47:06] [1] 1.5
INFO [2017-12-21 15:47:06] 
INFO [2017-12-21 15:47:06] $cex
INFO [2017-12-21 15:47:06] [1] 2.5
INFO [2017-12-21 15:47:06] 
INFO [2017-12-21 15:47:06] $fill
INFO [2017-12-21 15:47:06] pal[1:3]
INFO [2017-12-21 15:47:06] 
INFO [2017-12-21 15:47:06] $lty
INFO [2017-12-21 15:47:06] [1] 1
INFO [2017-12-21 15:47:06] 
INFO [2017-12-21 15:47:06] $height
INFO [2017-12-21 15:47:06] [1] 2000
INFO [2017-12-21 15:47:06] 
INFO [2017-12-21 15:47:06] $width
INFO [2017-12-21 15:47:06] [1] 3000
INFO [2017-12-21 15:47:06] 
INFO [2017-12-21 15:47:06] [[1]]
INFO [2017-12-21 15:47:06] mylist
INFO [2017-12-21 15:47:06] 
INFO [2017-12-21 15:47:06] $filename
INFO [2017-12-21 15:47:06] NULL
INFO [2017-12-21 15:47:06] 
INFO [2017-12-21 15:47:06] $main
INFO [2017-12-21 15:47:06] [1] "Upregulated livers (FSR 1%)"
INFO [2017-12-21 15:47:06] 
INFO [2017-12-21 15:47:06] $main.cex
INFO [2017-12-21 15:47:06] [1] 2
INFO [2017-12-21 15:47:06] 
INFO [2017-12-21 15:47:06] $cat.cex
INFO [2017-12-21 15:47:06] [1] 1.5
INFO [2017-12-21 15:47:06] 
INFO [2017-12-21 15:47:06] $cex
INFO [2017-12-21 15:47:06] [1] 2.5
INFO [2017-12-21 15:47:06] 
INFO [2017-12-21 15:47:06] $fill
INFO [2017-12-21 15:47:06] pal[1:3]
INFO [2017-12-21 15:47:06] 
INFO [2017-12-21 15:47:06] $lty
INFO [2017-12-21 15:47:06] [1] 1
INFO [2017-12-21 15:47:06] 
INFO [2017-12-21 15:47:06] $height
INFO [2017-12-21 15:47:06] [1] 2000
INFO [2017-12-21 15:47:06] 
INFO [2017-12-21 15:47:06] $width
INFO [2017-12-21 15:47:06] [1] 3000
INFO [2017-12-21 15:47:06] 
