INFO [2017-07-13 14:16:41] [[1]]
INFO [2017-07-13 14:16:41] mylist
INFO [2017-07-13 14:16:41] 
INFO [2017-07-13 14:16:41] $filename
INFO [2017-07-13 14:16:41] NULL
INFO [2017-07-13 14:16:41] 
INFO [2017-07-13 14:16:41] $main
INFO [2017-07-13 14:16:41] [1] "Upregulated in Heart compared to Kidney (FSR 1%)"
INFO [2017-07-13 14:16:41] 
INFO [2017-07-13 14:16:41] $cex
INFO [2017-07-13 14:16:41] [1] 1.5
INFO [2017-07-13 14:16:41] 
INFO [2017-07-13 14:16:41] $fill
INFO [2017-07-13 14:16:41] pal[1:3]
INFO [2017-07-13 14:16:41] 
INFO [2017-07-13 14:16:41] $lty
INFO [2017-07-13 14:16:41] [1] 1
INFO [2017-07-13 14:16:41] 
INFO [2017-07-13 14:16:41] $height
INFO [2017-07-13 14:16:41] [1] 2000
INFO [2017-07-13 14:16:41] 
INFO [2017-07-13 14:16:41] $width
INFO [2017-07-13 14:16:41] [1] 3000
INFO [2017-07-13 14:16:41] 
ERROR [2017-07-13 14:16:41] Unexpected parameter length for 'fill'
