INFO [2017-06-14 12:23:27] [[1]]
INFO [2017-06-14 12:23:27] mylist
INFO [2017-06-14 12:23:27] 
INFO [2017-06-14 12:23:27] $filename
INFO [2017-06-14 12:23:27] NULL
INFO [2017-06-14 12:23:27] 
INFO [2017-06-14 12:23:27] $main
INFO [2017-06-14 12:23:27] [1] "Genes with non-zero sign (s-value 1%)"
INFO [2017-06-14 12:23:27] 
INFO [2017-06-14 12:23:27] $cex
INFO [2017-06-14 12:23:27] [1] 1.5
INFO [2017-06-14 12:23:27] 
INFO [2017-06-14 12:23:27] $fill
INFO [2017-06-14 12:23:27] pal[1:4]
INFO [2017-06-14 12:23:27] 
INFO [2017-06-14 12:23:27] $lty
INFO [2017-06-14 12:23:27] [1] 1
INFO [2017-06-14 12:23:27] 
INFO [2017-06-14 12:23:27] $height
INFO [2017-06-14 12:23:27] [1] 2000
INFO [2017-06-14 12:23:27] 
INFO [2017-06-14 12:23:27] $width
INFO [2017-06-14 12:23:27] [1] 3000
INFO [2017-06-14 12:23:27] 
